#
# There is insufficient memory for the Java Runtime Environment to continue.
# Native memory allocation (mmap) failed to map 134217728 bytes for Failed to commit area from 0x00000000c0e00000 to 0x00000000c8e00000 of length 134217728.
# Possible reasons:
#   The system is out of physical RAM or swap space
#   The process is running with CompressedOops enabled, and the Java Heap may be blocking the growth of the native heap
# Possible solutions:
#   Reduce memory load on the system
#   Increase physical memory or swap space
#   Check if swap backing store is full
#   Decrease Java heap size (-Xmx/-Xms)
#   Decrease number of Java threads
#   Decrease Java thread stack sizes (-Xss)
#   Set larger code cache with -XX:ReservedCodeCacheSize=
# This output file may be truncated or incomplete.
#
#  Out of Memory Error (./src/hotspot/os/windows/os_windows.cpp:3521), pid=12580, tid=6520
#
# JRE version:  (11.0.12+7) (build )
# Java VM: OpenJDK 64-Bit Server VM (11.0.12+7-b1504.40, mixed mode, sharing, tiered, compressed oops, g1 gc, windows-amd64)
# No core dump will be written. Minidumps are not enabled by default on client versions of Windows
#

---------------  S U M M A R Y ------------

Command Line: -Djava.rmi.server.hostname=127.0.0.1 -Duser.timezone=UTC -Xmx1009m -Xms128m -Dfile.encoding=UTF-8 com.intellij.database.remote.RemoteJdbcServer org.postgresql.Driver

Host: Intel(R) Core(TM) i5-8265U CPU @ 1.60GHz, 8 cores, 7G,  Windows 10 , 64 bit Build 19041 (10.0.19041.1503)
Time: Tue Mar  1 19:30:35 2022 Central Asia Standard Time elapsed time: 0.011656 seconds (0d 0h 0m 0s)

---------------  T H R E A D  ---------------

Current thread (0x000002081913c800):  JavaThread "Unknown thread" [_thread_in_vm, id=6520, stack(0x000000e14c200000,0x000000e14c300000)]

Stack: [0x000000e14c200000,0x000000e14c300000]
Native frames: (J=compiled Java code, j=interpreted, Vv=VM code, C=native code)
V  [jvm.dll+0x5ff40a]
V  [jvm.dll+0x783b65]
V  [jvm.dll+0x78517d]
V  [jvm.dll+0x785833]
V  [jvm.dll+0x249408]
V  [jvm.dll+0x5fc7f4]
V  [jvm.dll+0x5f13c5]
V  [jvm.dll+0x3076bb]
V  [jvm.dll+0x30762a]
V  [jvm.dll+0x307502]
V  [jvm.dll+0x30c466]
V  [jvm.dll+0x355543]
V  [jvm.dll+0x355c46]
V  [jvm.dll+0x355643]
V  [jvm.dll+0x2e2018]
V  [jvm.dll+0x2e31c7]
V  [jvm.dll+0x761f57]
V  [jvm.dll+0x76374c]
V  [jvm.dll+0x362ab9]
V  [jvm.dll+0x7455be]
V  [jvm.dll+0x3cb673]
V  [jvm.dll+0x3cda21]
C  [jli.dll+0x536b]
C  [ucrtbase.dll+0x21bb2]
C  [KERNEL32.DLL+0x17034]
C  [ntdll.dll+0x52651]


---------------  P R O C E S S  ---------------

Threads class SMR info:
_java_thread_list=0x00000208177c3460, length=0, elements={
}

Java Threads: ( => current thread )

Other Threads:
  0x0000020819155000 GCTaskThread "GC Thread#0" [stack: 0x000000e14c300000,0x000000e14c400000] [id=10552]
  0x000002081916f000 ConcurrentGCThread "G1 Main Marker" [stack: 0x000000e14c400000,0x000000e14c500000] [id=1744]
  0x0000020819170000 ConcurrentGCThread "G1 Conc#0" [stack: 0x000000e14c500000,0x000000e14c600000] [id=6224]

[error occurred during error reporting (printing all threads), id 0xc0000005, EXCEPTION_ACCESS_VIOLATION (0xc0000005) at pc=0x00007ffeae4327a7]

VM state:not at safepoint (not fully initialized)

VM Mutex/Monitor currently owned by a thread:  ([mutex/lock_event])
[0x0000020819138190] Heap_lock - owner thread: 0x000002081913c800

Heap address: 0x00000000c0e00000, size: 1010 MB, Compressed Oops mode: Non-zero based: 0x00000000c0e00000
Narrow klass base: 0x0000000000000000, Narrow klass shift: 0

GC Heap History (0 events):
No events

Deoptimization events (0 events):
No events

Classes redefined (0 events):
No events

Internal exceptions (0 events):
No events

Events (1 events):
Event: 0.005 Loaded shared library C:\Program Files\JetBrains\IntelliJ IDEA 2021.2.3\jbr\bin\zip.dll


Dynamic libraries:
0x00007ff7be340000 - 0x00007ff7be34a000 	C:\Program Files\JetBrains\IntelliJ IDEA 2021.2.3\jbr\bin\java.exe
0x00007ffecc450000 - 0x00007ffecc645000 	C:\WINDOWS\SYSTEM32\ntdll.dll
0x00007ffecb4e0000 - 0x00007ffecb59e000 	C:\WINDOWS\System32\KERNEL32.DLL
0x00007ffec9c10000 - 0x00007ffec9ed8000 	C:\WINDOWS\System32\KERNELBASE.dll
0x00007ffeca270000 - 0x00007ffeca370000 	C:\WINDOWS\System32\ucrtbase.dll
0x00007ffeb5810000 - 0x00007ffeb5827000 	C:\Program Files\JetBrains\IntelliJ IDEA 2021.2.3\jbr\bin\VCRUNTIME140.dll
0x00007ffeba860000 - 0x00007ffeba879000 	C:\Program Files\JetBrains\IntelliJ IDEA 2021.2.3\jbr\bin\jli.dll
0x00007ffeca5b0000 - 0x00007ffeca750000 	C:\WINDOWS\System32\USER32.dll
0x00007ffec9ee0000 - 0x00007ffec9f02000 	C:\WINDOWS\System32\win32u.dll
0x00007ffecc140000 - 0x00007ffecc16b000 	C:\WINDOWS\System32\GDI32.dll
0x00007ffea5a80000 - 0x00007ffea5d1a000 	C:\WINDOWS\WinSxS\amd64_microsoft.windows.common-controls_6595b64144ccf1df_6.0.19041.1110_none_60b5254171f9507e\COMCTL32.dll
0x00007ffeca0e0000 - 0x00007ffeca1ed000 	C:\WINDOWS\System32\gdi32full.dll
0x00007ffecc0a0000 - 0x00007ffecc13e000 	C:\WINDOWS\System32\msvcrt.dll
0x00007ffeca370000 - 0x00007ffeca40d000 	C:\WINDOWS\System32\msvcp_win.dll
0x00007ffecb4b0000 - 0x00007ffecb4e0000 	C:\WINDOWS\System32\IMM32.DLL
0x00007ffeb26c0000 - 0x00007ffeb275d000 	C:\Program Files\JetBrains\IntelliJ IDEA 2021.2.3\jbr\bin\msvcp140.dll
0x00007ffeae140000 - 0x00007ffeaec98000 	C:\Program Files\JetBrains\IntelliJ IDEA 2021.2.3\jbr\bin\server\jvm.dll
0x00007ffecb9b0000 - 0x00007ffecba5e000 	C:\WINDOWS\System32\ADVAPI32.dll
0x00007ffecc370000 - 0x00007ffecc40c000 	C:\WINDOWS\System32\sechost.dll
0x00007ffecaf00000 - 0x00007ffecb025000 	C:\WINDOWS\System32\RPCRT4.dll
0x00007ffecb5a0000 - 0x00007ffecb5a8000 	C:\WINDOWS\System32\PSAPI.DLL
0x00007ffe99250000 - 0x00007ffe99259000 	C:\WINDOWS\SYSTEM32\WSOCK32.dll
0x00007ffec3e90000 - 0x00007ffec3e9a000 	C:\WINDOWS\SYSTEM32\VERSION.dll
0x00007ffea4510000 - 0x00007ffea4537000 	C:\WINDOWS\SYSTEM32\WINMM.dll
0x00007ffecc300000 - 0x00007ffecc36b000 	C:\WINDOWS\System32\WS2_32.dll
0x00007ffec7a50000 - 0x00007ffec7a62000 	C:\WINDOWS\SYSTEM32\kernel.appcore.dll
0x00007ffec6620000 - 0x00007ffec6631000 	C:\Program Files\JetBrains\IntelliJ IDEA 2021.2.3\jbr\bin\verify.dll
0x00007ffec2090000 - 0x00007ffec2274000 	C:\WINDOWS\SYSTEM32\DBGHELP.DLL
0x00007ffeba800000 - 0x00007ffeba82c000 	C:\WINDOWS\SYSTEM32\dbgcore.DLL
0x00007ffeca410000 - 0x00007ffeca492000 	C:\WINDOWS\System32\bcryptPrimitives.dll
0x00007ffec65f0000 - 0x00007ffec6619000 	C:\Program Files\JetBrains\IntelliJ IDEA 2021.2.3\jbr\bin\java.dll
0x00007ffec6560000 - 0x00007ffec656b000 	C:\Program Files\JetBrains\IntelliJ IDEA 2021.2.3\jbr\bin\jimage.dll
0x00007ffec6540000 - 0x00007ffec6558000 	C:\Program Files\JetBrains\IntelliJ IDEA 2021.2.3\jbr\bin\zip.dll

dbghelp: loaded successfully - version: 4.0.5 - missing functions: none
symbol engine: initialized successfully - sym options: 0x614 - pdb path: .;C:\Program Files\JetBrains\IntelliJ IDEA 2021.2.3\jbr\bin;C:\WINDOWS\SYSTEM32;C:\WINDOWS\WinSxS\amd64_microsoft.windows.common-controls_6595b64144ccf1df_6.0.19041.1110_none_60b5254171f9507e;C:\Program Files\JetBrains\IntelliJ IDEA 2021.2.3\jbr\bin\server

VM Arguments:
jvm_args: -Djava.rmi.server.hostname=127.0.0.1 -Duser.timezone=UTC -Xmx1009m -Xms128m -Dfile.encoding=UTF-8 
java_command: com.intellij.database.remote.RemoteJdbcServer org.postgresql.Driver
java_class_path (initial): C:\Program Files\JetBrains\IntelliJ IDEA 2021.2.3\lib\util.jar;C:\Program Files\JetBrains\IntelliJ IDEA 2021.2.3\lib\groovy-2.5.14.jar;C:\Program Files\JetBrains\IntelliJ IDEA 2021.2.3\plugins\DatabaseTools\lib\jdbc-console.jar;C:\Users\Anuar\AppData\Roaming\JetBrains\IntelliJIdea2021.2\jdbc-drivers\PostgreSQL\42.2.22\postgresql-42.2.22.jar;C:\Users\Anuar\AppData\Roaming\JetBrains\IntelliJIdea2021.2\jdbc-drivers\PostgreSQL\42.2.22\jna-platform-win-4.4.0.jar;C:\Users\Anuar\AppData\Roaming\JetBrains\IntelliJIdea2021.2\jdbc-drivers\PostgreSQL\42.2.22\jna-win-4.4.0.jar;C:\Users\Anuar\AppData\Roaming\JetBrains\IntelliJIdea2021.2\jdbc-drivers\PostgreSQL\42.2.22\waffle-jna-win-1.8.1.jar
Launcher Type: SUN_STANDARD

[Global flags]
     intx CICompilerCount                          = 4                                         {product} {ergonomic}
     uint ConcGCThreads                            = 2                                         {product} {ergonomic}
     uint G1ConcRefinementThreads                  = 8                                         {product} {ergonomic}
   size_t G1HeapRegionSize                         = 1048576                                   {product} {ergonomic}
    uintx GCDrainStackTargetSize                   = 64                                        {product} {ergonomic}
   size_t InitialHeapSize                          = 134217728                                 {product} {command line}
   size_t MarkStackSize                            = 4194304                                   {product} {ergonomic}
   size_t MaxHeapSize                              = 1059061760                                {product} {command line, ergonomic}
   size_t MinHeapDeltaBytes                        = 1048576                                   {product} {ergonomic}
    uintx NonNMethodCodeHeapSize                   = 5836300                                {pd product} {ergonomic}
    uintx NonProfiledCodeHeapSize                  = 122910970                              {pd product} {ergonomic}
    uintx ProfiledCodeHeapSize                     = 122910970                              {pd product} {ergonomic}
    uintx ReservedCodeCacheSize                    = 251658240                              {pd product} {ergonomic}
     bool SegmentedCodeCache                       = true                                      {product} {ergonomic}
     bool UseCompressedClassPointers               = true                                 {lp64_product} {ergonomic}
     bool UseCompressedOops                        = true                                 {lp64_product} {ergonomic}
     bool UseG1GC                                  = true                                      {product} {ergonomic}
     bool UseLargePagesIndividualAllocation        = false                                  {pd product} {ergonomic}

Logging:
Log output configuration:
 #0: stdout all=warning uptime,level,tags
 #1: stderr all=off uptime,level,tags

Environment Variables:
PATH=C:\Program Files\OpenJDK\jdk-11.0.8.10-hotspot\bin;C:\Program Files (x86)\VMware\VMware Player\bin\;C:\Program Files\Common Files\Oracle\Java\javapath;C:\WINDOWS\system32;C:\WINDOWS;C:\WINDOWS\System32\Wbem;C:\WINDOWS\System32\WindowsPowerShell\v1.0\;C:\WINDOWS\System32\OpenSSH\;C:\Program Files\Git\cmd;C:\Program Files\Git\bin\;C:\Program Files\Microsoft SQL Server\150\Tools\Binn\;C:\Program Files\Microsoft SQL Server\Client SDK\ODBC\170\Tools\Binn\;C:\Program Files\dotnet\;C:\Program Files (x86)\Microsoft SQL Server\150\DTS\Binn\;C:\Program Files\Azure Data Studio\bin;C:\Program Files (x86)\Microsoft SQL Server\150\Tools\Binn\;C:\Program Files\Microsoft SQL Server\150\DTS\Binn\;C:\Program Files (x86)\dotnet\;C:\Users\Anuar\AppData\Local\Programs\Python\Python310\Scripts\;C:\Users\Anuar\AppData\Local\Programs\Python\Python310\;C:\Users\Anuar\AppData\Local\Microsoft\WindowsApps;C:\Users\Anuar\AppData\Local\Programs\Microsoft VS Code\bin;C:\Program Files\JetBrains\IntelliJ IDEA 2021.2.3\bin;;C:\Users\Anuar\.dotnet\tools;C:\Program Files\Azure Data Studio\bin
USERNAME=Anuar
OS=Windows_NT
PROCESSOR_IDENTIFIER=Intel64 Family 6 Model 142 Stepping 11, GenuineIntel



---------------  S Y S T E M  ---------------

OS: Windows 10 , 64 bit Build 19041 (10.0.19041.1503)
OS uptime: 0 days 7:14 hours

CPU:total 8 (initial active 8) (4 cores per cpu, 2 threads per core) family 6 model 142 stepping 11 microcode 0xc6, cmov, cx8, fxsr, mmx, sse, sse2, sse3, ssse3, sse4.1, sse4.2, popcnt, avx, avx2, aes, clmul, erms, 3dnowpref, lzcnt, ht, tsc, tscinvbit, bmi1, bmi2, adx, fma

Memory: 4k page, system-wide physical 8072M (871M free)
TotalPageFile size 10113M (AvailPageFile size 117M)
current process WorkingSet (physical memory assigned to process): 9M, peak: 9M
current process commit charge ("private bytes"): 59M, peak: 187M

vm_info: OpenJDK 64-Bit Server VM (11.0.12+7-b1504.40) for windows-amd64 JRE (11.0.12+7-b1504.40), built on Sep 23 2021 14:38:03 by "" with MS VC++ 14.0 (VS2015)

END.
