#
# There is insufficient memory for the Java Runtime Environment to continue.
# Native memory allocation (mmap) failed to map 134217728 bytes for Failed to commit area from 0x0000000081c00000 to 0x0000000089c00000 of length 134217728.
# Possible reasons:
#   The system is out of physical RAM or swap space
#   The process is running with CompressedOops enabled, and the Java Heap may be blocking the growth of the native heap
# Possible solutions:
#   Reduce memory load on the system
#   Increase physical memory or swap space
#   Check if swap backing store is full
#   Decrease Java heap size (-Xmx/-Xms)
#   Decrease number of Java threads
#   Decrease Java thread stack sizes (-Xss)
#   Set larger code cache with -XX:ReservedCodeCacheSize=
# This output file may be truncated or incomplete.
#
#  Out of Memory Error (t:/workspace/open/src/hotspot/os/windows/os_windows.cpp:3301), pid=4204, tid=14732
#
# JRE version:  (13.0.2+8) (build )
# Java VM: Java HotSpot(TM) 64-Bit Server VM (13.0.2+8, mixed mode, aot, sharing, tiered, compressed oops, g1 gc, windows-amd64)
# No core dump will be written. Minidumps are not enabled by default on client versions of Windows
#

---------------  S U M M A R Y ------------

Command Line: -XX:TieredStopAtLevel=1 -Xverify:none -Dspring.profiles.active=dev -Dspring.output.ansi.enabled=always -javaagent:C:\Program Files\JetBrains\IntelliJ IDEA 2021.2.3\lib\idea_rt.jar=57794:C:\Program Files\JetBrains\IntelliJ IDEA 2021.2.3\bin -Dcom.sun.management.jmxremote -Dspring.jmx.enabled=true -Dspring.liveBeansView.mbeanDomain -Dspring.application.admin.enabled=true -Dfile.encoding=UTF-8 kz.iitu.itse1909r.nugmanova.ElviraNugmanovaItse1909RApplication

Host: Intel(R) Core(TM) i5-8265U CPU @ 1.60GHz, 8 cores, 7G,  Windows 10 , 64 bit Build 19041 (10.0.19041.1503)
Time: Mon Feb 28 23:11:36 2022 Central Asia Standard Time elapsed time: 0 seconds (0d 0h 0m 0s)

---------------  T H R E A D  ---------------

Current thread (0x000001e9e3994000):  JavaThread "Unknown thread" [_thread_in_vm, id=14732, stack(0x000000d5b1c00000,0x000000d5b1d00000)]

Stack: [0x000000d5b1c00000,0x000000d5b1d00000]
Native frames: (J=compiled Java code, j=interpreted, Vv=VM code, C=native code)
V  [jvm.dll+0x624f9a]
V  [jvm.dll+0x770cfa]
V  [jvm.dll+0x7724af]
V  [jvm.dll+0x772ab3]
V  [jvm.dll+0x24bf08]
V  [jvm.dll+0x6222aa]
V  [jvm.dll+0x6170b5]
V  [jvm.dll+0x30a88c]
V  [jvm.dll+0x30a6c2]
V  [jvm.dll+0x30fe36]
V  [jvm.dll+0x353f46]
V  [jvm.dll+0x353720]
V  [jvm.dll+0x2e550a]
V  [jvm.dll+0x2e67a2]
V  [jvm.dll+0x74dd78]
V  [jvm.dll+0x361989]
V  [jvm.dll+0x730e65]
V  [jvm.dll+0x3cc53f]
V  [jvm.dll+0x3ce861]
C  [jli.dll+0x51ff]
C  [ucrtbase.dll+0x21bb2]
C  [KERNEL32.DLL+0x17034]
C  [ntdll.dll+0x52651]


---------------  P R O C E S S  ---------------

Threads class SMR info:
_java_thread_list=0x00007ffb261fccb8, length=0, elements={
}

Java Threads: ( => current thread )

Other Threads:
  0x000001e9e39da000 GCTaskThread "GC Thread#0" [stack: 0x000000d5b1d00000,0x000000d5b1e00000] [id=15196]
  0x000001e9e39ec800 ConcurrentGCThread "G1 Main Marker" [stack: 0x000000d5b1e00000,0x000000d5b1f00000] [id=14808]
  0x000001e9e39ee000 ConcurrentGCThread "G1 Conc#0" [stack: 0x000000d5b1f00000,0x000000d5b2000000] [id=8840]

[error occurred during error reporting (printing all threads), id 0xc0000005, EXCEPTION_ACCESS_VIOLATION (0xc0000005) at pc=0x00007ffb25a351d7]

VM state:not at safepoint (not fully initialized)

VM Mutex/Monitor currently owned by a thread:  ([mutex/lock_event])
[0x000001e9e398fd70] Heap_lock - owner thread: 0x000001e9e3994000

Heap address: 0x0000000081c00000, size: 2020 MB, Compressed Oops mode: Non-zero based: 0x0000000081c00000
Narrow klass base: 0x0000000000000000, Narrow klass shift: 0

GC Heap History (0 events):
No events

Deoptimization events (0 events):
No events

Classes unloaded (0 events):
No events

Classes redefined (0 events):
No events

Internal exceptions (0 events):
No events

Events (8 events):
Event: 0.007 Loaded shared library C:\Program Files\Java\jdk-13.0.2\bin\zip.dll
Event: 0.008 Loaded shared library C:\Program Files\Java\jdk-13.0.2\bin\jimage.dll
Event: 0.009 Loading shared library C:\Program Files\Java\jdk-13.0.2\lib\libjava.base-coop.dll failed, error code 126
Event: 0.009 Loading shared library C:\Program Files\Java\jdk-13.0.2\lib\libjava.logging-coop.dll failed, error code 126
Event: 0.009 Loading shared library C:\Program Files\Java\jdk-13.0.2\lib\libjdk.compiler-coop.dll failed, error code 126
Event: 0.009 Loading shared library C:\Program Files\Java\jdk-13.0.2\lib\libjdk.scripting.nashorn-coop.dll failed, error code 126
Event: 0.009 Loading shared library C:\Program Files\Java\jdk-13.0.2\lib\libjdk.internal.vm.ci-coop.dll failed, error code 126
Event: 0.009 Loading shared library C:\Program Files\Java\jdk-13.0.2\lib\libjdk.internal.vm.compiler-coop.dll failed, error code 126


Dynamic libraries:
0x00007ff6f85b0000 - 0x00007ff6f85bf000 	C:\Program Files\Java\jdk-13.0.2\bin\java.exe
0x00007ffb808f0000 - 0x00007ffb80ae5000 	C:\WINDOWS\SYSTEM32\ntdll.dll
0x00007ffb80670000 - 0x00007ffb8072e000 	C:\WINDOWS\System32\KERNEL32.DLL
0x00007ffb7e450000 - 0x00007ffb7e718000 	C:\WINDOWS\System32\KERNELBASE.dll
0x00007ffb7e240000 - 0x00007ffb7e340000 	C:\WINDOWS\System32\ucrtbase.dll
0x00007ffb79dd0000 - 0x00007ffb79de8000 	C:\Program Files\Java\jdk-13.0.2\bin\jli.dll
0x00007ffb79db0000 - 0x00007ffb79dc5000 	C:\Program Files\Java\jdk-13.0.2\bin\VCRUNTIME140.dll
0x00007ffb80730000 - 0x00007ffb807de000 	C:\WINDOWS\System32\ADVAPI32.dll
0x00007ffb7f770000 - 0x00007ffb7f80e000 	C:\WINDOWS\System32\msvcrt.dll
0x00007ffb7e9a0000 - 0x00007ffb7ea3c000 	C:\WINDOWS\System32\sechost.dll
0x00007ffb7f330000 - 0x00007ffb7f455000 	C:\WINDOWS\System32\RPCRT4.dll
0x00007ffb7f460000 - 0x00007ffb7f600000 	C:\WINDOWS\System32\USER32.dll
0x00007ffb7e000000 - 0x00007ffb7e022000 	C:\WINDOWS\System32\win32u.dll
0x00007ffb7f2f0000 - 0x00007ffb7f31b000 	C:\WINDOWS\System32\GDI32.dll
0x00007ffb4dd80000 - 0x00007ffb4e01a000 	C:\WINDOWS\WinSxS\amd64_microsoft.windows.common-controls_6595b64144ccf1df_6.0.19041.1110_none_60b5254171f9507e\COMCTL32.dll
0x00007ffb7e030000 - 0x00007ffb7e13d000 	C:\WINDOWS\System32\gdi32full.dll
0x00007ffb7e340000 - 0x00007ffb7e3dd000 	C:\WINDOWS\System32\msvcp_win.dll
0x00007ffb78460000 - 0x00007ffb7846a000 	C:\WINDOWS\SYSTEM32\VERSION.dll
0x00007ffb7f740000 - 0x00007ffb7f770000 	C:\WINDOWS\System32\IMM32.DLL
0x00007ffb770b0000 - 0x00007ffb7714b000 	C:\Program Files\Java\jdk-13.0.2\bin\msvcp140.dll
0x00007ffb25740000 - 0x00007ffb2629d000 	C:\Program Files\Java\jdk-13.0.2\bin\server\jvm.dll
0x00007ffb7ea60000 - 0x00007ffb7ea68000 	C:\WINDOWS\System32\PSAPI.DLL
0x00007ffb50100000 - 0x00007ffb50127000 	C:\WINDOWS\SYSTEM32\WINMM.dll
0x00007ffb56b80000 - 0x00007ffb56b89000 	C:\WINDOWS\SYSTEM32\WSOCK32.dll
0x00007ffb7fd10000 - 0x00007ffb7fd7b000 	C:\WINDOWS\System32\WS2_32.dll
0x00007ffb7bef0000 - 0x00007ffb7bf02000 	C:\WINDOWS\SYSTEM32\kernel.appcore.dll
0x00007ffb79da0000 - 0x00007ffb79db0000 	C:\Program Files\Java\jdk-13.0.2\bin\verify.dll
0x00007ffb759e0000 - 0x00007ffb75bc4000 	C:\WINDOWS\SYSTEM32\DBGHELP.DLL
0x00007ffb6e400000 - 0x00007ffb6e42c000 	C:\WINDOWS\SYSTEM32\dbgcore.DLL
0x00007ffb7e8b0000 - 0x00007ffb7e932000 	C:\WINDOWS\System32\bcryptPrimitives.dll
0x00007ffb79d70000 - 0x00007ffb79d96000 	C:\Program Files\Java\jdk-13.0.2\bin\java.dll
0x00007ffb79d00000 - 0x00007ffb79d0e000 	C:\Program Files\Java\jdk-13.0.2\bin\instrument.dll
0x00007ffb79d10000 - 0x00007ffb79d27000 	C:\Program Files\Java\jdk-13.0.2\bin\zip.dll
0x00007ffb79d60000 - 0x00007ffb79d6a000 	C:\Program Files\Java\jdk-13.0.2\bin\jimage.dll

dbghelp: loaded successfully - version: 4.0.5 - missing functions: none
symbol engine: initialized successfully - sym options: 0x614 - pdb path: .;C:\Program Files\Java\jdk-13.0.2\bin;C:\WINDOWS\SYSTEM32;C:\WINDOWS\WinSxS\amd64_microsoft.windows.common-controls_6595b64144ccf1df_6.0.19041.1110_none_60b5254171f9507e;C:\Program Files\Java\jdk-13.0.2\bin\server

VM Arguments:
jvm_args: -XX:TieredStopAtLevel=1 -Xverify:none -Dspring.profiles.active=dev -Dspring.output.ansi.enabled=always -javaagent:C:\Program Files\JetBrains\IntelliJ IDEA 2021.2.3\lib\idea_rt.jar=57794:C:\Program Files\JetBrains\IntelliJ IDEA 2021.2.3\bin -Dcom.sun.management.jmxremote -Dspring.jmx.enabled=true -Dspring.liveBeansView.mbeanDomain -Dspring.application.admin.enabled=true -Dfile.encoding=UTF-8 
java_command: kz.iitu.itse1909r.nugmanova.ElviraNugmanovaItse1909RApplication
java_class_path (initial): C:\Users\Anuar\Downloads\Elvira_Nugmanova_ITSE1909R_lab5\Elvira_Nugmanova_ITSE1909R_lab1\target\classes;C:\Users\Anuar\.m2\repository\org\springframework\boot\spring-boot-starter\2.6.3\spring-boot-starter-2.6.3.jar;C:\Users\Anuar\.m2\repository\org\springframework\boot\spring-boot\2.6.3\spring-boot-2.6.3.jar;C:\Users\Anuar\.m2\repository\org\springframework\spring-context\5.3.15\spring-context-5.3.15.jar;C:\Users\Anuar\.m2\repository\org\springframework\spring-expression\5.3.15\spring-expression-5.3.15.jar;C:\Users\Anuar\.m2\repository\org\springframework\boot\spring-boot-autoconfigure\2.6.3\spring-boot-autoconfigure-2.6.3.jar;C:\Users\Anuar\.m2\repository\org\springframework\boot\spring-boot-starter-logging\2.6.3\spring-boot-starter-logging-2.6.3.jar;C:\Users\Anuar\.m2\repository\ch\qos\logback\logback-classic\1.2.10\logback-classic-1.2.10.jar;C:\Users\Anuar\.m2\repository\ch\qos\logback\logback-core\1.2.10\logback-core-1.2.10.jar;C:\Users\Anuar\.m2\repository\org\apache\logging\log4j\log4j-to-slf4j\2.17.1\log4j-to-slf4j-2.17.1.jar;C:\Users\Anuar\.m2\repository\org\apache\logging\log4j\log4j-api\2.17.1\log4j-api-2.17.1.jar;C:\Users\Anuar\.m2\repository\org\slf4j\jul-to-slf4j\1.7.33\jul-to-slf4j-1.7.33.jar;C:\Users\Anuar\.m2\repository\jakarta\annotation\jakarta.annotation-api\1.3.5\jakarta.annotation-api-1.3.5.jar;C:\Users\Anuar\.m2\repository\org\springframework\spring-core\5.3.15\spring-core-5.3.15.jar;C:\Users\Anuar\.m2\repository\org\springframework\spring-jcl\5.3.15\spring-jcl-5.3.15.jar;C:\Users\Anuar\.m2\repository\org\yaml\snakeyaml\1.29\snakeyaml-1.29.jar;C:\Users\Anuar\.m2\repository\org\slf4j\slf4j-api\1.7.33\slf4j-api-1.7.33.jar;C:\Users\Anuar\.m2\repository\jakarta\xml\bind\jakarta.xml.bind-api\2.3.3\jakarta.xml.bind-api-2.3.3.jar;C:\Users\Anuar\.m2\repository\jakarta\activation\jakarta.activation-api\1.2.2\jakarta.activation-api-1.2.2.jar;C:\Users\Anuar\.m2\repository\net\bytebuddy\byte-buddy\1.11.22\byte-buddy-1.11.22.jar
Launcher Type: SUN_STANDARD

[Global flags]
     intx CICompilerCount                          = 4                                         {product} {ergonomic}
     uint ConcGCThreads                            = 2                                         {product} {ergonomic}
     uint G1ConcRefinementThreads                  = 8                                         {product} {ergonomic}
   size_t G1HeapRegionSize                         = 1048576                                   {product} {ergonomic}
    uintx GCDrainStackTargetSize                   = 64                                        {product} {ergonomic}
   size_t InitialHeapSize                          = 134217728                                 {product} {ergonomic}
     bool ManagementServer                         = true                                      {product} {command line}
   size_t MarkStackSize                            = 4194304                                   {product} {ergonomic}
   size_t MaxHeapSize                              = 2118123520                                {product} {ergonomic}
   size_t MinHeapDeltaBytes                        = 1048576                                   {product} {ergonomic}
   size_t MinHeapSize                              = 8388608                                   {product} {ergonomic}
    uintx NonNMethodCodeHeapSize                   = 7549744                                {pd product} {ergonomic}
    uintx NonProfiledCodeHeapSize                  = 244108496                              {pd product} {ergonomic}
    uintx ProfiledCodeHeapSize                     = 0                                      {pd product} {ergonomic}
    uintx ReservedCodeCacheSize                    = 251658240                              {pd product} {ergonomic}
     bool SegmentedCodeCache                       = true                                      {product} {ergonomic}
   size_t SoftMaxHeapSize                          = 2118123520                             {manageable} {ergonomic}
     intx TieredStopAtLevel                        = 1                                         {product} {command line}
     bool UseCompressedClassPointers               = true                                 {lp64_product} {ergonomic}
     bool UseCompressedOops                        = true                                 {lp64_product} {ergonomic}
     bool UseG1GC                                  = true                                      {product} {ergonomic}
     bool UseLargePagesIndividualAllocation        = false                                  {pd product} {ergonomic}

Logging:
Log output configuration:
 #0: stdout all=warning uptime,level,tags
 #1: stderr all=off uptime,level,tags

Environment Variables:
PATH=C:\Program Files\OpenJDK\jdk-11.0.8.10-hotspot\bin;C:\Program Files (x86)\VMware\VMware Player\bin\;C:\Program Files\Common Files\Oracle\Java\javapath;C:\WINDOWS\system32;C:\WINDOWS;C:\WINDOWS\System32\Wbem;C:\WINDOWS\System32\WindowsPowerShell\v1.0\;C:\WINDOWS\System32\OpenSSH\;C:\Program Files\Git\cmd;C:\Program Files\Git\bin\;C:\Program Files\Microsoft SQL Server\150\Tools\Binn\;C:\Program Files\Microsoft SQL Server\Client SDK\ODBC\170\Tools\Binn\;C:\Program Files\dotnet\;C:\Program Files (x86)\Microsoft SQL Server\150\DTS\Binn\;C:\Program Files\Azure Data Studio\bin;C:\Program Files (x86)\Microsoft SQL Server\150\Tools\Binn\;C:\Program Files\Microsoft SQL Server\150\DTS\Binn\;C:\Program Files (x86)\dotnet\;C:\Users\Anuar\AppData\Local\Programs\Python\Python310\Scripts\;C:\Users\Anuar\AppData\Local\Programs\Python\Python310\;C:\Users\Anuar\AppData\Local\Microsoft\WindowsApps;C:\Users\Anuar\AppData\Local\Programs\Microsoft VS Code\bin;C:\Program Files\JetBrains\IntelliJ IDEA 2021.2.3\bin;;C:\Users\Anuar\.dotnet\tools;C:\Program Files\Azure Data Studio\bin
USERNAME=Anuar
OS=Windows_NT
PROCESSOR_IDENTIFIER=Intel64 Family 6 Model 142 Stepping 11, GenuineIntel



---------------  S Y S T E M  ---------------

OS: Windows 10 , 64 bit Build 19041 (10.0.19041.1503)

CPU:total 8 (initial active 8) (4 cores per cpu, 2 threads per core) family 6 model 142 stepping 11, cmov, cx8, fxsr, mmx, sse, sse2, sse3, ssse3, sse4.1, sse4.2, popcnt, avx, avx2, aes, clmul, erms, 3dnowpref, lzcnt, ht, tsc, tscinvbit, bmi1, bmi2, adx, fma

Memory: 4k page, system-wide physical 8072M (870M free)
TotalPageFile size 10120M (AvailPageFile size 117M)
current process WorkingSet (physical memory assigned to process): 10M, peak: 10M
current process commit charge ("private bytes"): 57M, peak: 185M

vm_info: Java HotSpot(TM) 64-Bit Server VM (13.0.2+8) for windows-amd64 JRE (13.0.2+8), built on Dec 11 2019 09:20:33 by "mach5one" with unknown MS VC++:1916

END.
