#
# There is insufficient memory for the Java Runtime Environment to continue.
# Native memory allocation (malloc) failed to allocate 32744 bytes for ChunkPool::allocate
# Possible reasons:
#   The system is out of physical RAM or swap space
#   The process is running with CompressedOops enabled, and the Java Heap may be blocking the growth of the native heap
# Possible solutions:
#   Reduce memory load on the system
#   Increase physical memory or swap space
#   Check if swap backing store is full
#   Decrease Java heap size (-Xmx/-Xms)
#   Decrease number of Java threads
#   Decrease Java thread stack sizes (-Xss)
#   Set larger code cache with -XX:ReservedCodeCacheSize=
#   JVM is running with Unscaled Compressed Oops mode in which the Java heap is
#     placed in the first 4GB address space. The Java Heap base address is the
#     maximum limit for the native heap growth. Please use -XX:HeapBaseMinAddress
#     to set the Java Heap base and to place the Java Heap above 4GB virtual address.
# This output file may be truncated or incomplete.
#
#  Out of Memory Error (t:/workspace/open/src/hotspot/share/memory/arena.cpp:80), pid=7908, tid=1556
#
# JRE version: Java(TM) SE Runtime Environment (13.0.2+8) (build 13.0.2+8)
# Java VM: Java HotSpot(TM) 64-Bit Server VM (13.0.2+8, mixed mode, sharing, tiered, compressed oops, g1 gc, windows-amd64)
# No core dump will be written. Minidumps are not enabled by default on client versions of Windows
#

---------------  S U M M A R Y ------------

Command Line: -XX:TieredStopAtLevel=1 -Xverify:none -Dspring.profiles.active=dev -Dspring.output.ansi.enabled=always -javaagent:C:\Program Files\JetBrains\IntelliJ IDEA 2021.2.3\lib\idea_rt.jar=65333:C:\Program Files\JetBrains\IntelliJ IDEA 2021.2.3\bin -Dcom.sun.management.jmxremote -Dspring.jmx.enabled=true -Dspring.liveBeansView.mbeanDomain -Dspring.application.admin.enabled=true -Dfile.encoding=UTF-8 kz.iitu.itse1909r.nugmanova.ElviraNugmanovaItse1909RApplication

Host: Intel(R) Core(TM) i5-8265U CPU @ 1.60GHz, 8 cores, 7G,  Windows 10 , 64 bit Build 19041 (10.0.19041.1503)
Time: Tue Mar  1 19:38:31 2022 Central Asia Standard Time elapsed time: 0 seconds (0d 0h 0m 0s)

---------------  T H R E A D  ---------------

Current thread (0x000001ba4818f800):  JavaThread "C1 CompilerThread0" daemon [_thread_in_native, id=1556, stack(0x000000a95e900000,0x000000a95ea00000)]


Current CompileTask:
C1:    398  444       1       jdk.internal.org.objectweb.asm.Frame::execute (2305 bytes)

Stack: [0x000000a95e900000,0x000000a95ea00000]
Native frames: (J=compiled Java code, j=interpreted, Vv=VM code, C=native code)
V  [jvm.dll+0x624f9a]
V  [jvm.dll+0x770cfa]
V  [jvm.dll+0x7724af]
V  [jvm.dll+0x772ab3]
V  [jvm.dll+0x24bf08]
V  [jvm.dll+0xc2076]
V  [jvm.dll+0xc23cc]
V  [jvm.dll+0x155a5e]
V  [jvm.dll+0x141f30]
V  [jvm.dll+0x12a0d9]
V  [jvm.dll+0x1299df]
V  [jvm.dll+0x129c0f]
V  [jvm.dll+0x128ea7]
V  [jvm.dll+0x12adc7]
V  [jvm.dll+0x213e6d]
V  [jvm.dll+0x2120bb]
V  [jvm.dll+0x736bb6]
V  [jvm.dll+0x72fcaa]
V  [jvm.dll+0x623ea6]
C  [ucrtbase.dll+0x21bb2]
C  [KERNEL32.DLL+0x17034]
C  [ntdll.dll+0x52651]


---------------  P R O C E S S  ---------------

Threads class SMR info:
_java_thread_list=0x000001ba48df0850, length=10, elements={
0x000001ba292d4800, 0x000001ba48165800, 0x000001ba4816b000, 0x000001ba4818c800,
0x000001ba4818e800, 0x000001ba4818f800, 0x000001ba48190800, 0x000001ba4814b800,
0x000001ba48df2800, 0x000001ba48df3800
}

Java Threads: ( => current thread )
  0x000001ba292d4800 JavaThread "main" [_thread_in_Java, id=13140, stack(0x000000a95de00000,0x000000a95df00000)]
  0x000001ba48165800 JavaThread "Reference Handler" daemon [_thread_blocked, id=6712, stack(0x000000a95e500000,0x000000a95e600000)]
  0x000001ba4816b000 JavaThread "Finalizer" daemon [_thread_blocked, id=6528, stack(0x000000a95e600000,0x000000a95e700000)]
  0x000001ba4818c800 JavaThread "Signal Dispatcher" daemon [_thread_blocked, id=3856, stack(0x000000a95e700000,0x000000a95e800000)]
  0x000001ba4818e800 JavaThread "Attach Listener" daemon [_thread_blocked, id=9664, stack(0x000000a95e800000,0x000000a95e900000)]
=>0x000001ba4818f800 JavaThread "C1 CompilerThread0" daemon [_thread_in_native, id=1556, stack(0x000000a95e900000,0x000000a95ea00000)]
  0x000001ba48190800 JavaThread "Sweeper thread" daemon [_thread_blocked, id=10592, stack(0x000000a95ea00000,0x000000a95eb00000)]
  0x000001ba4814b800 JavaThread "Common-Cleaner" daemon [_thread_blocked, id=11628, stack(0x000000a95eb00000,0x000000a95ec00000)]
  0x000001ba48df2800 JavaThread "Monitor Ctrl-Break" daemon [_thread_in_native, id=11228, stack(0x000000a95ec00000,0x000000a95ed00000)]
  0x000001ba48df3800 JavaThread "Service Thread" daemon [_thread_blocked, id=13048, stack(0x000000a95ed00000,0x000000a95ee00000)]

Other Threads:
  0x000001ba48163800 VMThread "VM Thread" [stack: 0x000000a95e400000,0x000000a95e500000] [id=4760]
  0x000001ba2931b000 GCTaskThread "GC Thread#0" [stack: 0x000000a95df00000,0x000000a95e000000] [id=8672]
  0x000001ba2932c000 ConcurrentGCThread "G1 Main Marker" [stack: 0x000000a95e000000,0x000000a95e100000] [id=5564]
  0x000001ba2932f000 ConcurrentGCThread "G1 Conc#0" [stack: 0x000000a95e100000,0x000000a95e200000] [id=916]
  0x000001ba293ab800 ConcurrentGCThread "G1 Refine#0" [stack: 0x000000a95e200000,0x000000a95e300000] [id=14976]
  0x000001ba293ad000 ConcurrentGCThread "G1 Young RemSet Sampling" [stack: 0x000000a95e300000,0x000000a95e400000] [id=1356]

Threads with active compile tasks:
C1 CompilerThread0      512  444       1       jdk.internal.org.objectweb.asm.Frame::execute (2305 bytes)

VM state:not at safepoint (normal execution)

VM Mutex/Monitor currently owned by a thread: None

Heap address: 0x0000000081c00000, size: 2020 MB, Compressed Oops mode: 32-bit
Narrow klass base: 0x0000000800000000, Narrow klass shift: 3
Compressed class space size: 1073741824 Address: 0x0000000800b40000

Heap:
 garbage-first heap   total 131072K, used 9216K [0x0000000081c00000, 0x0000000100000000)
  region size 1024K, 9 young (9216K), 0 survivors (0K)
 Metaspace       used 3434K, capacity 4755K, committed 4864K, reserved 1056768K
  class space    used 423K, capacity 482K, committed 512K, reserved 1048576K
Heap Regions: E=young(eden), S=young(survivor), O=old, HS=humongous(starts), HC=humongous(continues), CS=collection set, F=free, A=archive, TAMS=top-at-mark-start (previous, next)
|   0|0x0000000081c00000, 0x0000000081d00000, 0x0000000081d00000|100%|HS|  |TAMS 0x0000000081c00000, 0x0000000081c00000| Complete 
|   1|0x0000000081d00000, 0x0000000081d00000, 0x0000000081e00000|  0%| F|  |TAMS 0x0000000081d00000, 0x0000000081d00000| Untracked 
|   2|0x0000000081e00000, 0x0000000081e00000, 0x0000000081f00000|  0%| F|  |TAMS 0x0000000081e00000, 0x0000000081e00000| Untracked 
|   3|0x0000000081f00000, 0x0000000081f00000, 0x0000000082000000|  0%| F|  |TAMS 0x0000000081f00000, 0x0000000081f00000| Untracked 
|   4|0x0000000082000000, 0x0000000082000000, 0x0000000082100000|  0%| F|  |TAMS 0x0000000082000000, 0x0000000082000000| Untracked 
|   5|0x0000000082100000, 0x0000000082100000, 0x0000000082200000|  0%| F|  |TAMS 0x0000000082100000, 0x0000000082100000| Untracked 
|   6|0x0000000082200000, 0x0000000082200000, 0x0000000082300000|  0%| F|  |TAMS 0x0000000082200000, 0x0000000082200000| Untracked 
|   7|0x0000000082300000, 0x0000000082300000, 0x0000000082400000|  0%| F|  |TAMS 0x0000000082300000, 0x0000000082300000| Untracked 
|   8|0x0000000082400000, 0x0000000082400000, 0x0000000082500000|  0%| F|  |TAMS 0x0000000082400000, 0x0000000082400000| Untracked 
|   9|0x0000000082500000, 0x0000000082500000, 0x0000000082600000|  0%| F|  |TAMS 0x0000000082500000, 0x0000000082500000| Untracked 
|  10|0x0000000082600000, 0x0000000082600000, 0x0000000082700000|  0%| F|  |TAMS 0x0000000082600000, 0x0000000082600000| Untracked 
|  11|0x0000000082700000, 0x0000000082700000, 0x0000000082800000|  0%| F|  |TAMS 0x0000000082700000, 0x0000000082700000| Untracked 
|  12|0x0000000082800000, 0x0000000082800000, 0x0000000082900000|  0%| F|  |TAMS 0x0000000082800000, 0x0000000082800000| Untracked 
|  13|0x0000000082900000, 0x0000000082900000, 0x0000000082a00000|  0%| F|  |TAMS 0x0000000082900000, 0x0000000082900000| Untracked 
|  14|0x0000000082a00000, 0x0000000082a00000, 0x0000000082b00000|  0%| F|  |TAMS 0x0000000082a00000, 0x0000000082a00000| Untracked 
|  15|0x0000000082b00000, 0x0000000082b00000, 0x0000000082c00000|  0%| F|  |TAMS 0x0000000082b00000, 0x0000000082b00000| Untracked 
|  16|0x0000000082c00000, 0x0000000082c00000, 0x0000000082d00000|  0%| F|  |TAMS 0x0000000082c00000, 0x0000000082c00000| Untracked 
|  17|0x0000000082d00000, 0x0000000082d00000, 0x0000000082e00000|  0%| F|  |TAMS 0x0000000082d00000, 0x0000000082d00000| Untracked 
|  18|0x0000000082e00000, 0x0000000082e00000, 0x0000000082f00000|  0%| F|  |TAMS 0x0000000082e00000, 0x0000000082e00000| Untracked 
|  19|0x0000000082f00000, 0x0000000082f00000, 0x0000000083000000|  0%| F|  |TAMS 0x0000000082f00000, 0x0000000082f00000| Untracked 
|  20|0x0000000083000000, 0x0000000083000000, 0x0000000083100000|  0%| F|  |TAMS 0x0000000083000000, 0x0000000083000000| Untracked 
|  21|0x0000000083100000, 0x0000000083100000, 0x0000000083200000|  0%| F|  |TAMS 0x0000000083100000, 0x0000000083100000| Untracked 
|  22|0x0000000083200000, 0x0000000083200000, 0x0000000083300000|  0%| F|  |TAMS 0x0000000083200000, 0x0000000083200000| Untracked 
|  23|0x0000000083300000, 0x0000000083300000, 0x0000000083400000|  0%| F|  |TAMS 0x0000000083300000, 0x0000000083300000| Untracked 
|  24|0x0000000083400000, 0x0000000083400000, 0x0000000083500000|  0%| F|  |TAMS 0x0000000083400000, 0x0000000083400000| Untracked 
|  25|0x0000000083500000, 0x0000000083500000, 0x0000000083600000|  0%| F|  |TAMS 0x0000000083500000, 0x0000000083500000| Untracked 
|  26|0x0000000083600000, 0x0000000083600000, 0x0000000083700000|  0%| F|  |TAMS 0x0000000083600000, 0x0000000083600000| Untracked 
|  27|0x0000000083700000, 0x0000000083700000, 0x0000000083800000|  0%| F|  |TAMS 0x0000000083700000, 0x0000000083700000| Untracked 
|  28|0x0000000083800000, 0x0000000083800000, 0x0000000083900000|  0%| F|  |TAMS 0x0000000083800000, 0x0000000083800000| Untracked 
|  29|0x0000000083900000, 0x0000000083900000, 0x0000000083a00000|  0%| F|  |TAMS 0x0000000083900000, 0x0000000083900000| Untracked 
|  30|0x0000000083a00000, 0x0000000083a00000, 0x0000000083b00000|  0%| F|  |TAMS 0x0000000083a00000, 0x0000000083a00000| Untracked 
|  31|0x0000000083b00000, 0x0000000083b00000, 0x0000000083c00000|  0%| F|  |TAMS 0x0000000083b00000, 0x0000000083b00000| Untracked 
|  32|0x0000000083c00000, 0x0000000083c00000, 0x0000000083d00000|  0%| F|  |TAMS 0x0000000083c00000, 0x0000000083c00000| Untracked 
|  33|0x0000000083d00000, 0x0000000083d00000, 0x0000000083e00000|  0%| F|  |TAMS 0x0000000083d00000, 0x0000000083d00000| Untracked 
|  34|0x0000000083e00000, 0x0000000083e00000, 0x0000000083f00000|  0%| F|  |TAMS 0x0000000083e00000, 0x0000000083e00000| Untracked 
|  35|0x0000000083f00000, 0x0000000083f00000, 0x0000000084000000|  0%| F|  |TAMS 0x0000000083f00000, 0x0000000083f00000| Untracked 
|  36|0x0000000084000000, 0x0000000084000000, 0x0000000084100000|  0%| F|  |TAMS 0x0000000084000000, 0x0000000084000000| Untracked 
|  37|0x0000000084100000, 0x0000000084100000, 0x0000000084200000|  0%| F|  |TAMS 0x0000000084100000, 0x0000000084100000| Untracked 
|  38|0x0000000084200000, 0x0000000084200000, 0x0000000084300000|  0%| F|  |TAMS 0x0000000084200000, 0x0000000084200000| Untracked 
|  39|0x0000000084300000, 0x0000000084300000, 0x0000000084400000|  0%| F|  |TAMS 0x0000000084300000, 0x0000000084300000| Untracked 
|  40|0x0000000084400000, 0x0000000084400000, 0x0000000084500000|  0%| F|  |TAMS 0x0000000084400000, 0x0000000084400000| Untracked 
|  41|0x0000000084500000, 0x0000000084500000, 0x0000000084600000|  0%| F|  |TAMS 0x0000000084500000, 0x0000000084500000| Untracked 
|  42|0x0000000084600000, 0x0000000084600000, 0x0000000084700000|  0%| F|  |TAMS 0x0000000084600000, 0x0000000084600000| Untracked 
|  43|0x0000000084700000, 0x0000000084700000, 0x0000000084800000|  0%| F|  |TAMS 0x0000000084700000, 0x0000000084700000| Untracked 
|  44|0x0000000084800000, 0x0000000084800000, 0x0000000084900000|  0%| F|  |TAMS 0x0000000084800000, 0x0000000084800000| Untracked 
|  45|0x0000000084900000, 0x0000000084900000, 0x0000000084a00000|  0%| F|  |TAMS 0x0000000084900000, 0x0000000084900000| Untracked 
|  46|0x0000000084a00000, 0x0000000084a00000, 0x0000000084b00000|  0%| F|  |TAMS 0x0000000084a00000, 0x0000000084a00000| Untracked 
|  47|0x0000000084b00000, 0x0000000084b00000, 0x0000000084c00000|  0%| F|  |TAMS 0x0000000084b00000, 0x0000000084b00000| Untracked 
|  48|0x0000000084c00000, 0x0000000084c00000, 0x0000000084d00000|  0%| F|  |TAMS 0x0000000084c00000, 0x0000000084c00000| Untracked 
|  49|0x0000000084d00000, 0x0000000084d00000, 0x0000000084e00000|  0%| F|  |TAMS 0x0000000084d00000, 0x0000000084d00000| Untracked 
|  50|0x0000000084e00000, 0x0000000084e00000, 0x0000000084f00000|  0%| F|  |TAMS 0x0000000084e00000, 0x0000000084e00000| Untracked 
|  51|0x0000000084f00000, 0x0000000084f00000, 0x0000000085000000|  0%| F|  |TAMS 0x0000000084f00000, 0x0000000084f00000| Untracked 
|  52|0x0000000085000000, 0x0000000085000000, 0x0000000085100000|  0%| F|  |TAMS 0x0000000085000000, 0x0000000085000000| Untracked 
|  53|0x0000000085100000, 0x0000000085100000, 0x0000000085200000|  0%| F|  |TAMS 0x0000000085100000, 0x0000000085100000| Untracked 
|  54|0x0000000085200000, 0x0000000085200000, 0x0000000085300000|  0%| F|  |TAMS 0x0000000085200000, 0x0000000085200000| Untracked 
|  55|0x0000000085300000, 0x0000000085300000, 0x0000000085400000|  0%| F|  |TAMS 0x0000000085300000, 0x0000000085300000| Untracked 
|  56|0x0000000085400000, 0x0000000085400000, 0x0000000085500000|  0%| F|  |TAMS 0x0000000085400000, 0x0000000085400000| Untracked 
|  57|0x0000000085500000, 0x0000000085500000, 0x0000000085600000|  0%| F|  |TAMS 0x0000000085500000, 0x0000000085500000| Untracked 
|  58|0x0000000085600000, 0x0000000085600000, 0x0000000085700000|  0%| F|  |TAMS 0x0000000085600000, 0x0000000085600000| Untracked 
|  59|0x0000000085700000, 0x0000000085700000, 0x0000000085800000|  0%| F|  |TAMS 0x0000000085700000, 0x0000000085700000| Untracked 
|  60|0x0000000085800000, 0x0000000085800000, 0x0000000085900000|  0%| F|  |TAMS 0x0000000085800000, 0x0000000085800000| Untracked 
|  61|0x0000000085900000, 0x0000000085900000, 0x0000000085a00000|  0%| F|  |TAMS 0x0000000085900000, 0x0000000085900000| Untracked 
|  62|0x0000000085a00000, 0x0000000085a00000, 0x0000000085b00000|  0%| F|  |TAMS 0x0000000085a00000, 0x0000000085a00000| Untracked 
|  63|0x0000000085b00000, 0x0000000085b00000, 0x0000000085c00000|  0%| F|  |TAMS 0x0000000085b00000, 0x0000000085b00000| Untracked 
|  64|0x0000000085c00000, 0x0000000085c00000, 0x0000000085d00000|  0%| F|  |TAMS 0x0000000085c00000, 0x0000000085c00000| Untracked 
|  65|0x0000000085d00000, 0x0000000085d00000, 0x0000000085e00000|  0%| F|  |TAMS 0x0000000085d00000, 0x0000000085d00000| Untracked 
|  66|0x0000000085e00000, 0x0000000085e00000, 0x0000000085f00000|  0%| F|  |TAMS 0x0000000085e00000, 0x0000000085e00000| Untracked 
|  67|0x0000000085f00000, 0x0000000085f00000, 0x0000000086000000|  0%| F|  |TAMS 0x0000000085f00000, 0x0000000085f00000| Untracked 
|  68|0x0000000086000000, 0x0000000086000000, 0x0000000086100000|  0%| F|  |TAMS 0x0000000086000000, 0x0000000086000000| Untracked 
|  69|0x0000000086100000, 0x0000000086100000, 0x0000000086200000|  0%| F|  |TAMS 0x0000000086100000, 0x0000000086100000| Untracked 
|  70|0x0000000086200000, 0x0000000086200000, 0x0000000086300000|  0%| F|  |TAMS 0x0000000086200000, 0x0000000086200000| Untracked 
|  71|0x0000000086300000, 0x0000000086300000, 0x0000000086400000|  0%| F|  |TAMS 0x0000000086300000, 0x0000000086300000| Untracked 
|  72|0x0000000086400000, 0x0000000086400000, 0x0000000086500000|  0%| F|  |TAMS 0x0000000086400000, 0x0000000086400000| Untracked 
|  73|0x0000000086500000, 0x0000000086500000, 0x0000000086600000|  0%| F|  |TAMS 0x0000000086500000, 0x0000000086500000| Untracked 
|  74|0x0000000086600000, 0x0000000086600000, 0x0000000086700000|  0%| F|  |TAMS 0x0000000086600000, 0x0000000086600000| Untracked 
|  75|0x0000000086700000, 0x0000000086700000, 0x0000000086800000|  0%| F|  |TAMS 0x0000000086700000, 0x0000000086700000| Untracked 
|  76|0x0000000086800000, 0x0000000086800000, 0x0000000086900000|  0%| F|  |TAMS 0x0000000086800000, 0x0000000086800000| Untracked 
|  77|0x0000000086900000, 0x0000000086900000, 0x0000000086a00000|  0%| F|  |TAMS 0x0000000086900000, 0x0000000086900000| Untracked 
|  78|0x0000000086a00000, 0x0000000086a00000, 0x0000000086b00000|  0%| F|  |TAMS 0x0000000086a00000, 0x0000000086a00000| Untracked 
|  79|0x0000000086b00000, 0x0000000086b00000, 0x0000000086c00000|  0%| F|  |TAMS 0x0000000086b00000, 0x0000000086b00000| Untracked 
|  80|0x0000000086c00000, 0x0000000086c00000, 0x0000000086d00000|  0%| F|  |TAMS 0x0000000086c00000, 0x0000000086c00000| Untracked 
|  81|0x0000000086d00000, 0x0000000086d00000, 0x0000000086e00000|  0%| F|  |TAMS 0x0000000086d00000, 0x0000000086d00000| Untracked 
|  82|0x0000000086e00000, 0x0000000086e00000, 0x0000000086f00000|  0%| F|  |TAMS 0x0000000086e00000, 0x0000000086e00000| Untracked 
|  83|0x0000000086f00000, 0x0000000086f00000, 0x0000000087000000|  0%| F|  |TAMS 0x0000000086f00000, 0x0000000086f00000| Untracked 
|  84|0x0000000087000000, 0x0000000087000000, 0x0000000087100000|  0%| F|  |TAMS 0x0000000087000000, 0x0000000087000000| Untracked 
|  85|0x0000000087100000, 0x0000000087100000, 0x0000000087200000|  0%| F|  |TAMS 0x0000000087100000, 0x0000000087100000| Untracked 
|  86|0x0000000087200000, 0x0000000087200000, 0x0000000087300000|  0%| F|  |TAMS 0x0000000087200000, 0x0000000087200000| Untracked 
|  87|0x0000000087300000, 0x0000000087300000, 0x0000000087400000|  0%| F|  |TAMS 0x0000000087300000, 0x0000000087300000| Untracked 
|  88|0x0000000087400000, 0x0000000087400000, 0x0000000087500000|  0%| F|  |TAMS 0x0000000087400000, 0x0000000087400000| Untracked 
|  89|0x0000000087500000, 0x0000000087500000, 0x0000000087600000|  0%| F|  |TAMS 0x0000000087500000, 0x0000000087500000| Untracked 
|  90|0x0000000087600000, 0x0000000087600000, 0x0000000087700000|  0%| F|  |TAMS 0x0000000087600000, 0x0000000087600000| Untracked 
|  91|0x0000000087700000, 0x0000000087700000, 0x0000000087800000|  0%| F|  |TAMS 0x0000000087700000, 0x0000000087700000| Untracked 
|  92|0x0000000087800000, 0x0000000087800000, 0x0000000087900000|  0%| F|  |TAMS 0x0000000087800000, 0x0000000087800000| Untracked 
|  93|0x0000000087900000, 0x0000000087900000, 0x0000000087a00000|  0%| F|  |TAMS 0x0000000087900000, 0x0000000087900000| Untracked 
|  94|0x0000000087a00000, 0x0000000087a00000, 0x0000000087b00000|  0%| F|  |TAMS 0x0000000087a00000, 0x0000000087a00000| Untracked 
|  95|0x0000000087b00000, 0x0000000087b00000, 0x0000000087c00000|  0%| F|  |TAMS 0x0000000087b00000, 0x0000000087b00000| Untracked 
|  96|0x0000000087c00000, 0x0000000087c00000, 0x0000000087d00000|  0%| F|  |TAMS 0x0000000087c00000, 0x0000000087c00000| Untracked 
|  97|0x0000000087d00000, 0x0000000087d00000, 0x0000000087e00000|  0%| F|  |TAMS 0x0000000087d00000, 0x0000000087d00000| Untracked 
|  98|0x0000000087e00000, 0x0000000087e00000, 0x0000000087f00000|  0%| F|  |TAMS 0x0000000087e00000, 0x0000000087e00000| Untracked 
|  99|0x0000000087f00000, 0x0000000087f00000, 0x0000000088000000|  0%| F|  |TAMS 0x0000000087f00000, 0x0000000087f00000| Untracked 
| 100|0x0000000088000000, 0x0000000088000000, 0x0000000088100000|  0%| F|  |TAMS 0x0000000088000000, 0x0000000088000000| Untracked 
| 101|0x0000000088100000, 0x0000000088100000, 0x0000000088200000|  0%| F|  |TAMS 0x0000000088100000, 0x0000000088100000| Untracked 
| 102|0x0000000088200000, 0x0000000088200000, 0x0000000088300000|  0%| F|  |TAMS 0x0000000088200000, 0x0000000088200000| Untracked 
| 103|0x0000000088300000, 0x0000000088300000, 0x0000000088400000|  0%| F|  |TAMS 0x0000000088300000, 0x0000000088300000| Untracked 
| 104|0x0000000088400000, 0x0000000088400000, 0x0000000088500000|  0%| F|  |TAMS 0x0000000088400000, 0x0000000088400000| Untracked 
| 105|0x0000000088500000, 0x0000000088500000, 0x0000000088600000|  0%| F|  |TAMS 0x0000000088500000, 0x0000000088500000| Untracked 
| 106|0x0000000088600000, 0x0000000088600000, 0x0000000088700000|  0%| F|  |TAMS 0x0000000088600000, 0x0000000088600000| Untracked 
| 107|0x0000000088700000, 0x0000000088700000, 0x0000000088800000|  0%| F|  |TAMS 0x0000000088700000, 0x0000000088700000| Untracked 
| 108|0x0000000088800000, 0x0000000088800000, 0x0000000088900000|  0%| F|  |TAMS 0x0000000088800000, 0x0000000088800000| Untracked 
| 109|0x0000000088900000, 0x0000000088900000, 0x0000000088a00000|  0%| F|  |TAMS 0x0000000088900000, 0x0000000088900000| Untracked 
| 110|0x0000000088a00000, 0x0000000088a00000, 0x0000000088b00000|  0%| F|  |TAMS 0x0000000088a00000, 0x0000000088a00000| Untracked 
| 111|0x0000000088b00000, 0x0000000088b00000, 0x0000000088c00000|  0%| F|  |TAMS 0x0000000088b00000, 0x0000000088b00000| Untracked 
| 112|0x0000000088c00000, 0x0000000088c00000, 0x0000000088d00000|  0%| F|  |TAMS 0x0000000088c00000, 0x0000000088c00000| Untracked 
| 113|0x0000000088d00000, 0x0000000088d00000, 0x0000000088e00000|  0%| F|  |TAMS 0x0000000088d00000, 0x0000000088d00000| Untracked 
| 114|0x0000000088e00000, 0x0000000088e00000, 0x0000000088f00000|  0%| F|  |TAMS 0x0000000088e00000, 0x0000000088e00000| Untracked 
| 115|0x0000000088f00000, 0x0000000088f00000, 0x0000000089000000|  0%| F|  |TAMS 0x0000000088f00000, 0x0000000088f00000| Untracked 
| 116|0x0000000089000000, 0x0000000089000000, 0x0000000089100000|  0%| F|  |TAMS 0x0000000089000000, 0x0000000089000000| Untracked 
| 117|0x0000000089100000, 0x0000000089100000, 0x0000000089200000|  0%| F|  |TAMS 0x0000000089100000, 0x0000000089100000| Untracked 
| 118|0x0000000089200000, 0x0000000089200000, 0x0000000089300000|  0%| F|  |TAMS 0x0000000089200000, 0x0000000089200000| Untracked 
| 119|0x0000000089300000, 0x00000000893f6480, 0x0000000089400000| 96%| E|  |TAMS 0x0000000089300000, 0x0000000089300000| Complete 
| 120|0x0000000089400000, 0x0000000089500000, 0x0000000089500000|100%| E|CS|TAMS 0x0000000089400000, 0x0000000089400000| Complete 
| 121|0x0000000089500000, 0x0000000089600000, 0x0000000089600000|100%| E|CS|TAMS 0x0000000089500000, 0x0000000089500000| Complete 
| 122|0x0000000089600000, 0x0000000089700000, 0x0000000089700000|100%| E|CS|TAMS 0x0000000089600000, 0x0000000089600000| Complete 
| 123|0x0000000089700000, 0x0000000089800000, 0x0000000089800000|100%| E|CS|TAMS 0x0000000089700000, 0x0000000089700000| Complete 
| 124|0x0000000089800000, 0x0000000089900000, 0x0000000089900000|100%| E|CS|TAMS 0x0000000089800000, 0x0000000089800000| Complete 
| 125|0x0000000089900000, 0x0000000089a00000, 0x0000000089a00000|100%| E|CS|TAMS 0x0000000089900000, 0x0000000089900000| Complete 
| 126|0x0000000089a00000, 0x0000000089b00000, 0x0000000089b00000|100%| E|CS|TAMS 0x0000000089a00000, 0x0000000089a00000| Complete 
| 127|0x0000000089b00000, 0x0000000089c00000, 0x0000000089c00000|100%| E|CS|TAMS 0x0000000089b00000, 0x0000000089b00000| Complete 

Card table byte_map: [0x000001ba41020000,0x000001ba41420000] _byte_map_base: 0x000001ba40c12000

Marking Bits (Prev, Next): (CMBitMap*) 0x000001ba2931b938, (CMBitMap*) 0x000001ba2931b978
 Prev Bits: [0x000001ba41820000, 0x000001ba437b0000)
 Next Bits: [0x000001ba437b0000, 0x000001ba45740000)

Polling page: 0x000001ba27210000

Metaspace:

Usage:
  Non-class:      4.18 MB capacity,     3.01 MB ( 72%) used,     1.15 MB ( 28%) free+waste,    10.69 KB ( <1%) overhead. 
      Class:    486.00 KB capacity,   435.30 KB ( 90%) used,    44.33 KB (  9%) free+waste,     6.38 KB (  1%) overhead. 
       Both:      4.65 MB capacity,     3.44 MB ( 74%) used,     1.20 MB ( 26%) free+waste,    17.06 KB ( <1%) overhead. 

Virtual space:
  Non-class space:        8.00 MB reserved,       4.25 MB ( 53%) committed 
      Class space:        1.00 GB reserved,     512.00 KB ( <1%) committed 
             Both:        1.01 GB reserved,       4.75 MB ( <1%) committed 

Chunk freelists:
   Non-Class:  0 bytes
       Class:  0 bytes
        Both:  0 bytes

MaxMetaspaceSize: 17179869184.00 GB
CompressedClassSpaceSize: 1.00 GB

CodeHeap 'non-profiled nmethods': size=238336Kb used=575Kb max_used=575Kb free=237760Kb
 bounds [0x000001ba31f20000, 0x000001ba32190000, 0x000001ba407e0000]
CodeHeap 'non-nmethods': size=7424Kb used=1163Kb max_used=1163Kb free=6260Kb
 bounds [0x000001ba317e0000, 0x000001ba31a50000, 0x000001ba31f20000]
 total_blobs=1148 nmethods=463 adapters=340
 compilation: enabled
              stopped_count=0, restarted_count=0
 full_count=0

Compilation events (20 events):
Event: 0.388 Thread 0x000001ba4818f800 nmethod 436 0x000001ba31fa8590 code [0x000001ba31fa8720, 0x000001ba31fa8858]
Event: 0.389 Thread 0x000001ba4818f800  437       1       jdk.internal.org.objectweb.asm.ByteVector::put122 (93 bytes)
Event: 0.389 Thread 0x000001ba4818f800 nmethod 437 0x000001ba31fa8910 code [0x000001ba31fa8ac0, 0x000001ba31fa8d30]
Event: 0.389 Thread 0x000001ba4818f800  438       1       sun.reflect.generics.parser.SignatureParser::current (59 bytes)
Event: 0.389 Thread 0x000001ba4818f800 nmethod 438 0x000001ba31fa8e90 code [0x000001ba31fa9040, 0x000001ba31fa92e0]
Event: 0.389 Thread 0x000001ba4818f800  429       1       java.lang.invoke.MethodType$ConcurrentWeakInternSet::add (66 bytes)
Event: 0.390 Thread 0x000001ba4818f800 nmethod 429 0x000001ba31fa9490 code [0x000001ba31fa96a0, 0x000001ba31fa9d90]
Event: 0.390 Thread 0x000001ba4818f800  430       1       java.lang.invoke.MethodType$ConcurrentWeakInternSet$WeakEntry::<init> (15 bytes)
Event: 0.390 Thread 0x000001ba4818f800 nmethod 430 0x000001ba31faa010 code [0x000001ba31faa1c0, 0x000001ba31faa410]
Event: 0.391 Thread 0x000001ba4818f800  439       1       java.lang.CharacterDataLatin1::toUpperCase (53 bytes)
Event: 0.391 Thread 0x000001ba4818f800 nmethod 439 0x000001ba31faa490 code [0x000001ba31faa640, 0x000001ba31faa7f8]
Event: 0.391 Thread 0x000001ba4818f800  440       1       java.lang.Character::toLowerCase (6 bytes)
Event: 0.391 Thread 0x000001ba4818f800 nmethod 440 0x000001ba31faa910 code [0x000001ba31faaac0, 0x000001ba31faac20]
Event: 0.391 Thread 0x000001ba4818f800  441       1       java.lang.StringLatin1::getChar (9 bytes)
Event: 0.391 Thread 0x000001ba4818f800 nmethod 441 0x000001ba31faad10 code [0x000001ba31faaea0, 0x000001ba31faafd8]
Event: 0.391 Thread 0x000001ba4818f800  434       1       java.lang.invoke.MethodType::erase (8 bytes)
Event: 0.391 Thread 0x000001ba4818f800 nmethod 434 0x000001ba31fab090 code [0x000001ba31fab220, 0x000001ba31fab358]
Event: 0.391 Thread 0x000001ba4818f800  442       1       java.lang.StringLatin1::compareToCI (108 bytes)
Event: 0.392 Thread 0x000001ba4818f800 nmethod 442 0x000001ba31fab410 code [0x000001ba31fab600, 0x000001ba31fab940]
Event: 0.392 Thread 0x000001ba4818f800  444       1       jdk.internal.org.objectweb.asm.Frame::execute (2305 bytes)

GC Heap History (0 events):
No events

Deoptimization events (2 events):
Event: 0.284 Thread 0x000001ba292d4800 DEOPT PACKING pc=0x000001ba31f7ab24 sp=0x000000a95defc3d0
Event: 0.285 Thread 0x000001ba292d4800 DEOPT UNPACKING pc=0x000001ba3182964e sp=0x000000a95defb8b8 mode 0

Classes unloaded (0 events):
No events

Classes redefined (0 events):
No events

Internal exceptions (3 events):
Event: 0.336 Thread 0x000001ba292d4800 Exception <a 'java/lang/NoSuchMethodError'{0x00000000896e1eb0}: 'java.lang.Object java.lang.invoke.DirectMethodHandle$Holder.invokeStaticInit(java.lang.Object, java.lang.Object, java.lang.Object)'> (0x00000000896e1eb0) 
thrown [t:/workspace/open/src/hotspot/share/interpreter/linkResolver.cpp, line 767]
Event: 0.340 Thread 0x000001ba292d4800 Exception <a 'java/lang/NoSuchMethodError'{0x000000008957d140}: 'int java.lang.invoke.DirectMethodHandle$Holder.invokeInterface(java.lang.Object, java.lang.Object)'> (0x000000008957d140) 
thrown [t:/workspace/open/src/hotspot/share/interpreter/linkResolver.cpp, line 767]
Event: 0.340 Thread 0x000001ba292d4800 Exception <a 'java/lang/IncompatibleClassChangeError'{0x000000008957fc48}: Found class java.lang.Object, but interface was expected> (0x000000008957fc48) 
thrown [t:/workspace/open/src/hotspot/share/interpreter/linkResolver.cpp, line 833]

Events (20 events):
Event: 0.390 loading class javax/management/openmbean/OpenMBeanAttributeInfo done
Event: 0.390 loading class javax/management/openmbean/OpenMBeanAttributeInfoSupport done
Event: 0.392 loading class com/sun/jmx/mbeanserver/PerInterface
Event: 0.392 loading class com/sun/jmx/mbeanserver/PerInterface done
Event: 0.392 loading class com/sun/jmx/mbeanserver/PerInterface$InitMaps
Event: 0.392 loading class com/sun/jmx/mbeanserver/PerInterface$InitMaps done
Event: 0.393 loading class com/sun/jmx/mbeanserver/MXBeanLookup
Event: 0.393 loading class com/sun/jmx/mbeanserver/MXBeanLookup done
Event: 0.393 loading class com/sun/jmx/mbeanserver/WeakIdentityHashMap
Event: 0.393 loading class com/sun/jmx/mbeanserver/WeakIdentityHashMap done
Event: 0.393 loading class com/sun/jmx/mbeanserver/WeakIdentityHashMap$IdentityWeakReference
Event: 0.393 loading class com/sun/jmx/mbeanserver/WeakIdentityHashMap$IdentityWeakReference done
Event: 0.393 loading class com/sun/management/internal/HotSpotThreadImpl
Event: 0.393 loading class com/sun/management/ThreadMXBean
Event: 0.393 loading class java/lang/management/ThreadMXBean
Event: 0.394 loading class java/lang/management/ThreadMXBean done
Event: 0.394 loading class com/sun/management/ThreadMXBean done
Event: 0.394 loading class sun/management/ThreadImpl
Event: 0.394 loading class sun/management/ThreadImpl done
Event: 0.394 loading class com/sun/management/internal/HotSpotThreadImpl done


Dynamic libraries:
0x00007ff703bf0000 - 0x00007ff703bff000 	C:\Program Files\Java\jdk-13.0.2\bin\java.exe
0x00007ffecc450000 - 0x00007ffecc645000 	C:\WINDOWS\SYSTEM32\ntdll.dll
0x00007ffecb4e0000 - 0x00007ffecb59e000 	C:\WINDOWS\System32\KERNEL32.DLL
0x00007ffec9c10000 - 0x00007ffec9ed8000 	C:\WINDOWS\System32\KERNELBASE.dll
0x00007ffeca270000 - 0x00007ffeca370000 	C:\WINDOWS\System32\ucrtbase.dll
0x00007ffeb4720000 - 0x00007ffeb4735000 	C:\Program Files\Java\jdk-13.0.2\bin\VCRUNTIME140.dll
0x00007ffeb38e0000 - 0x00007ffeb38f8000 	C:\Program Files\Java\jdk-13.0.2\bin\jli.dll
0x00007ffecb9b0000 - 0x00007ffecba5e000 	C:\WINDOWS\System32\ADVAPI32.dll
0x00007ffecc0a0000 - 0x00007ffecc13e000 	C:\WINDOWS\System32\msvcrt.dll
0x00007ffecc370000 - 0x00007ffecc40c000 	C:\WINDOWS\System32\sechost.dll
0x00007ffecaf00000 - 0x00007ffecb025000 	C:\WINDOWS\System32\RPCRT4.dll
0x00007ffeca5b0000 - 0x00007ffeca750000 	C:\WINDOWS\System32\USER32.dll
0x00007ffec9ee0000 - 0x00007ffec9f02000 	C:\WINDOWS\System32\win32u.dll
0x00007ffea5a80000 - 0x00007ffea5d1a000 	C:\WINDOWS\WinSxS\amd64_microsoft.windows.common-controls_6595b64144ccf1df_6.0.19041.1110_none_60b5254171f9507e\COMCTL32.dll
0x00007ffecc140000 - 0x00007ffecc16b000 	C:\WINDOWS\System32\GDI32.dll
0x00007ffeca0e0000 - 0x00007ffeca1ed000 	C:\WINDOWS\System32\gdi32full.dll
0x00007ffeca370000 - 0x00007ffeca40d000 	C:\WINDOWS\System32\msvcp_win.dll
0x00007ffec3e90000 - 0x00007ffec3e9a000 	C:\WINDOWS\SYSTEM32\VERSION.dll
0x00007ffecb4b0000 - 0x00007ffecb4e0000 	C:\WINDOWS\System32\IMM32.DLL
0x00007ffeb2ad0000 - 0x00007ffeb2b6b000 	C:\Program Files\Java\jdk-13.0.2\bin\msvcp140.dll
0x00007ffeaafd0000 - 0x00007ffeabb2d000 	C:\Program Files\Java\jdk-13.0.2\bin\server\jvm.dll
0x00007ffecb5a0000 - 0x00007ffecb5a8000 	C:\WINDOWS\System32\PSAPI.DLL
0x00007ffe99250000 - 0x00007ffe99259000 	C:\WINDOWS\SYSTEM32\WSOCK32.dll
0x00007ffea4510000 - 0x00007ffea4537000 	C:\WINDOWS\SYSTEM32\WINMM.dll
0x00007ffecc300000 - 0x00007ffecc36b000 	C:\WINDOWS\System32\WS2_32.dll
0x00007ffec7a50000 - 0x00007ffec7a62000 	C:\WINDOWS\SYSTEM32\kernel.appcore.dll
0x00007ffeb5230000 - 0x00007ffeb5240000 	C:\Program Files\Java\jdk-13.0.2\bin\verify.dll
0x00007ffec2090000 - 0x00007ffec2274000 	C:\WINDOWS\SYSTEM32\DBGHELP.DLL
0x00007ffeba800000 - 0x00007ffeba82c000 	C:\WINDOWS\SYSTEM32\dbgcore.DLL
0x00007ffeca410000 - 0x00007ffeca492000 	C:\WINDOWS\System32\bcryptPrimitives.dll
0x00007ffeb2aa0000 - 0x00007ffeb2ac6000 	C:\Program Files\Java\jdk-13.0.2\bin\java.dll
0x00007ffeb4710000 - 0x00007ffeb471e000 	C:\Program Files\Java\jdk-13.0.2\bin\instrument.dll
0x00007ffeb2a80000 - 0x00007ffeb2a97000 	C:\Program Files\Java\jdk-13.0.2\bin\zip.dll
0x00007ffeb4940000 - 0x00007ffeb494a000 	C:\Program Files\Java\jdk-13.0.2\bin\jimage.dll
0x00007ffeca7b0000 - 0x00007ffecaef4000 	C:\WINDOWS\System32\SHELL32.dll
0x00007ffec7c50000 - 0x00007ffec83e4000 	C:\WINDOWS\SYSTEM32\windows.storage.dll
0x00007ffecbd40000 - 0x00007ffecc095000 	C:\WINDOWS\System32\combase.dll
0x00007ffec95b0000 - 0x00007ffec95de000 	C:\WINDOWS\SYSTEM32\Wldp.dll
0x00007ffecba60000 - 0x00007ffecbb0d000 	C:\WINDOWS\System32\SHCORE.dll
0x00007ffeca4a0000 - 0x00007ffeca4f5000 	C:\WINDOWS\System32\shlwapi.dll
0x00007ffec9aa0000 - 0x00007ffec9abf000 	C:\WINDOWS\SYSTEM32\profapi.dll
0x00007ffeb2a60000 - 0x00007ffeb2a79000 	C:\Program Files\Java\jdk-13.0.2\bin\net.dll
0x00007ffec13e0000 - 0x00007ffec14ec000 	C:\WINDOWS\SYSTEM32\WINHTTP.dll
0x00007ffec9310000 - 0x00007ffec937a000 	C:\WINDOWS\system32\mswsock.dll
0x00007ffeb2a40000 - 0x00007ffeb2a53000 	C:\Program Files\Java\jdk-13.0.2\bin\nio.dll
0x00007ffeb2a20000 - 0x00007ffeb2a3a000 	C:\Program Files\JetBrains\IntelliJ IDEA 2021.2.3\bin\breakgen64.dll
0x00007ffec8ff0000 - 0x00007ffec90bb000 	C:\WINDOWS\SYSTEM32\DNSAPI.dll
0x00007ffec8fb0000 - 0x00007ffec8feb000 	C:\WINDOWS\SYSTEM32\IPHLPAPI.DLL
0x00007ffecb6f0000 - 0x00007ffecb6f8000 	C:\WINDOWS\System32\NSI.dll
0x00007ffec2080000 - 0x00007ffec208a000 	C:\Windows\System32\rasadhlp.dll
0x00007ffebdf70000 - 0x00007ffebdfef000 	C:\WINDOWS\System32\fwpuclnt.dll
0x00007ffeca240000 - 0x00007ffeca267000 	C:\WINDOWS\System32\bcrypt.dll
0x00007ffeb38d0000 - 0x00007ffeb38d9000 	C:\Program Files\Java\jdk-13.0.2\bin\management.dll
0x00007ffeb3780000 - 0x00007ffeb378b000 	C:\Program Files\Java\jdk-13.0.2\bin\management_ext.dll
0x00007ffec9500000 - 0x00007ffec9518000 	C:\WINDOWS\SYSTEM32\CRYPTSP.dll
0x00007ffec8c20000 - 0x00007ffec8c54000 	C:\WINDOWS\system32\rsaenh.dll
0x00007ffec9a20000 - 0x00007ffec9a4e000 	C:\WINDOWS\SYSTEM32\USERENV.dll
0x00007ffec9520000 - 0x00007ffec952c000 	C:\WINDOWS\SYSTEM32\CRYPTBASE.dll

dbghelp: loaded successfully - version: 4.0.5 - missing functions: none
symbol engine: initialized successfully - sym options: 0x614 - pdb path: .;C:\Program Files\Java\jdk-13.0.2\bin;C:\WINDOWS\SYSTEM32;C:\WINDOWS\WinSxS\amd64_microsoft.windows.common-controls_6595b64144ccf1df_6.0.19041.1110_none_60b5254171f9507e;C:\Program Files\Java\jdk-13.0.2\bin\server;C:\Program Files\JetBrains\IntelliJ IDEA 2021.2.3\bin

VM Arguments:
jvm_args: -XX:TieredStopAtLevel=1 -Xverify:none -Dspring.profiles.active=dev -Dspring.output.ansi.enabled=always -javaagent:C:\Program Files\JetBrains\IntelliJ IDEA 2021.2.3\lib\idea_rt.jar=65333:C:\Program Files\JetBrains\IntelliJ IDEA 2021.2.3\bin -Dcom.sun.management.jmxremote -Dspring.jmx.enabled=true -Dspring.liveBeansView.mbeanDomain -Dspring.application.admin.enabled=true -Dfile.encoding=UTF-8 
java_command: kz.iitu.itse1909r.nugmanova.ElviraNugmanovaItse1909RApplication
java_class_path (initial): C:\Users\Anuar\Downloads\Elvira_Nugmanova_ITSE1909R_lab5\Elvira_Nugmanova_ITSE1909R_lab1\target\classes;C:\Users\Anuar\.m2\repository\org\springframework\boot\spring-boot-starter\2.6.3\spring-boot-starter-2.6.3.jar;C:\Users\Anuar\.m2\repository\org\springframework\boot\spring-boot\2.6.3\spring-boot-2.6.3.jar;C:\Users\Anuar\.m2\repository\org\springframework\spring-context\5.3.15\spring-context-5.3.15.jar;C:\Users\Anuar\.m2\repository\org\springframework\spring-expression\5.3.15\spring-expression-5.3.15.jar;C:\Users\Anuar\.m2\repository\org\springframework\boot\spring-boot-autoconfigure\2.6.3\spring-boot-autoconfigure-2.6.3.jar;C:\Users\Anuar\.m2\repository\org\springframework\boot\spring-boot-starter-logging\2.6.3\spring-boot-starter-logging-2.6.3.jar;C:\Users\Anuar\.m2\repository\ch\qos\logback\logback-classic\1.2.10\logback-classic-1.2.10.jar;C:\Users\Anuar\.m2\repository\ch\qos\logback\logback-core\1.2.10\logback-core-1.2.10.jar;C:\Users\Anuar\.m2\repository\org\apache\logging\log4j\log4j-to-slf4j\2.17.1\log4j-to-slf4j-2.17.1.jar;C:\Users\Anuar\.m2\repository\org\apache\logging\log4j\log4j-api\2.17.1\log4j-api-2.17.1.jar;C:\Users\Anuar\.m2\repository\org\slf4j\jul-to-slf4j\1.7.33\jul-to-slf4j-1.7.33.jar;C:\Users\Anuar\.m2\repository\jakarta\annotation\jakarta.annotation-api\1.3.5\jakarta.annotation-api-1.3.5.jar;C:\Users\Anuar\.m2\repository\org\springframework\spring-core\5.3.15\spring-core-5.3.15.jar;C:\Users\Anuar\.m2\repository\org\springframework\spring-jcl\5.3.15\spring-jcl-5.3.15.jar;C:\Users\Anuar\.m2\repository\org\yaml\snakeyaml\1.29\snakeyaml-1.29.jar;C:\Users\Anuar\.m2\repository\org\slf4j\slf4j-api\1.7.33\slf4j-api-1.7.33.jar;C:\Users\Anuar\.m2\repository\jakarta\xml\bind\jakarta.xml.bind-api\2.3.3\jakarta.xml.bind-api-2.3.3.jar;C:\Users\Anuar\.m2\repository\jakarta\activation\jakarta.activation-api\1.2.2\jakarta.activation-api-1.2.2.jar;C:\Users\Anuar\.m2\repository\net\bytebuddy\byte-buddy\1.11.22\byte-buddy-1.11.22.jar
Launcher Type: SUN_STANDARD

[Global flags]
     intx CICompilerCount                          = 4                                         {product} {ergonomic}
     uint ConcGCThreads                            = 2                                         {product} {ergonomic}
     uint G1ConcRefinementThreads                  = 8                                         {product} {ergonomic}
   size_t G1HeapRegionSize                         = 1048576                                   {product} {ergonomic}
    uintx GCDrainStackTargetSize                   = 64                                        {product} {ergonomic}
   size_t InitialHeapSize                          = 134217728                                 {product} {ergonomic}
     bool ManagementServer                         = true                                      {product} {command line}
   size_t MarkStackSize                            = 4194304                                   {product} {ergonomic}
   size_t MaxHeapSize                              = 2118123520                                {product} {ergonomic}
   size_t MaxNewSize                               = 1270874112                                {product} {ergonomic}
   size_t MinHeapDeltaBytes                        = 1048576                                   {product} {ergonomic}
   size_t MinHeapSize                              = 8388608                                   {product} {ergonomic}
    uintx NonNMethodCodeHeapSize                   = 7549744                                {pd product} {ergonomic}
    uintx NonProfiledCodeHeapSize                  = 244108496                              {pd product} {ergonomic}
    uintx ProfiledCodeHeapSize                     = 0                                      {pd product} {ergonomic}
    uintx ReservedCodeCacheSize                    = 251658240                              {pd product} {ergonomic}
     bool SegmentedCodeCache                       = true                                      {product} {ergonomic}
   size_t SoftMaxHeapSize                          = 2118123520                             {manageable} {ergonomic}
     intx TieredStopAtLevel                        = 1                                         {product} {command line}
     bool UseCompressedClassPointers               = true                                 {lp64_product} {ergonomic}
     bool UseCompressedOops                        = true                                 {lp64_product} {ergonomic}
     bool UseG1GC                                  = true                                      {product} {ergonomic}
     bool UseLargePagesIndividualAllocation        = false                                  {pd product} {ergonomic}

Logging:
Log output configuration:
 #0: stdout all=warning uptime,level,tags
 #1: stderr all=off uptime,level,tags

Environment Variables:
PATH=C:\Program Files\OpenJDK\jdk-11.0.8.10-hotspot\bin;C:\Program Files (x86)\VMware\VMware Player\bin\;C:\Program Files\Common Files\Oracle\Java\javapath;C:\WINDOWS\system32;C:\WINDOWS;C:\WINDOWS\System32\Wbem;C:\WINDOWS\System32\WindowsPowerShell\v1.0\;C:\WINDOWS\System32\OpenSSH\;C:\Program Files\Git\cmd;C:\Program Files\Git\bin\;C:\Program Files\Microsoft SQL Server\150\Tools\Binn\;C:\Program Files\Microsoft SQL Server\Client SDK\ODBC\170\Tools\Binn\;C:\Program Files\dotnet\;C:\Program Files (x86)\Microsoft SQL Server\150\DTS\Binn\;C:\Program Files\Azure Data Studio\bin;C:\Program Files (x86)\Microsoft SQL Server\150\Tools\Binn\;C:\Program Files\Microsoft SQL Server\150\DTS\Binn\;C:\Program Files (x86)\dotnet\;C:\Users\Anuar\AppData\Local\Programs\Python\Python310\Scripts\;C:\Users\Anuar\AppData\Local\Programs\Python\Python310\;C:\Users\Anuar\AppData\Local\Microsoft\WindowsApps;C:\Users\Anuar\AppData\Local\Programs\Microsoft VS Code\bin;C:\Program Files\JetBrains\IntelliJ IDEA 2021.2.3\bin;;C:\Users\Anuar\.dotnet\tools;C:\Program Files\Azure Data Studio\bin
USERNAME=Anuar
OS=Windows_NT
PROCESSOR_IDENTIFIER=Intel64 Family 6 Model 142 Stepping 11, GenuineIntel



---------------  S Y S T E M  ---------------

OS: Windows 10 , 64 bit Build 19041 (10.0.19041.1503)

CPU:total 8 (initial active 8) (4 cores per cpu, 2 threads per core) family 6 model 142 stepping 11, cmov, cx8, fxsr, mmx, sse, sse2, sse3, ssse3, sse4.1, sse4.2, popcnt, avx, avx2, aes, clmul, erms, 3dnowpref, lzcnt, ht, tsc, tscinvbit, bmi1, bmi2, adx, fma

Memory: 4k page, system-wide physical 8072M (985M free)
TotalPageFile size 10120M (AvailPageFile size 1M)
current process WorkingSet (physical memory assigned to process): 46M, peak: 46M
current process commit charge ("private bytes"): 214M, peak: 214M

vm_info: Java HotSpot(TM) 64-Bit Server VM (13.0.2+8) for windows-amd64 JRE (13.0.2+8), built on Dec 11 2019 09:20:33 by "mach5one" with unknown MS VC++:1916

END.
