#
# There is insufficient memory for the Java Runtime Environment to continue.
# Native memory allocation (mmap) failed to map 65536 bytes for Failed to commit metaspace.
# Possible reasons:
#   The system is out of physical RAM or swap space
#   The process is running with CompressedOops enabled, and the Java Heap may be blocking the growth of the native heap
# Possible solutions:
#   Reduce memory load on the system
#   Increase physical memory or swap space
#   Check if swap backing store is full
#   Decrease Java heap size (-Xmx/-Xms)
#   Decrease number of Java threads
#   Decrease Java thread stack sizes (-Xss)
#   Set larger code cache with -XX:ReservedCodeCacheSize=
#   JVM is running with Unscaled Compressed Oops mode in which the Java heap is
#     placed in the first 4GB address space. The Java Heap base address is the
#     maximum limit for the native heap growth. Please use -XX:HeapBaseMinAddress
#     to set the Java Heap base and to place the Java Heap above 4GB virtual address.
# This output file may be truncated or incomplete.
#
#  Out of Memory Error (virtualSpaceNode.cpp:110), pid=9156, tid=14884
#
# JRE version: Java(TM) SE Runtime Environment (17.0.1+12) (build 17.0.1+12-LTS-39)
# Java VM: Java HotSpot(TM) 64-Bit Server VM (17.0.1+12-LTS-39, mixed mode, emulated-client, sharing, tiered, compressed oops, compressed class ptrs, g1 gc, windows-amd64)
# No core dump will be written. Minidumps are not enabled by default on client versions of Windows
#

---------------  S U M M A R Y ------------

Command Line: -XX:TieredStopAtLevel=1 -Xverify:none -Dspring.output.ansi.enabled=always -javaagent:C:\Program Files\JetBrains\IntelliJ IDEA 2021.2.3\lib\idea_rt.jar=52488:C:\Program Files\JetBrains\IntelliJ IDEA 2021.2.3\bin -Dcom.sun.management.jmxremote -Dspring.jmx.enabled=true -Dspring.liveBeansView.mbeanDomain -Dspring.application.admin.enabled=true -Dfile.encoding=UTF-8 kz.iitu.itse1909.borangaziyev.BorangaziyevApplication

Host: Intel(R) Core(TM) i5-8265U CPU @ 1.60GHz, 8 cores, 7G,  Windows 10 , 64 bit Build 19041 (10.0.19041.1566)
Time: Thu Apr 14 22:45:19 2022 Central Asia Standard Time elapsed time: 8.748402 seconds (0d 0h 0m 8s)

---------------  T H R E A D  ---------------

Current thread (0x000002680fbe0440):  JavaThread "main" [_thread_in_vm, id=14884, stack(0x000000cd98900000,0x000000cd98a00000)]

Stack: [0x000000cd98900000,0x000000cd98a00000]
Native frames: (J=compiled Java code, j=interpreted, Vv=VM code, C=native code)
V  [jvm.dll+0x66fa1a]
V  [jvm.dll+0x7ce5a4]
V  [jvm.dll+0x7cfd4e]
V  [jvm.dll+0x7d03b3]
V  [jvm.dll+0x242b05]
V  [jvm.dll+0x7ca54b]
V  [jvm.dll+0x615b76]
V  [jvm.dll+0x1be19e]
V  [jvm.dll+0x6184b1]
V  [jvm.dll+0x616516]
V  [jvm.dll+0x2405cc]
V  [jvm.dll+0x6c5edd]
V  [jvm.dll+0x6c690f]
V  [jvm.dll+0x36c1c3]
V  [jvm.dll+0x407f2e]
V  [jvm.dll+0x4131dd]
C  0x0000026817924bff

Java frames: (J=compiled Java code, j=interpreted, Vv=VM code)
J 1798  java.lang.Class.getDeclaredConstructors0(Z)[Ljava/lang/reflect/Constructor; java.base@17.0.1 (0 bytes) @ 0x0000026817924b63 [0x0000026817924b20+0x0000000000000043]
J 1428 c1 java.lang.Class.privateGetDeclaredConstructors(Z)[Ljava/lang/reflect/Constructor; java.base@17.0.1 (79 bytes) @ 0x00000268178a359c [0x00000268178a3460+0x000000000000013c]
J 2366 c1 java.lang.Class.getConstructor0([Ljava/lang/Class;I)Ljava/lang/reflect/Constructor; java.base@17.0.1 (83 bytes) @ 0x0000026817a1794c [0x0000026817a17800+0x000000000000014c]
J 4171 c1 java.lang.Class.getConstructor([Ljava/lang/Class;)Ljava/lang/reflect/Constructor; java.base@17.0.1 (31 bytes) @ 0x0000026817d1a40c [0x0000026817d1a280+0x000000000000018c]
j  java.lang.reflect.Proxy$ProxyBuilder.build()Ljava/lang/reflect/Constructor;+59 java.base@17.0.1
j  java.lang.reflect.Proxy.lambda$getProxyConstructor$1(Ljava/lang/ClassLoader;Ljdk/internal/loader/AbstractClassLoaderValue$Sub;)Ljava/lang/reflect/Constructor;+15 java.base@17.0.1
j  java.lang.reflect.Proxy$$Lambda$227+0x0000000800cbd128.apply(Ljava/lang/Object;Ljava/lang/Object;)Ljava/lang/Object;+8 java.base@17.0.1
j  jdk.internal.loader.AbstractClassLoaderValue$Memoizer.get()Ljava/lang/Object;+75 java.base@17.0.1
J 2223 c1 jdk.internal.loader.AbstractClassLoaderValue.computeIfAbsent(Ljava/lang/ClassLoader;Ljava/util/function/BiFunction;)Ljava/lang/Object; java.base@17.0.1 (113 bytes) @ 0x00000268179d9814 [0x00000268179d9520+0x00000000000002f4]
J 2236 c1 java.lang.reflect.Proxy.getProxyConstructor(Ljava/lang/Class;Ljava/lang/ClassLoader;[Ljava/lang/Class;)Ljava/lang/reflect/Constructor; java.base@17.0.1 (92 bytes) @ 0x00000268179de3f4 [0x00000268179de1c0+0x0000000000000234]
J 2235 c1 java.lang.reflect.Proxy.newProxyInstance(Ljava/lang/ClassLoader;[Ljava/lang/Class;Ljava/lang/reflect/InvocationHandler;)Ljava/lang/Object; java.base@17.0.1 (35 bytes) @ 0x00000268179dcdd4 [0x00000268179dcd60+0x0000000000000074]
j  org.springframework.jms.connection.SingleConnectionFactory.getSharedConnectionProxy(Ljavax/jms/Connection;)Ljavax/jms/Connection;+68
j  org.springframework.jms.connection.SingleConnectionFactory.createConnection()Ljavax/jms/Connection;+5
j  org.springframework.jms.support.JmsAccessor.createConnection()Ljavax/jms/Connection;+4
j  org.springframework.jms.listener.AbstractJmsListeningContainer.createSharedConnection()Ljavax/jms/Connection;+1
j  org.springframework.jms.listener.AbstractJmsListeningContainer.establishSharedConnection()V+16
j  org.springframework.jms.listener.DefaultMessageListenerContainer.establishSharedConnection()V+1
j  org.springframework.jms.listener.AbstractJmsListeningContainer.doStart()V+8
j  org.springframework.jms.listener.AbstractJmsListeningContainer.start()V+1
j  org.springframework.jms.listener.DefaultMessageListenerContainer.start()V+23
j  org.springframework.jms.config.JmsListenerEndpointRegistry.startIfNecessary(Lorg/springframework/jms/listener/MessageListenerContainer;)V+17
j  org.springframework.jms.config.JmsListenerEndpointRegistry.start()V+31
j  org.springframework.context.support.DefaultLifecycleProcessor.doStart(Ljava/util/Map;Ljava/lang/String;Z)V+173
j  org.springframework.context.support.DefaultLifecycleProcessor.access$200(Lorg/springframework/context/support/DefaultLifecycleProcessor;Ljava/util/Map;Ljava/lang/String;Z)V+4
j  org.springframework.context.support.DefaultLifecycleProcessor$LifecycleGroup.start()V+114
j  org.springframework.context.support.DefaultLifecycleProcessor$$Lambda$1224+0x00000008013aa630.accept(Ljava/lang/Object;)V+4
j  java.lang.Iterable.forEach(Ljava/util/function/Consumer;)V+30 java.base@17.0.1
j  org.springframework.context.support.DefaultLifecycleProcessor.startBeans(Z)V+48
j  org.springframework.context.support.DefaultLifecycleProcessor.onRefresh()V+2
j  org.springframework.context.support.AbstractApplicationContext.finishRefresh()V+12
j  org.springframework.context.support.AbstractApplicationContext.refresh()V+90
j  org.springframework.boot.web.servlet.context.ServletWebServerApplicationContext.refresh()V+1
j  org.springframework.boot.SpringApplication.refresh(Lorg/springframework/context/ConfigurableApplicationContext;)V+1
j  org.springframework.boot.SpringApplication.refreshContext(Lorg/springframework/context/ConfigurableApplicationContext;)V+16
j  org.springframework.boot.SpringApplication.run([Ljava/lang/String;)Lorg/springframework/context/ConfigurableApplicationContext;+107
j  org.springframework.boot.SpringApplication.run([Ljava/lang/Class;[Ljava/lang/String;)Lorg/springframework/context/ConfigurableApplicationContext;+9
j  org.springframework.boot.SpringApplication.run(Ljava/lang/Class;[Ljava/lang/String;)Lorg/springframework/context/ConfigurableApplicationContext;+9
j  kz.iitu.itse1909.borangaziyev.BorangaziyevApplication.main([Ljava/lang/String;)V+3
v  ~StubRoutines::call_stub

---------------  P R O C E S S  ---------------

Threads class SMR info:
_java_thread_list=0x0000026826a47810, length=30, elements={
0x000002680fbe0440, 0x0000026821a88e80, 0x0000026821a89cf0, 0x0000026821aa2d00,
0x0000026821aa56c0, 0x0000026821aa6070, 0x0000026821aa6a20, 0x0000026821ab04a0,
0x0000026821ab3650, 0x0000026821b2e3b0, 0x0000026822587060, 0x0000026822588170,
0x0000026822a13e40, 0x0000026822a14310, 0x0000026822b45740, 0x0000026822c8ac10,
0x0000026822f8e470, 0x0000026822fc9d60, 0x0000026824907090, 0x00000268248a5f40,
0x00000268248a6620, 0x0000026824bc6be0, 0x0000026824bc83f0, 0x0000026824bc7a50,
0x0000026824bc7f20, 0x0000026824bc7580, 0x0000026824bc6710, 0x0000026824bc88c0,
0x0000026824bc53d0, 0x0000026824bc8d90
}

Java Threads: ( => current thread )
=>0x000002680fbe0440 JavaThread "main" [_thread_in_vm, id=14884, stack(0x000000cd98900000,0x000000cd98a00000)]
  0x0000026821a88e80 JavaThread "Reference Handler" daemon [_thread_blocked, id=6356, stack(0x000000cd99000000,0x000000cd99100000)]
  0x0000026821a89cf0 JavaThread "Finalizer" daemon [_thread_blocked, id=1916, stack(0x000000cd99100000,0x000000cd99200000)]
  0x0000026821aa2d00 JavaThread "Signal Dispatcher" daemon [_thread_blocked, id=7740, stack(0x000000cd99200000,0x000000cd99300000)]
  0x0000026821aa56c0 JavaThread "Attach Listener" daemon [_thread_blocked, id=4648, stack(0x000000cd99300000,0x000000cd99400000)]
  0x0000026821aa6070 JavaThread "Service Thread" daemon [_thread_blocked, id=13376, stack(0x000000cd99400000,0x000000cd99500000)]
  0x0000026821aa6a20 JavaThread "Monitor Deflation Thread" daemon [_thread_blocked, id=12524, stack(0x000000cd99500000,0x000000cd99600000)]
  0x0000026821ab04a0 JavaThread "C1 CompilerThread0" daemon [_thread_blocked, id=11580, stack(0x000000cd99600000,0x000000cd99700000)]
  0x0000026821ab3650 JavaThread "Sweeper thread" daemon [_thread_blocked, id=8292, stack(0x000000cd99700000,0x000000cd99800000)]
  0x0000026821b2e3b0 JavaThread "Common-Cleaner" daemon [_thread_blocked, id=10116, stack(0x000000cd99800000,0x000000cd99900000)]
  0x0000026822587060 JavaThread "C1 CompilerThread1" daemon [_thread_blocked, id=2452, stack(0x000000cd99900000,0x000000cd99a00000)]
  0x0000026822588170 JavaThread "C1 CompilerThread2" daemon [_thread_blocked, id=14020, stack(0x000000cd99a00000,0x000000cd99b00000)]
  0x0000026822a13e40 JavaThread "Monitor Ctrl-Break" daemon [_thread_in_native, id=9492, stack(0x000000cd99b00000,0x000000cd99c00000)]
  0x0000026822a14310 JavaThread "Notification Thread" daemon [_thread_blocked, id=1532, stack(0x000000cd99c00000,0x000000cd99d00000)]
  0x0000026822b45740 JavaThread "RMI TCP Accept-0" daemon [_thread_in_native, id=14656, stack(0x000000cd99d00000,0x000000cd99e00000)]
  0x0000026822c8ac10 JavaThread "C1 CompilerThread3" daemon [_thread_blocked, id=13492, stack(0x000000cd99f00000,0x000000cd9a000000)]
  0x0000026822f8e470 JavaThread "RMI TCP Connection(1)-192.168.253.1" daemon [_thread_in_native, id=7108, stack(0x000000cd9a800000,0x000000cd9a900000)]
  0x0000026822fc9d60 JavaThread "RMI Scheduler(0)" daemon [_thread_blocked, id=10956, stack(0x000000cd9a900000,0x000000cd9aa00000)]
  0x0000026824907090 JavaThread "Catalina-utility-1" [_thread_blocked, id=13544, stack(0x000000cd9ab00000,0x000000cd9ac00000)]
  0x00000268248a5f40 JavaThread "Catalina-utility-2" [_thread_blocked, id=11456, stack(0x000000cd9ac00000,0x000000cd9ad00000)]
  0x00000268248a6620 JavaThread "container-0" [_thread_blocked, id=14796, stack(0x000000cd9ad00000,0x000000cd9ae00000)]
  0x0000026824bc6be0 JavaThread "HikariPool-1 housekeeper" daemon [_thread_blocked, id=7460, stack(0x000000cd9af00000,0x000000cd9b000000)]
  0x0000026824bc83f0 JavaThread "HikariPool-1 connection adder" daemon [_thread_blocked, id=13548, stack(0x000000cd9b000000,0x000000cd9b100000)]
  0x0000026824bc7a50 JavaThread "http-nio-8080-Poller" daemon [_thread_in_native, id=7696, stack(0x000000cd9b100000,0x000000cd9b200000)]
  0x0000026824bc7f20 JavaThread "http-nio-8080-Acceptor" daemon [_thread_in_native, id=7428, stack(0x000000cd9b200000,0x000000cd9b300000)]
  0x0000026824bc7580 JavaThread "ActiveMQ Broker[localhost] Scheduler" daemon [_thread_blocked, id=7640, stack(0x000000cd9b300000,0x000000cd9b400000)]
  0x0000026824bc6710 JavaThread "ActiveMQ BrokerService[localhost] Task-1" daemon [_thread_blocked, id=2276, stack(0x000000cd9b400000,0x000000cd9b500000)]
  0x0000026824bc88c0 JavaThread "ActiveMQ VMTransport: vm://localhost#0-1" daemon [_thread_in_vm, id=9120, stack(0x000000cd9b500000,0x000000cd9b600000)]
  0x0000026824bc53d0 JavaThread "ActiveMQ VMTransport: vm://localhost#1-1" daemon [_thread_blocked, id=9140, stack(0x000000cd9b600000,0x000000cd9b700000)]
  0x0000026824bc8d90 JavaThread "ActiveMQ BrokerService[localhost] Task-2" daemon [_thread_blocked, id=9760, stack(0x000000cd9b700000,0x000000cd9b800000)]

Other Threads:
  0x0000026821a84280 VMThread "VM Thread" [stack: 0x000000cd98f00000,0x000000cd99000000] [id=12788]
  0x000002680fc4e1a0 WatcherThread [stack: 0x000000cd99e00000,0x000000cd99f00000] [id=7236]
  0x000002680fc1ff90 GCTaskThread "GC Thread#0" [stack: 0x000000cd98a00000,0x000000cd98b00000] [id=12972]
  0x0000026822efb860 GCTaskThread "GC Thread#1" [stack: 0x000000cd9a000000,0x000000cd9a100000] [id=13092]
  0x0000026822ee09c0 GCTaskThread "GC Thread#2" [stack: 0x000000cd9a100000,0x000000cd9a200000] [id=3164]
  0x0000026822f3bff0 GCTaskThread "GC Thread#3" [stack: 0x000000cd9a200000,0x000000cd9a300000] [id=13696]
  0x0000026822f3c2a0 GCTaskThread "GC Thread#4" [stack: 0x000000cd9a300000,0x000000cd9a400000] [id=10356]
  0x0000026822f3c550 GCTaskThread "GC Thread#5" [stack: 0x000000cd9a400000,0x000000cd9a500000] [id=14400]
  0x0000026822f3c800 GCTaskThread "GC Thread#6" [stack: 0x000000cd9a500000,0x000000cd9a600000] [id=476]
  0x0000026822f3cf30 GCTaskThread "GC Thread#7" [stack: 0x000000cd9a600000,0x000000cd9a700000] [id=6876]
  0x000002680fc30b50 ConcurrentGCThread "G1 Main Marker" [stack: 0x000000cd98b00000,0x000000cd98c00000] [id=12332]
  0x000002680fc31560 ConcurrentGCThread "G1 Conc#0" [stack: 0x000000cd98c00000,0x000000cd98d00000] [id=13956]
  0x00000268245a2440 ConcurrentGCThread "G1 Conc#1" [stack: 0x000000cd9aa00000,0x000000cd9ab00000] [id=7688]
  0x000002680fc9f340 ConcurrentGCThread "G1 Refine#0" [stack: 0x000000cd98d00000,0x000000cd98e00000] [id=596]
  0x0000026822ee0c70 ConcurrentGCThread "G1 Refine#1" [stack: 0x000000cd9a700000,0x000000cd9a800000] [id=6056]
  0x000002680fc9fd60 ConcurrentGCThread "G1 Service" [stack: 0x000000cd98e00000,0x000000cd98f00000] [id=2412]

Threads with active compile tasks:

VM state: not at safepoint (normal execution)

VM Mutex/Monitor currently owned by a thread:  ([mutex/lock_event])
[0x000002680fbda970] Metaspace_lock - owner thread: 0x000002680fbe0440

Heap address: 0x0000000081c00000, size: 2020 MB, Compressed Oops mode: 32-bit

CDS archive(s) mapped at: [0x0000000800000000-0x0000000800bc0000-0x0000000800bc0000), size 12320768, SharedBaseAddress: 0x0000000800000000, ArchiveRelocationMode: 0.
Compressed class space mapped at: 0x0000000800c00000-0x0000000840c00000, reserved size: 1073741824
Narrow klass base: 0x0000000800000000, Narrow klass shift: 0, Narrow klass range: 0x100000000

GC Precious Log:
 CPUs: 8 total, 8 available
 Memory: 8072M
 Large Page Support: Disabled
 NUMA Support: Disabled
 Compressed Oops: Enabled (32-bit)
 Heap Region Size: 1M
 Heap Min Capacity: 8M
 Heap Initial Capacity: 128M
 Heap Max Capacity: 2020M
 Pre-touch: Disabled
 Parallel Workers: 8
 Concurrent Workers: 2
 Concurrent Refinement Workers: 8
 Periodic GC: Disabled

Heap:
 garbage-first heap   total 78848K, used 52922K [0x0000000081c00000, 0x0000000100000000)
  region size 1024K, 23 young (23552K), 3 survivors (3072K)
 Metaspace       used 58223K, committed 58688K, reserved 1105920K
  class space    used 8187K, committed 8448K, reserved 1048576K

Heap Regions: E=young(eden), S=young(survivor), O=old, HS=humongous(starts), HC=humongous(continues), CS=collection set, F=free, OA=open archive, CA=closed archive, TAMS=top-at-mark-start (previous, next)
|   0|0x0000000081c00000, 0x0000000081d00000, 0x0000000081d00000|100%|HS|  |TAMS 0x0000000081d00000, 0x0000000081c00000| Complete 
|   1|0x0000000081d00000, 0x0000000081e00000, 0x0000000081e00000|100%| O|  |TAMS 0x0000000081e00000, 0x0000000081d00000| Untracked 
|   2|0x0000000081e00000, 0x0000000081f00000, 0x0000000081f00000|100%| O|  |TAMS 0x0000000081f00000, 0x0000000081e00000| Untracked 
|   3|0x0000000081f00000, 0x0000000082000000, 0x0000000082000000|100%| O|  |TAMS 0x0000000082000000, 0x0000000081f00000| Untracked 
|   4|0x0000000082000000, 0x0000000082100000, 0x0000000082100000|100%| O|  |TAMS 0x0000000082100000, 0x0000000082000000| Untracked 
|   5|0x0000000082100000, 0x0000000082200000, 0x0000000082200000|100%| O|  |TAMS 0x0000000082200000, 0x0000000082100000| Untracked 
|   6|0x0000000082200000, 0x0000000082300000, 0x0000000082300000|100%| O|  |TAMS 0x0000000082300000, 0x0000000082200000| Untracked 
|   7|0x0000000082300000, 0x0000000082400000, 0x0000000082400000|100%| O|  |TAMS 0x0000000082400000, 0x0000000082300000| Untracked 
|   8|0x0000000082400000, 0x0000000082500000, 0x0000000082500000|100%| O|  |TAMS 0x0000000082500000, 0x0000000082400000| Untracked 
|   9|0x0000000082500000, 0x0000000082600000, 0x0000000082600000|100%| O|  |TAMS 0x0000000082600000, 0x0000000082500000| Untracked 
|  10|0x0000000082600000, 0x0000000082700000, 0x0000000082700000|100%| O|  |TAMS 0x0000000082700000, 0x0000000082600000| Untracked 
|  11|0x0000000082700000, 0x0000000082800000, 0x0000000082800000|100%| O|  |TAMS 0x0000000082800000, 0x0000000082700000| Untracked 
|  12|0x0000000082800000, 0x0000000082900000, 0x0000000082900000|100%| O|  |TAMS 0x0000000082900000, 0x0000000082800000| Untracked 
|  13|0x0000000082900000, 0x0000000082a00000, 0x0000000082a00000|100%| O|  |TAMS 0x0000000082a00000, 0x0000000082900000| Untracked 
|  14|0x0000000082a00000, 0x0000000082b00000, 0x0000000082b00000|100%| O|  |TAMS 0x0000000082b00000, 0x0000000082a00000| Untracked 
|  15|0x0000000082b00000, 0x0000000082c00000, 0x0000000082c00000|100%| O|  |TAMS 0x0000000082c00000, 0x0000000082b00000| Untracked 
|  16|0x0000000082c00000, 0x0000000082d00000, 0x0000000082d00000|100%| O|  |TAMS 0x0000000082d00000, 0x0000000082c00000| Untracked 
|  17|0x0000000082d00000, 0x0000000082e00000, 0x0000000082e00000|100%| O|  |TAMS 0x0000000082e00000, 0x0000000082d00000| Untracked 
|  18|0x0000000082e00000, 0x0000000082e3f000, 0x0000000082f00000| 24%| O|  |TAMS 0x0000000082e3f000, 0x0000000082e00000| Untracked 
|  19|0x0000000082f00000, 0x0000000083000000, 0x0000000083000000|100%| O|  |TAMS 0x0000000082f00000, 0x0000000082f00000| Untracked 
|  20|0x0000000083000000, 0x0000000083100000, 0x0000000083100000|100%| O|  |TAMS 0x0000000083000000, 0x0000000083000000| Untracked 
|  21|0x0000000083100000, 0x0000000083200000, 0x0000000083200000|100%| O|  |TAMS 0x0000000083100000, 0x0000000083100000| Untracked 
|  22|0x0000000083200000, 0x0000000083300000, 0x0000000083300000|100%| O|  |TAMS 0x0000000083200000, 0x0000000083200000| Untracked 
|  23|0x0000000083300000, 0x0000000083400000, 0x0000000083400000|100%| O|  |TAMS 0x0000000083300000, 0x0000000083300000| Untracked 
|  24|0x0000000083400000, 0x0000000083500000, 0x0000000083500000|100%| O|  |TAMS 0x0000000083400000, 0x0000000083400000| Untracked 
|  25|0x0000000083500000, 0x0000000083600000, 0x0000000083600000|100%| O|  |TAMS 0x0000000083500000, 0x0000000083500000| Untracked 
|  26|0x0000000083600000, 0x0000000083700000, 0x0000000083700000|100%| O|  |TAMS 0x0000000083600000, 0x0000000083600000| Untracked 
|  27|0x0000000083700000, 0x0000000083800000, 0x0000000083800000|100%| O|  |TAMS 0x0000000083700000, 0x0000000083700000| Untracked 
|  28|0x0000000083800000, 0x0000000083900000, 0x0000000083900000|100%| O|  |TAMS 0x0000000083800000, 0x0000000083800000| Untracked 
|  29|0x0000000083900000, 0x0000000083a00000, 0x0000000083a00000|100%| O|  |TAMS 0x0000000083900000, 0x0000000083900000| Untracked 
|  30|0x0000000083a00000, 0x0000000083ac2000, 0x0000000083b00000| 75%| O|  |TAMS 0x0000000083a00000, 0x0000000083a00000| Untracked 
|  31|0x0000000083b00000, 0x0000000083b00000, 0x0000000083c00000|  0%| F|  |TAMS 0x0000000083b00000, 0x0000000083b00000| Untracked 
|  32|0x0000000083c00000, 0x0000000083c00000, 0x0000000083d00000|  0%| F|  |TAMS 0x0000000083c00000, 0x0000000083c00000| Untracked 
|  33|0x0000000083d00000, 0x0000000083d00000, 0x0000000083e00000|  0%| F|  |TAMS 0x0000000083d00000, 0x0000000083d00000| Untracked 
|  34|0x0000000083e00000, 0x0000000083e00000, 0x0000000083f00000|  0%| F|  |TAMS 0x0000000083e00000, 0x0000000083e00000| Untracked 
|  35|0x0000000083f00000, 0x0000000083f00000, 0x0000000084000000|  0%| F|  |TAMS 0x0000000083f00000, 0x0000000083f00000| Untracked 
|  36|0x0000000084000000, 0x0000000084000000, 0x0000000084100000|  0%| F|  |TAMS 0x0000000084000000, 0x0000000084000000| Untracked 
|  37|0x0000000084100000, 0x0000000084100000, 0x0000000084200000|  0%| F|  |TAMS 0x0000000084100000, 0x0000000084100000| Untracked 
|  38|0x0000000084200000, 0x0000000084200000, 0x0000000084300000|  0%| F|  |TAMS 0x0000000084200000, 0x0000000084200000| Untracked 
|  39|0x0000000084300000, 0x0000000084300000, 0x0000000084400000|  0%| F|  |TAMS 0x0000000084300000, 0x0000000084300000| Untracked 
|  40|0x0000000084400000, 0x00000000844ad970, 0x0000000084500000| 67%| S|CS|TAMS 0x0000000084400000, 0x0000000084400000| Complete 
|  41|0x0000000084500000, 0x0000000084500000, 0x0000000084600000|  0%| F|  |TAMS 0x0000000084500000, 0x0000000084500000| Untracked 
|  42|0x0000000084600000, 0x0000000084600000, 0x0000000084700000|  0%| F|  |TAMS 0x0000000084600000, 0x0000000084600000| Untracked 
|  43|0x0000000084700000, 0x0000000084700000, 0x0000000084800000|  0%| F|  |TAMS 0x0000000084700000, 0x0000000084700000| Untracked 
|  44|0x0000000084800000, 0x0000000084800000, 0x0000000084900000|  0%| F|  |TAMS 0x0000000084800000, 0x0000000084800000| Untracked 
|  45|0x0000000084900000, 0x0000000084a00000, 0x0000000084a00000|100%| S|CS|TAMS 0x0000000084900000, 0x0000000084900000| Complete 
|  46|0x0000000084a00000, 0x0000000084a00000, 0x0000000084b00000|  0%| F|  |TAMS 0x0000000084a00000, 0x0000000084a00000| Untracked 
|  47|0x0000000084b00000, 0x0000000084c00000, 0x0000000084c00000|100%| S|CS|TAMS 0x0000000084b00000, 0x0000000084b00000| Complete 
|  48|0x0000000084c00000, 0x0000000084c00000, 0x0000000084d00000|  0%| F|  |TAMS 0x0000000084c00000, 0x0000000084c00000| Untracked 
|  49|0x0000000084d00000, 0x0000000084d00000, 0x0000000084e00000|  0%| F|  |TAMS 0x0000000084d00000, 0x0000000084d00000| Untracked 
|  50|0x0000000084e00000, 0x0000000084e00000, 0x0000000084f00000|  0%| F|  |TAMS 0x0000000084e00000, 0x0000000084e00000| Untracked 
|  51|0x0000000084f00000, 0x0000000084f00000, 0x0000000085000000|  0%| F|  |TAMS 0x0000000084f00000, 0x0000000084f00000| Untracked 
|  52|0x0000000085000000, 0x0000000085000000, 0x0000000085100000|  0%| F|  |TAMS 0x0000000085000000, 0x0000000085000000| Untracked 
|  53|0x0000000085100000, 0x0000000085100000, 0x0000000085200000|  0%| F|  |TAMS 0x0000000085100000, 0x0000000085100000| Untracked 
|  54|0x0000000085200000, 0x0000000085200000, 0x0000000085300000|  0%| F|  |TAMS 0x0000000085200000, 0x0000000085200000| Untracked 
|  55|0x0000000085300000, 0x0000000085300000, 0x0000000085400000|  0%| F|  |TAMS 0x0000000085300000, 0x0000000085300000| Untracked 
|  56|0x0000000085400000, 0x0000000085400000, 0x0000000085500000|  0%| F|  |TAMS 0x0000000085400000, 0x0000000085400000| Untracked 
|  57|0x0000000085500000, 0x000000008554f948, 0x0000000085600000| 31%| E|  |TAMS 0x0000000085500000, 0x0000000085500000| Complete 
|  58|0x0000000085600000, 0x0000000085700000, 0x0000000085700000|100%| E|CS|TAMS 0x0000000085600000, 0x0000000085600000| Complete 
|  59|0x0000000085700000, 0x0000000085800000, 0x0000000085800000|100%| E|CS|TAMS 0x0000000085700000, 0x0000000085700000| Complete 
|  60|0x0000000085800000, 0x0000000085900000, 0x0000000085900000|100%| E|CS|TAMS 0x0000000085800000, 0x0000000085800000| Complete 
|  61|0x0000000085900000, 0x0000000085a00000, 0x0000000085a00000|100%| E|CS|TAMS 0x0000000085900000, 0x0000000085900000| Complete 
|  62|0x0000000085a00000, 0x0000000085b00000, 0x0000000085b00000|100%| E|CS|TAMS 0x0000000085a00000, 0x0000000085a00000| Complete 
|  63|0x0000000085b00000, 0x0000000085c00000, 0x0000000085c00000|100%| E|CS|TAMS 0x0000000085b00000, 0x0000000085b00000| Complete 
|  64|0x0000000085c00000, 0x0000000085d00000, 0x0000000085d00000|100%| E|CS|TAMS 0x0000000085c00000, 0x0000000085c00000| Complete 
|  65|0x0000000085d00000, 0x0000000085e00000, 0x0000000085e00000|100%| E|CS|TAMS 0x0000000085d00000, 0x0000000085d00000| Complete 
|  66|0x0000000085e00000, 0x0000000085f00000, 0x0000000085f00000|100%| E|CS|TAMS 0x0000000085e00000, 0x0000000085e00000| Complete 
|  67|0x0000000085f00000, 0x0000000086000000, 0x0000000086000000|100%| E|CS|TAMS 0x0000000085f00000, 0x0000000085f00000| Complete 
|  68|0x0000000086000000, 0x0000000086100000, 0x0000000086100000|100%| E|CS|TAMS 0x0000000086000000, 0x0000000086000000| Complete 
|  69|0x0000000086100000, 0x0000000086200000, 0x0000000086200000|100%| E|CS|TAMS 0x0000000086100000, 0x0000000086100000| Complete 
|  70|0x0000000086200000, 0x0000000086300000, 0x0000000086300000|100%| E|CS|TAMS 0x0000000086200000, 0x0000000086200000| Complete 
|  71|0x0000000086300000, 0x0000000086400000, 0x0000000086400000|100%| E|CS|TAMS 0x0000000086300000, 0x0000000086300000| Complete 
|  72|0x0000000086400000, 0x0000000086500000, 0x0000000086500000|100%| E|CS|TAMS 0x0000000086400000, 0x0000000086400000| Complete 
|  82|0x0000000086e00000, 0x0000000086f00000, 0x0000000086f00000|100%| E|CS|TAMS 0x0000000086e00000, 0x0000000086e00000| Complete 
|  83|0x0000000086f00000, 0x0000000087000000, 0x0000000087000000|100%| E|CS|TAMS 0x0000000086f00000, 0x0000000086f00000| Complete 
|  84|0x0000000087000000, 0x0000000087100000, 0x0000000087100000|100%| E|CS|TAMS 0x0000000087000000, 0x0000000087000000| Complete 
| 127|0x0000000089b00000, 0x0000000089c00000, 0x0000000089c00000|100%| E|CS|TAMS 0x0000000089b00000, 0x0000000089b00000| Complete 

Card table byte_map: [0x000002681a8f0000,0x000002681acf0000] _byte_map_base: 0x000002681a4e2000

Marking Bits (Prev, Next): (CMBitMap*) 0x000002680fc205a0, (CMBitMap*) 0x000002680fc205e0
 Prev Bits: [0x000002681b0f0000, 0x000002681d080000)
 Next Bits: [0x000002681d080000, 0x000002681f010000)

Polling page: 0x000002680db70000

Metaspace:

Usage:
  Non-class:     48.86 MB used.
      Class:      8.00 MB used.
       Both:     56.86 MB used.

Virtual space:
  Non-class space:       56.00 MB reserved,      49.06 MB ( 88%) committed,  7 nodes.
      Class space:        1.00 GB reserved,       8.25 MB ( <1%) committed,  1 nodes.
             Both:        1.05 GB reserved,      57.31 MB (  5%) committed. 

Chunk freelists:
   Non-Class:  2.05 MB
       Class:  3.80 MB
        Both:  5.84 MB

MaxMetaspaceSize: unlimited
CompressedClassSpaceSize: 1.00 GB
Initial GC threshold: 21.00 MB
Current GC threshold: 58.88 MB
CDS: on
MetaspaceReclaimPolicy: balanced
 - commit_granule_bytes: 65536.
 - commit_granule_words: 8192.
 - virtual_space_node_default_size: 1048576.
 - enlarge_chunks_in_place: 1.
 - new_chunks_are_fully_committed: 0.
 - uncommit_free_chunks: 1.
 - use_allocation_guard: 0.
 - handle_deallocations: 1.


Internal statistics:

num_allocs_failed_limit: 6.
num_arena_births: 652.
num_arena_deaths: 0.
num_vsnodes_births: 8.
num_vsnodes_deaths: 0.
num_space_committed: 917.
num_space_uncommitted: 0.
num_chunks_returned_to_freelist: 6.
num_chunks_taken_from_freelist: 2955.
num_chunk_merges: 6.
num_chunk_splits: 2009.
num_chunks_enlarged: 1483.
num_purges: 0.
num_inconsistent_stats: 0.

CodeCache: size=49152Kb used=13484Kb max_used=13484Kb free=35667Kb
 bounds [0x00000268173e0000, 0x0000026818110000, 0x000002681a3e0000]
 total_blobs=7402 nmethods=6777 adapters=549
 compilation: enabled
              stopped_count=0, restarted_count=0
 full_count=0

Compilation events (20 events):
Event: 8.726 Thread 0x0000026821ab04a0 6769       1       javax.management.ImmutableDescriptor::nonNullDescriptor (10 bytes)
Event: 8.726 Thread 0x0000026822c8ac10 6770       1       javax.management.ImmutableDescriptor::clone (5 bytes)
Event: 8.726 Thread 0x0000026822587060 nmethod 6767 0x0000026818108390 code [0x0000026818108560, 0x00000268181089b8]
Event: 8.726 Thread 0x0000026822587060 6771       1       javax.management.ImmutableDescriptor::clone (2 bytes)
Event: 8.726 Thread 0x0000026821ab04a0 nmethod 6769 0x0000026818108b10 code [0x0000026818108ca0, 0x0000026818108d78]
Event: 8.727 Thread 0x0000026822c8ac10 nmethod 6770 0x0000026818108e10 code [0x0000026818108fa0, 0x0000026818109078]
Event: 8.727 Thread 0x0000026822587060 nmethod 6771 0x0000026818109110 code [0x00000268181092a0, 0x0000026818109378]
Event: 8.727 Thread 0x0000026822588170 nmethod 6768 0x0000026818109410 code [0x0000026818109600, 0x0000026818109bc8]
Event: 8.727 Thread 0x0000026822588170 6772       1       javax.management.MBeanOperationInfo::getImpact (5 bytes)
Event: 8.727 Thread 0x0000026822588170 nmethod 6772 0x0000026818109f10 code [0x000002681810a0a0, 0x000002681810a178]
Event: 8.727 Thread 0x0000026821ab04a0 6773       1       javax.management.MBeanParameterInfo::getType (5 bytes)
Event: 8.727 Thread 0x0000026821ab04a0 nmethod 6773 0x000002681810a210 code [0x000002681810a3a0, 0x000002681810a478]
Event: 8.732 Thread 0x0000026821ab04a0 6774       1       ch.qos.logback.core.pattern.Converter::write (11 bytes)
Event: 8.732 Thread 0x0000026822587060 6775       1       ch.qos.logback.core.pattern.LiteralConverter::convert (5 bytes)
Event: 8.732 Thread 0x0000026822587060 nmethod 6775 0x000002681810a510 code [0x000002681810a6a0, 0x000002681810a778]
Event: 8.732 Thread 0x0000026821ab04a0 nmethod 6774 0x000002681810a810 code [0x000002681810a9c0, 0x000002681810aad8]
Event: 8.745 Thread 0x0000026822587060 6776       1       jdk.internal.misc.Unsafe::weakCompareAndSetLong (11 bytes)
Event: 8.745 Thread 0x0000026822587060 nmethod 6776 0x000002681810ab90 code [0x000002681810ad20, 0x000002681810adf8]
Event: 8.745 Thread 0x0000026821ab04a0 6777       1       jdk.internal.misc.Unsafe::getAndAddLong (27 bytes)
Event: 8.746 Thread 0x0000026821ab04a0 nmethod 6777 0x000002681810ae90 code [0x000002681810b020, 0x000002681810b138]

GC Heap History (20 events):
Event: 3.843 GC heap before
{Heap before GC invocations=6 (full 0):
 garbage-first heap   total 55296K, used 17868K [0x0000000081c00000, 0x0000000100000000)
  region size 1024K, 4 young (4096K), 3 survivors (3072K)
 Metaspace       used 24546K, committed 24832K, reserved 1073152K
  class space    used 3385K, committed 3520K, reserved 1048576K
}
Event: 3.848 GC heap after
{Heap after GC invocations=7 (full 0):
 garbage-first heap   total 55296K, used 16740K [0x0000000081c00000, 0x0000000100000000)
  region size 1024K, 1 young (1024K), 1 survivors (1024K)
 Metaspace       used 24546K, committed 24832K, reserved 1073152K
  class space    used 3385K, committed 3520K, reserved 1048576K
}
Event: 4.254 GC heap before
{Heap before GC invocations=7 (full 0):
 garbage-first heap   total 55296K, used 39268K [0x0000000081c00000, 0x0000000100000000)
  region size 1024K, 23 young (23552K), 1 survivors (1024K)
 Metaspace       used 28091K, committed 28480K, reserved 1073152K
  class space    used 3894K, committed 4096K, reserved 1048576K
}
Event: 4.262 GC heap after
{Heap after GC invocations=8 (full 0):
 garbage-first heap   total 55296K, used 18751K [0x0000000081c00000, 0x0000000100000000)
  region size 1024K, 3 young (3072K), 3 survivors (3072K)
 Metaspace       used 28091K, committed 28480K, reserved 1073152K
  class space    used 3894K, committed 4096K, reserved 1048576K
}
Event: 4.279 GC heap before
{Heap before GC invocations=8 (full 0):
 garbage-first heap   total 55296K, used 39231K [0x0000000081c00000, 0x0000000100000000)
  region size 1024K, 24 young (24576K), 3 survivors (3072K)
 Metaspace       used 28174K, committed 28544K, reserved 1073152K
  class space    used 3903K, committed 4096K, reserved 1048576K
}
Event: 4.284 GC heap after
{Heap after GC invocations=9 (full 0):
 garbage-first heap   total 92160K, used 19098K [0x0000000081c00000, 0x0000000100000000)
  region size 1024K, 1 young (1024K), 1 survivors (1024K)
 Metaspace       used 28174K, committed 28544K, reserved 1073152K
  class space    used 3903K, committed 4096K, reserved 1048576K
}
Event: 5.006 GC heap before
{Heap before GC invocations=9 (full 0):
 garbage-first heap   total 92160K, used 69274K [0x0000000081c00000, 0x0000000100000000)
  region size 1024K, 51 young (52224K), 1 survivors (1024K)
 Metaspace       used 33762K, committed 34112K, reserved 1081344K
  class space    used 4765K, committed 4928K, reserved 1048576K
}
Event: 5.010 GC heap after
{Heap after GC invocations=10 (full 0):
 garbage-first heap   total 92160K, used 20480K [0x0000000081c00000, 0x0000000100000000)
  region size 1024K, 2 young (2048K), 2 survivors (2048K)
 Metaspace       used 33762K, committed 34112K, reserved 1081344K
  class space    used 4765K, committed 4928K, reserved 1048576K
}
Event: 5.176 GC heap before
{Heap before GC invocations=10 (full 0):
 garbage-first heap   total 92160K, used 24576K [0x0000000081c00000, 0x0000000100000000)
  region size 1024K, 7 young (7168K), 2 survivors (2048K)
 Metaspace       used 35627K, committed 35968K, reserved 1081344K
  class space    used 4964K, committed 5120K, reserved 1048576K
}
Event: 5.179 GC heap after
{Heap after GC invocations=11 (full 0):
 garbage-first heap   total 92160K, used 21188K [0x0000000081c00000, 0x0000000100000000)
  region size 1024K, 3 young (3072K), 3 survivors (3072K)
 Metaspace       used 35627K, committed 35968K, reserved 1081344K
  class space    used 4964K, committed 5120K, reserved 1048576K
}
Event: 6.062 GC heap before
{Heap before GC invocations=12 (full 0):
 garbage-first heap   total 78848K, used 63172K [0x0000000081c00000, 0x0000000100000000)
  region size 1024K, 44 young (45056K), 3 survivors (3072K)
 Metaspace       used 43475K, committed 43840K, reserved 1089536K
  class space    used 6134K, committed 6336K, reserved 1048576K
}
Event: 6.066 GC heap after
{Heap after GC invocations=13 (full 0):
 garbage-first heap   total 78848K, used 23756K [0x0000000081c00000, 0x0000000100000000)
  region size 1024K, 5 young (5120K), 5 survivors (5120K)
 Metaspace       used 43475K, committed 43840K, reserved 1089536K
  class space    used 6134K, committed 6336K, reserved 1048576K
}
Event: 6.706 GC heap before
{Heap before GC invocations=13 (full 0):
 garbage-first heap   total 78848K, used 56524K [0x0000000081c00000, 0x0000000100000000)
  region size 1024K, 37 young (37888K), 5 survivors (5120K)
 Metaspace       used 48319K, committed 48768K, reserved 1097728K
  class space    used 6764K, committed 6976K, reserved 1048576K
}
Event: 6.711 GC heap after
{Heap after GC invocations=14 (full 0):
 garbage-first heap   total 78848K, used 25855K [0x0000000081c00000, 0x0000000100000000)
  region size 1024K, 5 young (5120K), 5 survivors (5120K)
 Metaspace       used 48319K, committed 48768K, reserved 1097728K
  class space    used 6764K, committed 6976K, reserved 1048576K
}
Event: 7.102 GC heap before
{Heap before GC invocations=14 (full 0):
 garbage-first heap   total 78848K, used 57599K [0x0000000081c00000, 0x0000000100000000)
  region size 1024K, 36 young (36864K), 5 survivors (5120K)
 Metaspace       used 51119K, committed 51584K, reserved 1097728K
  class space    used 7141K, committed 7360K, reserved 1048576K
}
Event: 7.107 GC heap after
{Heap after GC invocations=15 (full 0):
 garbage-first heap   total 78848K, used 28087K [0x0000000081c00000, 0x0000000100000000)
  region size 1024K, 5 young (5120K), 5 survivors (5120K)
 Metaspace       used 51119K, committed 51584K, reserved 1097728K
  class space    used 7141K, committed 7360K, reserved 1048576K
}
Event: 7.649 GC heap before
{Heap before GC invocations=15 (full 0):
 garbage-first heap   total 78848K, used 58807K [0x0000000081c00000, 0x0000000100000000)
  region size 1024K, 35 young (35840K), 5 survivors (5120K)
 Metaspace       used 53455K, committed 53888K, reserved 1097728K
  class space    used 7465K, committed 7680K, reserved 1048576K
}
Event: 7.656 GC heap after
{Heap after GC invocations=16 (full 0):
 garbage-first heap   total 78848K, used 30923K [0x0000000081c00000, 0x0000000100000000)
  region size 1024K, 5 young (5120K), 5 survivors (5120K)
 Metaspace       used 53455K, committed 53888K, reserved 1097728K
  class space    used 7465K, committed 7680K, reserved 1048576K
}
Event: 8.216 GC heap before
{Heap before GC invocations=16 (full 0):
 garbage-first heap   total 78848K, used 60619K [0x0000000081c00000, 0x0000000100000000)
  region size 1024K, 34 young (34816K), 5 survivors (5120K)
 Metaspace       used 55809K, committed 56320K, reserved 1097728K
  class space    used 7853K, committed 8128K, reserved 1048576K
}
Event: 8.223 GC heap after
{Heap after GC invocations=17 (full 0):
 garbage-first heap   total 78848K, used 33466K [0x0000000081c00000, 0x0000000100000000)
  region size 1024K, 3 young (3072K), 3 survivors (3072K)
 Metaspace       used 55809K, committed 56320K, reserved 1097728K
  class space    used 7853K, committed 8128K, reserved 1048576K
}

Deoptimization events (18 events):
Event: 1.329 Thread 0x000002680fbe0440 DEOPT PACKING pc=0x00000268176bc075 sp=0x000000cd989fd990
Event: 1.329 Thread 0x000002680fbe0440 DEOPT UNPACKING pc=0x0000026817432b43 sp=0x000000cd989fcde8 mode 3
Event: 2.200 Thread 0x000002680fbe0440 DEOPT PACKING pc=0x000002681797bb19 sp=0x000000cd989fd440
Event: 2.200 Thread 0x000002680fbe0440 DEOPT UNPACKING pc=0x0000026817432b43 sp=0x000000cd989fc920 mode 3
Event: 3.489 Thread 0x000002680fbe0440 DEOPT PACKING pc=0x0000026817984ba4 sp=0x000000cd989fd870
Event: 3.489 Thread 0x000002680fbe0440 DEOPT UNPACKING pc=0x0000026817432b43 sp=0x000000cd989fcdc8 mode 0
Event: 3.725 Thread 0x000002680fbe0440 DEOPT PACKING pc=0x0000026817bfd4f5 sp=0x000000cd989fce80
Event: 3.725 Thread 0x000002680fbe0440 DEOPT UNPACKING pc=0x0000026817432b43 sp=0x000000cd989fc2f0 mode 3
Event: 3.752 Thread 0x000002680fbe0440 DEOPT PACKING pc=0x0000026817c26799 sp=0x000000cd989fdf30
Event: 3.752 Thread 0x000002680fbe0440 DEOPT UNPACKING pc=0x0000026817432b43 sp=0x000000cd989fd410 mode 3
Event: 4.401 Thread 0x000002680fbe0440 DEOPT PACKING pc=0x0000026817cde5dd sp=0x000000cd989fc7d0
Event: 4.401 Thread 0x000002680fbe0440 DEOPT UNPACKING pc=0x0000026817432b43 sp=0x000000cd989fbd38 mode 3
Event: 4.418 Thread 0x00000268248a5f40 DEOPT PACKING pc=0x00000268178b3e97 sp=0x000000cd9acff250
Event: 4.418 Thread 0x00000268248a5f40 DEOPT UNPACKING pc=0x0000026817432b43 sp=0x000000cd9acfe6a8 mode 3
Event: 6.807 Thread 0x000002680fbe0440 DEOPT PACKING pc=0x000002681796bfa2 sp=0x000000cd989fc8e0
Event: 6.807 Thread 0x000002680fbe0440 DEOPT UNPACKING pc=0x0000026817432b43 sp=0x000000cd989fbde8 mode 3
Event: 8.458 Thread 0x000002680fbe0440 DEOPT PACKING pc=0x000002681802e62d sp=0x000000cd989fd900
Event: 8.458 Thread 0x000002680fbe0440 DEOPT UNPACKING pc=0x0000026817432b43 sp=0x000000cd989fce60 mode 3

Classes unloaded (0 events):
No events

Classes redefined (0 events):
No events

Internal exceptions (20 events):
Event: 7.363 Thread 0x000002680fbe0440 Exception <a 'java/lang/ClassNotFoundException'{0x0000000085bbd3f8}: springfox/documentation/spring/web/plugins/DocumentationPluginsBootstrapperCustomizer> (0x0000000085bbd3f8) 
thrown [t:\workspace\open\src\hotspot\share\classfile\systemDictionary.cpp, line 256]
Event: 7.364 Thread 0x000002680fbe0440 Exception <a 'java/lang/ClassNotFoundException'{0x0000000085bd86d8}: org/springframework/context/SmartLifecycleCustomizer> (0x0000000085bd86d8) 
thrown [t:\workspace\open\src\hotspot\share\classfile\systemDictionary.cpp, line 256]
Event: 7.365 Thread 0x000002680fbe0440 Exception <a 'java/lang/ClassNotFoundException'{0x0000000085bdf200}: org/springframework/context/LifecycleCustomizer> (0x0000000085bdf200) 
thrown [t:\workspace\open\src\hotspot\share\classfile\systemDictionary.cpp, line 256]
Event: 7.365 Thread 0x000002680fbe0440 Exception <a 'java/lang/ClassNotFoundException'{0x0000000085be5088}: org/springframework/context/PhasedCustomizer> (0x0000000085be5088) 
thrown [t:\workspace\open\src\hotspot\share\classfile\systemDictionary.cpp, line 256]
Event: 7.445 Thread 0x0000026822f8e470 Exception <a 'java/lang/reflect/InvocationTargetException'{0x00000000856a3928}> (0x00000000856a3928) 
thrown [t:\workspace\open\src\hotspot\share\runtime\reflection.cpp, line 1121]
Event: 7.494 Thread 0x000002680fbe0440 Exception <a 'java/lang/NoSuchMethodError'{0x0000000085305c58}: 'java.lang.Object java.lang.invoke.DirectMethodHandle$Holder.invokeInterface(java.lang.Object, java.lang.Object, java.lang.Object, java.lang.Object)'> (0x0000000085305c58) 
thrown [t:\workspace\open\src\hotspot\share\interpreter\linkResolver.cpp, line 766]
Event: 7.680 Thread 0x000002680fbe0440 Exception <a 'java/lang/IncompatibleClassChangeError'{0x0000000086f1bf38}: Found class java.lang.Object, but interface was expected> (0x0000000086f1bf38) 
thrown [t:\workspace\open\src\hotspot\share\interpreter\linkResolver.cpp, line 833]
Event: 7.709 Thread 0x000002680fbe0440 Exception <a 'java/lang/NoSuchMethodError'{0x0000000086408fa0}: 'int java.lang.invoke.DirectMethodHandle$Holder.invokeStaticInit(java.lang.Object, java.lang.Object, java.lang.Object, java.lang.Object)'> (0x0000000086408fa0) 
thrown [t:\workspace\open\src\hotspot\share\interpreter\linkResolver.cpp, line 766]
Event: 7.996 Thread 0x000002680fbe0440 Exception <a 'java/lang/NoSuchMethodError'{0x000000008558e380}: 'java.lang.Object java.lang.invoke.DirectMethodHandle$Holder.invokeSpecial(java.lang.Object, java.lang.Object, int, java.lang.Object, int, java.lang.Object)'> (0x000000008558e380) 
thrown [t:\workspace\open\src\hotspot\share\interpreter\linkResolver.cpp, line 766]
Event: 7.996 Thread 0x000002680fbe0440 Exception <a 'java/lang/NoSuchMethodError'{0x0000000085596180}: 'java.lang.Object java.lang.invoke.DirectMethodHandle$Holder.newInvokeSpecial(java.lang.Object, java.lang.Object, int, java.lang.Object, int)'> (0x0000000085596180) 
thrown [t:\workspace\open\src\hotspot\share\interpreter\linkResolver.cpp, line 766]
Event: 7.996 Thread 0x000002680fbe0440 Exception <a 'java/lang/NoSuchMethodError'{0x000000008559a280}: 'java.lang.Object java.lang.invoke.DirectMethodHandle$Holder.invokeSpecial(java.lang.Object, java.lang.Object, java.lang.Object, int, java.lang.Object, int)'> (0x000000008559a280) 
thrown [t:\workspace\open\src\hotspot\share\interpreter\linkResolver.cpp, line 766]
Event: 7.997 Thread 0x000002680fbe0440 Exception <a 'java/lang/NoSuchMethodError'{0x00000000855a3ee0}: 'void java.lang.invoke.DirectMethodHandle$Holder.invokeVirtual(java.lang.Object, java.lang.Object)'> (0x00000000855a3ee0) 
thrown [t:\workspace\open\src\hotspot\share\interpreter\linkResolver.cpp, line 766]
Event: 8.196 Thread 0x000002680fbe0440 Exception <a 'java/lang/NoSuchMethodError'{0x0000000084db4508}: 'java.lang.Object java.lang.invoke.DirectMethodHandle$Holder.newInvokeSpecial(java.lang.Object, java.lang.Object, java.lang.Object, java.lang.Object, java.lang.Object, java.lang.Object, java.lang.Object)'> (0x0000000084db4508) 
thrown [t:\workspace\open\src\hotspot\share\interpreter\linkResolver.cpp, line 766]
Event: 8.196 Thread 0x000002680fbe0440 Exception <a 'java/lang/NoSuchMethodError'{0x0000000084db89e0}: 'java.lang.Object java.lang.invoke.Invokers$Holder.linkToTargetMethod(java.lang.Object, java.lang.Object, java.lang.Object, java.lang.Object, java.lang.Object, java.lang.Object, java.lang.Object)'> (0x0000000084db89e0) 
thrown [t:\workspace\open\src\hotspot\share\interpreter\linkResolver.cpp, line 766]
Event: 8.259 Thread 0x000002680fbe0440 Exception <a 'java/lang/NoSuchMethodError'{0x0000000086fe2e30}: 'java.lang.Object java.lang.invoke.DirectMethodHandle$Holder.invokeStatic(java.lang.Object, int, java.lang.Object)'> (0x0000000086fe2e30) 
thrown [t:\workspace\open\src\hotspot\share\interpreter\linkResolver.cpp, line 766]
Event: 8.321 Thread 0x000002680fbe0440 Exception <a 'java/lang/NoSuchMethodError'{0x0000000086227ae0}: 'java.lang.Object java.lang.invoke.DirectMethodHandle$Holder.newInvokeSpecial(java.lang.Object, java.lang.Object, java.lang.Object, int)'> (0x0000000086227ae0) 
thrown [t:\workspace\open\src\hotspot\share\interpreter\linkResolver.cpp, line 766]
Event: 8.321 Thread 0x000002680fbe0440 Exception <a 'java/lang/NoSuchMethodError'{0x000000008622bdc8}: 'java.lang.Object java.lang.invoke.DirectMethodHandle$Holder.invokeSpecial(java.lang.Object, java.lang.Object, java.lang.Object, java.lang.Object, int)'> (0x000000008622bdc8) 
thrown [t:\workspace\open\src\hotspot\share\interpreter\linkResolver.cpp, line 766]
Event: 8.321 Thread 0x000002680fbe0440 Exception <a 'java/lang/NoSuchMethodError'{0x000000008622f4d0}: 'java.lang.Object java.lang.invoke.Invokers$Holder.linkToTargetMethod(java.lang.Object, java.lang.Object, int, java.lang.Object)'> (0x000000008622f4d0) 
thrown [t:\workspace\open\src\hotspot\share\interpreter\linkResolver.cpp, line 766]
Event: 8.458 Thread 0x000002680fbe0440 Implicit null exception at 0x000002681802df23 to 0x000002681802e628
Event: 8.640 Thread 0x000002680fbe0440 Exception <a 'java/net/SocketException'{0x00000000859a0398}: Socket is not connected: shutdown> (0x00000000859a0398) 
thrown [t:\workspace\open\src\hotspot\share\prims\jni.cpp, line 535]

VM Operations (20 events):
Event: 8.356 Executing VM operation: ICBufferFull
Event: 8.356 Executing VM operation: ICBufferFull done
Event: 8.360 Executing VM operation: ICBufferFull
Event: 8.360 Executing VM operation: ICBufferFull done
Event: 8.361 Executing VM operation: ICBufferFull
Event: 8.361 Executing VM operation: ICBufferFull done
Event: 8.365 Executing VM operation: ICBufferFull
Event: 8.365 Executing VM operation: ICBufferFull done
Event: 8.372 Executing VM operation: ICBufferFull
Event: 8.372 Executing VM operation: ICBufferFull done
Event: 8.407 Executing VM operation: ICBufferFull
Event: 8.408 Executing VM operation: ICBufferFull done
Event: 8.414 Executing VM operation: ICBufferFull
Event: 8.414 Executing VM operation: ICBufferFull done
Event: 8.416 Executing VM operation: ICBufferFull
Event: 8.416 Executing VM operation: ICBufferFull done
Event: 8.419 Executing VM operation: ICBufferFull
Event: 8.420 Executing VM operation: ICBufferFull done
Event: 8.435 Executing VM operation: ICBufferFull
Event: 8.435 Executing VM operation: ICBufferFull done

Events (20 events):
Event: 8.640 loading class java/net/SocketException done
Event: 8.640 loading class java/util/Timer
Event: 8.641 loading class java/util/Timer done
Event: 8.641 loading class java/util/TaskQueue
Event: 8.641 loading class java/util/TaskQueue done
Event: 8.641 loading class java/util/TimerThread
Event: 8.641 loading class java/util/TimerThread done
Event: 8.641 loading class java/util/Timer$ThreadReaper
Event: 8.641 loading class java/util/Timer$ThreadReaper done
Event: 8.641 Thread 0x0000026824bc7580 Thread added: 0x0000026824bc7580
Event: 8.646 loading class java/util/concurrent/atomic/AtomicLongFieldUpdater
Event: 8.646 loading class java/util/concurrent/atomic/AtomicLongFieldUpdater done
Event: 8.646 loading class java/util/concurrent/atomic/AtomicLongFieldUpdater$CASUpdater
Event: 8.646 loading class java/util/concurrent/atomic/AtomicLongFieldUpdater$CASUpdater done
Event: 8.646 loading class java/util/concurrent/atomic/AtomicLongFieldUpdater$CASUpdater$1
Event: 8.646 loading class java/util/concurrent/atomic/AtomicLongFieldUpdater$CASUpdater$1 done
Event: 8.737 Thread 0x0000026824bc6710 Thread added: 0x0000026824bc6710
Event: 8.742 Thread 0x0000026824bc88c0 Thread added: 0x0000026824bc88c0
Event: 8.745 Thread 0x0000026824bc53d0 Thread added: 0x0000026824bc53d0
Event: 8.746 Thread 0x0000026824bc8d90 Thread added: 0x0000026824bc8d90


Dynamic libraries:
0x00007ff7306b0000 - 0x00007ff7306c0000 	C:\Program Files\Java\jdk-17.0.1\bin\java.exe
0x00007ffb90170000 - 0x00007ffb90365000 	C:\WINDOWS\SYSTEM32\ntdll.dll
0x00007ffb8f8f0000 - 0x00007ffb8f9ae000 	C:\WINDOWS\System32\KERNEL32.DLL
0x00007ffb8dce0000 - 0x00007ffb8dfa8000 	C:\WINDOWS\System32\KERNELBASE.dll
0x00007ffb8e060000 - 0x00007ffb8e160000 	C:\WINDOWS\System32\ucrtbase.dll
0x00007ffb71220000 - 0x00007ffb7123a000 	C:\Program Files\Java\jdk-17.0.1\bin\VCRUNTIME140.dll
0x00007ffb71200000 - 0x00007ffb71218000 	C:\Program Files\Java\jdk-17.0.1\bin\jli.dll
0x00007ffb8f350000 - 0x00007ffb8f3fe000 	C:\WINDOWS\System32\ADVAPI32.dll
0x00007ffb8e230000 - 0x00007ffb8e2ce000 	C:\WINDOWS\System32\msvcrt.dll
0x00007ffb8f2b0000 - 0x00007ffb8f34c000 	C:\WINDOWS\System32\sechost.dll
0x00007ffb8fdf0000 - 0x00007ffb8ff15000 	C:\WINDOWS\System32\RPCRT4.dll
0x00007ffb8fa10000 - 0x00007ffb8fbb0000 	C:\WINDOWS\System32\USER32.dll
0x00007ffb8d930000 - 0x00007ffb8d952000 	C:\WINDOWS\System32\win32u.dll
0x00007ffb8f270000 - 0x00007ffb8f29b000 	C:\WINDOWS\System32\GDI32.dll
0x00007ffb8dac0000 - 0x00007ffb8dbcb000 	C:\WINDOWS\System32\gdi32full.dll
0x00007ffb8d890000 - 0x00007ffb8d92d000 	C:\WINDOWS\System32\msvcp_win.dll
0x00007ffb78010000 - 0x00007ffb782aa000 	C:\WINDOWS\WinSxS\amd64_microsoft.windows.common-controls_6595b64144ccf1df_6.0.19041.1110_none_60b5254171f9507e\COMCTL32.dll
0x00007ffb86bb0000 - 0x00007ffb86bba000 	C:\WINDOWS\SYSTEM32\VERSION.dll
0x00007ffb8fdc0000 - 0x00007ffb8fdf0000 	C:\WINDOWS\System32\IMM32.DLL
0x00007ffb88890000 - 0x00007ffb8889c000 	C:\Program Files\Java\jdk-17.0.1\bin\vcruntime140_1.dll
0x00007ffb6d4a0000 - 0x00007ffb6d52d000 	C:\Program Files\Java\jdk-17.0.1\bin\msvcp140.dll
0x00007ffb31cc0000 - 0x00007ffb3287e000 	C:\Program Files\Java\jdk-17.0.1\bin\server\jvm.dll
0x00007ffb8f400000 - 0x00007ffb8f408000 	C:\WINDOWS\System32\PSAPI.DLL
0x00007ffb5cfe0000 - 0x00007ffb5cfe9000 	C:\WINDOWS\SYSTEM32\WSOCK32.dll
0x00007ffb8f410000 - 0x00007ffb8f47b000 	C:\WINDOWS\System32\WS2_32.dll
0x00007ffb670d0000 - 0x00007ffb670f7000 	C:\WINDOWS\SYSTEM32\WINMM.dll
0x00007ffb8b6c0000 - 0x00007ffb8b6d2000 	C:\WINDOWS\SYSTEM32\kernel.appcore.dll
0x00007ffb86d60000 - 0x00007ffb86d6a000 	C:\Program Files\Java\jdk-17.0.1\bin\jimage.dll
0x00007ffb87210000 - 0x00007ffb873f4000 	C:\WINDOWS\SYSTEM32\DBGHELP.DLL
0x00007ffb7ad00000 - 0x00007ffb7ad2c000 	C:\WINDOWS\SYSTEM32\dbgcore.DLL
0x00007ffb8dc50000 - 0x00007ffb8dcd2000 	C:\WINDOWS\System32\bcryptPrimitives.dll
0x00007ffb85ce0000 - 0x00007ffb85cee000 	C:\Program Files\Java\jdk-17.0.1\bin\instrument.dll
0x00007ffb70960000 - 0x00007ffb70985000 	C:\Program Files\Java\jdk-17.0.1\bin\java.dll
0x00007ffb6b720000 - 0x00007ffb6b7f6000 	C:\Program Files\Java\jdk-17.0.1\bin\svml.dll
0x00007ffb8e820000 - 0x00007ffb8ef64000 	C:\WINDOWS\System32\SHELL32.dll
0x00007ffb8b9a0000 - 0x00007ffb8c134000 	C:\WINDOWS\SYSTEM32\windows.storage.dll
0x00007ffb8e2d0000 - 0x00007ffb8e624000 	C:\WINDOWS\System32\combase.dll
0x00007ffb8d2f0000 - 0x00007ffb8d31c000 	C:\WINDOWS\SYSTEM32\Wldp.dll
0x00007ffb8ef70000 - 0x00007ffb8f01d000 	C:\WINDOWS\System32\SHCORE.dll
0x00007ffb8e630000 - 0x00007ffb8e685000 	C:\WINDOWS\System32\shlwapi.dll
0x00007ffb8d7d0000 - 0x00007ffb8d7ef000 	C:\WINDOWS\SYSTEM32\profapi.dll
0x00007ffb70450000 - 0x00007ffb70468000 	C:\Program Files\Java\jdk-17.0.1\bin\zip.dll
0x00007ffb70da0000 - 0x00007ffb70db9000 	C:\Program Files\Java\jdk-17.0.1\bin\net.dll
0x00007ffb7c860000 - 0x00007ffb7c969000 	C:\WINDOWS\SYSTEM32\WINHTTP.dll
0x00007ffb8d050000 - 0x00007ffb8d0ba000 	C:\WINDOWS\system32\mswsock.dll
0x00007ffb70700000 - 0x00007ffb70715000 	C:\Program Files\Java\jdk-17.0.1\bin\nio.dll
0x00007ffb70430000 - 0x00007ffb7044a000 	C:\Program Files\JetBrains\IntelliJ IDEA 2021.2.3\bin\breakgen64.dll
0x00007ffb8cd40000 - 0x00007ffb8ce0a000 	C:\WINDOWS\SYSTEM32\DNSAPI.dll
0x00007ffb8ccf0000 - 0x00007ffb8cd2b000 	C:\WINDOWS\SYSTEM32\IPHLPAPI.DLL
0x00007ffb8fbb0000 - 0x00007ffb8fbb8000 	C:\WINDOWS\System32\NSI.dll
0x000000005bdf0000 - 0x000000005be16000 	C:\Program Files\Bonjour\mdnsNSP.dll
0x00007ffb82270000 - 0x00007ffb8227a000 	C:\Windows\System32\rasadhlp.dll
0x00007ffb7ab80000 - 0x00007ffb7abff000 	C:\WINDOWS\System32\fwpuclnt.dll
0x00007ffb8dbd0000 - 0x00007ffb8dbf7000 	C:\WINDOWS\System32\bcrypt.dll
0x00007ffb82520000 - 0x00007ffb82529000 	C:\Program Files\Java\jdk-17.0.1\bin\management.dll
0x00007ffb81de0000 - 0x00007ffb81deb000 	C:\Program Files\Java\jdk-17.0.1\bin\management_ext.dll
0x00007ffb8d240000 - 0x00007ffb8d258000 	C:\WINDOWS\SYSTEM32\CRYPTSP.dll
0x00007ffb8c960000 - 0x00007ffb8c994000 	C:\WINDOWS\system32\rsaenh.dll
0x00007ffb8d790000 - 0x00007ffb8d7be000 	C:\WINDOWS\SYSTEM32\USERENV.dll
0x00007ffb8d260000 - 0x00007ffb8d26c000 	C:\WINDOWS\SYSTEM32\CRYPTBASE.dll
0x00007ffb85b80000 - 0x00007ffb85b97000 	C:\WINDOWS\SYSTEM32\dhcpcsvc6.DLL
0x00007ffb85b60000 - 0x00007ffb85b7d000 	C:\WINDOWS\SYSTEM32\dhcpcsvc.DLL
0x00007ffb86430000 - 0x00007ffb86447000 	C:\WINDOWS\system32\napinsp.dll
0x00007ffb6a190000 - 0x00007ffb6a1ab000 	C:\WINDOWS\system32\pnrpnsp.dll
0x00007ffb49570000 - 0x00007ffb49585000 	C:\WINDOWS\system32\wshbth.dll
0x00007ffb892d0000 - 0x00007ffb892ed000 	C:\WINDOWS\system32\NLAapi.dll
0x00007ffb6a170000 - 0x00007ffb6a182000 	C:\WINDOWS\System32\winrnr.dll
0x00007ffb760c0000 - 0x00007ffb760ce000 	C:\Program Files\Java\jdk-17.0.1\bin\sunmscapi.dll
0x00007ffb8d960000 - 0x00007ffb8dab6000 	C:\WINDOWS\System32\CRYPT32.dll
0x00007ffb8d360000 - 0x00007ffb8d387000 	C:\WINDOWS\SYSTEM32\ncrypt.dll
0x00007ffb8d320000 - 0x00007ffb8d35b000 	C:\WINDOWS\SYSTEM32\NTASN1.dll
0x00007ffb70ff0000 - 0x00007ffb70ff7000 	C:\WINDOWS\system32\wshunix.dll

dbghelp: loaded successfully - version: 4.0.5 - missing functions: none
symbol engine: initialized successfully - sym options: 0x614 - pdb path: .;C:\Program Files\Java\jdk-17.0.1\bin;C:\WINDOWS\SYSTEM32;C:\WINDOWS\WinSxS\amd64_microsoft.windows.common-controls_6595b64144ccf1df_6.0.19041.1110_none_60b5254171f9507e;C:\Program Files\Java\jdk-17.0.1\bin\server;C:\Program Files\JetBrains\IntelliJ IDEA 2021.2.3\bin;C:\Program Files\Bonjour

VM Arguments:
jvm_args: -XX:TieredStopAtLevel=1 -Xverify:none -Dspring.output.ansi.enabled=always -javaagent:C:\Program Files\JetBrains\IntelliJ IDEA 2021.2.3\lib\idea_rt.jar=52488:C:\Program Files\JetBrains\IntelliJ IDEA 2021.2.3\bin -Dcom.sun.management.jmxremote -Dspring.jmx.enabled=true -Dspring.liveBeansView.mbeanDomain -Dspring.application.admin.enabled=true -Dfile.encoding=UTF-8 
java_command: kz.iitu.itse1909.borangaziyev.BorangaziyevApplication
java_class_path (initial): C:\Users\Anuar\IdeaProjects\Lab8\borangaziyev\target\classes;C:\Users\Anuar\.m2\repository\org\springframework\boot\spring-boot-starter\2.6.3\spring-boot-starter-2.6.3.jar;C:\Users\Anuar\.m2\repository\org\springframework\boot\spring-boot\2.6.3\spring-boot-2.6.3.jar;C:\Users\Anuar\.m2\repository\org\springframework\spring-context\5.3.15\spring-context-5.3.15.jar;C:\Users\Anuar\.m2\repository\org\springframework\boot\spring-boot-autoconfigure\2.6.3\spring-boot-autoconfigure-2.6.3.jar;C:\Users\Anuar\.m2\repository\org\springframework\boot\spring-boot-starter-logging\2.6.3\spring-boot-starter-logging-2.6.3.jar;C:\Users\Anuar\.m2\repository\ch\qos\logback\logback-classic\1.2.10\logback-classic-1.2.10.jar;C:\Users\Anuar\.m2\repository\ch\qos\logback\logback-core\1.2.10\logback-core-1.2.10.jar;C:\Users\Anuar\.m2\repository\org\apache\logging\log4j\log4j-to-slf4j\2.17.1\log4j-to-slf4j-2.17.1.jar;C:\Users\Anuar\.m2\repository\org\apache\logging\log4j\log4j-api\2.17.1\log4j-api-2.17.1.jar;C:\Users\Anuar\.m2\repository\org\slf4j\jul-to-slf4j\1.7.33\jul-to-slf4j-1.7.33.jar;C:\Users\Anuar\.m2\repository\jakarta\annotation\jakarta.annotation-api\1.3.5\jakarta.annotation-api-1.3.5.jar;C:\Users\Anuar\.m2\repository\org\springframework\spring-core\5.3.15\spring-core-5.3.15.jar;C:\Users\Anuar\.m2\repository\org\springframework\spring-jcl\5.3.15\spring-jcl-5.3.15.jar;C:\Users\Anuar\.m2\repository\org\yaml\snakeyaml\1.29\snakeyaml-1.29.jar;C:\Users\Anuar\.m2\repository\org\springframework\boot\spring-boot-starter-activemq\2.6.3\spring-boot-starter-activemq-2.6.3.jar;C:\Users\Anuar\.m2\repository\org\springframework\spring-jms\5.3.15\spring-jms-5.3.15.jar;C:\Users\Anuar\.m2\repository\org\springframework\spring-beans\5.3.15\spring-beans-5.3.15.jar;C:\Users\Anuar\.m2\repository\org\springframework\spring-messaging\5.3.15\spring-messaging-5.3.15.jar;C:\Users\Anuar\.m2\repository\org\springframework\spring-tx\5.3.15\spring-tx-5.3.15.jar;C:\Users\Anuar\.m2\repo
Launcher Type: SUN_STANDARD

[Global flags]
     intx CICompilerCount                          = 4                                         {product} {ergonomic}
     uint ConcGCThreads                            = 2                                         {product} {ergonomic}
     uint G1ConcRefinementThreads                  = 8                                         {product} {ergonomic}
   size_t G1HeapRegionSize                         = 1048576                                   {product} {ergonomic}
    uintx GCDrainStackTargetSize                   = 64                                        {product} {ergonomic}
   size_t InitialHeapSize                          = 134217728                                 {product} {ergonomic}
     bool ManagementServer                         = true                                      {product} {command line}
   size_t MarkStackSize                            = 4194304                                   {product} {ergonomic}
   size_t MaxHeapSize                              = 2118123520                                {product} {ergonomic}
   size_t MaxNewSize                               = 1270874112                                {product} {ergonomic}
   size_t MinHeapDeltaBytes                        = 1048576                                   {product} {ergonomic}
   size_t MinHeapSize                              = 8388608                                   {product} {ergonomic}
    uintx NonProfiledCodeHeapSize                  = 0                                      {pd product} {ergonomic}
     bool ProfileInterpreter                       = false                                  {pd product} {command line}
    uintx ProfiledCodeHeapSize                     = 0                                      {pd product} {ergonomic}
   size_t SoftMaxHeapSize                          = 2118123520                             {manageable} {ergonomic}
     intx TieredStopAtLevel                        = 1                                         {product} {command line}
     bool UseCompressedClassPointers               = true                           {product lp64_product} {ergonomic}
     bool UseCompressedOops                        = true                           {product lp64_product} {ergonomic}
     bool UseG1GC                                  = true                                      {product} {ergonomic}
     bool UseLargePagesIndividualAllocation        = false                                  {pd product} {ergonomic}

Logging:
Log output configuration:
 #0: stdout all=warning uptime,level,tags
 #1: stderr all=off uptime,level,tags

Environment Variables:
PATH=C:\Program Files\OpenJDK\jdk-11.0.8.10-hotspot\bin;C:\Program Files (x86)\VMware\VMware Player\bin\;C:\Program Files\Common Files\Oracle\Java\javapath;C:\WINDOWS\system32;C:\WINDOWS;C:\WINDOWS\System32\Wbem;C:\WINDOWS\System32\WindowsPowerShell\v1.0\;C:\WINDOWS\System32\OpenSSH\;C:\Program Files\Git\cmd;C:\Program Files\Git\bin\;C:\Program Files\Microsoft SQL Server\150\Tools\Binn\;C:\Program Files\Microsoft SQL Server\Client SDK\ODBC\170\Tools\Binn\;C:\Program Files\dotnet\;C:\Program Files (x86)\Microsoft SQL Server\150\DTS\Binn\;C:\Program Files\Azure Data Studio\bin;C:\Program Files (x86)\Microsoft SQL Server\150\Tools\Binn\;C:\Program Files\Microsoft SQL Server\150\DTS\Binn\;C:\Program Files (x86)\dotnet\;C:\Users\Anuar\AppData\Local\Programs\Python\Python310\Scripts\;C:\Users\Anuar\AppData\Local\Programs\Python\Python310\;C:\Users\Anuar\AppData\Local\Microsoft\WindowsApps;C:\Users\Anuar\AppData\Local\Programs\Microsoft VS Code\bin;C:\Program Files\JetBrains\IntelliJ IDEA 2021.2.3\bin;;C:\Users\Anuar\.dotnet\tools;C:\Program Files\Azure Data Studio\bin
USERNAME=Anuar
OS=Windows_NT
PROCESSOR_IDENTIFIER=Intel64 Family 6 Model 142 Stepping 11, GenuineIntel



---------------  S Y S T E M  ---------------

OS:
 Windows 10 , 64 bit Build 19041 (10.0.19041.1566)
OS uptime: 0 days 3:31 hours

CPU: total 8 (initial active 8) (4 cores per cpu, 2 threads per core) family 6 model 142 stepping 11 microcode 0xc6, cx8, cmov, fxsr, ht, mmx, 3dnowpref, sse, sse2, sse3, ssse3, sse4.1, sse4.2, popcnt, lzcnt, tsc, tscinvbit, avx, avx2, aes, erms, clmul, bmi1, bmi2, adx, fma, vzeroupper, clflush, clflushopt

Memory: 4k page, system-wide physical 8072M (465M free)
TotalPageFile size 10120M (AvailPageFile size 0M)
current process WorkingSet (physical memory assigned to process): 212M, peak: 212M
current process commit charge ("private bytes"): 254M, peak: 254M

vm_info: Java HotSpot(TM) 64-Bit Server VM (17.0.1+12-LTS-39) for windows-amd64 JRE (17.0.1+12-LTS-39), built on Sep 27 2021 18:41:35 by "mach5one" with MS VC++ 16.8 (VS2019)

END.
