#
# There is insufficient memory for the Java Runtime Environment to continue.
# Native memory allocation (malloc) failed to allocate 8208 bytes for AllocateHeap
# Possible reasons:
#   The system is out of physical RAM or swap space
#   The process is running with CompressedOops enabled, and the Java Heap may be blocking the growth of the native heap
# Possible solutions:
#   Reduce memory load on the system
#   Increase physical memory or swap space
#   Check if swap backing store is full
#   Decrease Java heap size (-Xmx/-Xms)
#   Decrease number of Java threads
#   Decrease Java thread stack sizes (-Xss)
#   Set larger code cache with -XX:ReservedCodeCacheSize=
#   JVM is running with Unscaled Compressed Oops mode in which the Java heap is
#     placed in the first 4GB address space. The Java Heap base address is the
#     maximum limit for the native heap growth. Please use -XX:HeapBaseMinAddress
#     to set the Java Heap base and to place the Java Heap above 4GB virtual address.
# This output file may be truncated or incomplete.
#
#  Out of Memory Error (t:/workspace/open/src/hotspot/share/memory/allocation.cpp:45), pid=13584, tid=524
#
# JRE version: Java(TM) SE Runtime Environment (13.0.2+8) (build 13.0.2+8)
# Java VM: Java HotSpot(TM) 64-Bit Server VM (13.0.2+8, mixed mode, sharing, tiered, compressed oops, g1 gc, windows-amd64)
# No core dump will be written. Minidumps are not enabled by default on client versions of Windows
#

---------------  S U M M A R Y ------------

Command Line: -XX:TieredStopAtLevel=1 -Xverify:none -Dspring.output.ansi.enabled=always -javaagent:C:\Program Files\JetBrains\IntelliJ IDEA 2021.2.3\lib\idea_rt.jar=49200:C:\Program Files\JetBrains\IntelliJ IDEA 2021.2.3\bin -Dcom.sun.management.jmxremote -Dspring.jmx.enabled=true -Dspring.liveBeansView.mbeanDomain -Dspring.application.admin.enabled=true -Dfile.encoding=UTF-8 kz.iitu.itse1909.borangaziyev.Lab1Application

Host: Intel(R) Core(TM) i5-8265U CPU @ 1.60GHz, 8 cores, 7G,  Windows 10 , 64 bit Build 19041 (10.0.19041.1466)
Time: Fri Jan 28 16:32:31 2022 Central Asia Standard Time elapsed time: 1 seconds (0d 0h 0m 1s)

---------------  T H R E A D  ---------------

Current thread (0x0000027a4b91a000):  JavaThread "Reference Handler" daemon [_thread_in_Java, id=524, stack(0x000000ae2ec00000,0x000000ae2ed00000)]

Stack: [0x000000ae2ec00000,0x000000ae2ed00000]
[error occurred during error reporting (printing stack bounds), id 0xc0000005, EXCEPTION_ACCESS_VIOLATION (0xc0000005) at pc=0x0000027a34f40b8b]

Native frames: (J=compiled Java code, j=interpreted, Vv=VM code, C=native code)
V  [jvm.dll+0x624f9a]
V  [jvm.dll+0x770cfa]
V  [jvm.dll+0x7724af]
V  [jvm.dll+0x772a15]
V  [jvm.dll+0x7729cb]
V  [jvm.dll+0x6244df]
C  [ntdll.dll+0x78a3c]
C  [ntdll.dll+0x51276]
C  [ntdll.dll+0xa0bfe]
C  0x0000027a34f40b8b


---------------  P R O C E S S  ---------------

Threads class SMR info:
_java_thread_list=0x0000027a4ca463d0, length=11, elements={
0x0000027a2ca34000, 0x0000027a4b91a000, 0x0000027a4b91b000, 0x0000027a4c242800,
0x0000027a4c243000, 0x0000027a4c244000, 0x0000027a4c245000, 0x0000027a4b902800,
0x0000027a4c588000, 0x0000027a4c589000, 0x0000027a4ca4d000
}

Java Threads: ( => current thread )
  0x0000027a2ca34000 JavaThread "main" [_thread_blocked, id=4904, stack(0x000000ae2e500000,0x000000ae2e600000)]
=>0x0000027a4b91a000 JavaThread "Reference Handler" daemon [_thread_in_Java, id=524, stack(0x000000ae2ec00000,0x000000ae2ed00000)]
  0x0000027a4b91b000 JavaThread "Finalizer" daemon [_thread_blocked, id=11908, stack(0x000000ae2ed00000,0x000000ae2ee00000)]
  0x0000027a4c242800 JavaThread "Signal Dispatcher" daemon [_thread_blocked, id=12844, stack(0x000000ae2ee00000,0x000000ae2ef00000)]
  0x0000027a4c243000 JavaThread "Attach Listener" daemon [_thread_blocked, id=12820, stack(0x000000ae2ef00000,0x000000ae2f000000)]
  0x0000027a4c244000 JavaThread "C1 CompilerThread0" daemon [_thread_blocked, id=4044, stack(0x000000ae2f000000,0x000000ae2f100000)]
  0x0000027a4c245000 JavaThread "Sweeper thread" daemon [_thread_blocked, id=7232, stack(0x000000ae2f100000,0x000000ae2f200000)]
  0x0000027a4b902800 JavaThread "Common-Cleaner" daemon [_thread_blocked, id=11100, stack(0x000000ae2f200000,0x000000ae2f300000)]
  0x0000027a4c588000 JavaThread "Monitor Ctrl-Break" daemon [_thread_in_native, id=9176, stack(0x000000ae2f300000,0x000000ae2f400000)]
  0x0000027a4c589000 JavaThread "Service Thread" daemon [_thread_blocked, id=12172, stack(0x000000ae2f400000,0x000000ae2f500000)]
  0x0000027a4ca4d000 JavaThread "RMI TCP Accept-0" daemon [_thread_in_native, id=12452, stack(0x000000ae2f500000,0x000000ae2f600000)]

Other Threads:
  0x0000027a4b919000 VMThread "VM Thread" [stack: 0x000000ae2eb00000,0x000000ae2ec00000] [id=14824]
  0x0000027a4ca77800 WatcherThread [stack: 0x000000ae2f600000,0x000000ae2f700000] [id=11844]
  0x0000027a2ca76800 GCTaskThread "GC Thread#0" [stack: 0x000000ae2e600000,0x000000ae2e700000] [id=8504]
  0x0000027a4d192800 GCTaskThread "GC Thread#1" [stack: 0x000000ae2f700000,0x000000ae2f800000] [id=9788]
  0x0000027a4d193000 GCTaskThread "GC Thread#2" [stack: 0x000000ae2f800000,0x000000ae2f900000] [id=11636]
  0x0000027a2ca8c000 ConcurrentGCThread "G1 Main Marker" [stack: 0x000000ae2e700000,0x000000ae2e800000] [id=4596]
  0x0000027a2ca8e000 ConcurrentGCThread "G1 Conc#0" [stack: 0x000000ae2e800000,0x000000ae2e900000] [id=3452]
  0x0000027a4cded800 ConcurrentGCThread "G1 Conc#1" [stack: 0x000000ae2f900000,0x000000ae2fa00000] [id=13608]
  0x0000027a4b791800 ConcurrentGCThread "G1 Refine#0" [stack: 0x000000ae2e900000,0x000000ae2ea00000] [id=12936]
  0x0000027a4b793800 ConcurrentGCThread "G1 Young RemSet Sampling" [stack: 0x000000ae2ea00000,0x000000ae2eb00000] [id=12264]

Threads with active compile tasks:

VM state:not at safepoint (normal execution)

VM Mutex/Monitor currently owned by a thread:  ([mutex/lock_event])
[0x0000027a2ca2f360] Compile_lock - owner thread: 0x0000027a2ca34000

Heap address: 0x0000000081c00000, size: 2020 MB, Compressed Oops mode: 32-bit
Narrow klass base: 0x0000000800000000, Narrow klass shift: 3
Compressed class space size: 1073741824 Address: 0x0000000800b40000

Heap:
 garbage-first heap   total 131072K, used 6036K [0x0000000081c00000, 0x0000000100000000)
  region size 1024K, 4 young (4096K), 3 survivors (3072K)
 Metaspace       used 6567K, capacity 6938K, committed 7168K, reserved 1062912K
  class space    used 812K, capacity 923K, committed 1024K, reserved 1048576K
Heap Regions: E=young(eden), S=young(survivor), O=old, HS=humongous(starts), HC=humongous(continues), CS=collection set, F=free, A=archive, TAMS=top-at-mark-start (previous, next)
|   0|0x0000000081c00000, 0x0000000081d00000, 0x0000000081d00000|100%|HS|  |TAMS 0x0000000081c00000, 0x0000000081d00000| Complete 
|   1|0x0000000081d00000, 0x0000000081e00000, 0x0000000081e00000|100%| O|  |TAMS 0x0000000081d00000, 0x0000000081d00000| Untracked 
|   2|0x0000000081e00000, 0x0000000081ee5000, 0x0000000081f00000| 89%| O|  |TAMS 0x0000000081e00000, 0x0000000081e00000| Untracked 
|   3|0x0000000081f00000, 0x0000000081f00000, 0x0000000082000000|  0%| F|  |TAMS 0x0000000081f00000, 0x0000000081f00000| Untracked 
|   4|0x0000000082000000, 0x0000000082000000, 0x0000000082100000|  0%| F|  |TAMS 0x0000000082000000, 0x0000000082000000| Untracked 
|   5|0x0000000082100000, 0x0000000082100000, 0x0000000082200000|  0%| F|  |TAMS 0x0000000082100000, 0x0000000082100000| Untracked 
|   6|0x0000000082200000, 0x0000000082200000, 0x0000000082300000|  0%| F|  |TAMS 0x0000000082200000, 0x0000000082200000| Untracked 
|   7|0x0000000082300000, 0x0000000082300000, 0x0000000082400000|  0%| F|  |TAMS 0x0000000082300000, 0x0000000082300000| Untracked 
|   8|0x0000000082400000, 0x0000000082400000, 0x0000000082500000|  0%| F|  |TAMS 0x0000000082400000, 0x0000000082400000| Untracked 
|   9|0x0000000082500000, 0x0000000082500000, 0x0000000082600000|  0%| F|  |TAMS 0x0000000082500000, 0x0000000082500000| Untracked 
|  10|0x0000000082600000, 0x0000000082600000, 0x0000000082700000|  0%| F|  |TAMS 0x0000000082600000, 0x0000000082600000| Untracked 
|  11|0x0000000082700000, 0x0000000082700000, 0x0000000082800000|  0%| F|  |TAMS 0x0000000082700000, 0x0000000082700000| Untracked 
|  12|0x0000000082800000, 0x0000000082800000, 0x0000000082900000|  0%| F|  |TAMS 0x0000000082800000, 0x0000000082800000| Untracked 
|  13|0x0000000082900000, 0x0000000082900000, 0x0000000082a00000|  0%| F|  |TAMS 0x0000000082900000, 0x0000000082900000| Untracked 
|  14|0x0000000082a00000, 0x0000000082a00000, 0x0000000082b00000|  0%| F|  |TAMS 0x0000000082a00000, 0x0000000082a00000| Untracked 
|  15|0x0000000082b00000, 0x0000000082b00000, 0x0000000082c00000|  0%| F|  |TAMS 0x0000000082b00000, 0x0000000082b00000| Untracked 
|  16|0x0000000082c00000, 0x0000000082c00000, 0x0000000082d00000|  0%| F|  |TAMS 0x0000000082c00000, 0x0000000082c00000| Untracked 
|  17|0x0000000082d00000, 0x0000000082d00000, 0x0000000082e00000|  0%| F|  |TAMS 0x0000000082d00000, 0x0000000082d00000| Untracked 
|  18|0x0000000082e00000, 0x0000000082e00000, 0x0000000082f00000|  0%| F|  |TAMS 0x0000000082e00000, 0x0000000082e00000| Untracked 
|  19|0x0000000082f00000, 0x0000000082f00000, 0x0000000083000000|  0%| F|  |TAMS 0x0000000082f00000, 0x0000000082f00000| Untracked 
|  20|0x0000000083000000, 0x0000000083000000, 0x0000000083100000|  0%| F|  |TAMS 0x0000000083000000, 0x0000000083000000| Untracked 
|  21|0x0000000083100000, 0x0000000083100000, 0x0000000083200000|  0%| F|  |TAMS 0x0000000083100000, 0x0000000083100000| Untracked 
|  22|0x0000000083200000, 0x0000000083200000, 0x0000000083300000|  0%| F|  |TAMS 0x0000000083200000, 0x0000000083200000| Untracked 
|  23|0x0000000083300000, 0x0000000083300000, 0x0000000083400000|  0%| F|  |TAMS 0x0000000083300000, 0x0000000083300000| Untracked 
|  24|0x0000000083400000, 0x0000000083400000, 0x0000000083500000|  0%| F|  |TAMS 0x0000000083400000, 0x0000000083400000| Untracked 
|  25|0x0000000083500000, 0x0000000083500000, 0x0000000083600000|  0%| F|  |TAMS 0x0000000083500000, 0x0000000083500000| Untracked 
|  26|0x0000000083600000, 0x0000000083600000, 0x0000000083700000|  0%| F|  |TAMS 0x0000000083600000, 0x0000000083600000| Untracked 
|  27|0x0000000083700000, 0x0000000083700000, 0x0000000083800000|  0%| F|  |TAMS 0x0000000083700000, 0x0000000083700000| Untracked 
|  28|0x0000000083800000, 0x0000000083800000, 0x0000000083900000|  0%| F|  |TAMS 0x0000000083800000, 0x0000000083800000| Untracked 
|  29|0x0000000083900000, 0x0000000083900000, 0x0000000083a00000|  0%| F|  |TAMS 0x0000000083900000, 0x0000000083900000| Untracked 
|  30|0x0000000083a00000, 0x0000000083a00000, 0x0000000083b00000|  0%| F|  |TAMS 0x0000000083a00000, 0x0000000083a00000| Untracked 
|  31|0x0000000083b00000, 0x0000000083b00000, 0x0000000083c00000|  0%| F|  |TAMS 0x0000000083b00000, 0x0000000083b00000| Untracked 
|  32|0x0000000083c00000, 0x0000000083c00000, 0x0000000083d00000|  0%| F|  |TAMS 0x0000000083c00000, 0x0000000083c00000| Untracked 
|  33|0x0000000083d00000, 0x0000000083d00000, 0x0000000083e00000|  0%| F|  |TAMS 0x0000000083d00000, 0x0000000083d00000| Untracked 
|  34|0x0000000083e00000, 0x0000000083e00000, 0x0000000083f00000|  0%| F|  |TAMS 0x0000000083e00000, 0x0000000083e00000| Untracked 
|  35|0x0000000083f00000, 0x0000000083f00000, 0x0000000084000000|  0%| F|  |TAMS 0x0000000083f00000, 0x0000000083f00000| Untracked 
|  36|0x0000000084000000, 0x0000000084000000, 0x0000000084100000|  0%| F|  |TAMS 0x0000000084000000, 0x0000000084000000| Untracked 
|  37|0x0000000084100000, 0x0000000084100000, 0x0000000084200000|  0%| F|  |TAMS 0x0000000084100000, 0x0000000084100000| Untracked 
|  38|0x0000000084200000, 0x0000000084200000, 0x0000000084300000|  0%| F|  |TAMS 0x0000000084200000, 0x0000000084200000| Untracked 
|  39|0x0000000084300000, 0x0000000084300000, 0x0000000084400000|  0%| F|  |TAMS 0x0000000084300000, 0x0000000084300000| Untracked 
|  40|0x0000000084400000, 0x0000000084400000, 0x0000000084500000|  0%| F|  |TAMS 0x0000000084400000, 0x0000000084400000| Untracked 
|  41|0x0000000084500000, 0x0000000084500000, 0x0000000084600000|  0%| F|  |TAMS 0x0000000084500000, 0x0000000084500000| Untracked 
|  42|0x0000000084600000, 0x0000000084600000, 0x0000000084700000|  0%| F|  |TAMS 0x0000000084600000, 0x0000000084600000| Untracked 
|  43|0x0000000084700000, 0x0000000084700000, 0x0000000084800000|  0%| F|  |TAMS 0x0000000084700000, 0x0000000084700000| Untracked 
|  44|0x0000000084800000, 0x0000000084800000, 0x0000000084900000|  0%| F|  |TAMS 0x0000000084800000, 0x0000000084800000| Untracked 
|  45|0x0000000084900000, 0x0000000084900000, 0x0000000084a00000|  0%| F|  |TAMS 0x0000000084900000, 0x0000000084900000| Untracked 
|  46|0x0000000084a00000, 0x0000000084a00000, 0x0000000084b00000|  0%| F|  |TAMS 0x0000000084a00000, 0x0000000084a00000| Untracked 
|  47|0x0000000084b00000, 0x0000000084b00000, 0x0000000084c00000|  0%| F|  |TAMS 0x0000000084b00000, 0x0000000084b00000| Untracked 
|  48|0x0000000084c00000, 0x0000000084c00000, 0x0000000084d00000|  0%| F|  |TAMS 0x0000000084c00000, 0x0000000084c00000| Untracked 
|  49|0x0000000084d00000, 0x0000000084d00000, 0x0000000084e00000|  0%| F|  |TAMS 0x0000000084d00000, 0x0000000084d00000| Untracked 
|  50|0x0000000084e00000, 0x0000000084e00000, 0x0000000084f00000|  0%| F|  |TAMS 0x0000000084e00000, 0x0000000084e00000| Untracked 
|  51|0x0000000084f00000, 0x0000000084f00000, 0x0000000085000000|  0%| F|  |TAMS 0x0000000084f00000, 0x0000000084f00000| Untracked 
|  52|0x0000000085000000, 0x0000000085000000, 0x0000000085100000|  0%| F|  |TAMS 0x0000000085000000, 0x0000000085000000| Untracked 
|  53|0x0000000085100000, 0x0000000085100000, 0x0000000085200000|  0%| F|  |TAMS 0x0000000085100000, 0x0000000085100000| Untracked 
|  54|0x0000000085200000, 0x0000000085200000, 0x0000000085300000|  0%| F|  |TAMS 0x0000000085200000, 0x0000000085200000| Untracked 
|  55|0x0000000085300000, 0x0000000085300000, 0x0000000085400000|  0%| F|  |TAMS 0x0000000085300000, 0x0000000085300000| Untracked 
|  56|0x0000000085400000, 0x0000000085400000, 0x0000000085500000|  0%| F|  |TAMS 0x0000000085400000, 0x0000000085400000| Untracked 
|  57|0x0000000085500000, 0x0000000085500000, 0x0000000085600000|  0%| F|  |TAMS 0x0000000085500000, 0x0000000085500000| Untracked 
|  58|0x0000000085600000, 0x0000000085600000, 0x0000000085700000|  0%| F|  |TAMS 0x0000000085600000, 0x0000000085600000| Untracked 
|  59|0x0000000085700000, 0x0000000085700000, 0x0000000085800000|  0%| F|  |TAMS 0x0000000085700000, 0x0000000085700000| Untracked 
|  60|0x0000000085800000, 0x0000000085800000, 0x0000000085900000|  0%| F|  |TAMS 0x0000000085800000, 0x0000000085800000| Untracked 
|  61|0x0000000085900000, 0x0000000085900000, 0x0000000085a00000|  0%| F|  |TAMS 0x0000000085900000, 0x0000000085900000| Untracked 
|  62|0x0000000085a00000, 0x0000000085a00000, 0x0000000085b00000|  0%| F|  |TAMS 0x0000000085a00000, 0x0000000085a00000| Untracked 
|  63|0x0000000085b00000, 0x0000000085b00000, 0x0000000085c00000|  0%| F|  |TAMS 0x0000000085b00000, 0x0000000085b00000| Untracked 
|  64|0x0000000085c00000, 0x0000000085c00000, 0x0000000085d00000|  0%| F|  |TAMS 0x0000000085c00000, 0x0000000085c00000| Untracked 
|  65|0x0000000085d00000, 0x0000000085d00000, 0x0000000085e00000|  0%| F|  |TAMS 0x0000000085d00000, 0x0000000085d00000| Untracked 
|  66|0x0000000085e00000, 0x0000000085e00000, 0x0000000085f00000|  0%| F|  |TAMS 0x0000000085e00000, 0x0000000085e00000| Untracked 
|  67|0x0000000085f00000, 0x0000000085f00000, 0x0000000086000000|  0%| F|  |TAMS 0x0000000085f00000, 0x0000000085f00000| Untracked 
|  68|0x0000000086000000, 0x0000000086000000, 0x0000000086100000|  0%| F|  |TAMS 0x0000000086000000, 0x0000000086000000| Untracked 
|  69|0x0000000086100000, 0x0000000086100000, 0x0000000086200000|  0%| F|  |TAMS 0x0000000086100000, 0x0000000086100000| Untracked 
|  70|0x0000000086200000, 0x0000000086200000, 0x0000000086300000|  0%| F|  |TAMS 0x0000000086200000, 0x0000000086200000| Untracked 
|  71|0x0000000086300000, 0x0000000086300000, 0x0000000086400000|  0%| F|  |TAMS 0x0000000086300000, 0x0000000086300000| Untracked 
|  72|0x0000000086400000, 0x0000000086400000, 0x0000000086500000|  0%| F|  |TAMS 0x0000000086400000, 0x0000000086400000| Untracked 
|  73|0x0000000086500000, 0x0000000086500000, 0x0000000086600000|  0%| F|  |TAMS 0x0000000086500000, 0x0000000086500000| Untracked 
|  74|0x0000000086600000, 0x0000000086600000, 0x0000000086700000|  0%| F|  |TAMS 0x0000000086600000, 0x0000000086600000| Untracked 
|  75|0x0000000086700000, 0x0000000086700000, 0x0000000086800000|  0%| F|  |TAMS 0x0000000086700000, 0x0000000086700000| Untracked 
|  76|0x0000000086800000, 0x0000000086800000, 0x0000000086900000|  0%| F|  |TAMS 0x0000000086800000, 0x0000000086800000| Untracked 
|  77|0x0000000086900000, 0x0000000086900000, 0x0000000086a00000|  0%| F|  |TAMS 0x0000000086900000, 0x0000000086900000| Untracked 
|  78|0x0000000086a00000, 0x0000000086a00000, 0x0000000086b00000|  0%| F|  |TAMS 0x0000000086a00000, 0x0000000086a00000| Untracked 
|  79|0x0000000086b00000, 0x0000000086b00000, 0x0000000086c00000|  0%| F|  |TAMS 0x0000000086b00000, 0x0000000086b00000| Untracked 
|  80|0x0000000086c00000, 0x0000000086c00000, 0x0000000086d00000|  0%| F|  |TAMS 0x0000000086c00000, 0x0000000086c00000| Untracked 
|  81|0x0000000086d00000, 0x0000000086d00000, 0x0000000086e00000|  0%| F|  |TAMS 0x0000000086d00000, 0x0000000086d00000| Untracked 
|  82|0x0000000086e00000, 0x0000000086e00000, 0x0000000086f00000|  0%| F|  |TAMS 0x0000000086e00000, 0x0000000086e00000| Untracked 
|  83|0x0000000086f00000, 0x0000000086f00000, 0x0000000087000000|  0%| F|  |TAMS 0x0000000086f00000, 0x0000000086f00000| Untracked 
|  84|0x0000000087000000, 0x0000000087000000, 0x0000000087100000|  0%| F|  |TAMS 0x0000000087000000, 0x0000000087000000| Untracked 
|  85|0x0000000087100000, 0x0000000087100000, 0x0000000087200000|  0%| F|  |TAMS 0x0000000087100000, 0x0000000087100000| Untracked 
|  86|0x0000000087200000, 0x0000000087200000, 0x0000000087300000|  0%| F|  |TAMS 0x0000000087200000, 0x0000000087200000| Untracked 
|  87|0x0000000087300000, 0x0000000087300000, 0x0000000087400000|  0%| F|  |TAMS 0x0000000087300000, 0x0000000087300000| Untracked 
|  88|0x0000000087400000, 0x0000000087400000, 0x0000000087500000|  0%| F|  |TAMS 0x0000000087400000, 0x0000000087400000| Untracked 
|  89|0x0000000087500000, 0x0000000087500000, 0x0000000087600000|  0%| F|  |TAMS 0x0000000087500000, 0x0000000087500000| Untracked 
|  90|0x0000000087600000, 0x0000000087600000, 0x0000000087700000|  0%| F|  |TAMS 0x0000000087600000, 0x0000000087600000| Untracked 
|  91|0x0000000087700000, 0x0000000087700000, 0x0000000087800000|  0%| F|  |TAMS 0x0000000087700000, 0x0000000087700000| Untracked 
|  92|0x0000000087800000, 0x0000000087800000, 0x0000000087900000|  0%| F|  |TAMS 0x0000000087800000, 0x0000000087800000| Untracked 
|  93|0x0000000087900000, 0x0000000087900000, 0x0000000087a00000|  0%| F|  |TAMS 0x0000000087900000, 0x0000000087900000| Untracked 
|  94|0x0000000087a00000, 0x0000000087a00000, 0x0000000087b00000|  0%| F|  |TAMS 0x0000000087a00000, 0x0000000087a00000| Untracked 
|  95|0x0000000087b00000, 0x0000000087b00000, 0x0000000087c00000|  0%| F|  |TAMS 0x0000000087b00000, 0x0000000087b00000| Untracked 
|  96|0x0000000087c00000, 0x0000000087c00000, 0x0000000087d00000|  0%| F|  |TAMS 0x0000000087c00000, 0x0000000087c00000| Untracked 
|  97|0x0000000087d00000, 0x0000000087d00000, 0x0000000087e00000|  0%| F|  |TAMS 0x0000000087d00000, 0x0000000087d00000| Untracked 
|  98|0x0000000087e00000, 0x0000000087e00000, 0x0000000087f00000|  0%| F|  |TAMS 0x0000000087e00000, 0x0000000087e00000| Untracked 
|  99|0x0000000087f00000, 0x0000000087f00000, 0x0000000088000000|  0%| F|  |TAMS 0x0000000087f00000, 0x0000000087f00000| Untracked 
| 100|0x0000000088000000, 0x0000000088000000, 0x0000000088100000|  0%| F|  |TAMS 0x0000000088000000, 0x0000000088000000| Untracked 
| 101|0x0000000088100000, 0x0000000088100000, 0x0000000088200000|  0%| F|  |TAMS 0x0000000088100000, 0x0000000088100000| Untracked 
| 102|0x0000000088200000, 0x0000000088200000, 0x0000000088300000|  0%| F|  |TAMS 0x0000000088200000, 0x0000000088200000| Untracked 
| 103|0x0000000088300000, 0x0000000088300000, 0x0000000088400000|  0%| F|  |TAMS 0x0000000088300000, 0x0000000088300000| Untracked 
| 104|0x0000000088400000, 0x0000000088400000, 0x0000000088500000|  0%| F|  |TAMS 0x0000000088400000, 0x0000000088400000| Untracked 
| 105|0x0000000088500000, 0x0000000088500000, 0x0000000088600000|  0%| F|  |TAMS 0x0000000088500000, 0x0000000088500000| Untracked 
| 106|0x0000000088600000, 0x0000000088600000, 0x0000000088700000|  0%| F|  |TAMS 0x0000000088600000, 0x0000000088600000| Untracked 
| 107|0x0000000088700000, 0x0000000088800000, 0x0000000088800000|100%| S|CS|TAMS 0x0000000088700000, 0x0000000088700000| Complete 
| 108|0x0000000088800000, 0x0000000088900000, 0x0000000088900000|100%| S|CS|TAMS 0x0000000088800000, 0x0000000088800000| Complete 
| 109|0x0000000088900000, 0x0000000088a00000, 0x0000000088a00000|100%| S|CS|TAMS 0x0000000088900000, 0x0000000088900000| Complete 
| 110|0x0000000088a00000, 0x0000000088a00000, 0x0000000088b00000|  0%| F|  |TAMS 0x0000000088a00000, 0x0000000088a00000| Untracked 
| 111|0x0000000088b00000, 0x0000000088b00000, 0x0000000088c00000|  0%| F|  |TAMS 0x0000000088b00000, 0x0000000088b00000| Untracked 
| 112|0x0000000088c00000, 0x0000000088c00000, 0x0000000088d00000|  0%| F|  |TAMS 0x0000000088c00000, 0x0000000088c00000| Untracked 
| 113|0x0000000088d00000, 0x0000000088d00000, 0x0000000088e00000|  0%| F|  |TAMS 0x0000000088d00000, 0x0000000088d00000| Untracked 
| 114|0x0000000088e00000, 0x0000000088e00000, 0x0000000088f00000|  0%| F|  |TAMS 0x0000000088e00000, 0x0000000088e00000| Untracked 
| 115|0x0000000088f00000, 0x0000000088f00000, 0x0000000089000000|  0%| F|  |TAMS 0x0000000088f00000, 0x0000000088f00000| Untracked 
| 116|0x0000000089000000, 0x0000000089000000, 0x0000000089100000|  0%| F|  |TAMS 0x0000000089000000, 0x0000000089000000| Untracked 
| 117|0x0000000089100000, 0x0000000089100000, 0x0000000089200000|  0%| F|  |TAMS 0x0000000089100000, 0x0000000089100000| Untracked 
| 118|0x0000000089200000, 0x0000000089200000, 0x0000000089300000|  0%| F|  |TAMS 0x0000000089200000, 0x0000000089200000| Untracked 
| 119|0x0000000089300000, 0x0000000089300000, 0x0000000089400000|  0%| F|  |TAMS 0x0000000089300000, 0x0000000089300000| Untracked 
| 120|0x0000000089400000, 0x0000000089400000, 0x0000000089500000|  0%| F|  |TAMS 0x0000000089400000, 0x0000000089400000| Untracked 
| 121|0x0000000089500000, 0x0000000089500000, 0x0000000089600000|  0%| F|  |TAMS 0x0000000089500000, 0x0000000089500000| Untracked 
| 122|0x0000000089600000, 0x0000000089600000, 0x0000000089700000|  0%| F|  |TAMS 0x0000000089600000, 0x0000000089600000| Untracked 
| 123|0x0000000089700000, 0x0000000089700000, 0x0000000089800000|  0%| F|  |TAMS 0x0000000089700000, 0x0000000089700000| Untracked 
| 124|0x0000000089800000, 0x0000000089800000, 0x0000000089900000|  0%| F|  |TAMS 0x0000000089800000, 0x0000000089800000| Untracked 
| 125|0x0000000089900000, 0x0000000089900000, 0x0000000089a00000|  0%| F|  |TAMS 0x0000000089900000, 0x0000000089900000| Untracked 
| 126|0x0000000089a00000, 0x0000000089a00000, 0x0000000089b00000|  0%| F|  |TAMS 0x0000000089a00000, 0x0000000089a00000| Untracked 
| 127|0x0000000089b00000, 0x0000000089b80000, 0x0000000089c00000| 50%| E|  |TAMS 0x0000000089b00000, 0x0000000089b00000| Complete 

Card table byte_map: [0x0000027a44790000,0x0000027a44b90000] _byte_map_base: 0x0000027a44382000

Marking Bits (Prev, Next): (CMBitMap*) 0x0000027a2ca79548, (CMBitMap*) 0x0000027a2ca79588
 Prev Bits: [0x0000027a44f90000, 0x0000027a46f20000)
 Next Bits: [0x0000027a46f20000, 0x0000027a48eb0000)

Polling page: 0x0000027a2a9f0000

Metaspace:

Usage:
  Non-class:      5.87 MB capacity,     5.62 MB ( 96%) used,   239.91 KB (  4%) free+waste,    19.88 KB ( <1%) overhead. 
      Class:    923.00 KB capacity,   812.77 KB ( 88%) used,    98.35 KB ( 11%) free+waste,    11.88 KB (  1%) overhead. 
       Both:      6.78 MB capacity,     6.41 MB ( 95%) used,   338.27 KB (  5%) free+waste,    31.75 KB ( <1%) overhead. 

Virtual space:
  Non-class space:       14.00 MB reserved,       6.00 MB ( 43%) committed 
      Class space:        1.00 GB reserved,       1.00 MB ( <1%) committed 
             Both:        1.01 GB reserved,       7.00 MB ( <1%) committed 

Chunk freelists:
   Non-Class:  1.00 KB
       Class:  5.00 KB
        Both:  6.00 KB

MaxMetaspaceSize: 17179869184.00 GB
CompressedClassSpaceSize: 1.00 GB

CodeHeap 'non-profiled nmethods': size=238336Kb used=1765Kb max_used=1765Kb free=236570Kb
 bounds [0x0000027a35680000, 0x0000027a358f0000, 0x0000027a43f40000]
CodeHeap 'non-nmethods': size=7424Kb used=1183Kb max_used=1183Kb free=6240Kb
 bounds [0x0000027a34f40000, 0x0000027a351b0000, 0x0000027a35680000]
 total_blobs=1873 nmethods=1161 adapters=367
 compilation: enabled
              stopped_count=0, restarted_count=0
 full_count=0

Compilation events (20 events):
Event: 1.248 Thread 0x0000027a4c244000 1148       1       java.lang.Class$ReflectionData::<init> (10 bytes)
Event: 1.248 Thread 0x0000027a4c244000 nmethod 1148 0x0000027a35836490 code [0x0000027a35836620, 0x0000027a35836758]
Event: 1.248 Thread 0x0000027a4c244000 1149       1       java.lang.Class$Atomic::casReflectionData (13 bytes)
Event: 1.248 Thread 0x0000027a4c244000 nmethod 1149 0x0000027a35836810 code [0x0000027a358369a0, 0x0000027a35836af8]
Event: 1.248 Thread 0x0000027a4c244000 1153       1       org.springframework.util.ConcurrentReferenceHashMap$Segment::restructureIfNecessary (56 bytes)
Event: 1.249 Thread 0x0000027a4c244000 nmethod 1153 0x0000027a35836b90 code [0x0000027a35836d60, 0x0000027a358371c0]
Event: 1.249 Thread 0x0000027a4c244000 1154       1       org.springframework.util.ConcurrentReferenceHashMap$ReferenceManager::pollForPurge (11 bytes)
Event: 1.249 Thread 0x0000027a4c244000 nmethod 1154 0x0000027a35837390 code [0x0000027a35837540, 0x0000027a358378f0]
Event: 1.249 Thread 0x0000027a4c244000 1155       1       java.util.concurrent.locks.AbstractOwnableSynchronizer::setExclusiveOwnerThread (6 bytes)
Event: 1.249 Thread 0x0000027a4c244000 nmethod 1155 0x0000027a35837a10 code [0x0000027a35837ba0, 0x0000027a35837d18]
Event: 1.256 Thread 0x0000027a4c244000 1156       1       java.security.SecureClassLoader$CodeSourceKey::equals (56 bytes)
Event: 1.256 Thread 0x0000027a4c244000 nmethod 1156 0x0000027a35837d90 code [0x0000027a35837f60, 0x0000027a35838260]
Event: 1.256 Thread 0x0000027a4c244000 1157       1       sun.reflect.generics.tree.SimpleClassTypeSignature::getTypeArguments (5 bytes)
Event: 1.256 Thread 0x0000027a4c244000 nmethod 1157 0x0000027a35838410 code [0x0000027a358385a0, 0x0000027a358386d8]
Event: 1.256 Thread 0x0000027a4c244000 1158       1       java.util.Objects::hashCode (13 bytes)
Event: 1.256 Thread 0x0000027a4c244000 nmethod 1158 0x0000027a35838790 code [0x0000027a35838940, 0x0000027a35838a90]
Event: 1.262 Thread 0x0000027a4c244000 1159       1       java.lang.invoke.StringConcatFactory$Recipe::getElements (5 bytes)
Event: 1.262 Thread 0x0000027a4c244000 nmethod 1159 0x0000027a35838b10 code [0x0000027a35838ca0, 0x0000027a35838dd8]
Event: 1.262 Thread 0x0000027a4c244000 1160       1       java.util.ImmutableCollections$List12::size (13 bytes)
Event: 1.262 Thread 0x0000027a4c244000 nmethod 1160 0x0000027a35838e90 code [0x0000027a35839020, 0x0000027a35839178]

GC Heap History (2 events):
Event: 1.266 GC heap before
{Heap before GC invocations=0 (full 0):
 garbage-first heap   total 131072K, used 17408K [0x0000000081c00000, 0x0000000100000000)
  region size 1024K, 18 young (18432K), 0 survivors (0K)
 Metaspace       used 6471K, capacity 6778K, committed 6784K, reserved 1062912K
  class space    used 797K, capacity 891K, committed 896K, reserved 1048576K
}
Event: 1.274 GC heap after
{Heap after GC invocations=1 (full 0):
 garbage-first heap   total 131072K, used 6036K [0x0000000081c00000, 0x0000000100000000)
  region size 1024K, 3 young (3072K), 3 survivors (3072K)
 Metaspace       used 6471K, capacity 6778K, committed 6784K, reserved 1062912K
  class space    used 797K, capacity 891K, committed 896K, reserved 1048576K
}

Deoptimization events (0 events):
No events

Classes unloaded (0 events):
No events

Classes redefined (0 events):
No events

Internal exceptions (14 events):
Event: 0.337 Thread 0x0000027a2ca34000 Exception <a 'java/lang/NoSuchMethodError'{0x000000008962b768}: 'java.lang.Object java.lang.invoke.DirectMethodHandle$Holder.invokeStaticInit(java.lang.Object, java.lang.Object, java.lang.Object)'> (0x000000008962b768) 
thrown [t:/workspace/open/src/hotspot/share/interpreter/linkResolver.cpp, line 767]
Event: 0.341 Thread 0x0000027a2ca34000 Exception <a 'java/lang/NoSuchMethodError'{0x0000000089644750}: 'int java.lang.invoke.DirectMethodHandle$Holder.invokeInterface(java.lang.Object, java.lang.Object)'> (0x0000000089644750) 
thrown [t:/workspace/open/src/hotspot/share/interpreter/linkResolver.cpp, line 767]
Event: 0.342 Thread 0x0000027a2ca34000 Exception <a 'java/lang/IncompatibleClassChangeError'{0x0000000089647258}: Found class java.lang.Object, but interface was expected> (0x0000000089647258) 
thrown [t:/workspace/open/src/hotspot/share/interpreter/linkResolver.cpp, line 833]
Event: 0.461 Thread 0x0000027a2ca34000 Exception <a 'java/lang/NoSuchMethodError'{0x00000000895f3248}: 'int java.lang.invoke.DirectMethodHandle$Holder.invokeSpecialIFC(java.lang.Object, java.lang.Object, java.lang.Object)'> (0x00000000895f3248) 
thrown [t:/workspace/open/src/hotspot/share/interpreter/linkResolver.cpp, line 767]
Event: 0.509 Thread 0x0000027a2ca34000 Exception <a 'java/lang/NoSuchMethodError'{0x0000000089449ce0}: 'java.lang.Object java.lang.invoke.DirectMethodHandle$Holder.invokeStaticInit(java.lang.Object, int, int, int, int)'> (0x0000000089449ce0) 
thrown [t:/workspace/open/src/hotspot/share/interpreter/linkResolver.cpp, line 767]
Event: 0.819 Thread 0x0000027a2ca34000 Exception <a 'java/lang/NoSuchMethodError'{0x00000000894b8748}: 'java.lang.Object java.lang.invoke.DirectMethodHandle$Holder.invokeStaticInit(java.lang.Object, java.lang.Object, int, int, int, int)'> (0x00000000894b8748) 
thrown [t:/workspace/open/src/hotspot/share/interpreter/linkResolver.cpp, line 767]
Event: 0.832 Thread 0x0000027a2ca34000 Exception <a 'java/lang/ClassNotFoundException'{0x00000000894d4a88}: javax/management/remote/rmi/RMIServerImpl_Skel> (0x00000000894d4a88) 
thrown [t:/workspace/open/src/hotspot/share/classfile/systemDictionary.cpp, line 232]
Event: 0.932 Thread 0x0000027a2ca34000 Exception <a 'java/lang/ClassNotFoundException'{0x000000008927b950}: javax/smartcardio/CardPermission> (0x000000008927b950) 
thrown [t:/workspace/open/src/hotspot/share/classfile/systemDictionary.cpp, line 232]
Event: 0.950 Thread 0x0000027a2ca34000 Exception <a 'java/io/FileNotFoundException'{0x0000000089289ee8}> (0x0000000089289ee8) 
thrown [t:/workspace/open/src/hotspot/share/prims/jni.cpp, line 598]
Event: 1.113 Thread 0x0000027a2ca34000 Exception <a 'java/lang/NoSuchMethodError'{0x0000000088fda370}: 'java.lang.Object java.lang.invoke.DirectMethodHandle$Holder.invokeSpecialIFC(java.lang.Object, java.lang.Object, java.lang.Object, java.lang.Object)'> (0x0000000088fda370) 
thrown [t:/workspace/open/src/hotspot/share/interpreter/linkResolver.cpp, line 767]
Event: 1.135 Thread 0x0000027a2ca34000 Exception <a 'java/lang/NoSuchMethodError'{0x0000000088e90a68}: 'int java.lang.invoke.DirectMethodHandle$Holder.invokeStaticInit(java.lang.Object, java.lang.Object)'> (0x0000000088e90a68) 
thrown [t:/workspace/open/src/hotspot/share/interpreter/linkResolver.cpp, line 767]
Event: 1.213 Thread 0x0000027a2ca34000 Exception <a 'java/lang/NoSuchMethodError'{0x0000000088c5b7e8}: 'int java.lang.invoke.DirectMethodHandle$Holder.invokeStaticInit(java.lang.Object, java.lang.Object, java.lang.Object)'> (0x0000000088c5b7e8) 
thrown [t:/workspace/open/src/hotspot/share/interpreter/linkResolver.cpp, line 767]
Event: 1.217 Thread 0x0000027a2ca34000 Exception <a 'java/lang/NoSuchMethodError'{0x0000000088c87720}: 'java.lang.Object java.lang.invoke.DirectMethodHandle$Holder.invokeVirtual(java.lang.Object, java.lang.Object, java.lang.Object)'> (0x0000000088c87720) 
thrown [t:/workspace/open/src/hotspot/share/interpreter/linkResolver.cpp, line 767]
Event: 1.223 Thread 0x0000027a2ca34000 Exception <a 'java/lang/NoSuchMethodError'{0x0000000088cca510}: 'void java.lang.invoke.DirectMethodHandle$Holder.invokeSpecial(java.lang.Object, java.lang.Object)'> (0x0000000088cca510) 
thrown [t:/workspace/open/src/hotspot/share/interpreter/linkResolver.cpp, line 767]

Events (20 events):
Event: 1.262 loading class org/springframework/boot/DefaultApplicationArguments
Event: 1.262 loading class org/springframework/boot/DefaultApplicationArguments done
Event: 1.263 loading class org/springframework/boot/ApplicationArguments
Event: 1.263 loading class org/springframework/boot/ApplicationArguments done
Event: 1.263 loading class org/springframework/boot/DefaultApplicationArguments$Source
Event: 1.263 loading class org/springframework/boot/DefaultApplicationArguments$Source done
Event: 1.263 loading class org/springframework/core/env/SimpleCommandLinePropertySource
Event: 1.263 loading class org/springframework/core/env/SimpleCommandLinePropertySource done
Event: 1.264 loading class org/springframework/core/env/CommandLinePropertySource
Event: 1.264 loading class org/springframework/core/env/CommandLinePropertySource done
Event: 1.264 loading class org/springframework/core/env/EnumerablePropertySource
Event: 1.264 loading class org/springframework/core/env/EnumerablePropertySource done
Event: 1.264 loading class org/springframework/core/env/PropertySource
Event: 1.264 loading class org/springframework/core/env/PropertySource done
Event: 1.265 loading class org/springframework/core/env/SimpleCommandLineArgsParser
Event: 1.265 loading class org/springframework/core/env/SimpleCommandLineArgsParser done
Event: 1.265 Executing VM operation: CollectForMetadataAllocation
Event: 1.274 Executing VM operation: CollectForMetadataAllocation done
Event: 1.274 loading class org/springframework/core/env/CommandLineArgs
Event: 1.274 loading class org/springframework/core/env/CommandLineArgs done


Dynamic libraries:
0x00007ff613170000 - 0x00007ff61317f000 	C:\Program Files\Java\jdk-13.0.2\bin\java.exe
0x00007fff36450000 - 0x00007fff36645000 	C:\WINDOWS\SYSTEM32\ntdll.dll
0x00007fff34fe0000 - 0x00007fff3509e000 	C:\WINDOWS\System32\KERNEL32.DLL
0x00007fff33d10000 - 0x00007fff33fd8000 	C:\WINDOWS\System32\KERNELBASE.dll
0x00007fff33b60000 - 0x00007fff33c60000 	C:\WINDOWS\System32\ucrtbase.dll
0x00007fff2c810000 - 0x00007fff2c828000 	C:\Program Files\Java\jdk-13.0.2\bin\jli.dll
0x00007fff2e350000 - 0x00007fff2e365000 	C:\Program Files\Java\jdk-13.0.2\bin\VCRUNTIME140.dll
0x00007fff35980000 - 0x00007fff35a2e000 	C:\WINDOWS\System32\ADVAPI32.dll
0x00007fff35830000 - 0x00007fff358ce000 	C:\WINDOWS\System32\msvcrt.dll
0x00007fff34f40000 - 0x00007fff34fdc000 	C:\WINDOWS\System32\sechost.dll
0x00007fff35ab0000 - 0x00007fff35bd5000 	C:\WINDOWS\System32\RPCRT4.dll
0x00007fff34d30000 - 0x00007fff34ed1000 	C:\WINDOWS\System32\USER32.dll
0x00007fff34080000 - 0x00007fff340a2000 	C:\WINDOWS\System32\win32u.dll
0x00007fff34c70000 - 0x00007fff34c9b000 	C:\WINDOWS\System32\GDI32.dll
0x00007fff340b0000 - 0x00007fff341bd000 	C:\WINDOWS\System32\gdi32full.dll
0x00007fff033c0000 - 0x00007fff0365a000 	C:\WINDOWS\WinSxS\amd64_microsoft.windows.common-controls_6595b64144ccf1df_6.0.19041.1110_none_60b5254171f9507e\COMCTL32.dll
0x00007fff33fe0000 - 0x00007fff3407d000 	C:\WINDOWS\System32\msvcp_win.dll
0x00007fff2d2c0000 - 0x00007fff2d2ca000 	C:\WINDOWS\SYSTEM32\VERSION.dll
0x00007fff34b90000 - 0x00007fff34bc0000 	C:\WINDOWS\System32\IMM32.DLL
0x00007fff11a30000 - 0x00007fff11acb000 	C:\Program Files\Java\jdk-13.0.2\bin\msvcp140.dll
0x00007ffedb650000 - 0x00007ffedc1ad000 	C:\Program Files\Java\jdk-13.0.2\bin\server\jvm.dll
0x00007fff34820000 - 0x00007fff34828000 	C:\WINDOWS\System32\PSAPI.DLL
0x00007fff03780000 - 0x00007fff037a7000 	C:\WINDOWS\SYSTEM32\WINMM.dll
0x00007fff0ba70000 - 0x00007fff0ba79000 	C:\WINDOWS\SYSTEM32\WSOCK32.dll
0x00007fff350a0000 - 0x00007fff3510b000 	C:\WINDOWS\System32\WS2_32.dll
0x00007fff323e0000 - 0x00007fff323f2000 	C:\WINDOWS\SYSTEM32\kernel.appcore.dll
0x00007fff2d780000 - 0x00007fff2d790000 	C:\Program Files\Java\jdk-13.0.2\bin\verify.dll
0x00007fff31950000 - 0x00007fff31b34000 	C:\WINDOWS\SYSTEM32\DBGHELP.DLL
0x00007fff23a80000 - 0x00007fff23aac000 	C:\WINDOWS\SYSTEM32\dbgcore.DLL
0x00007fff34350000 - 0x00007fff343d2000 	C:\WINDOWS\System32\bcryptPrimitives.dll
0x00007fff2c7e0000 - 0x00007fff2c806000 	C:\Program Files\Java\jdk-13.0.2\bin\java.dll
0x00007fff1c5b0000 - 0x00007fff1c5be000 	C:\Program Files\Java\jdk-13.0.2\bin\instrument.dll
0x00007fff1bae0000 - 0x00007fff1baf7000 	C:\Program Files\Java\jdk-13.0.2\bin\zip.dll
0x00007fff2c7d0000 - 0x00007fff2c7da000 	C:\Program Files\Java\jdk-13.0.2\bin\jimage.dll
0x00007fff35cc0000 - 0x00007fff36404000 	C:\WINDOWS\System32\SHELL32.dll
0x00007fff31c30000 - 0x00007fff323c5000 	C:\WINDOWS\SYSTEM32\windows.storage.dll
0x00007fff34830000 - 0x00007fff34b85000 	C:\WINDOWS\System32\combase.dll
0x00007fff335b0000 - 0x00007fff335de000 	C:\WINDOWS\SYSTEM32\Wldp.dll
0x00007fff358d0000 - 0x00007fff3597d000 	C:\WINDOWS\System32\SHCORE.dll
0x00007fff34640000 - 0x00007fff34695000 	C:\WINDOWS\System32\shlwapi.dll
0x00007fff33aa0000 - 0x00007fff33abf000 	C:\WINDOWS\SYSTEM32\profapi.dll
0x00007fff130e0000 - 0x00007fff130f9000 	C:\Program Files\Java\jdk-13.0.2\bin\net.dll
0x00007fff2cab0000 - 0x00007fff2cbbc000 	C:\WINDOWS\SYSTEM32\WINHTTP.dll
0x00007fff33310000 - 0x00007fff3337a000 	C:\WINDOWS\system32\mswsock.dll
0x00007fff130c0000 - 0x00007fff130d3000 	C:\Program Files\Java\jdk-13.0.2\bin\nio.dll
0x00007fff130a0000 - 0x00007fff130ba000 	C:\Program Files\JetBrains\IntelliJ IDEA 2021.2.3\bin\breakgen64.dll
0x00007fff32ff0000 - 0x00007fff330bb000 	C:\WINDOWS\SYSTEM32\DNSAPI.dll
0x00007fff32fb0000 - 0x00007fff32feb000 	C:\WINDOWS\SYSTEM32\IPHLPAPI.DLL
0x00007fff35820000 - 0x00007fff35828000 	C:\WINDOWS\System32\NSI.dll
0x00007fff2b790000 - 0x00007fff2b79a000 	C:\Windows\System32\rasadhlp.dll
0x00007fff27a00000 - 0x00007fff27a7f000 	C:\WINDOWS\System32\fwpuclnt.dll
0x00007fff341c0000 - 0x00007fff341e7000 	C:\WINDOWS\System32\bcrypt.dll
0x00007fff1b580000 - 0x00007fff1b589000 	C:\Program Files\Java\jdk-13.0.2\bin\management.dll
0x00007fff19f40000 - 0x00007fff19f4b000 	C:\Program Files\Java\jdk-13.0.2\bin\management_ext.dll
0x00007fff33500000 - 0x00007fff33518000 	C:\WINDOWS\SYSTEM32\CRYPTSP.dll
0x00007fff32c20000 - 0x00007fff32c54000 	C:\WINDOWS\system32\rsaenh.dll
0x00007fff33a60000 - 0x00007fff33a8e000 	C:\WINDOWS\SYSTEM32\USERENV.dll
0x00007fff33520000 - 0x00007fff3352c000 	C:\WINDOWS\SYSTEM32\CRYPTBASE.dll
0x00007fff2b7a0000 - 0x00007fff2b7b7000 	C:\WINDOWS\SYSTEM32\dhcpcsvc6.DLL
0x00007fff2a7f0000 - 0x00007fff2a80d000 	C:\WINDOWS\SYSTEM32\dhcpcsvc.DLL
0x00007fff2ddc0000 - 0x00007fff2ddd7000 	C:\WINDOWS\system32\napinsp.dll
0x00007fff2c8b0000 - 0x00007fff2c8cb000 	C:\WINDOWS\system32\pnrpnsp.dll
0x00007ffef3990000 - 0x00007ffef39a5000 	C:\WINDOWS\system32\wshbth.dll
0x00007fff2ee30000 - 0x00007fff2ee4d000 	C:\WINDOWS\system32\NLAapi.dll
0x00007fff2c890000 - 0x00007fff2c8a2000 	C:\WINDOWS\System32\winrnr.dll

dbghelp: loaded successfully - version: 4.0.5 - missing functions: none
symbol engine: initialized successfully - sym options: 0x614 - pdb path: .;C:\Program Files\Java\jdk-13.0.2\bin;C:\WINDOWS\SYSTEM32;C:\WINDOWS\WinSxS\amd64_microsoft.windows.common-controls_6595b64144ccf1df_6.0.19041.1110_none_60b5254171f9507e;C:\Program Files\Java\jdk-13.0.2\bin\server;C:\Program Files\JetBrains\IntelliJ IDEA 2021.2.3\bin

VM Arguments:
jvm_args: -XX:TieredStopAtLevel=1 -Xverify:none -Dspring.output.ansi.enabled=always -javaagent:C:\Program Files\JetBrains\IntelliJ IDEA 2021.2.3\lib\idea_rt.jar=49200:C:\Program Files\JetBrains\IntelliJ IDEA 2021.2.3\bin -Dcom.sun.management.jmxremote -Dspring.jmx.enabled=true -Dspring.liveBeansView.mbeanDomain -Dspring.application.admin.enabled=true -Dfile.encoding=UTF-8 
java_command: kz.iitu.itse1909.borangaziyev.Lab1Application
java_class_path (initial): C:\Users\Anuar\IdeaProjects\Lab1\target\classes;C:\Users\Anuar\.m2\repository\org\springframework\boot\spring-boot-starter\2.6.3\spring-boot-starter-2.6.3.jar;C:\Users\Anuar\.m2\repository\org\springframework\boot\spring-boot\2.6.3\spring-boot-2.6.3.jar;C:\Users\Anuar\.m2\repository\org\springframework\spring-context\5.3.15\spring-context-5.3.15.jar;C:\Users\Anuar\.m2\repository\org\springframework\spring-expression\5.3.15\spring-expression-5.3.15.jar;C:\Users\Anuar\.m2\repository\org\springframework\boot\spring-boot-autoconfigure\2.6.3\spring-boot-autoconfigure-2.6.3.jar;C:\Users\Anuar\.m2\repository\org\springframework\boot\spring-boot-starter-logging\2.6.3\spring-boot-starter-logging-2.6.3.jar;C:\Users\Anuar\.m2\repository\ch\qos\logback\logback-classic\1.2.10\logback-classic-1.2.10.jar;C:\Users\Anuar\.m2\repository\ch\qos\logback\logback-core\1.2.10\logback-core-1.2.10.jar;C:\Users\Anuar\.m2\repository\org\apache\logging\log4j\log4j-to-slf4j\2.17.1\log4j-to-slf4j-2.17.1.jar;C:\Users\Anuar\.m2\repository\org\apache\logging\log4j\log4j-api\2.17.1\log4j-api-2.17.1.jar;C:\Users\Anuar\.m2\repository\org\slf4j\jul-to-slf4j\1.7.33\jul-to-slf4j-1.7.33.jar;C:\Users\Anuar\.m2\repository\jakarta\annotation\jakarta.annotation-api\1.3.5\jakarta.annotation-api-1.3.5.jar;C:\Users\Anuar\.m2\repository\org\springframework\spring-core\5.3.15\spring-core-5.3.15.jar;C:\Users\Anuar\.m2\repository\org\springframework\spring-jcl\5.3.15\spring-jcl-5.3.15.jar;C:\Users\Anuar\.m2\repository\org\yaml\snakeyaml\1.29\snakeyaml-1.29.jar;C:\Users\Anuar\.m2\repository\org\slf4j\slf4j-api\1.7.33\slf4j-api-1.7.33.jar;C:\Users\Anuar\.m2\repository\jakarta\xml\bind\jakarta.xml.bind-api\2.3.3\jakarta.xml.bind-api-2.3.3.jar;C:\Users\Anuar\.m2\repository\jakarta\activation\jakarta.activation-api\1.2.2\jakarta.activation-api-1.2.2.jar;C:\Users\Anuar\.m2\repository\net\bytebuddy\byte-buddy\1.11.22\byte-buddy-1.11.22.jar;C:\Users\Anuar\.m2\repository\org\projectlombok\lombok\
Launcher Type: SUN_STANDARD

[Global flags]
     intx CICompilerCount                          = 4                                         {product} {ergonomic}
     uint ConcGCThreads                            = 2                                         {product} {ergonomic}
     uint G1ConcRefinementThreads                  = 8                                         {product} {ergonomic}
   size_t G1HeapRegionSize                         = 1048576                                   {product} {ergonomic}
    uintx GCDrainStackTargetSize                   = 64                                        {product} {ergonomic}
   size_t InitialHeapSize                          = 134217728                                 {product} {ergonomic}
     bool ManagementServer                         = true                                      {product} {command line}
   size_t MarkStackSize                            = 4194304                                   {product} {ergonomic}
   size_t MaxHeapSize                              = 2118123520                                {product} {ergonomic}
   size_t MaxNewSize                               = 1270874112                                {product} {ergonomic}
   size_t MinHeapDeltaBytes                        = 1048576                                   {product} {ergonomic}
   size_t MinHeapSize                              = 8388608                                   {product} {ergonomic}
    uintx NonNMethodCodeHeapSize                   = 7549744                                {pd product} {ergonomic}
    uintx NonProfiledCodeHeapSize                  = 244108496                              {pd product} {ergonomic}
    uintx ProfiledCodeHeapSize                     = 0                                      {pd product} {ergonomic}
    uintx ReservedCodeCacheSize                    = 251658240                              {pd product} {ergonomic}
     bool SegmentedCodeCache                       = true                                      {product} {ergonomic}
   size_t SoftMaxHeapSize                          = 2118123520                             {manageable} {ergonomic}
     intx TieredStopAtLevel                        = 1                                         {product} {command line}
     bool UseCompressedClassPointers               = true                                 {lp64_product} {ergonomic}
     bool UseCompressedOops                        = true                                 {lp64_product} {ergonomic}
     bool UseG1GC                                  = true                                      {product} {ergonomic}
     bool UseLargePagesIndividualAllocation        = false                                  {pd product} {ergonomic}

Logging:
Log output configuration:
 #0: stdout all=warning uptime,level,tags
 #1: stderr all=off uptime,level,tags

Environment Variables:
PATH=C:\Program Files (x86)\VMware\VMware Player\bin\;C:\Program Files\Common Files\Oracle\Java\javapath;C:\WINDOWS\system32;C:\WINDOWS;C:\WINDOWS\System32\Wbem;C:\WINDOWS\System32\WindowsPowerShell\v1.0\;C:\WINDOWS\System32\OpenSSH\;C:\Program Files\Git\cmd;C:\Program Files\Git\bin\;C:\Program Files\Microsoft SQL Server\150\Tools\Binn\;C:\Program Files\Microsoft SQL Server\Client SDK\ODBC\170\Tools\Binn\;C:\Program Files\dotnet\;C:\Program Files (x86)\Microsoft SQL Server\150\DTS\Binn\;C:\Program Files\Azure Data Studio\bin;C:\Program Files (x86)\Microsoft SQL Server\150\Tools\Binn\;C:\Program Files\Microsoft SQL Server\150\DTS\Binn\;C:\Program Files (x86)\dotnet\;C:\Users\Anuar\AppData\Local\Programs\Python\Python310\Scripts\;C:\Users\Anuar\AppData\Local\Programs\Python\Python310\;C:\Users\Anuar\AppData\Local\Microsoft\WindowsApps;C:\Users\Anuar\AppData\Local\Programs\Microsoft VS Code\bin;C:\Program Files\JetBrains\IntelliJ IDEA 2021.2.3\bin;;C:\Users\Anuar\.dotnet\tools;C:\Program Files\Azure Data Studio\bin
USERNAME=Anuar
OS=Windows_NT
PROCESSOR_IDENTIFIER=Intel64 Family 6 Model 142 Stepping 11, GenuineIntel



---------------  S Y S T E M  ---------------

OS: Windows 10 , 64 bit Build 19041 (10.0.19041.1466)

CPU:total 8 (initial active 8) (4 cores per cpu, 2 threads per core) family 6 model 142 stepping 11, cmov, cx8, fxsr, mmx, sse, sse2, sse3, ssse3, sse4.1, sse4.2, popcnt, avx, avx2, aes, clmul, erms, 3dnowpref, lzcnt, ht, tsc, tscinvbit, bmi1, bmi2, adx, fma

Memory: 4k page, system-wide physical 8072M (744M free)
TotalPageFile size 10120M (AvailPageFile size 42M)
current process WorkingSet (physical memory assigned to process): 69M, peak: 69M
current process commit charge ("private bytes"): 221M, peak: 221M

vm_info: Java HotSpot(TM) 64-Bit Server VM (13.0.2+8) for windows-amd64 JRE (13.0.2+8), built on Dec 11 2019 09:20:33 by "mach5one" with unknown MS VC++:1916

END.
