#
# There is insufficient memory for the Java Runtime Environment to continue.
# Native memory allocation (malloc) failed to allocate 32744 bytes for ChunkPool::allocate
# Possible reasons:
#   The system is out of physical RAM or swap space
#   The process is running with CompressedOops enabled, and the Java Heap may be blocking the growth of the native heap
# Possible solutions:
#   Reduce memory load on the system
#   Increase physical memory or swap space
#   Check if swap backing store is full
#   Decrease Java heap size (-Xmx/-Xms)
#   Decrease number of Java threads
#   Decrease Java thread stack sizes (-Xss)
#   Set larger code cache with -XX:ReservedCodeCacheSize=
#   JVM is running with Unscaled Compressed Oops mode in which the Java heap is
#     placed in the first 4GB address space. The Java Heap base address is the
#     maximum limit for the native heap growth. Please use -XX:HeapBaseMinAddress
#     to set the Java Heap base and to place the Java Heap above 4GB virtual address.
# This output file may be truncated or incomplete.
#
#  Out of Memory Error (arena.cpp:78), pid=12588, tid=1456
#
# JRE version: Java(TM) SE Runtime Environment (17.0.1+12) (build 17.0.1+12-LTS-39)
# Java VM: Java HotSpot(TM) 64-Bit Server VM (17.0.1+12-LTS-39, mixed mode, sharing, tiered, compressed oops, compressed class ptrs, g1 gc, windows-amd64)
# No core dump will be written. Minidumps are not enabled by default on client versions of Windows
#

---------------  S U M M A R Y ------------

Command Line: -ea -Didea.test.cyclic.buffer.size=1048576 -javaagent:C:\Program Files\JetBrains\IntelliJ IDEA 2021.2.3\lib\idea_rt.jar=55327:C:\Program Files\JetBrains\IntelliJ IDEA 2021.2.3\bin -Dfile.encoding=UTF-8 com.intellij.rt.junit.JUnitStarter -ideVersion5 -junit5 integrationTests.MovieControllerTestIntegration,deleteMovie

Host: Intel(R) Core(TM) i5-8265U CPU @ 1.60GHz, 8 cores, 7G,  Windows 10 , 64 bit Build 19041 (10.0.19041.1566)
Time: Thu Apr 14 22:23:16 2022 Central Asia Standard Time elapsed time: 4.143931 seconds (0d 0h 0m 4s)

---------------  T H R E A D  ---------------

Current thread (0x000002064867ee10):  JavaThread "C2 CompilerThread1" daemon [_thread_in_native, id=1456, stack(0x000000c8fa400000,0x000000c8fa500000)]


Current CompileTask:
C2:   4144 3921       4       org.springframework.beans.factory.support.AbstractAutowireCapableBeanFactory::predictBeanType (126 bytes)

Stack: [0x000000c8fa400000,0x000000c8fa500000]
Native frames: (J=compiled Java code, j=interpreted, Vv=VM code, C=native code)
V  [jvm.dll+0x66fa1a]
V  [jvm.dll+0x7ce5a4]
V  [jvm.dll+0x7cfd4e]
V  [jvm.dll+0x7d03b3]
V  [jvm.dll+0x242b05]
V  [jvm.dll+0xaa2a0]
V  [jvm.dll+0xaa5ec]
V  [jvm.dll+0x364bc2]
V  [jvm.dll+0x55ab78]
V  [jvm.dll+0x329f80]
V  [jvm.dll+0x3293fa]
V  [jvm.dll+0x215bf1]
V  [jvm.dll+0x215011]
V  [jvm.dll+0x1a168d]
V  [jvm.dll+0x224848]
V  [jvm.dll+0x2229ac]
V  [jvm.dll+0x78435b]
V  [jvm.dll+0x77e91a]
V  [jvm.dll+0x66e845]
C  [ucrtbase.dll+0x21bb2]
C  [KERNEL32.DLL+0x17034]
C  [ntdll.dll+0x52651]


---------------  P R O C E S S  ---------------

Threads class SMR info:
_java_thread_list=0x0000020649ad0e90, length=15, elements={
0x00000206299731c0, 0x000002064799c780, 0x000002064799dca0, 0x00000206479b4b90,
0x00000206479b5450, 0x00000206479b64b0, 0x00000206479b7510, 0x00000206479c3990,
0x00000206479c4340, 0x00000206479d61e0, 0x00000206485c52e0, 0x0000020648610130,
0x0000020648610600, 0x000002064867ee10, 0x0000020649ed9f30
}

Java Threads: ( => current thread )
  0x00000206299731c0 JavaThread "main" [_thread_blocked, id=11388, stack(0x000000c8f9000000,0x000000c8f9100000)]
  0x000002064799c780 JavaThread "Reference Handler" daemon [_thread_blocked, id=7496, stack(0x000000c8f9700000,0x000000c8f9800000)]
  0x000002064799dca0 JavaThread "Finalizer" daemon [_thread_blocked, id=6944, stack(0x000000c8f9800000,0x000000c8f9900000)]
  0x00000206479b4b90 JavaThread "Signal Dispatcher" daemon [_thread_blocked, id=7512, stack(0x000000c8f9900000,0x000000c8f9a00000)]
  0x00000206479b5450 JavaThread "Attach Listener" daemon [_thread_blocked, id=8764, stack(0x000000c8f9a00000,0x000000c8f9b00000)]
  0x00000206479b64b0 JavaThread "Service Thread" daemon [_thread_blocked, id=11536, stack(0x000000c8f9b00000,0x000000c8f9c00000)]
  0x00000206479b7510 JavaThread "Monitor Deflation Thread" daemon [_thread_blocked, id=12748, stack(0x000000c8f9c00000,0x000000c8f9d00000)]
  0x00000206479c3990 JavaThread "C2 CompilerThread0" daemon [_thread_in_native, id=6572, stack(0x000000c8f9d00000,0x000000c8f9e00000)]
  0x00000206479c4340 JavaThread "C1 CompilerThread0" daemon [_thread_in_native, id=13552, stack(0x000000c8f9e00000,0x000000c8f9f00000)]
  0x00000206479d61e0 JavaThread "Sweeper thread" daemon [_thread_blocked, id=3124, stack(0x000000c8f9f00000,0x000000c8fa000000)]
  0x00000206485c52e0 JavaThread "Common-Cleaner" daemon [_thread_blocked, id=15176, stack(0x000000c8fa000000,0x000000c8fa100000)]
  0x0000020648610130 JavaThread "Monitor Ctrl-Break" daemon [_thread_in_native, id=12368, stack(0x000000c8fa100000,0x000000c8fa200000)]
  0x0000020648610600 JavaThread "Notification Thread" daemon [_thread_blocked, id=15052, stack(0x000000c8fa200000,0x000000c8fa300000)]
=>0x000002064867ee10 JavaThread "C2 CompilerThread1" daemon [_thread_in_native, id=1456, stack(0x000000c8fa400000,0x000000c8fa500000)]
  0x0000020649ed9f30 JavaThread "C2 CompilerThread2" daemon [_thread_blocked, id=7428, stack(0x000000c8fad00000,0x000000c8fae00000)]

Other Threads:
  0x00000206479970d0 VMThread "VM Thread" [stack: 0x000000c8f9600000,0x000000c8f9700000] [id=12324]
  0x00000206299cb2d0 WatcherThread [stack: 0x000000c8fa300000,0x000000c8fa400000] [id=2604]
  0x00000206299b0d70 GCTaskThread "GC Thread#0" [stack: 0x000000c8f9100000,0x000000c8f9200000] [id=2840]
  0x00000206490d0e30 GCTaskThread "GC Thread#1" [stack: 0x000000c8fa500000,0x000000c8fa600000] [id=13232]
  0x00000206492a9040 GCTaskThread "GC Thread#2" [stack: 0x000000c8fa600000,0x000000c8fa700000] [id=12788]
  0x00000206490e10e0 GCTaskThread "GC Thread#3" [stack: 0x000000c8fa700000,0x000000c8fa800000] [id=4528]
  0x00000206490e17a0 GCTaskThread "GC Thread#4" [stack: 0x000000c8fa800000,0x000000c8fa900000] [id=9852]
  0x00000206491a1ba0 GCTaskThread "GC Thread#5" [stack: 0x000000c8fa900000,0x000000c8faa00000] [id=14788]
  0x00000206493f2840 GCTaskThread "GC Thread#6" [stack: 0x000000c8faa00000,0x000000c8fab00000] [id=7944]
  0x0000020649839030 GCTaskThread "GC Thread#7" [stack: 0x000000c8fab00000,0x000000c8fac00000] [id=8576]
  0x00000206299c3c60 ConcurrentGCThread "G1 Main Marker" [stack: 0x000000c8f9200000,0x000000c8f9300000] [id=6968]
  0x00000206299c4d20 ConcurrentGCThread "G1 Conc#0" [stack: 0x000000c8f9300000,0x000000c8f9400000] [id=12388]
  0x0000020649edf450 ConcurrentGCThread "G1 Conc#1" [stack: 0x000000c8fae00000,0x000000c8faf00000] [id=5768]
  0x0000020647850090 ConcurrentGCThread "G1 Refine#0" [stack: 0x000000c8f9400000,0x000000c8f9500000] [id=13644]
  0x00000206478509c0 ConcurrentGCThread "G1 Service" [stack: 0x000000c8f9500000,0x000000c8f9600000] [id=13612]

Threads with active compile tasks:
C2 CompilerThread0     4172 3922       4       org.springframework.beans.factory.support.AbstractBeanFactory::getBeanPostProcessorCache (140 bytes)
C1 CompilerThread0     4172 4133       3       java.util.stream.SortedOps$RefSortingSink::<init> (7 bytes)
C2 CompilerThread1     4172 3921       4       org.springframework.beans.factory.support.AbstractAutowireCapableBeanFactory::predictBeanType (126 bytes)
C2 CompilerThread2     4172 4005 %     4       java.util.Properties$LineReader::readLine @ 293 (584 bytes)

VM state: at safepoint (normal execution)

VM Mutex/Monitor currently owned by a thread:  ([mutex/lock_event])
[0x000002062996ec60] Threads_lock - owner thread: 0x00000206479970d0
[0x000002062996ef30] Heap_lock - owner thread: 0x00000206299731c0

Heap address: 0x0000000081c00000, size: 2020 MB, Compressed Oops mode: 32-bit

CDS archive(s) mapped at: [0x0000000800000000-0x0000000800bc0000-0x0000000800bc0000), size 12320768, SharedBaseAddress: 0x0000000800000000, ArchiveRelocationMode: 0.
Compressed class space mapped at: 0x0000000800c00000-0x0000000840c00000, reserved size: 1073741824
Narrow klass base: 0x0000000800000000, Narrow klass shift: 0, Narrow klass range: 0x100000000

GC Precious Log:
 CPUs: 8 total, 8 available
 Memory: 8072M
 Large Page Support: Disabled
 NUMA Support: Disabled
 Compressed Oops: Enabled (32-bit)
 Heap Region Size: 1M
 Heap Min Capacity: 8M
 Heap Initial Capacity: 128M
 Heap Max Capacity: 2020M
 Pre-touch: Disabled
 Parallel Workers: 8
 Concurrent Workers: 2
 Concurrent Refinement Workers: 8
 Periodic GC: Disabled

Heap:
 garbage-first heap   total 55296K, used 41734K [0x0000000081c00000, 0x0000000100000000)
  region size 1024K, 27 young (27648K), 4 survivors (4096K)
 Metaspace       used 32027K, committed 32320K, reserved 1081344K
  class space    used 4211K, committed 4352K, reserved 1048576K

Heap Regions: E=young(eden), S=young(survivor), O=old, HS=humongous(starts), HC=humongous(continues), CS=collection set, F=free, OA=open archive, CA=closed archive, TAMS=top-at-mark-start (previous, next)
|   0|0x0000000081c00000, 0x0000000081d00000, 0x0000000081d00000|100%|HS|  |TAMS 0x0000000081d00000, 0x0000000081c00000| Complete 
|   1|0x0000000081d00000, 0x0000000081e00000, 0x0000000081e00000|100%| O|  |TAMS 0x0000000081e00000, 0x0000000081d00000| Untracked 
|   2|0x0000000081e00000, 0x0000000081f00000, 0x0000000081f00000|100%| O|  |TAMS 0x0000000081f00000, 0x0000000081e00000| Untracked 
|   3|0x0000000081f00000, 0x0000000082000000, 0x0000000082000000|100%| O|  |TAMS 0x0000000082000000, 0x0000000081f00000| Untracked 
|   4|0x0000000082000000, 0x0000000082100000, 0x0000000082100000|100%| O|  |TAMS 0x0000000082100000, 0x0000000082000000| Untracked 
|   5|0x0000000082100000, 0x0000000082200000, 0x0000000082200000|100%| O|  |TAMS 0x0000000082200000, 0x0000000082100000| Untracked 
|   6|0x0000000082200000, 0x0000000082300000, 0x0000000082300000|100%| O|  |TAMS 0x0000000082300000, 0x0000000082200000| Untracked 
|   7|0x0000000082300000, 0x0000000082400000, 0x0000000082400000|100%| O|  |TAMS 0x0000000082370400, 0x0000000082300000| Untracked 
|   8|0x0000000082400000, 0x0000000082500000, 0x0000000082500000|100%| O|  |TAMS 0x0000000082400000, 0x0000000082400000| Untracked 
|   9|0x0000000082500000, 0x0000000082600000, 0x0000000082600000|100%| O|  |TAMS 0x0000000082500000, 0x0000000082500000| Untracked 
|  10|0x0000000082600000, 0x00000000826fd840, 0x0000000082700000| 99%| O|  |TAMS 0x0000000082600000, 0x0000000082600000| Untracked 
|  11|0x0000000082700000, 0x0000000082800000, 0x0000000082800000|100%| O|  |TAMS 0x0000000082700000, 0x0000000082700000| Untracked 
|  12|0x0000000082800000, 0x0000000082900000, 0x0000000082900000|100%| O|  |TAMS 0x0000000082800000, 0x0000000082800000| Untracked 
|  13|0x0000000082900000, 0x0000000082a00000, 0x0000000082a00000|100%| O|  |TAMS 0x0000000082900000, 0x0000000082900000| Untracked 
|  14|0x0000000082a00000, 0x0000000082b00000, 0x0000000082b00000|100%| O|  |TAMS 0x0000000082a00000, 0x0000000082a00000| Untracked 
|  15|0x0000000082b00000, 0x0000000082c00000, 0x0000000082c00000|100%| O|  |TAMS 0x0000000082b00000, 0x0000000082b00000| Untracked 
|  16|0x0000000082c00000, 0x0000000082c0dc80, 0x0000000082d00000|  5%| O|  |TAMS 0x0000000082c00000, 0x0000000082c00000| Untracked 
|  17|0x0000000082d00000, 0x0000000082d00000, 0x0000000082e00000|  0%| F|  |TAMS 0x0000000082d00000, 0x0000000082d00000| Untracked 
|  18|0x0000000082e00000, 0x0000000082e00000, 0x0000000082f00000|  0%| F|  |TAMS 0x0000000082e00000, 0x0000000082e00000| Untracked 
|  19|0x0000000082f00000, 0x0000000082f00000, 0x0000000083000000|  0%| F|  |TAMS 0x0000000082f00000, 0x0000000082f00000| Untracked 
|  20|0x0000000083000000, 0x0000000083000000, 0x0000000083100000|  0%| F|  |TAMS 0x0000000083000000, 0x0000000083000000| Untracked 
|  21|0x0000000083100000, 0x0000000083100000, 0x0000000083200000|  0%| F|  |TAMS 0x0000000083100000, 0x0000000083100000| Untracked 
|  22|0x0000000083200000, 0x0000000083200000, 0x0000000083300000|  0%| F|  |TAMS 0x0000000083200000, 0x0000000083200000| Untracked 
|  23|0x0000000083300000, 0x0000000083300000, 0x0000000083400000|  0%| F|  |TAMS 0x0000000083300000, 0x0000000083300000| Untracked 
|  24|0x0000000083400000, 0x0000000083500000, 0x0000000083500000|100%| S|  |TAMS 0x0000000083400000, 0x0000000083400000| Complete 
|  25|0x0000000083500000, 0x0000000083600000, 0x0000000083600000|100%| S|  |TAMS 0x0000000083500000, 0x0000000083500000| Complete 
|  26|0x0000000083600000, 0x0000000083600000, 0x0000000083700000|  0%| F|CS|TAMS 0x0000000083600000, 0x0000000083600000| Untracked 
|  27|0x0000000083700000, 0x0000000083700000, 0x0000000083800000|  0%| F|  |TAMS 0x0000000083700000, 0x0000000083700000| Untracked 
|  28|0x0000000083800000, 0x0000000083900000, 0x0000000083900000|100%| S|CS|TAMS 0x0000000083800000, 0x0000000083800000| Complete 
|  29|0x0000000083900000, 0x0000000083a00000, 0x0000000083a00000|100%| S|CS|TAMS 0x0000000083900000, 0x0000000083900000| Complete 
|  30|0x0000000083a00000, 0x0000000083a00000, 0x0000000083b00000|  0%| F|  |TAMS 0x0000000083a00000, 0x0000000083a00000| Untracked 
|  31|0x0000000083b00000, 0x0000000083b00000, 0x0000000083c00000|  0%| F|  |TAMS 0x0000000083b00000, 0x0000000083b00000| Untracked 
|  32|0x0000000083c00000, 0x0000000083c00000, 0x0000000083d00000|  0%| F|  |TAMS 0x0000000083c00000, 0x0000000083c00000| Untracked 
|  33|0x0000000083d00000, 0x0000000083d00000, 0x0000000083e00000|  0%| F|  |TAMS 0x0000000083d00000, 0x0000000083d00000| Untracked 
|  34|0x0000000083e00000, 0x0000000083e00000, 0x0000000083f00000|  0%| F|  |TAMS 0x0000000083e00000, 0x0000000083e00000| Untracked 
|  35|0x0000000083f00000, 0x0000000083f00000, 0x0000000084000000|  0%| F|  |TAMS 0x0000000083f00000, 0x0000000083f00000| Untracked 
|  36|0x0000000084000000, 0x0000000084000000, 0x0000000084100000|  0%| F|  |TAMS 0x0000000084000000, 0x0000000084000000| Untracked 
|  37|0x0000000084100000, 0x0000000084100000, 0x0000000084200000|  0%| F|  |TAMS 0x0000000084100000, 0x0000000084100000| Untracked 
|  38|0x0000000084200000, 0x0000000084200000, 0x0000000084300000|  0%| F|  |TAMS 0x0000000084200000, 0x0000000084200000| Untracked 
|  39|0x0000000084300000, 0x0000000084300000, 0x0000000084400000|  0%| F|  |TAMS 0x0000000084300000, 0x0000000084300000| Untracked 
|  40|0x0000000084400000, 0x0000000084400000, 0x0000000084500000|  0%| F|  |TAMS 0x0000000084400000, 0x0000000084400000| Untracked 
|  41|0x0000000084500000, 0x0000000084500000, 0x0000000084600000|  0%| F|  |TAMS 0x0000000084500000, 0x0000000084500000| Untracked 
|  42|0x0000000084600000, 0x0000000084600000, 0x0000000084700000|  0%| F|  |TAMS 0x0000000084600000, 0x0000000084600000| Untracked 
|  43|0x0000000084700000, 0x0000000084700000, 0x0000000084800000|  0%| F|  |TAMS 0x0000000084700000, 0x0000000084700000| Untracked 
|  44|0x0000000084800000, 0x0000000084800000, 0x0000000084900000|  0%| F|  |TAMS 0x0000000084800000, 0x0000000084800000| Untracked 
|  45|0x0000000084900000, 0x0000000084900000, 0x0000000084a00000|  0%| F|  |TAMS 0x0000000084900000, 0x0000000084900000| Untracked 
|  46|0x0000000084a00000, 0x0000000084a00000, 0x0000000084b00000|  0%| F|  |TAMS 0x0000000084a00000, 0x0000000084a00000| Untracked 
|  47|0x0000000084b00000, 0x0000000084b00000, 0x0000000084c00000|  0%| F|  |TAMS 0x0000000084b00000, 0x0000000084b00000| Untracked 
|  48|0x0000000084c00000, 0x0000000084c00000, 0x0000000084d00000|  0%| F|  |TAMS 0x0000000084c00000, 0x0000000084c00000| Untracked 
| 111|0x0000000088b00000, 0x0000000088b00000, 0x0000000088c00000|  0%| F|  |TAMS 0x0000000088b00000, 0x0000000088b00000| Untracked 
| 112|0x0000000088c00000, 0x0000000088c00000, 0x0000000088d00000|  0%| F|  |TAMS 0x0000000088c00000, 0x0000000088c00000| Untracked 
| 113|0x0000000088d00000, 0x0000000088d00000, 0x0000000088e00000|  0%| F|  |TAMS 0x0000000088d00000, 0x0000000088d00000| Untracked 
| 114|0x0000000088e00000, 0x0000000088e00000, 0x0000000088f00000|  0%| F|  |TAMS 0x0000000088e00000, 0x0000000088e00000| Untracked 
| 127|0x0000000089b00000, 0x0000000089b00000, 0x0000000089c00000|  0%| F|  |TAMS 0x0000000089b00000, 0x0000000089b00000| Untracked 

Card table byte_map: [0x00000206408a0000,0x0000020640ca0000] _byte_map_base: 0x0000020640492000

Marking Bits (Prev, Next): (CMBitMap*) 0x00000206299b26e0, (CMBitMap*) 0x00000206299b26a0
 Prev Bits: [0x0000020643030000, 0x0000020644fc0000)
 Next Bits: [0x00000206410a0000, 0x0000020643030000)

Polling page: 0x0000020629140000

Metaspace:

Usage:
  Non-class:     27.16 MB used.
      Class:      4.11 MB used.
       Both:     31.28 MB used.

Virtual space:
  Non-class space:       32.00 MB reserved,      27.31 MB ( 85%) committed,  4 nodes.
      Class space:        1.00 GB reserved,       4.25 MB ( <1%) committed,  1 nodes.
             Both:        1.03 GB reserved,      31.56 MB (  3%) committed. 

Chunk freelists:
   Non-Class:  134.00 KB
       Class:  3.59 MB
        Both:  3.73 MB

MaxMetaspaceSize: unlimited
CompressedClassSpaceSize: 1.00 GB
Initial GC threshold: 21.00 MB
Current GC threshold: 35.12 MB
CDS: on
MetaspaceReclaimPolicy: balanced
 - commit_granule_bytes: 65536.
 - commit_granule_words: 8192.
 - virtual_space_node_default_size: 1048576.
 - enlarge_chunks_in_place: 1.
 - new_chunks_are_fully_committed: 0.
 - uncommit_free_chunks: 1.
 - use_allocation_guard: 0.
 - handle_deallocations: 1.


Internal statistics:

num_allocs_failed_limit: 3.
num_arena_births: 342.
num_arena_deaths: 0.
num_vsnodes_births: 5.
num_vsnodes_deaths: 0.
num_space_committed: 505.
num_space_uncommitted: 0.
num_chunks_returned_to_freelist: 3.
num_chunks_taken_from_freelist: 1533.
num_chunk_merges: 3.
num_chunk_splits: 1043.
num_chunks_enlarged: 791.
num_purges: 0.
num_inconsistent_stats: 0.

CodeHeap 'non-profiled nmethods': size=120000Kb used=2253Kb max_used=2253Kb free=117746Kb
 bounds [0x0000020638c40000, 0x0000020638eb0000, 0x0000020640170000]
CodeHeap 'profiled nmethods': size=120000Kb used=9409Kb max_used=9409Kb free=110590Kb
 bounds [0x0000020631710000, 0x0000020632050000, 0x0000020638c40000]
CodeHeap 'non-nmethods': size=5760Kb used=1194Kb max_used=1282Kb free=4566Kb
 bounds [0x0000020631170000, 0x00000206313e0000, 0x0000020631710000]
 total_blobs=4607 nmethods=4116 adapters=403
 compilation: enabled
              stopped_count=0, restarted_count=0
 full_count=0

Compilation events (20 events):
Event: 4.121 Thread 0x00000206479c4340 4121       3       org.springframework.core.env.SystemEnvironmentPropertySource::resolvePropertyName (45 bytes)
Event: 4.122 Thread 0x00000206479c4340 nmethod 4121 0x0000020632039f10 code [0x000002063203a140, 0x000002063203a858]
Event: 4.122 Thread 0x00000206479c4340 4127       3       java.nio.ByteBuffer::position (8 bytes)
Event: 4.122 Thread 0x00000206479c4340 nmethod 4127 0x000002063203ab10 code [0x000002063203aca0, 0x000002063203ade8]
Event: 4.122 Thread 0x00000206479c4340 4128       3       java.nio.Buffer::position (52 bytes)
Event: 4.123 Thread 0x00000206479c4340 nmethod 4128 0x000002063203ae90 code [0x000002063203b040, 0x000002063203b2c8]
Event: 4.123 Thread 0x00000206479c4340 4126       3       java.util.Collection::stream (11 bytes)
Event: 4.123 Thread 0x00000206479c4340 nmethod 4126 0x000002063203b390 code [0x000002063203b540, 0x000002063203b738]
Event: 4.123 Thread 0x00000206479c4340 4122       3       java.lang.String::toUpperCase (8 bytes)
Event: 4.123 Thread 0x00000206479c4340 nmethod 4122 0x000002063203b810 code [0x000002063203b9e0, 0x000002063203bd78]
Event: 4.123 Thread 0x00000206479c4340 4130   !   3       org.springframework.core.annotation.AnnotationsScanner::processClassInheritedAnnotations (247 bytes)
Event: 4.125 Thread 0x00000206479c4340 nmethod 4130 0x000002063203be90 code [0x000002063203c1c0, 0x000002063203d958]
Event: 4.125 Thread 0x00000206479c4340 4129       3       org.springframework.core.annotation.AnnotatedElementUtils::findMergedAnnotationAttributes (24 bytes)
Event: 4.126 Thread 0x00000206479c4340 nmethod 4129 0x000002063203e410 code [0x000002063203e660, 0x000002063203ef38]
Event: 4.126 Thread 0x00000206479c4340 4123       3       java.lang.ProcessEnvironment::get (6 bytes)
Event: 4.126 Thread 0x00000206479c4340 nmethod 4123 0x000002063203f310 code [0x000002063203f500, 0x000002063203fa98]
Event: 4.126 Thread 0x00000206479c4340 4124       3       java.lang.ProcessEnvironment::get (12 bytes)
Event: 4.126 Thread 0x00000206479c4340 nmethod 4124 0x000002063203fc90 code [0x000002063203fe80, 0x00000206320403d8]
Event: 4.126 Thread 0x00000206479c4340 4131       1       org.springframework.transaction.annotation.AnnotationTransactionAttributeSource::allowPublicMethodsOnly (5 bytes)
Event: 4.126 Thread 0x00000206479c4340 nmethod 4131 0x0000020638e64b10 code [0x0000020638e64ca0, 0x0000020638e64d78]

GC Heap History (16 events):
Event: 0.829 GC heap before
{Heap before GC invocations=0 (full 0):
 garbage-first heap   total 131072K, used 23552K [0x0000000081c00000, 0x0000000100000000)
  region size 1024K, 23 young (23552K), 0 survivors (0K)
 Metaspace       used 4843K, committed 5056K, reserved 1056768K
  class space    used 601K, committed 704K, reserved 1048576K
}
Event: 0.836 GC heap after
{Heap after GC invocations=1 (full 0):
 garbage-first heap   total 131072K, used 7553K [0x0000000081c00000, 0x0000000100000000)
  region size 1024K, 3 young (3072K), 3 survivors (3072K)
 Metaspace       used 4843K, committed 5056K, reserved 1056768K
  class space    used 601K, committed 704K, reserved 1048576K
}
Event: 1.565 GC heap before
{Heap before GC invocations=1 (full 0):
 garbage-first heap   total 131072K, used 35201K [0x0000000081c00000, 0x0000000100000000)
  region size 1024K, 30 young (30720K), 3 survivors (3072K)
 Metaspace       used 11120K, committed 11328K, reserved 1064960K
  class space    used 1440K, committed 1536K, reserved 1048576K
}
Event: 1.572 GC heap after
{Heap after GC invocations=2 (full 0):
 garbage-first heap   total 131072K, used 10673K [0x0000000081c00000, 0x0000000100000000)
  region size 1024K, 3 young (3072K), 3 survivors (3072K)
 Metaspace       used 11120K, committed 11328K, reserved 1064960K
  class space    used 1440K, committed 1536K, reserved 1048576K
}
Event: 2.201 GC heap before
{Heap before GC invocations=2 (full 0):
 garbage-first heap   total 131072K, used 83377K [0x0000000081c00000, 0x0000000100000000)
  region size 1024K, 75 young (76800K), 3 survivors (3072K)
 Metaspace       used 19721K, committed 19968K, reserved 1073152K
  class space    used 2628K, committed 2688K, reserved 1048576K
}
Event: 2.207 GC heap after
{Heap after GC invocations=3 (full 0):
 garbage-first heap   total 131072K, used 13507K [0x0000000081c00000, 0x0000000100000000)
  region size 1024K, 6 young (6144K), 6 survivors (6144K)
 Metaspace       used 19721K, committed 19968K, reserved 1073152K
  class space    used 2628K, committed 2688K, reserved 1048576K
}
Event: 2.282 GC heap before
{Heap before GC invocations=3 (full 0):
 garbage-first heap   total 131072K, used 24771K [0x0000000081c00000, 0x0000000100000000)
  region size 1024K, 19 young (19456K), 6 survivors (6144K)
 Metaspace       used 21313K, committed 21504K, reserved 1073152K
  class space    used 2794K, committed 2880K, reserved 1048576K
}
Event: 2.287 GC heap after
{Heap after GC invocations=4 (full 0):
 garbage-first heap   total 131072K, used 14288K [0x0000000081c00000, 0x0000000100000000)
  region size 1024K, 4 young (4096K), 4 survivors (4096K)
 Metaspace       used 21313K, committed 21504K, reserved 1073152K
  class space    used 2794K, committed 2880K, reserved 1048576K
}
Event: 2.684 GC heap before
{Heap before GC invocations=5 (full 0):
 garbage-first heap   total 55296K, used 41936K [0x0000000081c00000, 0x0000000100000000)
  region size 1024K, 32 young (32768K), 4 survivors (4096K)
 Metaspace       used 24132K, committed 24448K, reserved 1073152K
  class space    used 3161K, committed 3328K, reserved 1048576K
}
Event: 2.689 GC heap after
{Heap after GC invocations=6 (full 0):
 garbage-first heap   total 55296K, used 15862K [0x0000000081c00000, 0x0000000100000000)
  region size 1024K, 3 young (3072K), 3 survivors (3072K)
 Metaspace       used 24132K, committed 24448K, reserved 1073152K
  class space    used 3161K, committed 3328K, reserved 1048576K
}
Event: 2.698 GC heap before
{Heap before GC invocations=6 (full 0):
 garbage-first heap   total 55296K, used 16886K [0x0000000081c00000, 0x0000000100000000)
  region size 1024K, 4 young (4096K), 3 survivors (3072K)
 Metaspace       used 24138K, committed 24448K, reserved 1073152K
  class space    used 3161K, committed 3328K, reserved 1048576K
}
Event: 2.701 GC heap after
{Heap after GC invocations=7 (full 0):
 garbage-first heap   total 55296K, used 15813K [0x0000000081c00000, 0x0000000100000000)
  region size 1024K, 1 young (1024K), 1 survivors (1024K)
 Metaspace       used 24138K, committed 24448K, reserved 1073152K
  class space    used 3161K, committed 3328K, reserved 1048576K
}
Event: 3.035 GC heap before
{Heap before GC invocations=7 (full 0):
 garbage-first heap   total 55296K, used 39365K [0x0000000081c00000, 0x0000000100000000)
  region size 1024K, 24 young (24576K), 1 survivors (1024K)
 Metaspace       used 25924K, committed 26240K, reserved 1073152K
  class space    used 3369K, committed 3520K, reserved 1048576K
}
Event: 3.041 GC heap after
{Heap after GC invocations=8 (full 0):
 garbage-first heap   total 55296K, used 16548K [0x0000000081c00000, 0x0000000100000000)
  region size 1024K, 2 young (2048K), 2 survivors (2048K)
 Metaspace       used 25924K, committed 26240K, reserved 1073152K
  class space    used 3369K, committed 3520K, reserved 1048576K
}
Event: 3.592 GC heap before
{Heap before GC invocations=8 (full 0):
 garbage-first heap   total 55296K, used 40100K [0x0000000081c00000, 0x0000000100000000)
  region size 1024K, 25 young (25600K), 2 survivors (2048K)
 Metaspace       used 29210K, committed 29504K, reserved 1081344K
  class space    used 3818K, committed 3968K, reserved 1048576K
}
Event: 3.598 GC heap after
{Heap after GC invocations=9 (full 0):
 garbage-first heap   total 55296K, used 18182K [0x0000000081c00000, 0x0000000100000000)
  region size 1024K, 3 young (3072K), 3 survivors (3072K)
 Metaspace       used 29210K, committed 29504K, reserved 1081344K
  class space    used 3818K, committed 3968K, reserved 1048576K
}

Deoptimization events (20 events):
Event: 4.103 Thread 0x00000206299731c0 Uncommon trap: trap_request=0xffffff45 fr.pc=0x0000020638e084b8 relative=0x00000000000005d8
Event: 4.103 Thread 0x00000206299731c0 Uncommon trap: reason=unstable_if action=reinterpret pc=0x0000020638e084b8 method=jdk.internal.org.objectweb.asm.MethodWriter.visitVarInsn(II)V @ 108 c2
Event: 4.103 Thread 0x00000206299731c0 DEOPT PACKING pc=0x0000020638e084b8 sp=0x000000c8f90f4230
Event: 4.103 Thread 0x00000206299731c0 DEOPT UNPACKING pc=0x00000206311c23a3 sp=0x000000c8f90f41f8 mode 2
Event: 4.103 Thread 0x00000206299731c0 Uncommon trap: trap_request=0xffffff45 fr.pc=0x0000020638e3a47c relative=0x000000000000091c
Event: 4.103 Thread 0x00000206299731c0 Uncommon trap: reason=unstable_if action=reinterpret pc=0x0000020638e3a47c method=jdk.internal.org.objectweb.asm.MethodWriter.visitInsn(I)V @ 24 c2
Event: 4.103 Thread 0x00000206299731c0 DEOPT PACKING pc=0x0000020638e3a47c sp=0x000000c8f90f4220
Event: 4.103 Thread 0x00000206299731c0 DEOPT UNPACKING pc=0x00000206311c23a3 sp=0x000000c8f90f4208 mode 2
Event: 4.105 Thread 0x00000206299731c0 Uncommon trap: trap_request=0xffffffde fr.pc=0x0000020638d2d034 relative=0x0000000000000094
Event: 4.105 Thread 0x00000206299731c0 Uncommon trap: reason=class_check action=maybe_recompile pc=0x0000020638d2d034 method=java.lang.invoke.MemberName.getMethodType()Ljava/lang/invoke/MethodType; @ 39 c2
Event: 4.105 Thread 0x00000206299731c0 DEOPT PACKING pc=0x0000020638d2d034 sp=0x000000c8f90f8c90
Event: 4.105 Thread 0x00000206299731c0 DEOPT UNPACKING pc=0x00000206311c23a3 sp=0x000000c8f90f8bf0 mode 2
Event: 4.124 Thread 0x00000206299731c0 Uncommon trap: trap_request=0xffffffde fr.pc=0x0000020638e5b0e0 relative=0x00000000000089e0
Event: 4.124 Thread 0x00000206299731c0 Uncommon trap: reason=class_check action=maybe_recompile pc=0x0000020638e5b0e0 method=org.springframework.beans.factory.support.AbstractBeanFactory.isTypeMatch(Ljava/lang/String;Lorg/springframework/core/ResolvableType;Z)Z @ 53 c2
Event: 4.124 Thread 0x00000206299731c0 DEOPT PACKING pc=0x0000020638e5b0e0 sp=0x000000c8f90fa6d0
Event: 4.124 Thread 0x00000206299731c0 DEOPT UNPACKING pc=0x00000206311c23a3 sp=0x000000c8f90fa6e0 mode 2
Event: 4.125 Thread 0x00000206299731c0 Uncommon trap: trap_request=0xffffffde fr.pc=0x0000020638e5b0e0 relative=0x00000000000089e0
Event: 4.125 Thread 0x00000206299731c0 Uncommon trap: reason=class_check action=maybe_recompile pc=0x0000020638e5b0e0 method=org.springframework.beans.factory.support.AbstractBeanFactory.isTypeMatch(Ljava/lang/String;Lorg/springframework/core/ResolvableType;Z)Z @ 53 c2
Event: 4.125 Thread 0x00000206299731c0 DEOPT PACKING pc=0x0000020638e5b0e0 sp=0x000000c8f90fa6c0
Event: 4.125 Thread 0x00000206299731c0 DEOPT UNPACKING pc=0x00000206311c23a3 sp=0x000000c8f90fa6d0 mode 2

Classes unloaded (0 events):
No events

Classes redefined (0 events):
No events

Internal exceptions (20 events):
Event: 4.052 Thread 0x00000206299731c0 Exception <a 'java/lang/ClassNotFoundException'{0x0000000083f42278}: org/springframework/boot/autoconfigure/web/servlet/ServletWebServerFactoryAutoConfigurationCustomizer> (0x0000000083f42278) 
thrown [t:\workspace\open\src\hotspot\share\classfile\systemDictionary.cpp, line 256]
Event: 4.067 Thread 0x00000206299731c0 Exception <a 'java/lang/ClassNotFoundException'{0x0000000083fa3750}: java/lang/ObjectCustomizer> (0x0000000083fa3750) 
thrown [t:\workspace\open\src\hotspot\share\classfile\systemDictionary.cpp, line 256]
Event: 4.068 Thread 0x00000206299731c0 Exception <a 'java/lang/ClassNotFoundException'{0x0000000083facc58}: org/springframework/boot/autoconfigure/web/ServerPropertiesCustomizer> (0x0000000083facc58) 
thrown [t:\workspace\open\src\hotspot\share\classfile\systemDictionary.cpp, line 256]
Event: 4.070 Thread 0x00000206299731c0 Exception <a 'java/lang/ClassNotFoundException'{0x0000000083fdd850}: java/lang/ObjectCustomizer> (0x0000000083fdd850) 
thrown [t:\workspace\open\src\hotspot\share\classfile\systemDictionary.cpp, line 256]
Event: 4.070 Thread 0x00000206299731c0 Exception <a 'java/lang/ClassNotFoundException'{0x0000000083fe7378}: org/springframework/boot/context/properties/BoundConfigurationPropertiesCustomizer> (0x0000000083fe7378) 
thrown [t:\workspace\open\src\hotspot\share\classfile\systemDictionary.cpp, line 256]
Event: 4.076 Thread 0x00000206299731c0 Exception <a 'java/lang/ClassNotFoundException'{0x0000000083e198a8}: java/lang/ObjectCustomizer> (0x0000000083e198a8) 
thrown [t:\workspace\open\src\hotspot\share\classfile\systemDictionary.cpp, line 256]
Event: 4.077 Thread 0x00000206299731c0 Exception <a 'java/lang/ClassNotFoundException'{0x0000000083e22960}: kz/iitu/itse1909/borangaziyev/config/ConfigCustomizer> (0x0000000083e22960) 
thrown [t:\workspace\open\src\hotspot\share\classfile\systemDictionary.cpp, line 256]
Event: 4.077 Thread 0x00000206299731c0 Exception <a 'java/lang/ClassNotFoundException'{0x0000000083e2ad60}: kz/iitu/itse1909/borangaziyev/config/Config$$EnhancerBySpringCGLIB$$5345da05Customizer> (0x0000000083e2ad60) 
thrown [t:\workspace\open\src\hotspot\share\classfile\systemDictionary.cpp, line 256]
Event: 4.078 Thread 0x00000206299731c0 Exception <a 'java/lang/ClassNotFoundException'{0x0000000083e38840}: org/springframework/context/annotation/ConfigurationClassEnhancer$EnhancedConfigurationCustomizer> (0x0000000083e38840) 
thrown [t:\workspace\open\src\hotspot\share\classfile\systemDictionary.cpp, line 256]
Event: 4.078 Thread 0x00000206299731c0 Exception <a 'java/lang/ClassNotFoundException'{0x0000000083e3e848}: org/springframework/beans/factory/BeanFactoryAwareCustomizer> (0x0000000083e3e848) 
thrown [t:\workspace\open\src\hotspot\share\classfile\systemDictionary.cpp, line 256]
Event: 4.079 Thread 0x00000206299731c0 Exception <a 'java/lang/ClassNotFoundException'{0x0000000083e45c28}: org/springframework/beans/factory/AwareCustomizer> (0x0000000083e45c28) 
thrown [t:\workspace\open\src\hotspot\share\classfile\systemDictionary.cpp, line 256]
Event: 4.093 Thread 0x00000206299731c0 Exception <a 'java/lang/ClassNotFoundException'{0x0000000083ee52e0}: java/lang/ObjectCustomizer> (0x0000000083ee52e0) 
thrown [t:\workspace\open\src\hotspot\share\classfile\systemDictionary.cpp, line 256]
Event: 4.094 Thread 0x00000206299731c0 Exception <a 'java/lang/ClassNotFoundException'{0x0000000083eee958}: org/springframework/context/support/ConversionServiceFactoryBeanCustomizer> (0x0000000083eee958) 
thrown [t:\workspace\open\src\hotspot\share\classfile\systemDictionary.cpp, line 256]
Event: 4.096 Thread 0x00000206299731c0 Exception <a 'java/lang/ClassNotFoundException'{0x0000000083efead8}: org/springframework/beans/factory/FactoryBeanCustomizer> (0x0000000083efead8) 
thrown [t:\workspace\open\src\hotspot\share\classfile\systemDictionary.cpp, line 256]
Event: 4.097 Thread 0x00000206299731c0 Exception <a 'java/lang/ClassNotFoundException'{0x0000000083d09018}: org/springframework/beans/factory/InitializingBeanCustomizer> (0x0000000083d09018) 
thrown [t:\workspace\open\src\hotspot\share\classfile\systemDictionary.cpp, line 256]
Event: 4.103 Thread 0x00000206299731c0 Implicit null exception at 0x0000020638e07fa0 to 0x0000020638e084ac
Event: 4.103 Thread 0x00000206299731c0 Implicit null exception at 0x0000020638e39bed to 0x0000020638e3a468
Event: 4.106 Thread 0x00000206299731c0 Exception <a 'java/lang/NoSuchMethodError'{0x0000000083d6de10}: 'void java.lang.invoke.DelegatingMethodHandle$Holder.delegate(java.lang.Object, java.lang.Object, int, java.lang.Object)'> (0x0000000083d6de10) 
thrown [t:\workspace\open\src\hotspot\share\interpreter\linkResolver.cpp, line 766]
Event: 4.126 Thread 0x00000206299731c0 Exception <a 'java/lang/ClassNotFoundException'{0x0000000083c26608}: java/lang/ObjectCustomizer> (0x0000000083c26608) 
thrown [t:\workspace\open\src\hotspot\share\classfile\systemDictionary.cpp, line 256]
Event: 4.127 Thread 0x00000206299731c0 Exception <a 'java/lang/ClassNotFoundException'{0x0000000083c2fa18}: org/springframework/boot/autoconfigure/web/servlet/ServletWebServerFactoryCustomizerCustomizer> (0x0000000083c2fa18) 
thrown [t:\workspace\open\src\hotspot\share\classfile\systemDictionary.cpp, line 256]

VM Operations (20 events):
Event: 3.240 Executing VM operation: HandshakeAllThreads
Event: 3.240 Executing VM operation: HandshakeAllThreads done
Event: 3.411 Executing VM operation: ICBufferFull
Event: 3.411 Executing VM operation: ICBufferFull done
Event: 3.445 Executing VM operation: HandshakeAllThreads
Event: 3.445 Executing VM operation: HandshakeAllThreads done
Event: 3.448 Executing VM operation: HandshakeAllThreads
Event: 3.448 Executing VM operation: HandshakeAllThreads done
Event: 3.547 Executing VM operation: HandshakeAllThreads
Event: 3.547 Executing VM operation: HandshakeAllThreads done
Event: 3.548 Executing VM operation: HandshakeAllThreads
Event: 3.548 Executing VM operation: HandshakeAllThreads done
Event: 3.592 Executing VM operation: G1CollectForAllocation
Event: 3.598 Executing VM operation: G1CollectForAllocation done
Event: 3.942 Executing VM operation: HandshakeAllThreads
Event: 3.942 Executing VM operation: HandshakeAllThreads done
Event: 4.105 Executing VM operation: HandshakeAllThreads
Event: 4.105 Executing VM operation: HandshakeAllThreads done
Event: 4.108 Executing VM operation: ICBufferFull
Event: 4.108 Executing VM operation: ICBufferFull done

Events (20 events):
Event: 4.067 loading class java/lang/ObjectCustomizer
Event: 4.067 loading class java/lang/ObjectCustomizer done
Event: 4.070 loading class java/lang/ObjectCustomizer
Event: 4.070 loading class java/lang/ObjectCustomizer done
Event: 4.070 loading class java/lang/ObjectCustomizer
Event: 4.070 loading class java/lang/ObjectCustomizer done
Event: 4.076 loading class jdk/internal/reflect/UnsafeObjectFieldAccessorImpl
Event: 4.076 loading class jdk/internal/reflect/UnsafeObjectFieldAccessorImpl done
Event: 4.076 loading class java/lang/ObjectCustomizer
Event: 4.076 loading class java/lang/ObjectCustomizer done
Event: 4.076 loading class java/lang/ObjectCustomizer
Event: 4.076 loading class java/lang/ObjectCustomizer done
Event: 4.093 loading class java/lang/ObjectCustomizer
Event: 4.093 loading class java/lang/ObjectCustomizer done
Event: 4.093 loading class java/lang/ObjectCustomizer
Event: 4.093 loading class java/lang/ObjectCustomizer done
Event: 4.126 loading class java/lang/ObjectCustomizer
Event: 4.126 loading class java/lang/ObjectCustomizer done
Event: 4.126 loading class java/lang/ObjectCustomizer
Event: 4.126 loading class java/lang/ObjectCustomizer done


Dynamic libraries:
0x00007ff7306b0000 - 0x00007ff7306c0000 	C:\Program Files\Java\jdk-17.0.1\bin\java.exe
0x00007ffb90170000 - 0x00007ffb90365000 	C:\WINDOWS\SYSTEM32\ntdll.dll
0x00007ffb8f8f0000 - 0x00007ffb8f9ae000 	C:\WINDOWS\System32\KERNEL32.DLL
0x00007ffb8dce0000 - 0x00007ffb8dfa8000 	C:\WINDOWS\System32\KERNELBASE.dll
0x00007ffb8e060000 - 0x00007ffb8e160000 	C:\WINDOWS\System32\ucrtbase.dll
0x00007ffb88c30000 - 0x00007ffb88c48000 	C:\Program Files\Java\jdk-17.0.1\bin\jli.dll
0x00007ffb89320000 - 0x00007ffb8933a000 	C:\Program Files\Java\jdk-17.0.1\bin\VCRUNTIME140.dll
0x00007ffb8f350000 - 0x00007ffb8f3fe000 	C:\WINDOWS\System32\ADVAPI32.dll
0x00007ffb8e230000 - 0x00007ffb8e2ce000 	C:\WINDOWS\System32\msvcrt.dll
0x00007ffb8f2b0000 - 0x00007ffb8f34c000 	C:\WINDOWS\System32\sechost.dll
0x00007ffb8fdf0000 - 0x00007ffb8ff15000 	C:\WINDOWS\System32\RPCRT4.dll
0x00007ffb8fa10000 - 0x00007ffb8fbb0000 	C:\WINDOWS\System32\USER32.dll
0x00007ffb8d930000 - 0x00007ffb8d952000 	C:\WINDOWS\System32\win32u.dll
0x00007ffb8f270000 - 0x00007ffb8f29b000 	C:\WINDOWS\System32\GDI32.dll
0x00007ffb78010000 - 0x00007ffb782aa000 	C:\WINDOWS\WinSxS\amd64_microsoft.windows.common-controls_6595b64144ccf1df_6.0.19041.1110_none_60b5254171f9507e\COMCTL32.dll
0x00007ffb8dac0000 - 0x00007ffb8dbcb000 	C:\WINDOWS\System32\gdi32full.dll
0x00007ffb8d890000 - 0x00007ffb8d92d000 	C:\WINDOWS\System32\msvcp_win.dll
0x00007ffb86bb0000 - 0x00007ffb86bba000 	C:\WINDOWS\SYSTEM32\VERSION.dll
0x00007ffb8fdc0000 - 0x00007ffb8fdf0000 	C:\WINDOWS\System32\IMM32.DLL
0x00007ffb89430000 - 0x00007ffb8943c000 	C:\Program Files\Java\jdk-17.0.1\bin\vcruntime140_1.dll
0x00007ffb708c0000 - 0x00007ffb7094d000 	C:\Program Files\Java\jdk-17.0.1\bin\msvcp140.dll
0x00007ffb6eee0000 - 0x00007ffb6fa9e000 	C:\Program Files\Java\jdk-17.0.1\bin\server\jvm.dll
0x00007ffb8f400000 - 0x00007ffb8f408000 	C:\WINDOWS\System32\PSAPI.DLL
0x00007ffb5cfe0000 - 0x00007ffb5cfe9000 	C:\WINDOWS\SYSTEM32\WSOCK32.dll
0x00007ffb670d0000 - 0x00007ffb670f7000 	C:\WINDOWS\SYSTEM32\WINMM.dll
0x00007ffb8f410000 - 0x00007ffb8f47b000 	C:\WINDOWS\System32\WS2_32.dll
0x00007ffb8b6c0000 - 0x00007ffb8b6d2000 	C:\WINDOWS\SYSTEM32\kernel.appcore.dll
0x00007ffb89310000 - 0x00007ffb8931a000 	C:\Program Files\Java\jdk-17.0.1\bin\jimage.dll
0x00007ffb87210000 - 0x00007ffb873f4000 	C:\WINDOWS\SYSTEM32\DBGHELP.DLL
0x00007ffb7ad00000 - 0x00007ffb7ad2c000 	C:\WINDOWS\SYSTEM32\dbgcore.DLL
0x00007ffb8dc50000 - 0x00007ffb8dcd2000 	C:\WINDOWS\System32\bcryptPrimitives.dll
0x00007ffb86d60000 - 0x00007ffb86d6e000 	C:\Program Files\Java\jdk-17.0.1\bin\instrument.dll
0x00007ffb888d0000 - 0x00007ffb888f5000 	C:\Program Files\Java\jdk-17.0.1\bin\java.dll
0x00007ffb707e0000 - 0x00007ffb708b6000 	C:\Program Files\Java\jdk-17.0.1\bin\svml.dll
0x00007ffb8e820000 - 0x00007ffb8ef64000 	C:\WINDOWS\System32\SHELL32.dll
0x00007ffb8b9a0000 - 0x00007ffb8c134000 	C:\WINDOWS\SYSTEM32\windows.storage.dll
0x00007ffb8e2d0000 - 0x00007ffb8e624000 	C:\WINDOWS\System32\combase.dll
0x00007ffb8d2f0000 - 0x00007ffb8d31c000 	C:\WINDOWS\SYSTEM32\Wldp.dll
0x00007ffb8ef70000 - 0x00007ffb8f01d000 	C:\WINDOWS\System32\SHCORE.dll
0x00007ffb8e630000 - 0x00007ffb8e685000 	C:\WINDOWS\System32\shlwapi.dll
0x00007ffb8d7d0000 - 0x00007ffb8d7ef000 	C:\WINDOWS\SYSTEM32\profapi.dll
0x00007ffb81e00000 - 0x00007ffb81e18000 	C:\Program Files\Java\jdk-17.0.1\bin\zip.dll
0x00007ffb88c10000 - 0x00007ffb88c29000 	C:\Program Files\Java\jdk-17.0.1\bin\net.dll
0x00007ffb7c860000 - 0x00007ffb7c969000 	C:\WINDOWS\SYSTEM32\WINHTTP.dll
0x00007ffb8d050000 - 0x00007ffb8d0ba000 	C:\WINDOWS\system32\mswsock.dll
0x00007ffb86450000 - 0x00007ffb86465000 	C:\Program Files\Java\jdk-17.0.1\bin\nio.dll
0x00007ffb76100000 - 0x00007ffb7611a000 	C:\Program Files\JetBrains\IntelliJ IDEA 2021.2.3\bin\breakgen64.dll
0x00007ffb88890000 - 0x00007ffb888a0000 	C:\Program Files\Java\jdk-17.0.1\bin\verify.dll
0x00007ffb86420000 - 0x00007ffb86429000 	C:\Program Files\Java\jdk-17.0.1\bin\management.dll
0x00007ffb81df0000 - 0x00007ffb81dfb000 	C:\Program Files\Java\jdk-17.0.1\bin\management_ext.dll
0x00007ffb86430000 - 0x00007ffb86447000 	C:\WINDOWS\system32\napinsp.dll
0x00007ffb6a190000 - 0x00007ffb6a1ab000 	C:\WINDOWS\system32\pnrpnsp.dll
0x00007ffb49570000 - 0x00007ffb49585000 	C:\WINDOWS\system32\wshbth.dll
0x00007ffb892d0000 - 0x00007ffb892ed000 	C:\WINDOWS\system32\NLAapi.dll
0x00007ffb8ccf0000 - 0x00007ffb8cd2b000 	C:\WINDOWS\SYSTEM32\IPHLPAPI.DLL
0x00007ffb8cd40000 - 0x00007ffb8ce0a000 	C:\WINDOWS\SYSTEM32\DNSAPI.dll
0x00007ffb8fbb0000 - 0x00007ffb8fbb8000 	C:\WINDOWS\System32\NSI.dll
0x00007ffb6a170000 - 0x00007ffb6a182000 	C:\WINDOWS\System32\winrnr.dll
0x000000005bdf0000 - 0x000000005be16000 	C:\Program Files\Bonjour\mdnsNSP.dll
0x00007ffb82270000 - 0x00007ffb8227a000 	C:\Windows\System32\rasadhlp.dll
0x00007ffb7ab80000 - 0x00007ffb7abff000 	C:\WINDOWS\System32\fwpuclnt.dll
0x00007ffb8dbd0000 - 0x00007ffb8dbf7000 	C:\WINDOWS\System32\bcrypt.dll

dbghelp: loaded successfully - version: 4.0.5 - missing functions: none
symbol engine: initialized successfully - sym options: 0x614 - pdb path: .;C:\Program Files\Java\jdk-17.0.1\bin;C:\WINDOWS\SYSTEM32;C:\WINDOWS\WinSxS\amd64_microsoft.windows.common-controls_6595b64144ccf1df_6.0.19041.1110_none_60b5254171f9507e;C:\Program Files\Java\jdk-17.0.1\bin\server;C:\Program Files\JetBrains\IntelliJ IDEA 2021.2.3\bin;C:\Program Files\Bonjour

VM Arguments:
jvm_args: -ea -Didea.test.cyclic.buffer.size=1048576 -javaagent:C:\Program Files\JetBrains\IntelliJ IDEA 2021.2.3\lib\idea_rt.jar=55327:C:\Program Files\JetBrains\IntelliJ IDEA 2021.2.3\bin -Dfile.encoding=UTF-8 
java_command: com.intellij.rt.junit.JUnitStarter -ideVersion5 -junit5 integrationTests.MovieControllerTestIntegration,deleteMovie
java_class_path (initial): C:\Users\Anuar\.m2\repository\org\junit\platform\junit-platform-launcher\1.8.2\junit-platform-launcher-1.8.2.jar;C:\Program Files\JetBrains\IntelliJ IDEA 2021.2.3\lib\idea_rt.jar;C:\Program Files\JetBrains\IntelliJ IDEA 2021.2.3\plugins\junit\lib\junit5-rt.jar;C:\Program Files\JetBrains\IntelliJ IDEA 2021.2.3\plugins\junit\lib\junit-rt.jar;C:\Users\Anuar\IdeaProjects\Lab8\borangaziyev\target\test-classes;C:\Users\Anuar\IdeaProjects\Lab8\borangaziyev\target\classes;C:\Users\Anuar\.m2\repository\org\springframework\boot\spring-boot-starter\2.6.3\spring-boot-starter-2.6.3.jar;C:\Users\Anuar\.m2\repository\org\springframework\boot\spring-boot\2.6.3\spring-boot-2.6.3.jar;C:\Users\Anuar\.m2\repository\org\springframework\spring-context\5.3.15\spring-context-5.3.15.jar;C:\Users\Anuar\.m2\repository\org\springframework\boot\spring-boot-autoconfigure\2.6.3\spring-boot-autoconfigure-2.6.3.jar;C:\Users\Anuar\.m2\repository\org\springframework\boot\spring-boot-starter-logging\2.6.3\spring-boot-starter-logging-2.6.3.jar;C:\Users\Anuar\.m2\repository\ch\qos\logback\logback-classic\1.2.10\logback-classic-1.2.10.jar;C:\Users\Anuar\.m2\repository\ch\qos\logback\logback-core\1.2.10\logback-core-1.2.10.jar;C:\Users\Anuar\.m2\repository\org\apache\logging\log4j\log4j-to-slf4j\2.17.1\log4j-to-slf4j-2.17.1.jar;C:\Users\Anuar\.m2\repository\org\apache\logging\log4j\log4j-api\2.17.1\log4j-api-2.17.1.jar;C:\Users\Anuar\.m2\repository\org\slf4j\jul-to-slf4j\1.7.33\jul-to-slf4j-1.7.33.jar;C:\Users\Anuar\.m2\repository\jakarta\annotation\jakarta.annotation-api\1.3.5\jakarta.annotation-api-1.3.5.jar;C:\Users\Anuar\.m2\repository\org\springframework\spring-core\5.3.15\spring-core-5.3.15.jar;C:\Users\Anuar\.m2\repository\org\springframework\spring-jcl\5.3.15\spring-jcl-5.3.15.jar;C:\Users\Anuar\.m2\repository\org\yaml\snakeyaml\1.29\snakeyaml-1.29.jar;C:\Users\Anuar\.m2\repository\org\springframework\boot\spring-boot-starter-activemq\2.6.3\spring-boot-starter-activemq
Launcher Type: SUN_STANDARD

[Global flags]
     intx CICompilerCount                          = 4                                         {product} {ergonomic}
     uint ConcGCThreads                            = 2                                         {product} {ergonomic}
     uint G1ConcRefinementThreads                  = 8                                         {product} {ergonomic}
   size_t G1HeapRegionSize                         = 1048576                                   {product} {ergonomic}
    uintx GCDrainStackTargetSize                   = 64                                        {product} {ergonomic}
   size_t InitialHeapSize                          = 134217728                                 {product} {ergonomic}
   size_t MarkStackSize                            = 4194304                                   {product} {ergonomic}
   size_t MaxHeapSize                              = 2118123520                                {product} {ergonomic}
   size_t MaxNewSize                               = 1270874112                                {product} {ergonomic}
   size_t MinHeapDeltaBytes                        = 1048576                                   {product} {ergonomic}
   size_t MinHeapSize                              = 8388608                                   {product} {ergonomic}
    uintx NonNMethodCodeHeapSize                   = 5839372                                {pd product} {ergonomic}
    uintx NonProfiledCodeHeapSize                  = 122909434                              {pd product} {ergonomic}
    uintx ProfiledCodeHeapSize                     = 122909434                              {pd product} {ergonomic}
    uintx ReservedCodeCacheSize                    = 251658240                              {pd product} {ergonomic}
     bool SegmentedCodeCache                       = true                                      {product} {ergonomic}
   size_t SoftMaxHeapSize                          = 2118123520                             {manageable} {ergonomic}
     bool UseCompressedClassPointers               = true                           {product lp64_product} {ergonomic}
     bool UseCompressedOops                        = true                           {product lp64_product} {ergonomic}
     bool UseG1GC                                  = true                                      {product} {ergonomic}
     bool UseLargePagesIndividualAllocation        = false                                  {pd product} {ergonomic}

Logging:
Log output configuration:
 #0: stdout all=warning uptime,level,tags
 #1: stderr all=off uptime,level,tags

Environment Variables:
PATH=C:\Program Files\OpenJDK\jdk-11.0.8.10-hotspot\bin;C:\Program Files (x86)\VMware\VMware Player\bin\;C:\Program Files\Common Files\Oracle\Java\javapath;C:\WINDOWS\system32;C:\WINDOWS;C:\WINDOWS\System32\Wbem;C:\WINDOWS\System32\WindowsPowerShell\v1.0\;C:\WINDOWS\System32\OpenSSH\;C:\Program Files\Git\cmd;C:\Program Files\Git\bin\;C:\Program Files\Microsoft SQL Server\150\Tools\Binn\;C:\Program Files\Microsoft SQL Server\Client SDK\ODBC\170\Tools\Binn\;C:\Program Files\dotnet\;C:\Program Files (x86)\Microsoft SQL Server\150\DTS\Binn\;C:\Program Files\Azure Data Studio\bin;C:\Program Files (x86)\Microsoft SQL Server\150\Tools\Binn\;C:\Program Files\Microsoft SQL Server\150\DTS\Binn\;C:\Program Files (x86)\dotnet\;C:\Users\Anuar\AppData\Local\Programs\Python\Python310\Scripts\;C:\Users\Anuar\AppData\Local\Programs\Python\Python310\;C:\Users\Anuar\AppData\Local\Microsoft\WindowsApps;C:\Users\Anuar\AppData\Local\Programs\Microsoft VS Code\bin;C:\Program Files\JetBrains\IntelliJ IDEA 2021.2.3\bin;;C:\Users\Anuar\.dotnet\tools;C:\Program Files\Azure Data Studio\bin
USERNAME=Anuar
OS=Windows_NT
PROCESSOR_IDENTIFIER=Intel64 Family 6 Model 142 Stepping 11, GenuineIntel



---------------  S Y S T E M  ---------------

OS:
 Windows 10 , 64 bit Build 19041 (10.0.19041.1566)
OS uptime: 0 days 3:09 hours

CPU: total 8 (initial active 8) (4 cores per cpu, 2 threads per core) family 6 model 142 stepping 11 microcode 0xc6, cx8, cmov, fxsr, ht, mmx, 3dnowpref, sse, sse2, sse3, ssse3, sse4.1, sse4.2, popcnt, lzcnt, tsc, tscinvbit, avx, avx2, aes, erms, clmul, bmi1, bmi2, adx, fma, vzeroupper, clflush, clflushopt

Memory: 4k page, system-wide physical 8072M (984M free)
TotalPageFile size 10120M (AvailPageFile size 6M)
current process WorkingSet (physical memory assigned to process): 218M, peak: 220M
current process commit charge ("private bytes"): 266M, peak: 314M

vm_info: Java HotSpot(TM) 64-Bit Server VM (17.0.1+12-LTS-39) for windows-amd64 JRE (17.0.1+12-LTS-39), built on Sep 27 2021 18:41:35 by "mach5one" with MS VC++ 16.8 (VS2019)

END.
