#
# There is insufficient memory for the Java Runtime Environment to continue.
# Native memory allocation (mmap) failed to map 27262976 bytes for Failed to commit area from 0x0000000089c00000 to 0x000000008b600000 of length 27262976.
# Possible reasons:
#   The system is out of physical RAM or swap space
#   The process is running with CompressedOops enabled, and the Java Heap may be blocking the growth of the native heap
# Possible solutions:
#   Reduce memory load on the system
#   Increase physical memory or swap space
#   Check if swap backing store is full
#   Decrease Java heap size (-Xmx/-Xms)
#   Decrease number of Java threads
#   Decrease Java thread stack sizes (-Xss)
#   Set larger code cache with -XX:ReservedCodeCacheSize=
#   JVM is running with Unscaled Compressed Oops mode in which the Java heap is
#     placed in the first 4GB address space. The Java Heap base address is the
#     maximum limit for the native heap growth. Please use -XX:HeapBaseMinAddress
#     to set the Java Heap base and to place the Java Heap above 4GB virtual address.
# This output file may be truncated or incomplete.
#
#  Out of Memory Error (t:/workspace/open/src/hotspot/os/windows/os_windows.cpp:3301), pid=15308, tid=9548
#
# JRE version: Java(TM) SE Runtime Environment (13.0.2+8) (build 13.0.2+8)
# Java VM: Java HotSpot(TM) 64-Bit Server VM (13.0.2+8, mixed mode, sharing, tiered, compressed oops, g1 gc, windows-amd64)
# No core dump will be written. Minidumps are not enabled by default on client versions of Windows
#

---------------  S U M M A R Y ------------

Command Line: -XX:TieredStopAtLevel=1 -Xverify:none -Dspring.output.ansi.enabled=always -javaagent:C:\Program Files\JetBrains\IntelliJ IDEA 2021.2.3\lib\idea_rt.jar=57127:C:\Program Files\JetBrains\IntelliJ IDEA 2021.2.3\bin -Dcom.sun.management.jmxremote -Dspring.jmx.enabled=true -Dspring.liveBeansView.mbeanDomain -Dspring.application.admin.enabled=true -Dfile.encoding=UTF-8 kz.iitu.itse1909.borangaziyev.Lab2Application

Host: Intel(R) Core(TM) i5-8265U CPU @ 1.60GHz, 8 cores, 7G,  Windows 10 , 64 bit Build 19041 (10.0.19041.1466)
Time: Sun Feb  6 19:44:19 2022 Central Asia Standard Time elapsed time: 3 seconds (0d 0h 0m 3s)

---------------  T H R E A D  ---------------

Current thread (0x0000024051452800):  VMThread "VM Thread" [stack: 0x000000d7af600000,0x000000d7af700000] [id=9548]

Stack: [0x000000d7af600000,0x000000d7af700000]
[error occurred during error reporting (printing stack bounds), id 0xc0000005, EXCEPTION_ACCESS_VIOLATION (0xc0000005) at pc=0x000002403aad10ad]

Native frames: (J=compiled Java code, j=interpreted, Vv=VM code, C=native code)
V  [jvm.dll+0x624f9a]
V  [jvm.dll+0x770cfa]
V  [jvm.dll+0x7724af]
V  [jvm.dll+0x772a15]
V  [jvm.dll+0x7729cb]
V  [jvm.dll+0x6244df]
C  [ntdll.dll+0x78a3c]
C  [ntdll.dll+0x51276]
C  [ntdll.dll+0xa0bfe]
C  0x000002403aad10ad

VM_Operation (0x000000d7af0fa760): CollectForMetadataAllocation, mode: safepoint, requested by thread 0x00000240325c4800


---------------  P R O C E S S  ---------------

Threads class SMR info:
_java_thread_list=0x0000024052bf6840, length=13, elements={
0x00000240325c4800, 0x0000024051455000, 0x0000024051459800, 0x000002405147a800,
0x000002405147b800, 0x000002405147d000, 0x0000024051484000, 0x0000024051439800,
0x00000240520c3800, 0x00000240520c8800, 0x00000240525b2800, 0x0000024052bed800,
0x0000024052c1a800
}

Java Threads: ( => current thread )
  0x00000240325c4800 JavaThread "main" [_thread_blocked, id=2360, stack(0x000000d7af000000,0x000000d7af100000)]
  0x0000024051455000 JavaThread "Reference Handler" daemon [_thread_blocked, id=14584, stack(0x000000d7af700000,0x000000d7af800000)]
  0x0000024051459800 JavaThread "Finalizer" daemon [_thread_blocked, id=14024, stack(0x000000d7af800000,0x000000d7af900000)]
  0x000002405147a800 JavaThread "Signal Dispatcher" daemon [_thread_blocked, id=11420, stack(0x000000d7af900000,0x000000d7afa00000)]
  0x000002405147b800 JavaThread "Attach Listener" daemon [_thread_blocked, id=2148, stack(0x000000d7afa00000,0x000000d7afb00000)]
  0x000002405147d000 JavaThread "C1 CompilerThread0" daemon [_thread_blocked, id=2388, stack(0x000000d7afb00000,0x000000d7afc00000)]
  0x0000024051484000 JavaThread "Sweeper thread" daemon [_thread_blocked, id=7128, stack(0x000000d7afc00000,0x000000d7afd00000)]
  0x0000024051439800 JavaThread "Common-Cleaner" daemon [_thread_blocked, id=340, stack(0x000000d7afd00000,0x000000d7afe00000)]
  0x00000240520c3800 JavaThread "Monitor Ctrl-Break" daemon [_thread_in_native, id=7120, stack(0x000000d7afe00000,0x000000d7aff00000)]
  0x00000240520c8800 JavaThread "Service Thread" daemon [_thread_blocked, id=14196, stack(0x000000d7aff00000,0x000000d7b0000000)]
  0x00000240525b2800 JavaThread "RMI TCP Accept-0" daemon [_thread_in_native, id=3784, stack(0x000000d7b0000000,0x000000d7b0100000)]
  0x0000024052bed800 JavaThread "RMI TCP Connection(1)-192.168.253.1" daemon [_thread_in_native, id=10408, stack(0x000000d7b0400000,0x000000d7b0500000)]
  0x0000024052c1a800 JavaThread "RMI Scheduler(0)" daemon [_thread_blocked, id=10448, stack(0x000000d7b0500000,0x000000d7b0600000)]

Other Threads:
=>0x0000024051452800 VMThread "VM Thread" [stack: 0x000000d7af600000,0x000000d7af700000] [id=9548]
  0x000002405259f000 WatcherThread [stack: 0x000000d7b0100000,0x000000d7b0200000] [id=2552]
  0x0000024032607000 GCTaskThread "GC Thread#0" [stack: 0x000000d7af100000,0x000000d7af200000] [id=12300]
  0x000002405294e800 GCTaskThread "GC Thread#1" [stack: 0x000000d7b0200000,0x000000d7b0300000] [id=10124]
  0x0000024052a01800 GCTaskThread "GC Thread#2" [stack: 0x000000d7b0300000,0x000000d7b0400000] [id=9212]
  0x0000024052cc7800 GCTaskThread "GC Thread#3" [stack: 0x000000d7b0600000,0x000000d7b0700000] [id=13264]
  0x0000024032619800 ConcurrentGCThread "G1 Main Marker" [stack: 0x000000d7af200000,0x000000d7af300000] [id=3704]
  0x000002403261d800 ConcurrentGCThread "G1 Conc#0" [stack: 0x000000d7af300000,0x000000d7af400000] [id=11144]
  0x000002403269e000 ConcurrentGCThread "G1 Refine#0" [stack: 0x000000d7af400000,0x000000d7af500000] [id=13144]
  0x00000240512d2000 ConcurrentGCThread "G1 Young RemSet Sampling" [stack: 0x000000d7af500000,0x000000d7af600000] [id=2036]

Threads with active compile tasks:

VM state:at safepoint (normal execution)

VM Mutex/Monitor currently owned by a thread:  ([mutex/lock_event])
[0x00000240325c20d0] Threads_lock - owner thread: 0x0000024051452800
[0x00000240325c1980] Heap_lock - owner thread: 0x00000240325c4800

Heap address: 0x0000000081c00000, size: 2020 MB, Compressed Oops mode: 32-bit
Narrow klass base: 0x0000000800000000, Narrow klass shift: 3
Compressed class space size: 1073741824 Address: 0x0000000800b40000

Heap:
 garbage-first heap   total 157696K, used 12121K [0x0000000081c00000, 0x0000000100000000)
  region size 1024K, 5 young (5120K), 5 survivors (5120K)
 Metaspace       used 20325K, capacity 21215K, committed 21296K, reserved 1067008K
  class space    used 2801K, capacity 3178K, committed 3200K, reserved 1048576K
Heap Regions: E=young(eden), S=young(survivor), O=old, HS=humongous(starts), HC=humongous(continues), CS=collection set, F=free, A=archive, TAMS=top-at-mark-start (previous, next)
|   0|0x0000000081c00000, 0x0000000081d00000, 0x0000000081d00000|100%|HS|  |TAMS 0x0000000081c00000, 0x0000000081d00000| Complete 
|   1|0x0000000081d00000, 0x0000000081e00000, 0x0000000081e00000|100%| O|  |TAMS 0x0000000081d00000, 0x0000000081e00000| Untracked 
|   2|0x0000000081e00000, 0x0000000081f00000, 0x0000000081f00000|100%| O|  |TAMS 0x0000000081e00000, 0x0000000081f00000| Untracked 
|   3|0x0000000081f00000, 0x0000000082000000, 0x0000000082000000|100%| O|  |TAMS 0x0000000081f00000, 0x0000000082000000| Untracked 
|   4|0x0000000082000000, 0x0000000082100000, 0x0000000082100000|100%| O|  |TAMS 0x0000000082000000, 0x0000000082100000| Untracked 
|   5|0x0000000082100000, 0x0000000082200000, 0x0000000082200000|100%| O|  |TAMS 0x0000000082100000, 0x0000000082200000| Untracked 
|   6|0x0000000082200000, 0x00000000822dd200, 0x0000000082300000| 86%| O|  |TAMS 0x0000000082200000, 0x00000000822dd200| Untracked 
|   7|0x0000000082300000, 0x0000000082300000, 0x0000000082400000|  0%| F|  |TAMS 0x0000000082300000, 0x0000000082300000| Untracked 
|   8|0x0000000082400000, 0x0000000082400000, 0x0000000082500000|  0%| F|  |TAMS 0x0000000082400000, 0x0000000082400000| Untracked 
|   9|0x0000000082500000, 0x0000000082500000, 0x0000000082600000|  0%| F|  |TAMS 0x0000000082500000, 0x0000000082500000| Untracked 
|  10|0x0000000082600000, 0x0000000082600000, 0x0000000082700000|  0%| F|  |TAMS 0x0000000082600000, 0x0000000082600000| Untracked 
|  11|0x0000000082700000, 0x0000000082700000, 0x0000000082800000|  0%| F|  |TAMS 0x0000000082700000, 0x0000000082700000| Untracked 
|  12|0x0000000082800000, 0x0000000082800000, 0x0000000082900000|  0%| F|  |TAMS 0x0000000082800000, 0x0000000082800000| Untracked 
|  13|0x0000000082900000, 0x0000000082900000, 0x0000000082a00000|  0%| F|  |TAMS 0x0000000082900000, 0x0000000082900000| Untracked 
|  14|0x0000000082a00000, 0x0000000082a00000, 0x0000000082b00000|  0%| F|  |TAMS 0x0000000082a00000, 0x0000000082a00000| Untracked 
|  15|0x0000000082b00000, 0x0000000082b00000, 0x0000000082c00000|  0%| F|  |TAMS 0x0000000082b00000, 0x0000000082b00000| Untracked 
|  16|0x0000000082c00000, 0x0000000082c00000, 0x0000000082d00000|  0%| F|  |TAMS 0x0000000082c00000, 0x0000000082c00000| Untracked 
|  17|0x0000000082d00000, 0x0000000082d00000, 0x0000000082e00000|  0%| F|  |TAMS 0x0000000082d00000, 0x0000000082d00000| Untracked 
|  18|0x0000000082e00000, 0x0000000082e00000, 0x0000000082f00000|  0%| F|  |TAMS 0x0000000082e00000, 0x0000000082e00000| Untracked 
|  19|0x0000000082f00000, 0x0000000082f00000, 0x0000000083000000|  0%| F|  |TAMS 0x0000000082f00000, 0x0000000082f00000| Untracked 
|  20|0x0000000083000000, 0x0000000083000000, 0x0000000083100000|  0%| F|  |TAMS 0x0000000083000000, 0x0000000083000000| Untracked 
|  21|0x0000000083100000, 0x0000000083100000, 0x0000000083200000|  0%| F|  |TAMS 0x0000000083100000, 0x0000000083100000| Untracked 
|  22|0x0000000083200000, 0x0000000083200000, 0x0000000083300000|  0%| F|  |TAMS 0x0000000083200000, 0x0000000083200000| Untracked 
|  23|0x0000000083300000, 0x0000000083300000, 0x0000000083400000|  0%| F|  |TAMS 0x0000000083300000, 0x0000000083300000| Untracked 
|  24|0x0000000083400000, 0x0000000083400000, 0x0000000083500000|  0%| F|  |TAMS 0x0000000083400000, 0x0000000083400000| Untracked 
|  25|0x0000000083500000, 0x0000000083500000, 0x0000000083600000|  0%| F|  |TAMS 0x0000000083500000, 0x0000000083500000| Untracked 
|  26|0x0000000083600000, 0x0000000083600000, 0x0000000083700000|  0%| F|  |TAMS 0x0000000083600000, 0x0000000083600000| Untracked 
|  27|0x0000000083700000, 0x0000000083700000, 0x0000000083800000|  0%| F|  |TAMS 0x0000000083700000, 0x0000000083700000| Untracked 
|  28|0x0000000083800000, 0x0000000083800000, 0x0000000083900000|  0%| F|  |TAMS 0x0000000083800000, 0x0000000083800000| Untracked 
|  29|0x0000000083900000, 0x0000000083900000, 0x0000000083a00000|  0%| F|  |TAMS 0x0000000083900000, 0x0000000083900000| Untracked 
|  30|0x0000000083a00000, 0x0000000083a00000, 0x0000000083b00000|  0%| F|  |TAMS 0x0000000083a00000, 0x0000000083a00000| Untracked 
|  31|0x0000000083b00000, 0x0000000083b00000, 0x0000000083c00000|  0%| F|  |TAMS 0x0000000083b00000, 0x0000000083b00000| Untracked 
|  32|0x0000000083c00000, 0x0000000083c00000, 0x0000000083d00000|  0%| F|  |TAMS 0x0000000083c00000, 0x0000000083c00000| Untracked 
|  33|0x0000000083d00000, 0x0000000083d00000, 0x0000000083e00000|  0%| F|  |TAMS 0x0000000083d00000, 0x0000000083d00000| Untracked 
|  34|0x0000000083e00000, 0x0000000083e00000, 0x0000000083f00000|  0%| F|  |TAMS 0x0000000083e00000, 0x0000000083e00000| Untracked 
|  35|0x0000000083f00000, 0x0000000083f00000, 0x0000000084000000|  0%| F|  |TAMS 0x0000000083f00000, 0x0000000083f00000| Untracked 
|  36|0x0000000084000000, 0x0000000084000000, 0x0000000084100000|  0%| F|  |TAMS 0x0000000084000000, 0x0000000084000000| Untracked 
|  37|0x0000000084100000, 0x0000000084100000, 0x0000000084200000|  0%| F|  |TAMS 0x0000000084100000, 0x0000000084100000| Untracked 
|  38|0x0000000084200000, 0x0000000084200000, 0x0000000084300000|  0%| F|  |TAMS 0x0000000084200000, 0x0000000084200000| Untracked 
|  39|0x0000000084300000, 0x0000000084300000, 0x0000000084400000|  0%| F|  |TAMS 0x0000000084300000, 0x0000000084300000| Untracked 
|  40|0x0000000084400000, 0x0000000084400000, 0x0000000084500000|  0%| F|  |TAMS 0x0000000084400000, 0x0000000084400000| Untracked 
|  41|0x0000000084500000, 0x0000000084500000, 0x0000000084600000|  0%| F|  |TAMS 0x0000000084500000, 0x0000000084500000| Untracked 
|  42|0x0000000084600000, 0x0000000084600000, 0x0000000084700000|  0%| F|  |TAMS 0x0000000084600000, 0x0000000084600000| Untracked 
|  43|0x0000000084700000, 0x0000000084700000, 0x0000000084800000|  0%| F|  |TAMS 0x0000000084700000, 0x0000000084700000| Untracked 
|  44|0x0000000084800000, 0x0000000084800000, 0x0000000084900000|  0%| F|  |TAMS 0x0000000084800000, 0x0000000084800000| Untracked 
|  45|0x0000000084900000, 0x0000000084900000, 0x0000000084a00000|  0%| F|  |TAMS 0x0000000084900000, 0x0000000084900000| Untracked 
|  46|0x0000000084a00000, 0x0000000084a00000, 0x0000000084b00000|  0%| F|  |TAMS 0x0000000084a00000, 0x0000000084a00000| Untracked 
|  47|0x0000000084b00000, 0x0000000084b00000, 0x0000000084c00000|  0%| F|  |TAMS 0x0000000084b00000, 0x0000000084b00000| Untracked 
|  48|0x0000000084c00000, 0x0000000084c00000, 0x0000000084d00000|  0%| F|  |TAMS 0x0000000084c00000, 0x0000000084c00000| Untracked 
|  49|0x0000000084d00000, 0x0000000084d00000, 0x0000000084e00000|  0%| F|  |TAMS 0x0000000084d00000, 0x0000000084d00000| Untracked 
|  50|0x0000000084e00000, 0x0000000084e00000, 0x0000000084f00000|  0%| F|  |TAMS 0x0000000084e00000, 0x0000000084e00000| Untracked 
|  51|0x0000000084f00000, 0x0000000084f00000, 0x0000000085000000|  0%| F|  |TAMS 0x0000000084f00000, 0x0000000084f00000| Untracked 
|  52|0x0000000085000000, 0x0000000085000000, 0x0000000085100000|  0%| F|  |TAMS 0x0000000085000000, 0x0000000085000000| Untracked 
|  53|0x0000000085100000, 0x0000000085100000, 0x0000000085200000|  0%| F|  |TAMS 0x0000000085100000, 0x0000000085100000| Untracked 
|  54|0x0000000085200000, 0x0000000085200000, 0x0000000085300000|  0%| F|  |TAMS 0x0000000085200000, 0x0000000085200000| Untracked 
|  55|0x0000000085300000, 0x0000000085300000, 0x0000000085400000|  0%| F|  |TAMS 0x0000000085300000, 0x0000000085300000| Untracked 
|  56|0x0000000085400000, 0x0000000085400000, 0x0000000085500000|  0%| F|  |TAMS 0x0000000085400000, 0x0000000085400000| Untracked 
|  57|0x0000000085500000, 0x0000000085500000, 0x0000000085600000|  0%| F|  |TAMS 0x0000000085500000, 0x0000000085500000| Untracked 
|  58|0x0000000085600000, 0x0000000085600000, 0x0000000085700000|  0%| F|  |TAMS 0x0000000085600000, 0x0000000085600000| Untracked 
|  59|0x0000000085700000, 0x0000000085700000, 0x0000000085800000|  0%| F|  |TAMS 0x0000000085700000, 0x0000000085700000| Untracked 
|  60|0x0000000085800000, 0x0000000085800000, 0x0000000085900000|  0%| F|  |TAMS 0x0000000085800000, 0x0000000085800000| Untracked 
|  61|0x0000000085900000, 0x0000000085900000, 0x0000000085a00000|  0%| F|  |TAMS 0x0000000085900000, 0x0000000085900000| Untracked 
|  62|0x0000000085a00000, 0x0000000085a00000, 0x0000000085b00000|  0%| F|  |TAMS 0x0000000085a00000, 0x0000000085a00000| Untracked 
|  63|0x0000000085b00000, 0x0000000085b00000, 0x0000000085c00000|  0%| F|  |TAMS 0x0000000085b00000, 0x0000000085b00000| Untracked 
|  64|0x0000000085c00000, 0x0000000085c00000, 0x0000000085d00000|  0%| F|  |TAMS 0x0000000085c00000, 0x0000000085c00000| Untracked 
|  65|0x0000000085d00000, 0x0000000085d00000, 0x0000000085e00000|  0%| F|  |TAMS 0x0000000085d00000, 0x0000000085d00000| Untracked 
|  66|0x0000000085e00000, 0x0000000085e00000, 0x0000000085f00000|  0%| F|  |TAMS 0x0000000085e00000, 0x0000000085e00000| Untracked 
|  67|0x0000000085f00000, 0x0000000085f00000, 0x0000000086000000|  0%| F|  |TAMS 0x0000000085f00000, 0x0000000085f00000| Untracked 
|  68|0x0000000086000000, 0x0000000086000000, 0x0000000086100000|  0%| F|  |TAMS 0x0000000086000000, 0x0000000086000000| Untracked 
|  69|0x0000000086100000, 0x0000000086100000, 0x0000000086200000|  0%| F|  |TAMS 0x0000000086100000, 0x0000000086100000| Untracked 
|  70|0x0000000086200000, 0x0000000086200000, 0x0000000086300000|  0%| F|  |TAMS 0x0000000086200000, 0x0000000086200000| Untracked 
|  71|0x0000000086300000, 0x0000000086300000, 0x0000000086400000|  0%| F|  |TAMS 0x0000000086300000, 0x0000000086300000| Untracked 
|  72|0x0000000086400000, 0x0000000086400000, 0x0000000086500000|  0%| F|  |TAMS 0x0000000086400000, 0x0000000086400000| Untracked 
|  73|0x0000000086500000, 0x0000000086500000, 0x0000000086600000|  0%| F|  |TAMS 0x0000000086500000, 0x0000000086500000| Untracked 
|  74|0x0000000086600000, 0x0000000086600000, 0x0000000086700000|  0%| F|  |TAMS 0x0000000086600000, 0x0000000086600000| Untracked 
|  75|0x0000000086700000, 0x0000000086700000, 0x0000000086800000|  0%| F|  |TAMS 0x0000000086700000, 0x0000000086700000| Untracked 
|  76|0x0000000086800000, 0x0000000086800000, 0x0000000086900000|  0%| F|  |TAMS 0x0000000086800000, 0x0000000086800000| Untracked 
|  77|0x0000000086900000, 0x0000000086900000, 0x0000000086a00000|  0%| F|  |TAMS 0x0000000086900000, 0x0000000086900000| Untracked 
|  78|0x0000000086a00000, 0x0000000086a00000, 0x0000000086b00000|  0%| F|  |TAMS 0x0000000086a00000, 0x0000000086a00000| Untracked 
|  79|0x0000000086b00000, 0x0000000086b00000, 0x0000000086c00000|  0%| F|  |TAMS 0x0000000086b00000, 0x0000000086b00000| Untracked 
|  80|0x0000000086c00000, 0x0000000086c00000, 0x0000000086d00000|  0%| F|  |TAMS 0x0000000086c00000, 0x0000000086c00000| Untracked 
|  81|0x0000000086d00000, 0x0000000086d00000, 0x0000000086e00000|  0%| F|  |TAMS 0x0000000086d00000, 0x0000000086d00000| Untracked 
|  82|0x0000000086e00000, 0x0000000086e00000, 0x0000000086f00000|  0%| F|  |TAMS 0x0000000086e00000, 0x0000000086e00000| Untracked 
|  83|0x0000000086f00000, 0x0000000086f00000, 0x0000000087000000|  0%| F|  |TAMS 0x0000000086f00000, 0x0000000086f00000| Untracked 
|  84|0x0000000087000000, 0x0000000087000000, 0x0000000087100000|  0%| F|  |TAMS 0x0000000087000000, 0x0000000087000000| Untracked 
|  85|0x0000000087100000, 0x0000000087100000, 0x0000000087200000|  0%| F|  |TAMS 0x0000000087100000, 0x0000000087100000| Untracked 
|  86|0x0000000087200000, 0x0000000087200000, 0x0000000087300000|  0%| F|  |TAMS 0x0000000087200000, 0x0000000087200000| Untracked 
|  87|0x0000000087300000, 0x0000000087300000, 0x0000000087400000|  0%| F|  |TAMS 0x0000000087300000, 0x0000000087300000| Untracked 
|  88|0x0000000087400000, 0x0000000087400000, 0x0000000087500000|  0%| F|  |TAMS 0x0000000087400000, 0x0000000087400000| Untracked 
|  89|0x0000000087500000, 0x0000000087500000, 0x0000000087600000|  0%| F|  |TAMS 0x0000000087500000, 0x0000000087500000| Untracked 
|  90|0x0000000087600000, 0x0000000087600000, 0x0000000087700000|  0%| F|  |TAMS 0x0000000087600000, 0x0000000087600000| Untracked 
|  91|0x0000000087700000, 0x0000000087700000, 0x0000000087800000|  0%| F|  |TAMS 0x0000000087700000, 0x0000000087700000| Untracked 
|  92|0x0000000087800000, 0x0000000087800000, 0x0000000087900000|  0%| F|  |TAMS 0x0000000087800000, 0x0000000087800000| Untracked 
|  93|0x0000000087900000, 0x0000000087900000, 0x0000000087a00000|  0%| F|  |TAMS 0x0000000087900000, 0x0000000087900000| Untracked 
|  94|0x0000000087a00000, 0x0000000087a00000, 0x0000000087b00000|  0%| F|  |TAMS 0x0000000087a00000, 0x0000000087a00000| Untracked 
|  95|0x0000000087b00000, 0x0000000087b00000, 0x0000000087c00000|  0%| F|  |TAMS 0x0000000087b00000, 0x0000000087b00000| Untracked 
|  96|0x0000000087c00000, 0x0000000087c00000, 0x0000000087d00000|  0%| F|  |TAMS 0x0000000087c00000, 0x0000000087c00000| Untracked 
|  97|0x0000000087d00000, 0x0000000087d00000, 0x0000000087e00000|  0%| F|  |TAMS 0x0000000087d00000, 0x0000000087d00000| Untracked 
|  98|0x0000000087e00000, 0x0000000087e00000, 0x0000000087f00000|  0%| F|  |TAMS 0x0000000087e00000, 0x0000000087e00000| Untracked 
|  99|0x0000000087f00000, 0x0000000087f00000, 0x0000000088000000|  0%| F|  |TAMS 0x0000000087f00000, 0x0000000087f00000| Untracked 
| 100|0x0000000088000000, 0x0000000088000000, 0x0000000088100000|  0%| F|  |TAMS 0x0000000088000000, 0x0000000088000000| Untracked 
| 101|0x0000000088100000, 0x0000000088100000, 0x0000000088200000|  0%| F|  |TAMS 0x0000000088100000, 0x0000000088100000| Untracked 
| 102|0x0000000088200000, 0x0000000088200000, 0x0000000088300000|  0%| F|  |TAMS 0x0000000088200000, 0x0000000088200000| Untracked 
| 103|0x0000000088300000, 0x0000000088300000, 0x0000000088400000|  0%| F|  |TAMS 0x0000000088300000, 0x0000000088300000| Untracked 
| 104|0x0000000088400000, 0x0000000088400000, 0x0000000088500000|  0%| F|  |TAMS 0x0000000088400000, 0x0000000088400000| Untracked 
| 105|0x0000000088500000, 0x0000000088500000, 0x0000000088600000|  0%| F|  |TAMS 0x0000000088500000, 0x0000000088500000| Untracked 
| 106|0x0000000088600000, 0x0000000088600000, 0x0000000088700000|  0%| F|  |TAMS 0x0000000088600000, 0x0000000088600000| Untracked 
| 107|0x0000000088700000, 0x0000000088700000, 0x0000000088800000|  0%| F|  |TAMS 0x0000000088700000, 0x0000000088700000| Untracked 
| 108|0x0000000088800000, 0x0000000088800000, 0x0000000088900000|  0%| F|  |TAMS 0x0000000088800000, 0x0000000088800000| Untracked 
| 109|0x0000000088900000, 0x0000000088900000, 0x0000000088a00000|  0%| F|  |TAMS 0x0000000088900000, 0x0000000088900000| Untracked 
| 110|0x0000000088a00000, 0x0000000088a00000, 0x0000000088b00000|  0%| F|  |TAMS 0x0000000088a00000, 0x0000000088a00000| Untracked 
| 111|0x0000000088b00000, 0x0000000088b00000, 0x0000000088c00000|  0%| F|  |TAMS 0x0000000088b00000, 0x0000000088b00000| Untracked 
| 112|0x0000000088c00000, 0x0000000088c00000, 0x0000000088d00000|  0%| F|  |TAMS 0x0000000088c00000, 0x0000000088c00000| Untracked 
| 113|0x0000000088d00000, 0x0000000088d00000, 0x0000000088e00000|  0%| F|  |TAMS 0x0000000088d00000, 0x0000000088d00000| Untracked 
| 114|0x0000000088e00000, 0x0000000088e00000, 0x0000000088f00000|  0%| F|  |TAMS 0x0000000088e00000, 0x0000000088e00000| Untracked 
| 115|0x0000000088f00000, 0x0000000088f00000, 0x0000000089000000|  0%| F|  |TAMS 0x0000000088f00000, 0x0000000088f00000| Untracked 
| 116|0x0000000089000000, 0x0000000089000000, 0x0000000089100000|  0%| F|  |TAMS 0x0000000089000000, 0x0000000089000000| Untracked 
| 117|0x0000000089100000, 0x00000000891f9340, 0x0000000089200000| 97%| S|CS|TAMS 0x0000000089100000, 0x0000000089100000| Complete 
| 118|0x0000000089200000, 0x0000000089300000, 0x0000000089300000|100%| S|CS|TAMS 0x0000000089200000, 0x0000000089200000| Complete 
| 119|0x0000000089300000, 0x0000000089400000, 0x0000000089400000|100%| S|CS|TAMS 0x0000000089300000, 0x0000000089300000| Complete 
| 120|0x0000000089400000, 0x0000000089500000, 0x0000000089500000|100%| S|CS|TAMS 0x0000000089400000, 0x0000000089400000| Complete 
| 121|0x0000000089500000, 0x0000000089600000, 0x0000000089600000|100%| S|CS|TAMS 0x0000000089500000, 0x0000000089500000| Complete 
| 122|0x0000000089600000, 0x0000000089600000, 0x0000000089700000|  0%| F|  |TAMS 0x0000000089600000, 0x0000000089600000| Untracked 
| 123|0x0000000089700000, 0x0000000089700000, 0x0000000089800000|  0%| F|  |TAMS 0x0000000089700000, 0x0000000089700000| Untracked 
| 124|0x0000000089800000, 0x0000000089800000, 0x0000000089900000|  0%| F|  |TAMS 0x0000000089800000, 0x0000000089800000| Untracked 
| 125|0x0000000089900000, 0x0000000089900000, 0x0000000089a00000|  0%| F|  |TAMS 0x0000000089900000, 0x0000000089900000| Untracked 
| 126|0x0000000089a00000, 0x0000000089a00000, 0x0000000089b00000|  0%| F|  |TAMS 0x0000000089a00000, 0x0000000089a00000| Untracked 
| 127|0x0000000089b00000, 0x0000000089b00000, 0x0000000089c00000|  0%| F|  |TAMS 0x0000000089b00000, 0x0000000089b00000| Untracked 

Card table byte_map: [0x000002404a310000,0x000002404a710000] _byte_map_base: 0x0000024049f02000

Marking Bits (Prev, Next): (CMBitMap*) 0x0000024032607f08, (CMBitMap*) 0x0000024032607f48
 Prev Bits: [0x000002404ab10000, 0x000002404caa0000)
 Next Bits: [0x000002404caa0000, 0x000002404ea30000)

Polling page: 0x0000024030460000

Metaspace:

Usage:
  Non-class:     17.61 MB capacity,    17.11 MB ( 97%) used,   422.13 KB (  2%) free+waste,    90.63 KB ( <1%) overhead. 
      Class:      3.10 MB capacity,     2.74 MB ( 88%) used,   329.05 KB ( 10%) free+waste,    47.94 KB (  2%) overhead. 
       Both:     20.72 MB capacity,    19.85 MB ( 96%) used,   751.18 KB (  4%) free+waste,   138.56 KB ( <1%) overhead. 

Virtual space:
  Non-class space:       18.00 MB reserved,      17.67 MB ( 98%) committed 
      Class space:        1.00 GB reserved,       3.13 MB ( <1%) committed 
             Both:        1.02 GB reserved,      20.80 MB (  2%) committed 

Chunk freelists:
   Non-Class:  11.00 KB
       Class:  22.00 KB
        Both:  33.00 KB

MaxMetaspaceSize: 17179869184.00 GB
CompressedClassSpaceSize: 1.00 GB

CodeHeap 'non-profiled nmethods': size=238336Kb used=4919Kb max_used=4919Kb free=233417Kb
 bounds [0x000002403b210000, 0x000002403b6e0000, 0x0000024049ad0000]
CodeHeap 'non-nmethods': size=7424Kb used=1216Kb max_used=1216Kb free=6207Kb
 bounds [0x000002403aad0000, 0x000002403ad40000, 0x000002403b210000]
 total_blobs=3769 nmethods=3020 adapters=403
 compilation: enabled
              stopped_count=0, restarted_count=0
 full_count=0

Compilation events (20 events):
Event: 3.323 Thread 0x000002405147d000 3012       1       java.net.URI$Parser::scan (76 bytes)
Event: 3.324 Thread 0x000002405147d000 nmethod 3012 0x000002403b6d9d90 code [0x000002403b6d9f60, 0x000002403b6da340]
Event: 3.324 Thread 0x000002405147d000 3013       1       java.net.URI$Parser::checkChars (44 bytes)
Event: 3.324 Thread 0x000002405147d000 nmethod 3013 0x000002403b6da610 code [0x000002403b6da820, 0x000002403b6dac90]
Event: 3.344 Thread 0x000002405147d000 3014       1       java.util.Calendar::internalSet (8 bytes)
Event: 3.344 Thread 0x000002405147d000 nmethod 3014 0x000002403b6daf10 code [0x000002403b6db0a0, 0x000002403b6db1f8]
Event: 3.344 Thread 0x000002405147d000 3015       1       ch.qos.logback.core.pattern.Converter::getNext (5 bytes)
Event: 3.344 Thread 0x000002405147d000 nmethod 3015 0x000002403b6db290 code [0x000002403b6db420, 0x000002403b6db558]
Event: 3.356 Thread 0x000002405147d000 3016       1       java.lang.Package$VersionInfo::<init> (44 bytes)
Event: 3.357 Thread 0x000002405147d000 nmethod 3016 0x000002403b6db610 code [0x000002403b6db7c0, 0x000002403b6dbb98]
Event: 3.376 Thread 0x000002405147d000 3017       1       ch.qos.logback.classic.Logger::<init> (25 bytes)
Event: 3.376 Thread 0x000002405147d000 nmethod 3017 0x000002403b6dbc10 code [0x000002403b6dbdc0, 0x000002403b6dc018]
Event: 3.376 Thread 0x000002405147d000 3018       1       ch.qos.logback.classic.Logger::createChildByName (128 bytes)
Event: 3.377 Thread 0x000002405147d000 nmethod 3018 0x000002403b6dc090 code [0x000002403b6dc300, 0x000002403b6dccc0]
Event: 3.380 Thread 0x000002405147d000 3019       1       jdk.internal.reflect.ByteVectorImpl::put (27 bytes)
Event: 3.381 Thread 0x000002405147d000 nmethod 3019 0x000002403b6dd090 code [0x000002403b6dd240, 0x000002403b6dd410]
Event: 3.395 Thread 0x000002405147d000 3020       1       java.lang.Object::<init> (1 bytes)
Event: 3.395 Thread 0x000002405147d000 nmethod 3020 0x000002403b6dd510 code [0x000002403b6dd6a0, 0x000002403b6dd7d8]
Event: 3.438 Thread 0x000002405147d000 3021       1       java.util.zip.ZipEntry::getName (5 bytes)
Event: 3.439 Thread 0x000002405147d000 nmethod 3021 0x000002403b6dd890 code [0x000002403b6dda20, 0x000002403b6ddb58]

GC Heap History (9 events):
Event: 1.436 GC heap before
{Heap before GC invocations=0 (full 0):
 garbage-first heap   total 131072K, used 24576K [0x0000000081c00000, 0x0000000100000000)
  region size 1024K, 24 young (24576K), 0 survivors (0K)
 Metaspace       used 7742K, capacity 8052K, committed 8320K, reserved 1056768K
  class space    used 991K, capacity 1120K, committed 1152K, reserved 1048576K
}
Event: 1.457 GC heap after
{Heap after GC invocations=1 (full 0):
 garbage-first heap   total 131072K, used 6983K [0x0000000081c00000, 0x0000000100000000)
  region size 1024K, 3 young (3072K), 3 survivors (3072K)
 Metaspace       used 7742K, capacity 8052K, committed 8320K, reserved 1056768K
  class space    used 991K, capacity 1120K, committed 1152K, reserved 1048576K
}
Event: 1.857 GC heap before
{Heap before GC invocations=1 (full 0):
 garbage-first heap   total 131072K, used 26439K [0x0000000081c00000, 0x0000000100000000)
  region size 1024K, 22 young (22528K), 3 survivors (3072K)
 Metaspace       used 10896K, capacity 11400K, committed 11520K, reserved 1058816K
  class space    used 1479K, capacity 1691K, committed 1792K, reserved 1048576K
}
Event: 1.865 GC heap after
{Heap after GC invocations=2 (full 0):
 garbage-first heap   total 131072K, used 8052K [0x0000000081c00000, 0x0000000100000000)
  region size 1024K, 1 young (1024K), 1 survivors (1024K)
 Metaspace       used 10896K, capacity 11400K, committed 11520K, reserved 1058816K
  class space    used 1479K, capacity 1691K, committed 1792K, reserved 1048576K
}
Event: 2.112 GC heap before
{Heap before GC invocations=2 (full 0):
 garbage-first heap   total 131072K, used 55156K [0x0000000081c00000, 0x0000000100000000)
  region size 1024K, 48 young (49152K), 1 survivors (1024K)
 Metaspace       used 12700K, capacity 13343K, committed 13568K, reserved 1060864K
  class space    used 1722K, capacity 1962K, committed 2048K, reserved 1048576K
}
Event: 2.118 GC heap after
{Heap after GC invocations=3 (full 0):
 garbage-first heap   total 131072K, used 9055K [0x0000000081c00000, 0x0000000100000000)
  region size 1024K, 2 young (2048K), 2 survivors (2048K)
 Metaspace       used 12700K, capacity 13343K, committed 13568K, reserved 1060864K
  class space    used 1722K, capacity 1962K, committed 2048K, reserved 1048576K
}
Event: 3.411 GC heap before
{Heap before GC invocations=3 (full 0):
 garbage-first heap   total 131072K, used 68447K [0x0000000081c00000, 0x0000000100000000)
  region size 1024K, 61 young (62464K), 2 survivors (2048K)
 Metaspace       used 19410K, capacity 20375K, committed 20480K, reserved 1067008K
  class space    used 2658K, capacity 3047K, committed 3072K, reserved 1048576K
}
Event: 3.420 GC heap after
{Heap after GC invocations=4 (full 0):
 garbage-first heap   total 131072K, used 11767K [0x0000000081c00000, 0x0000000100000000)
  region size 1024K, 5 young (5120K), 5 survivors (5120K)
 Metaspace       used 19410K, capacity 20375K, committed 20480K, reserved 1067008K
  class space    used 2658K, capacity 3047K, committed 3072K, reserved 1048576K
}
Event: 3.485 GC heap before
{Heap before GC invocations=4 (full 0):
 garbage-first heap   total 131072K, used 16887K [0x0000000081c00000, 0x0000000100000000)
  region size 1024K, 11 young (11264K), 5 survivors (5120K)
 Metaspace       used 20325K, capacity 21215K, committed 21296K, reserved 1067008K
  class space    used 2801K, capacity 3178K, committed 3200K, reserved 1048576K
}

Deoptimization events (2 events):
Event: 2.750 Thread 0x00000240325c4800 DEOPT PACKING pc=0x000002403b52a814 sp=0x000000d7af0fd8e0
Event: 2.750 Thread 0x00000240325c4800 DEOPT UNPACKING pc=0x000002403ab1964e sp=0x000000d7af0fce48 mode 0

Classes unloaded (0 events):
No events

Classes redefined (0 events):
No events

Internal exceptions (20 events):
Event: 3.056 Thread 0x00000240325c4800 Exception <a 'java/lang/ClassNotFoundException'{0x000000008766b658}: org/springframework/aop/framework/autoproxy/AbstractAdvisorAutoProxyCreatorCustomizer> (0x000000008766b658) 
thrown [t:/workspace/open/src/hotspot/share/classfile/systemDictionary.cpp, line 232]
Event: 3.057 Thread 0x00000240325c4800 Exception <a 'java/lang/ClassNotFoundException'{0x0000000087687d78}: org/springframework/aop/aspectj/autoproxy/AspectJAwareAdvisorAutoProxyCreatorCustomizer> (0x0000000087687d78) 
thrown [t:/workspace/open/src/hotspot/share/classfile/systemDictionary.cpp, line 232]
Event: 3.057 Thread 0x00000240325c4800 Exception <a 'java/lang/ClassNotFoundException'{0x00000000876a3268}: org/springframework/aop/aspectj/annotation/AnnotationAwareAspectJAutoProxyCreatorCustomizer> (0x00000000876a3268) 
thrown [t:/workspace/open/src/hotspot/share/classfile/systemDictionary.cpp, line 232]
Event: 3.058 Thread 0x00000240325c4800 Exception <a 'java/lang/ClassNotFoundException'{0x00000000876cf780}: org/springframework/beans/factory/config/SmartInstantiationAwareBeanPostProcessorCustomizer> (0x00000000876cf780) 
thrown [t:/workspace/open/src/hotspot/share/classfile/systemDictionary.cpp, line 232]
Event: 3.059 Thread 0x00000240325c4800 Exception <a 'java/lang/ClassNotFoundException'{0x00000000876ebc70}: org/springframework/beans/factory/config/InstantiationAwareBeanPostProcessorCustomizer> (0x00000000876ebc70) 
thrown [t:/workspace/open/src/hotspot/share/classfile/systemDictionary.cpp, line 232]
Event: 3.060 Thread 0x00000240325c4800 Exception <a 'java/lang/ClassNotFoundException'{0x0000000087505490}: org/springframework/beans/factory/config/BeanPostProcessorCustomizer> (0x0000000087505490) 
thrown [t:/workspace/open/src/hotspot/share/classfile/systemDictionary.cpp, line 232]
Event: 3.060 Thread 0x00000240325c4800 Exception <a 'java/lang/ClassNotFoundException'{0x000000008751aef8}: org/springframework/beans/factory/BeanFactoryAwareCustomizer> (0x000000008751aef8) 
thrown [t:/workspace/open/src/hotspot/share/classfile/systemDictionary.cpp, line 232]
Event: 3.061 Thread 0x00000240325c4800 Exception <a 'java/lang/ClassNotFoundException'{0x000000008752f000}: org/springframework/beans/factory/AwareCustomizer> (0x000000008752f000) 
thrown [t:/workspace/open/src/hotspot/share/classfile/systemDictionary.cpp, line 232]
Event: 3.061 Thread 0x00000240325c4800 Exception <a 'java/lang/ClassNotFoundException'{0x0000000087540768}: org/springframework/core/OrderedCustomizer> (0x0000000087540768) 
thrown [t:/workspace/open/src/hotspot/share/classfile/systemDictionary.cpp, line 232]
Event: 3.061 Thread 0x00000240325c4800 Exception <a 'java/lang/ClassNotFoundException'{0x0000000087555f40}: org/springframework/beans/factory/BeanClassLoaderAwareCustomizer> (0x0000000087555f40) 
thrown [t:/workspace/open/src/hotspot/share/classfile/systemDictionary.cpp, line 232]
Event: 3.062 Thread 0x00000240325c4800 Exception <a 'java/lang/ClassNotFoundException'{0x00000000875694c8}: org/springframework/beans/factory/AwareCustomizer> (0x00000000875694c8) 
thrown [t:/workspace/open/src/hotspot/share/classfile/systemDictionary.cpp, line 232]
Event: 3.062 Thread 0x00000240325c4800 Exception <a 'java/lang/ClassNotFoundException'{0x000000008757e160}: org/springframework/aop/framework/AopInfrastructureBeanCustomizer> (0x000000008757e160) 
thrown [t:/workspace/open/src/hotspot/share/classfile/systemDictionary.cpp, line 232]
Event: 3.098 Thread 0x00000240325c4800 Exception <a 'java/lang/ClassNotFoundException'{0x0000000087348f40}: java/lang/ObjectCustomizer> (0x0000000087348f40) 
thrown [t:/workspace/open/src/hotspot/share/classfile/systemDictionary.cpp, line 232]
Event: 3.099 Thread 0x00000240325c4800 Exception <a 'java/lang/ClassNotFoundException'{0x0000000087365c60}: org/springframework/transaction/annotation/AbstractTransactionManagementConfigurationCustomizer> (0x0000000087365c60) 
thrown [t:/workspace/open/src/hotspot/share/classfile/systemDictionary.cpp, line 232]
Event: 3.100 Thread 0x00000240325c4800 Exception <a 'java/lang/ClassNotFoundException'{0x0000000087381170}: org/springframework/transaction/annotation/ProxyTransactionManagementConfigurationCustomizer> (0x0000000087381170) 
thrown [t:/workspace/open/src/hotspot/share/classfile/systemDictionary.cpp, line 232]
Event: 3.101 Thread 0x00000240325c4800 Exception <a 'java/lang/ClassNotFoundException'{0x00000000873992a0}: org/springframework/context/annotation/ImportAwareCustomizer> (0x00000000873992a0) 
thrown [t:/workspace/open/src/hotspot/share/classfile/systemDictionary.cpp, line 232]
Event: 3.101 Thread 0x00000240325c4800 Exception <a 'java/lang/ClassNotFoundException'{0x00000000873acc48}: org/springframework/beans/factory/AwareCustomizer> (0x00000000873acc48) 
thrown [t:/workspace/open/src/hotspot/share/classfile/systemDictionary.cpp, line 232]
Event: 3.132 Thread 0x0000024052bed800 Exception <a 'java/lang/reflect/InvocationTargetException'{0x000000008899a260}> (0x000000008899a260) 
thrown [t:/workspace/open/src/hotspot/share/runtime/reflection.cpp, line 1188]
Event: 3.138 Thread 0x00000240325c4800 Exception <a 'java/lang/NoSuchMethodError'{0x0000000087017618}: 'void java.lang.invoke.DelegatingMethodHandle$Holder.delegate(java.lang.Object, java.lang.Object, int, java.lang.Object)'> (0x0000000087017618) 
thrown [t:/workspace/open/src/hotspot/share/interpreter/linkResolver.cpp, line 767]
Event: 3.217 Thread 0x00000240325c4800 Exception <a 'java/lang/NoSuchMethodError'{0x0000000086c91318}: 'int java.lang.invoke.DirectMethodHandle$Holder.invokeSpecial(java.lang.Object, java.lang.Object, java.lang.Object, java.lang.Object, java.lang.Object)'> (0x0000000086c91318) 
thrown [t:/workspace/open/src/hotspot/share/interpreter/linkResolver.cpp, line 767]

Events (20 events):
Event: 3.481 loading class net/bytebuddy/implementation/bind/annotation/RuntimeType done
Event: 3.481 loading class net/bytebuddy/implementation/bind/annotation/IgnoreForBinding
Event: 3.481 loading class net/bytebuddy/implementation/bind/annotation/IgnoreForBinding done
Event: 3.482 loading class net/bytebuddy/description/annotation/AnnotationDescription$ForLoadedAnnotation
Event: 3.482 loading class net/bytebuddy/description/annotation/AnnotationDescription$ForLoadedAnnotation done
Event: 3.482 loading class net/bytebuddy/description/annotation/AnnotationDescription$Loadable
Event: 3.482 loading class net/bytebuddy/description/annotation/AnnotationDescription$Loadable done
Event: 3.482 loading class net/bytebuddy/description/annotation/AnnotationDescription
Event: 3.482 loading class net/bytebuddy/description/annotation/AnnotationDescription done
Event: 3.482 loading class net/bytebuddy/description/annotation/AnnotationDescription$AbstractBase
Event: 3.482 loading class net/bytebuddy/description/annotation/AnnotationDescription$AbstractBase done
Event: 3.483 loading class net/bytebuddy/description/type/TypeDefinition$Sort
Event: 3.483 loading class net/bytebuddy/description/type/TypeDefinition$Sort done
Event: 3.483 loading class net/bytebuddy/description/type/TypeDefinition$Sort$AnnotatedType
Event: 3.483 loading class net/bytebuddy/description/type/TypeDefinition$Sort$AnnotatedType done
Event: 3.484 loading class net/bytebuddy/utility/dispatcher/JavaDispatcher$Dispatcher$ForInstanceCheck
Event: 3.484 loading class net/bytebuddy/utility/dispatcher/JavaDispatcher$Dispatcher$ForInstanceCheck done
Event: 3.485 loading class net/bytebuddy/description/type/TypeDescription$Generic$AnnotationReader$NoOp
Event: 3.485 loading class net/bytebuddy/description/type/TypeDescription$Generic$AnnotationReader$NoOp done
Event: 3.485 Executing VM operation: CollectForMetadataAllocation


Dynamic libraries:
0x00007ff7cc190000 - 0x00007ff7cc19f000 	C:\Program Files\Java\jdk-13.0.2\bin\java.exe
0x00007ffac2ef0000 - 0x00007ffac30e5000 	C:\WINDOWS\SYSTEM32\ntdll.dll
0x00007ffac2df0000 - 0x00007ffac2eae000 	C:\WINDOWS\System32\KERNEL32.DLL
0x00007ffac06b0000 - 0x00007ffac0978000 	C:\WINDOWS\System32\KERNELBASE.dll
0x00007ffac0b90000 - 0x00007ffac0c90000 	C:\WINDOWS\System32\ucrtbase.dll
0x00007ffaad130000 - 0x00007ffaad148000 	C:\Program Files\Java\jdk-13.0.2\bin\jli.dll
0x00007ffaad110000 - 0x00007ffaad125000 	C:\Program Files\Java\jdk-13.0.2\bin\VCRUNTIME140.dll
0x00007ffac1b20000 - 0x00007ffac1bce000 	C:\WINDOWS\System32\ADVAPI32.dll
0x00007ffac1bd0000 - 0x00007ffac1c6e000 	C:\WINDOWS\System32\msvcrt.dll
0x00007ffac1c70000 - 0x00007ffac1d0c000 	C:\WINDOWS\System32\sechost.dll
0x00007ffac1d70000 - 0x00007ffac1e95000 	C:\WINDOWS\System32\RPCRT4.dll
0x00007ffac13b0000 - 0x00007ffac1551000 	C:\WINDOWS\System32\USER32.dll
0x00007ffac0d50000 - 0x00007ffac0d72000 	C:\WINDOWS\System32\win32u.dll
0x00007ffa90950000 - 0x00007ffa90bea000 	C:\WINDOWS\WinSxS\amd64_microsoft.windows.common-controls_6595b64144ccf1df_6.0.19041.1110_none_60b5254171f9507e\COMCTL32.dll
0x00007ffac2820000 - 0x00007ffac284b000 	C:\WINDOWS\System32\GDI32.dll
0x00007ffac0d80000 - 0x00007ffac0e8d000 	C:\WINDOWS\System32\gdi32full.dll
0x00007ffac0e90000 - 0x00007ffac0f2d000 	C:\WINDOWS\System32\msvcp_win.dll
0x00007ffab9ea0000 - 0x00007ffab9eaa000 	C:\WINDOWS\SYSTEM32\VERSION.dll
0x00007ffac10c0000 - 0x00007ffac10f0000 	C:\WINDOWS\System32\IMM32.DLL
0x00007ffaac670000 - 0x00007ffaac70b000 	C:\Program Files\Java\jdk-13.0.2\bin\msvcp140.dll
0x00007ffaaa840000 - 0x00007ffaab39d000 	C:\Program Files\Java\jdk-13.0.2\bin\server\jvm.dll
0x00007ffac29d0000 - 0x00007ffac29d8000 	C:\WINDOWS\System32\PSAPI.DLL
0x00007ffa90f80000 - 0x00007ffa90f89000 	C:\WINDOWS\SYSTEM32\WSOCK32.dll
0x00007ffa92de0000 - 0x00007ffa92e07000 	C:\WINDOWS\SYSTEM32\WINMM.dll
0x00007ffac1050000 - 0x00007ffac10bb000 	C:\WINDOWS\System32\WS2_32.dll
0x00007ffabee80000 - 0x00007ffabee92000 	C:\WINDOWS\SYSTEM32\kernel.appcore.dll
0x00007ffaba7e0000 - 0x00007ffaba7f0000 	C:\Program Files\Java\jdk-13.0.2\bin\verify.dll
0x00007ffabe3f0000 - 0x00007ffabe5d4000 	C:\WINDOWS\SYSTEM32\DBGHELP.DLL
0x00007ffab1530000 - 0x00007ffab155c000 	C:\WINDOWS\SYSTEM32\dbgcore.DLL
0x00007ffac0c90000 - 0x00007ffac0d12000 	C:\WINDOWS\System32\bcryptPrimitives.dll
0x00007ffaacf90000 - 0x00007ffaacfb6000 	C:\Program Files\Java\jdk-13.0.2\bin\java.dll
0x00007ffaaceb0000 - 0x00007ffaacebe000 	C:\Program Files\Java\jdk-13.0.2\bin\instrument.dll
0x00007ffaacf70000 - 0x00007ffaacf87000 	C:\Program Files\Java\jdk-13.0.2\bin\zip.dll
0x00007ffab99e0000 - 0x00007ffab99ea000 	C:\Program Files\Java\jdk-13.0.2\bin\jimage.dll
0x00007ffac2040000 - 0x00007ffac2784000 	C:\WINDOWS\System32\SHELL32.dll
0x00007ffabe6d0000 - 0x00007ffabee65000 	C:\WINDOWS\SYSTEM32\windows.storage.dll
0x00007ffac29e0000 - 0x00007ffac2d35000 	C:\WINDOWS\System32\combase.dll
0x00007ffac0050000 - 0x00007ffac007e000 	C:\WINDOWS\SYSTEM32\Wldp.dll
0x00007ffac2d40000 - 0x00007ffac2ded000 	C:\WINDOWS\System32\SHCORE.dll
0x00007ffac1ac0000 - 0x00007ffac1b15000 	C:\WINDOWS\System32\shlwapi.dll
0x00007ffac0540000 - 0x00007ffac055f000 	C:\WINDOWS\SYSTEM32\profapi.dll
0x00007ffaace90000 - 0x00007ffaacea9000 	C:\Program Files\Java\jdk-13.0.2\bin\net.dll
0x00007ffab1eb0000 - 0x00007ffab1fbc000 	C:\WINDOWS\SYSTEM32\WINHTTP.dll
0x00007ffabfdb0000 - 0x00007ffabfe1a000 	C:\WINDOWS\system32\mswsock.dll
0x00007ffaac7e0000 - 0x00007ffaac7f3000 	C:\Program Files\Java\jdk-13.0.2\bin\nio.dll
0x00007ffaabca0000 - 0x00007ffaabcba000 	C:\Program Files\JetBrains\IntelliJ IDEA 2021.2.3\bin\breakgen64.dll
0x00007ffabfa90000 - 0x00007ffabfb5b000 	C:\WINDOWS\SYSTEM32\DNSAPI.dll
0x00007ffabfa50000 - 0x00007ffabfa8b000 	C:\WINDOWS\SYSTEM32\IPHLPAPI.DLL
0x00007ffac1380000 - 0x00007ffac1388000 	C:\WINDOWS\System32\NSI.dll
0x00007ffab1970000 - 0x00007ffab197a000 	C:\Windows\System32\rasadhlp.dll
0x00007ffab13f0000 - 0x00007ffab146f000 	C:\WINDOWS\System32\fwpuclnt.dll
0x00007ffac0d20000 - 0x00007ffac0d47000 	C:\WINDOWS\System32\bcrypt.dll
0x00007ffaace80000 - 0x00007ffaace89000 	C:\Program Files\Java\jdk-13.0.2\bin\management.dll
0x00007ffaac640000 - 0x00007ffaac64b000 	C:\Program Files\Java\jdk-13.0.2\bin\management_ext.dll
0x00007ffabffa0000 - 0x00007ffabffb8000 	C:\WINDOWS\SYSTEM32\CRYPTSP.dll
0x00007ffabf6c0000 - 0x00007ffabf6f4000 	C:\WINDOWS\system32\rsaenh.dll
0x00007ffac0500000 - 0x00007ffac052e000 	C:\WINDOWS\SYSTEM32\USERENV.dll
0x00007ffabffc0000 - 0x00007ffabffcc000 	C:\WINDOWS\SYSTEM32\CRYPTBASE.dll
0x00007ffab8ac0000 - 0x00007ffab8ad7000 	C:\WINDOWS\SYSTEM32\dhcpcsvc6.DLL
0x00007ffab8aa0000 - 0x00007ffab8abd000 	C:\WINDOWS\SYSTEM32\dhcpcsvc.DLL
0x00007ffa9af60000 - 0x00007ffa9af77000 	C:\WINDOWS\system32\napinsp.dll
0x00007ffa92bc0000 - 0x00007ffa92bdb000 	C:\WINDOWS\system32\pnrpnsp.dll
0x00007ffa7e6b0000 - 0x00007ffa7e6c5000 	C:\WINDOWS\system32\wshbth.dll
0x00007ffab98f0000 - 0x00007ffab990d000 	C:\WINDOWS\system32\NLAapi.dll
0x00007ffa92360000 - 0x00007ffa92372000 	C:\WINDOWS\System32\winrnr.dll

dbghelp: loaded successfully - version: 4.0.5 - missing functions: none
symbol engine: initialized successfully - sym options: 0x614 - pdb path: .;C:\Program Files\Java\jdk-13.0.2\bin;C:\WINDOWS\SYSTEM32;C:\WINDOWS\WinSxS\amd64_microsoft.windows.common-controls_6595b64144ccf1df_6.0.19041.1110_none_60b5254171f9507e;C:\Program Files\Java\jdk-13.0.2\bin\server;C:\Program Files\JetBrains\IntelliJ IDEA 2021.2.3\bin

VM Arguments:
jvm_args: -XX:TieredStopAtLevel=1 -Xverify:none -Dspring.output.ansi.enabled=always -javaagent:C:\Program Files\JetBrains\IntelliJ IDEA 2021.2.3\lib\idea_rt.jar=57127:C:\Program Files\JetBrains\IntelliJ IDEA 2021.2.3\bin -Dcom.sun.management.jmxremote -Dspring.jmx.enabled=true -Dspring.liveBeansView.mbeanDomain -Dspring.application.admin.enabled=true -Dfile.encoding=UTF-8 
java_command: kz.iitu.itse1909.borangaziyev.Lab2Application
java_class_path (initial): C:\Users\Anuar\Desktop\Lab2\target\classes;C:\Users\Anuar\.m2\repository\org\springframework\boot\spring-boot-starter\2.6.3\spring-boot-starter-2.6.3.jar;C:\Users\Anuar\.m2\repository\org\springframework\boot\spring-boot\2.6.3\spring-boot-2.6.3.jar;C:\Users\Anuar\.m2\repository\org\springframework\spring-context\5.3.15\spring-context-5.3.15.jar;C:\Users\Anuar\.m2\repository\org\springframework\spring-expression\5.3.15\spring-expression-5.3.15.jar;C:\Users\Anuar\.m2\repository\org\springframework\boot\spring-boot-autoconfigure\2.6.3\spring-boot-autoconfigure-2.6.3.jar;C:\Users\Anuar\.m2\repository\org\springframework\boot\spring-boot-starter-logging\2.6.3\spring-boot-starter-logging-2.6.3.jar;C:\Users\Anuar\.m2\repository\ch\qos\logback\logback-classic\1.2.10\logback-classic-1.2.10.jar;C:\Users\Anuar\.m2\repository\ch\qos\logback\logback-core\1.2.10\logback-core-1.2.10.jar;C:\Users\Anuar\.m2\repository\org\apache\logging\log4j\log4j-to-slf4j\2.17.1\log4j-to-slf4j-2.17.1.jar;C:\Users\Anuar\.m2\repository\org\apache\logging\log4j\log4j-api\2.17.1\log4j-api-2.17.1.jar;C:\Users\Anuar\.m2\repository\org\slf4j\jul-to-slf4j\1.7.33\jul-to-slf4j-1.7.33.jar;C:\Users\Anuar\.m2\repository\jakarta\annotation\jakarta.annotation-api\1.3.5\jakarta.annotation-api-1.3.5.jar;C:\Users\Anuar\.m2\repository\org\springframework\spring-core\5.3.15\spring-core-5.3.15.jar;C:\Users\Anuar\.m2\repository\org\springframework\spring-jcl\5.3.15\spring-jcl-5.3.15.jar;C:\Users\Anuar\.m2\repository\org\yaml\snakeyaml\1.29\snakeyaml-1.29.jar;C:\Users\Anuar\.m2\repository\org\postgresql\postgresql\42.3.1\postgresql-42.3.1.jar;C:\Users\Anuar\.m2\repository\org\checkerframework\checker-qual\3.5.0\checker-qual-3.5.0.jar;C:\Users\Anuar\.m2\repository\org\springframework\boot\spring-boot-starter-data-jpa\2.6.3\spring-boot-starter-data-jpa-2.6.3.jar;C:\Users\Anuar\.m2\repository\org\springframework\boot\spring-boot-starter-aop\2.6.3\spring-boot-starter-aop-2.6.3.jar;C:\Users\Anuar
Launcher Type: SUN_STANDARD

[Global flags]
     intx CICompilerCount                          = 4                                         {product} {ergonomic}
     uint ConcGCThreads                            = 2                                         {product} {ergonomic}
     uint G1ConcRefinementThreads                  = 8                                         {product} {ergonomic}
   size_t G1HeapRegionSize                         = 1048576                                   {product} {ergonomic}
    uintx GCDrainStackTargetSize                   = 64                                        {product} {ergonomic}
   size_t InitialHeapSize                          = 134217728                                 {product} {ergonomic}
     bool ManagementServer                         = true                                      {product} {command line}
   size_t MarkStackSize                            = 4194304                                   {product} {ergonomic}
   size_t MaxHeapSize                              = 2118123520                                {product} {ergonomic}
   size_t MaxNewSize                               = 1270874112                                {product} {ergonomic}
   size_t MinHeapDeltaBytes                        = 1048576                                   {product} {ergonomic}
   size_t MinHeapSize                              = 8388608                                   {product} {ergonomic}
    uintx NonNMethodCodeHeapSize                   = 7549744                                {pd product} {ergonomic}
    uintx NonProfiledCodeHeapSize                  = 244108496                              {pd product} {ergonomic}
    uintx ProfiledCodeHeapSize                     = 0                                      {pd product} {ergonomic}
    uintx ReservedCodeCacheSize                    = 251658240                              {pd product} {ergonomic}
     bool SegmentedCodeCache                       = true                                      {product} {ergonomic}
   size_t SoftMaxHeapSize                          = 2118123520                             {manageable} {ergonomic}
     intx TieredStopAtLevel                        = 1                                         {product} {command line}
     bool UseCompressedClassPointers               = true                                 {lp64_product} {ergonomic}
     bool UseCompressedOops                        = true                                 {lp64_product} {ergonomic}
     bool UseG1GC                                  = true                                      {product} {ergonomic}
     bool UseLargePagesIndividualAllocation        = false                                  {pd product} {ergonomic}

Logging:
Log output configuration:
 #0: stdout all=warning uptime,level,tags
 #1: stderr all=off uptime,level,tags

Environment Variables:
PATH=C:\Program Files\OpenJDK\jdk-11.0.8.10-hotspot\bin;C:\Program Files (x86)\VMware\VMware Player\bin\;C:\Program Files\Common Files\Oracle\Java\javapath;C:\WINDOWS\system32;C:\WINDOWS;C:\WINDOWS\System32\Wbem;C:\WINDOWS\System32\WindowsPowerShell\v1.0\;C:\WINDOWS\System32\OpenSSH\;C:\Program Files\Git\cmd;C:\Program Files\Git\bin\;C:\Program Files\Microsoft SQL Server\150\Tools\Binn\;C:\Program Files\Microsoft SQL Server\Client SDK\ODBC\170\Tools\Binn\;C:\Program Files\dotnet\;C:\Program Files (x86)\Microsoft SQL Server\150\DTS\Binn\;C:\Program Files\Azure Data Studio\bin;C:\Program Files (x86)\Microsoft SQL Server\150\Tools\Binn\;C:\Program Files\Microsoft SQL Server\150\DTS\Binn\;C:\Program Files (x86)\dotnet\;C:\Users\Anuar\AppData\Local\Programs\Python\Python310\Scripts\;C:\Users\Anuar\AppData\Local\Programs\Python\Python310\;C:\Users\Anuar\AppData\Local\Microsoft\WindowsApps;C:\Users\Anuar\AppData\Local\Programs\Microsoft VS Code\bin;C:\Program Files\JetBrains\IntelliJ IDEA 2021.2.3\bin;;C:\Users\Anuar\.dotnet\tools;C:\Program Files\Azure Data Studio\bin
USERNAME=Anuar
OS=Windows_NT
PROCESSOR_IDENTIFIER=Intel64 Family 6 Model 142 Stepping 11, GenuineIntel



---------------  S Y S T E M  ---------------

OS: Windows 10 , 64 bit Build 19041 (10.0.19041.1466)

CPU:total 8 (initial active 8) (4 cores per cpu, 2 threads per core) family 6 model 142 stepping 11, cmov, cx8, fxsr, mmx, sse, sse2, sse3, ssse3, sse4.1, sse4.2, popcnt, avx, avx2, aes, clmul, erms, 3dnowpref, lzcnt, ht, tsc, tscinvbit, bmi1, bmi2, adx, fma

Memory: 4k page, system-wide physical 8072M (718M free)
TotalPageFile size 10120M (AvailPageFile size 18M)
current process WorkingSet (physical memory assigned to process): 145M, peak: 145M
current process commit charge ("private bytes"): 245M, peak: 271M

vm_info: Java HotSpot(TM) 64-Bit Server VM (13.0.2+8) for windows-amd64 JRE (13.0.2+8), built on Dec 11 2019 09:20:33 by "mach5one" with unknown MS VC++:1916

END.
