#
# There is insufficient memory for the Java Runtime Environment to continue.
# Native memory allocation (malloc) failed to allocate 2210064 bytes for Chunk::new
# Possible reasons:
#   The system is out of physical RAM or swap space
#   The process is running with CompressedOops enabled, and the Java Heap may be blocking the growth of the native heap
# Possible solutions:
#   Reduce memory load on the system
#   Increase physical memory or swap space
#   Check if swap backing store is full
#   Decrease Java heap size (-Xmx/-Xms)
#   Decrease number of Java threads
#   Decrease Java thread stack sizes (-Xss)
#   Set larger code cache with -XX:ReservedCodeCacheSize=
#   JVM is running with Unscaled Compressed Oops mode in which the Java heap is
#     placed in the first 4GB address space. The Java Heap base address is the
#     maximum limit for the native heap growth. Please use -XX:HeapBaseMinAddress
#     to set the Java Heap base and to place the Java Heap above 4GB virtual address.
# This output file may be truncated or incomplete.
#
#  Out of Memory Error (t:/workspace/open/src/hotspot/share/memory/arena.cpp:196), pid=1660, tid=9492
#
# JRE version: Java(TM) SE Runtime Environment (13.0.2+8) (build 13.0.2+8)
# Java VM: Java HotSpot(TM) 64-Bit Server VM (13.0.2+8, mixed mode, sharing, tiered, compressed oops, g1 gc, windows-amd64)
# No core dump will be written. Minidumps are not enabled by default on client versions of Windows
#

---------------  S U M M A R Y ------------

Command Line: -ea -javaagent:C:\Users\Anuar\AppData\Local\JetBrains\IntelliJIdea2021.2\testAgent\intellij-coverage-agent-1.0.589.jar=C:\Users\Anuar\AppData\Local\Temp\coverageargs -Didea.new.sampling.coverage=true -Dcoverage.ignore.private.constructor.util.class=true -Didea.test.cyclic.buffer.size=1048576 -javaagent:C:\Program Files\JetBrains\IntelliJ IDEA 2021.2.3\lib\idea_rt.jar=60282:C:\Program Files\JetBrains\IntelliJ IDEA 2021.2.3\bin -Dfile.encoding=UTF-8 com.intellij.rt.junit.JUnitStarter -ideVersion5 -junit5 @w@C:\Users\Anuar\AppData\Local\Temp\idea_working_dirs_junit.tmp @C:\Users\Anuar\AppData\Local\Temp\idea_junit.tmp -socket60281

Host: Intel(R) Core(TM) i5-8265U CPU @ 1.60GHz, 8 cores, 7G,  Windows 10 , 64 bit Build 19041 (10.0.19041.1466)
Time: Tue Feb  8 14:05:58 2022 Central Asia Standard Time elapsed time: 7 seconds (0d 0h 0m 7s)

---------------  T H R E A D  ---------------

Current thread (0x00000201f6613000):  JavaThread "C2 CompilerThread0" daemon [_thread_in_native, id=9492, stack(0x000000467dc00000,0x000000467dd00000)]


Current CompileTask:
C2:   7221 4812       4       org.jetbrains.coverage.org.objectweb.asm.ClassReader::readCode (5089 bytes)

Stack: [0x000000467dc00000,0x000000467dd00000]
Native frames: (J=compiled Java code, j=interpreted, Vv=VM code, C=native code)
V  [jvm.dll+0x624f9a]
V  [jvm.dll+0x770cfa]
V  [jvm.dll+0x7724af]
V  [jvm.dll+0x772ab3]
V  [jvm.dll+0x24bf08]
V  [jvm.dll+0xc1e47]
V  [jvm.dll+0xc23cc]
V  [jvm.dll+0x35c0c5]
V  [jvm.dll+0x19f100]
V  [jvm.dll+0x205d36]
V  [jvm.dll+0x204e3f]
V  [jvm.dll+0x189c2c]
V  [jvm.dll+0x213e6d]
V  [jvm.dll+0x2120bb]
V  [jvm.dll+0x736bb6]
V  [jvm.dll+0x72fcaa]
V  [jvm.dll+0x623ea6]
C  [ucrtbase.dll+0x21bb2]
C  [KERNEL32.DLL+0x17034]
C  [ntdll.dll+0x52651]


---------------  P R O C E S S  ---------------

Threads class SMR info:
_java_thread_list=0x00000201f8306ef0, length=12, elements={
0x00000201d76c9800, 0x00000201f65ed000, 0x00000201f65f1000, 0x00000201f6611000,
0x00000201f6612000, 0x00000201f6613000, 0x00000201f661a000, 0x00000201f6f60800,
0x00000201f65d6000, 0x00000201f71d4000, 0x00000201f71d5000, 0x00000201fb584000
}

Java Threads: ( => current thread )
  0x00000201d76c9800 JavaThread "main" [_thread_in_Java, id=9596, stack(0x000000467d100000,0x000000467d200000)]
  0x00000201f65ed000 JavaThread "Reference Handler" daemon [_thread_blocked, id=12456, stack(0x000000467d800000,0x000000467d900000)]
  0x00000201f65f1000 JavaThread "Finalizer" daemon [_thread_blocked, id=6284, stack(0x000000467d900000,0x000000467da00000)]
  0x00000201f6611000 JavaThread "Signal Dispatcher" daemon [_thread_blocked, id=9848, stack(0x000000467da00000,0x000000467db00000)]
  0x00000201f6612000 JavaThread "Attach Listener" daemon [_thread_blocked, id=1664, stack(0x000000467db00000,0x000000467dc00000)]
=>0x00000201f6613000 JavaThread "C2 CompilerThread0" daemon [_thread_in_native, id=9492, stack(0x000000467dc00000,0x000000467dd00000)]
  0x00000201f661a000 JavaThread "C1 CompilerThread0" daemon [_thread_blocked, id=8568, stack(0x000000467dd00000,0x000000467de00000)]
  0x00000201f6f60800 JavaThread "Sweeper thread" daemon [_thread_blocked, id=7316, stack(0x000000467de00000,0x000000467df00000)]
  0x00000201f65d6000 JavaThread "Common-Cleaner" daemon [_thread_blocked, id=1148, stack(0x000000467df00000,0x000000467e000000)]
  0x00000201f71d4000 JavaThread "Monitor Ctrl-Break" daemon [_thread_in_native, id=13176, stack(0x000000467e000000,0x000000467e100000)]
  0x00000201f71d5000 JavaThread "Service Thread" daemon [_thread_blocked, id=13088, stack(0x000000467e100000,0x000000467e200000)]
  0x00000201fb584000 JavaThread "C2 CompilerThread1" daemon [_thread_in_native, id=10976, stack(0x000000467e300000,0x000000467e400000)]

Other Threads:
  0x00000201f65ec000 VMThread "VM Thread" [stack: 0x000000467d700000,0x000000467d800000] [id=5660]
  0x00000201f71d5800 WatcherThread [stack: 0x000000467e200000,0x000000467e300000] [id=13028]
  0x00000201d7712000 GCTaskThread "GC Thread#0" [stack: 0x000000467d200000,0x000000467d300000] [id=600]
  0x00000201f8659800 GCTaskThread "GC Thread#1" [stack: 0x000000467e500000,0x000000467e600000] [id=6008]
  0x00000201f8089800 GCTaskThread "GC Thread#2" [stack: 0x000000467e600000,0x000000467e700000] [id=7888]
  0x00000201f9707800 GCTaskThread "GC Thread#3" [stack: 0x000000467e800000,0x000000467e900000] [id=7164]
  0x00000201d7724800 ConcurrentGCThread "G1 Main Marker" [stack: 0x000000467d300000,0x000000467d400000] [id=9460]
  0x00000201d7726800 ConcurrentGCThread "G1 Conc#0" [stack: 0x000000467d400000,0x000000467d500000] [id=8824]
  0x00000201f7fea800 ConcurrentGCThread "G1 Conc#1" [stack: 0x000000467e700000,0x000000467e800000] [id=10736]
  0x00000201f6468800 ConcurrentGCThread "G1 Refine#0" [stack: 0x000000467d500000,0x000000467d600000] [id=11500]
  0x00000201f646a000 ConcurrentGCThread "G1 Young RemSet Sampling" [stack: 0x000000467d600000,0x000000467d700000] [id=9552]

Threads with active compile tasks:
C2 CompilerThread0     7257 4812       4       org.jetbrains.coverage.org.objectweb.asm.ClassReader::readCode (5089 bytes)
C2 CompilerThread1     7258 5006       4       org.jetbrains.coverage.org.objectweb.asm.ClassWriter::toByteArray (1535 bytes)

VM state:not at safepoint (normal execution)

VM Mutex/Monitor currently owned by a thread: None

Heap address: 0x0000000081c00000, size: 2020 MB, Compressed Oops mode: 32-bit
Narrow klass base: 0x0000000800000000, Narrow klass shift: 3
Compressed class space size: 1073741824 Address: 0x0000000800b40000

Heap:
 garbage-first heap   total 107520K, used 64613K [0x0000000081c00000, 0x0000000100000000)
  region size 1024K, 35 young (35840K), 6 survivors (6144K)
 Metaspace       used 32928K, capacity 34192K, committed 34224K, reserved 1079296K
  class space    used 4068K, capacity 4579K, committed 4608K, reserved 1048576K
Heap Regions: E=young(eden), S=young(survivor), O=old, HS=humongous(starts), HC=humongous(continues), CS=collection set, F=free, A=archive, TAMS=top-at-mark-start (previous, next)
|   0|0x0000000081c00000, 0x0000000081d00000, 0x0000000081d00000|100%|HS|  |TAMS 0x0000000081d00000, 0x0000000081c00000| Complete 
|   1|0x0000000081d00000, 0x0000000081e00000, 0x0000000081e00000|100%| O|  |TAMS 0x0000000081e00000, 0x0000000081d00000| Untracked 
|   2|0x0000000081e00000, 0x0000000081f00000, 0x0000000081f00000|100%| O|  |TAMS 0x0000000081f00000, 0x0000000081e00000| Untracked 
|   3|0x0000000081f00000, 0x0000000082000000, 0x0000000082000000|100%| O|  |TAMS 0x0000000082000000, 0x0000000081f00000| Untracked 
|   4|0x0000000082000000, 0x0000000082100000, 0x0000000082100000|100%| O|  |TAMS 0x0000000082100000, 0x0000000082000000| Untracked 
|   5|0x0000000082100000, 0x0000000082200000, 0x0000000082200000|100%| O|  |TAMS 0x0000000082200000, 0x0000000082100000| Untracked 
|   6|0x0000000082200000, 0x0000000082300000, 0x0000000082300000|100%| O|  |TAMS 0x0000000082300000, 0x0000000082200000| Untracked 
|   7|0x0000000082300000, 0x0000000082400000, 0x0000000082400000|100%| O|  |TAMS 0x0000000082400000, 0x0000000082300000| Untracked 
|   8|0x0000000082400000, 0x0000000082500000, 0x0000000082500000|100%| O|  |TAMS 0x0000000082500000, 0x0000000082400000| Untracked 
|   9|0x0000000082500000, 0x0000000082600000, 0x0000000082600000|100%| O|  |TAMS 0x0000000082600000, 0x0000000082500000| Untracked 
|  10|0x0000000082600000, 0x0000000082700000, 0x0000000082700000|100%| O|  |TAMS 0x0000000082700000, 0x0000000082600000| Untracked 
|  11|0x0000000082700000, 0x0000000082800000, 0x0000000082800000|100%| O|  |TAMS 0x0000000082800000, 0x0000000082700000| Untracked 
|  12|0x0000000082800000, 0x0000000082900000, 0x0000000082900000|100%| O|  |TAMS 0x0000000082900000, 0x0000000082800000| Untracked 
|  13|0x0000000082900000, 0x0000000082a00000, 0x0000000082a00000|100%| O|  |TAMS 0x0000000082a00000, 0x0000000082900000| Untracked 
|  14|0x0000000082a00000, 0x0000000082b00000, 0x0000000082b00000|100%| O|  |TAMS 0x0000000082b00000, 0x0000000082a00000| Untracked 
|  15|0x0000000082b00000, 0x0000000082c00000, 0x0000000082c00000|100%| O|  |TAMS 0x0000000082c00000, 0x0000000082b00000| Untracked 
|  16|0x0000000082c00000, 0x0000000082d00000, 0x0000000082d00000|100%| O|  |TAMS 0x0000000082d00000, 0x0000000082c00000| Untracked 
|  17|0x0000000082d00000, 0x0000000082e00000, 0x0000000082e00000|100%| O|  |TAMS 0x0000000082e00000, 0x0000000082d00000| Untracked 
|  18|0x0000000082e00000, 0x0000000082e14400, 0x0000000082f00000|  7%| O|  |TAMS 0x0000000082e14400, 0x0000000082e00000| Untracked 
|  19|0x0000000082f00000, 0x0000000083000000, 0x0000000083000000|100%| O|  |TAMS 0x0000000082f00000, 0x0000000082f00000| Untracked 
|  20|0x0000000083000000, 0x0000000083100000, 0x0000000083100000|100%| O|  |TAMS 0x0000000083000000, 0x0000000083000000| Untracked 
|  21|0x0000000083100000, 0x0000000083200000, 0x0000000083200000|100%| O|  |TAMS 0x0000000083100000, 0x0000000083100000| Untracked 
|  22|0x0000000083200000, 0x0000000083300000, 0x0000000083300000|100%| O|  |TAMS 0x0000000083200000, 0x0000000083200000| Untracked 
|  23|0x0000000083300000, 0x0000000083400000, 0x0000000083400000|100%| O|  |TAMS 0x0000000083300000, 0x0000000083300000| Untracked 
|  24|0x0000000083400000, 0x0000000083500000, 0x0000000083500000|100%| O|  |TAMS 0x0000000083400000, 0x0000000083400000| Untracked 
|  25|0x0000000083500000, 0x0000000083600000, 0x0000000083600000|100%| O|  |TAMS 0x0000000083500000, 0x0000000083500000| Untracked 
|  26|0x0000000083600000, 0x0000000083700000, 0x0000000083700000|100%| O|  |TAMS 0x0000000083600000, 0x0000000083600000| Untracked 
|  27|0x0000000083700000, 0x0000000083800000, 0x0000000083800000|100%| O|  |TAMS 0x0000000083700000, 0x0000000083700000| Untracked 
|  28|0x0000000083800000, 0x0000000083900000, 0x0000000083900000|100%| O|  |TAMS 0x0000000083800000, 0x0000000083800000| Untracked 
|  29|0x0000000083900000, 0x0000000083a00000, 0x0000000083a00000|100%| O|  |TAMS 0x0000000083900000, 0x0000000083900000| Untracked 
|  30|0x0000000083a00000, 0x0000000083a0e600, 0x0000000083b00000|  5%| O|  |TAMS 0x0000000083a00000, 0x0000000083a00000| Untracked 
|  31|0x0000000083b00000, 0x0000000083b00000, 0x0000000083c00000|  0%| F|  |TAMS 0x0000000083b00000, 0x0000000083b00000| Untracked 
|  32|0x0000000083c00000, 0x0000000083c00000, 0x0000000083d00000|  0%| F|  |TAMS 0x0000000083c00000, 0x0000000083c00000| Untracked 
|  33|0x0000000083d00000, 0x0000000083d00000, 0x0000000083e00000|  0%| F|  |TAMS 0x0000000083d00000, 0x0000000083d00000| Untracked 
|  34|0x0000000083e00000, 0x0000000083e00000, 0x0000000083f00000|  0%| F|  |TAMS 0x0000000083e00000, 0x0000000083e00000| Untracked 
|  35|0x0000000083f00000, 0x0000000083f00000, 0x0000000084000000|  0%| F|  |TAMS 0x0000000083f00000, 0x0000000083f00000| Untracked 
|  36|0x0000000084000000, 0x0000000084000000, 0x0000000084100000|  0%| F|  |TAMS 0x0000000084000000, 0x0000000084000000| Untracked 
|  37|0x0000000084100000, 0x0000000084100000, 0x0000000084200000|  0%| F|  |TAMS 0x0000000084100000, 0x0000000084100000| Untracked 
|  38|0x0000000084200000, 0x0000000084200000, 0x0000000084300000|  0%| F|  |TAMS 0x0000000084200000, 0x0000000084200000| Untracked 
|  39|0x0000000084300000, 0x0000000084300000, 0x0000000084400000|  0%| F|  |TAMS 0x0000000084300000, 0x0000000084300000| Untracked 
|  40|0x0000000084400000, 0x0000000084400000, 0x0000000084500000|  0%| F|  |TAMS 0x0000000084400000, 0x0000000084400000| Untracked 
|  41|0x0000000084500000, 0x0000000084500000, 0x0000000084600000|  0%| F|  |TAMS 0x0000000084500000, 0x0000000084500000| Untracked 
|  42|0x0000000084600000, 0x0000000084600000, 0x0000000084700000|  0%| F|  |TAMS 0x0000000084600000, 0x0000000084600000| Untracked 
|  43|0x0000000084700000, 0x0000000084700000, 0x0000000084800000|  0%| F|  |TAMS 0x0000000084700000, 0x0000000084700000| Untracked 
|  44|0x0000000084800000, 0x0000000084800000, 0x0000000084900000|  0%| F|  |TAMS 0x0000000084800000, 0x0000000084800000| Untracked 
|  45|0x0000000084900000, 0x0000000084900000, 0x0000000084a00000|  0%| F|  |TAMS 0x0000000084900000, 0x0000000084900000| Untracked 
|  46|0x0000000084a00000, 0x0000000084af6db0, 0x0000000084b00000| 96%| S|CS|TAMS 0x0000000084a00000, 0x0000000084a00000| Complete 
|  47|0x0000000084b00000, 0x0000000084b00000, 0x0000000084c00000|  0%| F|  |TAMS 0x0000000084b00000, 0x0000000084b00000| Untracked 
|  48|0x0000000084c00000, 0x0000000084c00000, 0x0000000084d00000|  0%| F|  |TAMS 0x0000000084c00000, 0x0000000084c00000| Untracked 
|  49|0x0000000084d00000, 0x0000000084d00000, 0x0000000084e00000|  0%| F|  |TAMS 0x0000000084d00000, 0x0000000084d00000| Untracked 
|  50|0x0000000084e00000, 0x0000000084e00000, 0x0000000084f00000|  0%| F|  |TAMS 0x0000000084e00000, 0x0000000084e00000| Untracked 
|  51|0x0000000084f00000, 0x0000000084f00000, 0x0000000085000000|  0%| F|  |TAMS 0x0000000084f00000, 0x0000000084f00000| Untracked 
|  52|0x0000000085000000, 0x0000000085000000, 0x0000000085100000|  0%| F|  |TAMS 0x0000000085000000, 0x0000000085000000| Untracked 
|  53|0x0000000085100000, 0x0000000085200000, 0x0000000085200000|100%| S|CS|TAMS 0x0000000085100000, 0x0000000085100000| Complete 
|  54|0x0000000085200000, 0x0000000085300000, 0x0000000085300000|100%| S|CS|TAMS 0x0000000085200000, 0x0000000085200000| Complete 
|  55|0x0000000085300000, 0x0000000085400000, 0x0000000085400000|100%| S|CS|TAMS 0x0000000085300000, 0x0000000085300000| Complete 
|  56|0x0000000085400000, 0x0000000085500000, 0x0000000085500000|100%| S|CS|TAMS 0x0000000085400000, 0x0000000085400000| Complete 
|  57|0x0000000085500000, 0x0000000085600000, 0x0000000085600000|100%| S|CS|TAMS 0x0000000085500000, 0x0000000085500000| Complete 
|  58|0x0000000085600000, 0x0000000085600000, 0x0000000085700000|  0%| F|  |TAMS 0x0000000085600000, 0x0000000085600000| Untracked 
|  59|0x0000000085700000, 0x0000000085700000, 0x0000000085800000|  0%| F|  |TAMS 0x0000000085700000, 0x0000000085700000| Untracked 
|  60|0x0000000085800000, 0x0000000085800000, 0x0000000085900000|  0%| F|  |TAMS 0x0000000085800000, 0x0000000085800000| Untracked 
|  61|0x0000000085900000, 0x0000000085900000, 0x0000000085a00000|  0%| F|  |TAMS 0x0000000085900000, 0x0000000085900000| Untracked 
|  62|0x0000000085a00000, 0x0000000085a00000, 0x0000000085b00000|  0%| F|  |TAMS 0x0000000085a00000, 0x0000000085a00000| Untracked 
|  63|0x0000000085b00000, 0x0000000085b00000, 0x0000000085c00000|  0%| F|  |TAMS 0x0000000085b00000, 0x0000000085b00000| Untracked 
|  64|0x0000000085c00000, 0x0000000085c00000, 0x0000000085d00000|  0%| F|  |TAMS 0x0000000085c00000, 0x0000000085c00000| Untracked 
|  65|0x0000000085d00000, 0x0000000085d00000, 0x0000000085e00000|  0%| F|  |TAMS 0x0000000085d00000, 0x0000000085d00000| Untracked 
|  66|0x0000000085e00000, 0x0000000085e00000, 0x0000000085f00000|  0%| F|  |TAMS 0x0000000085e00000, 0x0000000085e00000| Untracked 
|  67|0x0000000085f00000, 0x0000000085f00000, 0x0000000086000000|  0%| F|  |TAMS 0x0000000085f00000, 0x0000000085f00000| Untracked 
|  68|0x0000000086000000, 0x0000000086000000, 0x0000000086100000|  0%| F|  |TAMS 0x0000000086000000, 0x0000000086000000| Untracked 
|  69|0x0000000086100000, 0x0000000086100000, 0x0000000086200000|  0%| F|  |TAMS 0x0000000086100000, 0x0000000086100000| Untracked 
|  70|0x0000000086200000, 0x0000000086200000, 0x0000000086300000|  0%| F|  |TAMS 0x0000000086200000, 0x0000000086200000| Untracked 
|  71|0x0000000086300000, 0x0000000086300000, 0x0000000086400000|  0%| F|  |TAMS 0x0000000086300000, 0x0000000086300000| Untracked 
|  72|0x0000000086400000, 0x0000000086400000, 0x0000000086500000|  0%| F|  |TAMS 0x0000000086400000, 0x0000000086400000| Untracked 
|  73|0x0000000086500000, 0x0000000086500000, 0x0000000086600000|  0%| F|  |TAMS 0x0000000086500000, 0x0000000086500000| Untracked 
|  74|0x0000000086600000, 0x0000000086600000, 0x0000000086700000|  0%| F|  |TAMS 0x0000000086600000, 0x0000000086600000| Untracked 
|  75|0x0000000086700000, 0x0000000086700000, 0x0000000086800000|  0%| F|  |TAMS 0x0000000086700000, 0x0000000086700000| Untracked 
|  76|0x0000000086800000, 0x00000000868a6e78, 0x0000000086900000| 65%| E|  |TAMS 0x0000000086800000, 0x0000000086800000| Complete 
|  77|0x0000000086900000, 0x0000000086a00000, 0x0000000086a00000|100%| E|CS|TAMS 0x0000000086900000, 0x0000000086900000| Complete 
|  78|0x0000000086a00000, 0x0000000086b00000, 0x0000000086b00000|100%| E|CS|TAMS 0x0000000086a00000, 0x0000000086a00000| Complete 
|  79|0x0000000086b00000, 0x0000000086c00000, 0x0000000086c00000|100%| E|CS|TAMS 0x0000000086b00000, 0x0000000086b00000| Complete 
|  80|0x0000000086c00000, 0x0000000086d00000, 0x0000000086d00000|100%| E|CS|TAMS 0x0000000086c00000, 0x0000000086c00000| Complete 
|  81|0x0000000086d00000, 0x0000000086e00000, 0x0000000086e00000|100%| E|CS|TAMS 0x0000000086d00000, 0x0000000086d00000| Complete 
|  82|0x0000000086e00000, 0x0000000086f00000, 0x0000000086f00000|100%| E|CS|TAMS 0x0000000086e00000, 0x0000000086e00000| Complete 
|  83|0x0000000086f00000, 0x0000000087000000, 0x0000000087000000|100%| E|CS|TAMS 0x0000000086f00000, 0x0000000086f00000| Complete 
|  84|0x0000000087000000, 0x0000000087100000, 0x0000000087100000|100%| E|CS|TAMS 0x0000000087000000, 0x0000000087000000| Complete 
|  85|0x0000000087100000, 0x0000000087200000, 0x0000000087200000|100%| E|CS|TAMS 0x0000000087100000, 0x0000000087100000| Complete 
|  86|0x0000000087200000, 0x0000000087300000, 0x0000000087300000|100%| E|CS|TAMS 0x0000000087200000, 0x0000000087200000| Complete 
|  87|0x0000000087300000, 0x0000000087400000, 0x0000000087400000|100%| E|CS|TAMS 0x0000000087300000, 0x0000000087300000| Complete 
|  88|0x0000000087400000, 0x0000000087500000, 0x0000000087500000|100%| E|CS|TAMS 0x0000000087400000, 0x0000000087400000| Complete 
|  89|0x0000000087500000, 0x0000000087600000, 0x0000000087600000|100%| E|CS|TAMS 0x0000000087500000, 0x0000000087500000| Complete 
|  90|0x0000000087600000, 0x0000000087700000, 0x0000000087700000|100%| E|CS|TAMS 0x0000000087600000, 0x0000000087600000| Complete 
|  91|0x0000000087700000, 0x0000000087800000, 0x0000000087800000|100%| E|CS|TAMS 0x0000000087700000, 0x0000000087700000| Complete 
|  92|0x0000000087800000, 0x0000000087900000, 0x0000000087900000|100%| E|CS|TAMS 0x0000000087800000, 0x0000000087800000| Complete 
|  93|0x0000000087900000, 0x0000000087a00000, 0x0000000087a00000|100%| E|CS|TAMS 0x0000000087900000, 0x0000000087900000| Complete 
|  94|0x0000000087a00000, 0x0000000087b00000, 0x0000000087b00000|100%| E|CS|TAMS 0x0000000087a00000, 0x0000000087a00000| Complete 
|  95|0x0000000087b00000, 0x0000000087c00000, 0x0000000087c00000|100%| E|CS|TAMS 0x0000000087b00000, 0x0000000087b00000| Complete 
|  96|0x0000000087c00000, 0x0000000087d00000, 0x0000000087d00000|100%| E|CS|TAMS 0x0000000087c00000, 0x0000000087c00000| Complete 
|  97|0x0000000087d00000, 0x0000000087e00000, 0x0000000087e00000|100%| E|CS|TAMS 0x0000000087d00000, 0x0000000087d00000| Complete 
|  98|0x0000000087e00000, 0x0000000087f00000, 0x0000000087f00000|100%| E|CS|TAMS 0x0000000087e00000, 0x0000000087e00000| Complete 
|  99|0x0000000087f00000, 0x0000000088000000, 0x0000000088000000|100%| E|CS|TAMS 0x0000000087f00000, 0x0000000087f00000| Complete 
| 100|0x0000000088000000, 0x0000000088100000, 0x0000000088100000|100%| E|CS|TAMS 0x0000000088000000, 0x0000000088000000| Complete 
| 101|0x0000000088100000, 0x0000000088200000, 0x0000000088200000|100%| E|CS|TAMS 0x0000000088100000, 0x0000000088100000| Complete 
| 102|0x0000000088200000, 0x0000000088300000, 0x0000000088300000|100%| E|CS|TAMS 0x0000000088200000, 0x0000000088200000| Complete 
| 103|0x0000000088300000, 0x0000000088400000, 0x0000000088400000|100%| E|CS|TAMS 0x0000000088300000, 0x0000000088300000| Complete 
| 127|0x0000000089b00000, 0x0000000089c00000, 0x0000000089c00000|100%| E|CS|TAMS 0x0000000089b00000, 0x0000000089b00000| Complete 

Card table byte_map: [0x00000201ef410000,0x00000201ef810000] _byte_map_base: 0x00000201ef002000

Marking Bits (Prev, Next): (CMBitMap*) 0x00000201d7712e88, (CMBitMap*) 0x00000201d7712e48
 Prev Bits: [0x00000201f1ba0000, 0x00000201f3b30000)
 Next Bits: [0x00000201efc10000, 0x00000201f1ba0000)

Polling page: 0x00000201d6ea0000

Metaspace:

Usage:
  Non-class:     29.04 MB capacity,    28.32 MB ( 97%) used,   600.07 KB (  2%) free+waste,   145.81 KB ( <1%) overhead. 
      Class:      4.47 MB capacity,     3.98 MB ( 89%) used,   429.40 KB (  9%) free+waste,    71.56 KB (  2%) overhead. 
       Both:     33.52 MB capacity,    32.30 MB ( 96%) used,     1.01 MB (  3%) free+waste,   217.38 KB ( <1%) overhead. 

Virtual space:
  Non-class space:       30.00 MB reserved,      29.17 MB ( 97%) committed 
      Class space:        1.00 GB reserved,       4.50 MB ( <1%) committed 
             Both:        1.03 GB reserved,      33.67 MB (  3%) committed 

Chunk freelists:
   Non-Class:  3.00 KB
       Class:  29.00 KB
        Both:  32.00 KB

MaxMetaspaceSize: 17179869184.00 GB
CompressedClassSpaceSize: 1.00 GB

CodeHeap 'non-profiled nmethods': size=120000Kb used=2673Kb max_used=2846Kb free=117326Kb
 bounds [0x00000201e76a0000, 0x00000201e7980000, 0x00000201eebd0000]
CodeHeap 'profiled nmethods': size=120000Kb used=10464Kb max_used=10464Kb free=109535Kb
 bounds [0x00000201e0170000, 0x00000201e0bb0000, 0x00000201e76a0000]
CodeHeap 'non-nmethods': size=5760Kb used=1283Kb max_used=1341Kb free=4477Kb
 bounds [0x00000201dfbd0000, 0x00000201dfe40000, 0x00000201e0170000]
 total_blobs=7135 nmethods=4381 adapters=415
 compilation: enabled
              stopped_count=0, restarted_count=0
 full_count=0

Compilation events (20 events):
Event: 7.191 Thread 0x00000201f661a000 nmethod 5053 0x00000201e0b84c90 code [0x00000201e0b84e40, 0x00000201e0b850d0]
Event: 7.191 Thread 0x00000201f661a000 5054       3       java.util.stream.Collectors::lambda$joining$11 (11 bytes)
Event: 7.191 Thread 0x00000201f661a000 nmethod 5054 0x00000201e0b85210 code [0x00000201e0b853c0, 0x00000201e0b855d0]
Event: 7.191 Thread 0x00000201f661a000 5055       3       java.util.stream.Collectors$$Lambda$43/0x0000000800bab440::apply (8 bytes)
Event: 7.191 Thread 0x00000201f661a000 nmethod 5055 0x00000201e0b85690 code [0x00000201e0b85840, 0x00000201e0b85b10]
Event: 7.191 Thread 0x00000201f661a000 5056       3       org.springframework.boot.test.mock.mockito.MockitoPostProcessor::__$lineHitsInit$__ (16 bytes)
Event: 7.191 Thread 0x00000201f661a000 nmethod 5056 0x00000201e0b85c10 code [0x00000201e0b85dc0, 0x00000201e0b85fd0]
Event: 7.191 Thread 0x00000201f661a000 5057       3       jdk.internal.loader.BuiltinClassLoader$1::hasNext (93 bytes)
Event: 7.191 Thread 0x00000201f661a000 nmethod 5057 0x00000201e0b86090 code [0x00000201e0b862e0, 0x00000201e0b86dd0]
Event: 7.195 Thread 0x00000201f661a000 5058       3       ch.qos.logback.classic.Logger::<init> (93 bytes)
Event: 7.196 Thread 0x00000201f661a000 nmethod 5058 0x00000201e0b87010 code [0x00000201e0b87200, 0x00000201e0b87770]
Event: 7.197 Thread 0x00000201f661a000 5060   !   3       java.io.WinNTFileSystem::resolve (362 bytes)
Event: 7.202 Thread 0x00000201f661a000 nmethod 5060 0x00000201e0b87990 code [0x00000201e0b88500, 0x00000201e0b8e6a0]
Event: 7.202 Thread 0x00000201f661a000 5063   !   3       java.net.URL::<init> (543 bytes)
Event: 7.206 Thread 0x00000201f661a000 nmethod 5063 0x00000201e0b90910 code [0x00000201e0b90fe0, 0x00000201e0b94d70]
Event: 7.206 Thread 0x00000201f661a000 5065       3       java.util.zip.ZipFile$Source::getEntryPos (208 bytes)
Event: 7.207 Thread 0x00000201f661a000 nmethod 5065 0x00000201e0b96e90 code [0x00000201e0b97100, 0x00000201e0b97e40]
Event: 7.207 Thread 0x00000201f661a000 5064       2       java.util.zip.ZipFile$Source::hash_append (7 bytes)
Event: 7.207 Thread 0x00000201f661a000 nmethod 5064 0x00000201e04f5b10 code [0x00000201e04f5ca0, 0x00000201e04f5dd8]
Event: 7.211 Thread 0x00000201f661a000 5066       3       java.net.URLStreamHandler::parseURL (1201 bytes)

GC Heap History (20 events):
Event: 1.428 GC heap before
{Heap before GC invocations=1 (full 0):
 garbage-first heap   total 131072K, used 29290K [0x0000000081c00000, 0x0000000100000000)
  region size 1024K, 24 young (24576K), 3 survivors (3072K)
 Metaspace       used 5571K, capacity 6582K, committed 6656K, reserved 1056768K
  class space    used 559K, capacity 753K, committed 768K, reserved 1048576K
}
Event: 1.433 GC heap after
{Heap after GC invocations=2 (full 0):
 garbage-first heap   total 131072K, used 8619K [0x0000000081c00000, 0x0000000100000000)
  region size 1024K, 2 young (2048K), 2 survivors (2048K)
 Metaspace       used 5571K, capacity 6582K, committed 6656K, reserved 1056768K
  class space    used 559K, capacity 753K, committed 768K, reserved 1048576K
}
Event: 2.585 GC heap before
{Heap before GC invocations=2 (full 0):
 garbage-first heap   total 131072K, used 59819K [0x0000000081c00000, 0x0000000100000000)
  region size 1024K, 52 young (53248K), 2 survivors (2048K)
 Metaspace       used 9073K, capacity 9652K, committed 9856K, reserved 1058816K
  class space    used 1070K, capacity 1310K, committed 1408K, reserved 1048576K
}
Event: 2.591 GC heap after
{Heap after GC invocations=3 (full 0):
 garbage-first heap   total 131072K, used 11978K [0x0000000081c00000, 0x0000000100000000)
  region size 1024K, 5 young (5120K), 5 survivors (5120K)
 Metaspace       used 9073K, capacity 9652K, committed 9856K, reserved 1058816K
  class space    used 1070K, capacity 1310K, committed 1408K, reserved 1048576K
}
Event: 3.500 GC heap before
{Heap before GC invocations=3 (full 0):
 garbage-first heap   total 131072K, used 84682K [0x0000000081c00000, 0x0000000100000000)
  region size 1024K, 76 young (77824K), 5 survivors (5120K)
 Metaspace       used 13476K, capacity 14097K, committed 14336K, reserved 1060864K
  class space    used 1794K, capacity 2016K, committed 2048K, reserved 1048576K
}
Event: 3.512 GC heap after
{Heap after GC invocations=4 (full 0):
 garbage-first heap   total 131072K, used 18694K [0x0000000081c00000, 0x0000000100000000)
  region size 1024K, 10 young (10240K), 10 survivors (10240K)
 Metaspace       used 13476K, capacity 14097K, committed 14336K, reserved 1060864K
  class space    used 1794K, capacity 2016K, committed 2048K, reserved 1048576K
}
Event: 4.495 GC heap before
{Heap before GC invocations=4 (full 0):
 garbage-first heap   total 131072K, used 86278K [0x0000000081c00000, 0x0000000100000000)
  region size 1024K, 76 young (77824K), 10 survivors (10240K)
 Metaspace       used 18069K, capacity 18784K, committed 19072K, reserved 1064960K
  class space    used 2303K, capacity 2582K, committed 2688K, reserved 1048576K
}
Event: 4.509 GC heap after
{Heap after GC invocations=5 (full 0):
 garbage-first heap   total 131072K, used 22609K [0x0000000081c00000, 0x0000000100000000)
  region size 1024K, 4 young (4096K), 4 survivors (4096K)
 Metaspace       used 18069K, capacity 18784K, committed 19072K, reserved 1064960K
  class space    used 2303K, capacity 2582K, committed 2688K, reserved 1048576K
}
Event: 4.988 GC heap before
{Heap before GC invocations=5 (full 0):
 garbage-first heap   total 131072K, used 61521K [0x0000000081c00000, 0x0000000100000000)
  region size 1024K, 43 young (44032K), 4 survivors (4096K)
 Metaspace       used 20392K, capacity 21124K, committed 21296K, reserved 1067008K
  class space    used 2585K, capacity 2873K, committed 2944K, reserved 1048576K
}
Event: 4.995 GC heap after
{Heap after GC invocations=6 (full 0):
 garbage-first heap   total 131072K, used 24247K [0x0000000081c00000, 0x0000000100000000)
  region size 1024K, 6 young (6144K), 6 survivors (6144K)
 Metaspace       used 20392K, capacity 21124K, committed 21296K, reserved 1067008K
  class space    used 2585K, capacity 2873K, committed 2944K, reserved 1048576K
}
Event: 5.506 GC heap before
{Heap before GC invocations=7 (full 0):
 garbage-first heap   total 89088K, used 71351K [0x0000000081c00000, 0x0000000100000000)
  region size 1024K, 52 young (53248K), 6 survivors (6144K)
 Metaspace       used 23334K, capacity 24286K, committed 24624K, reserved 1071104K
  class space    used 2987K, capacity 3355K, committed 3456K, reserved 1048576K
}
Event: 5.519 GC heap after
{Heap after GC invocations=8 (full 0):
 garbage-first heap   total 89088K, used 27101K [0x0000000081c00000, 0x0000000100000000)
  region size 1024K, 5 young (5120K), 5 survivors (5120K)
 Metaspace       used 23334K, capacity 24286K, committed 24624K, reserved 1071104K
  class space    used 2987K, capacity 3355K, committed 3456K, reserved 1048576K
}
Event: 5.861 GC heap before
{Heap before GC invocations=8 (full 0):
 garbage-first heap   total 89088K, used 67037K [0x0000000081c00000, 0x0000000100000000)
  region size 1024K, 45 young (46080K), 5 survivors (5120K)
 Metaspace       used 25018K, capacity 25996K, committed 26160K, reserved 1071104K
  class space    used 3194K, capacity 3604K, committed 3712K, reserved 1048576K
}
Event: 5.867 GC heap after
{Heap after GC invocations=9 (full 0):
 garbage-first heap   total 107520K, used 29121K [0x0000000081c00000, 0x0000000100000000)
  region size 1024K, 5 young (5120K), 5 survivors (5120K)
 Metaspace       used 25018K, capacity 25996K, committed 26160K, reserved 1071104K
  class space    used 3194K, capacity 3604K, committed 3712K, reserved 1048576K
}
Event: 6.067 GC heap before
{Heap before GC invocations=9 (full 0):
 garbage-first heap   total 107520K, used 77249K [0x0000000081c00000, 0x0000000100000000)
  region size 1024K, 53 young (54272K), 5 survivors (5120K)
 Metaspace       used 26074K, capacity 27136K, committed 27184K, reserved 1073152K
  class space    used 3286K, capacity 3705K, committed 3712K, reserved 1048576K
}
Event: 6.073 GC heap after
{Heap after GC invocations=10 (full 0):
 garbage-first heap   total 107520K, used 30764K [0x0000000081c00000, 0x0000000100000000)
  region size 1024K, 4 young (4096K), 4 survivors (4096K)
 Metaspace       used 26074K, capacity 27136K, committed 27184K, reserved 1073152K
  class space    used 3286K, capacity 3705K, committed 3712K, reserved 1048576K
}
Event: 6.592 GC heap before
{Heap before GC invocations=10 (full 0):
 garbage-first heap   total 107520K, used 79916K [0x0000000081c00000, 0x0000000100000000)
  region size 1024K, 52 young (53248K), 4 survivors (4096K)
 Metaspace       used 28633K, capacity 29790K, committed 29872K, reserved 1075200K
  class space    used 3600K, capacity 4032K, committed 4096K, reserved 1048576K
}
Event: 6.599 GC heap after
{Heap after GC invocations=11 (full 0):
 garbage-first heap   total 107520K, used 32332K [0x0000000081c00000, 0x0000000100000000)
  region size 1024K, 6 young (6144K), 6 survivors (6144K)
 Metaspace       used 28633K, capacity 29790K, committed 29872K, reserved 1075200K
  class space    used 3600K, capacity 4032K, committed 4096K, reserved 1048576K
}
Event: 7.055 GC heap before
{Heap before GC invocations=11 (full 0):
 garbage-first heap   total 107520K, used 80460K [0x0000000081c00000, 0x0000000100000000)
  region size 1024K, 53 young (54272K), 6 survivors (6144K)
 Metaspace       used 31360K, capacity 32576K, committed 32816K, reserved 1077248K
  class space    used 3904K, capacity 4404K, committed 4480K, reserved 1048576K
}
Event: 7.068 GC heap after
{Heap after GC invocations=12 (full 0):
 garbage-first heap   total 107520K, used 35941K [0x0000000081c00000, 0x0000000100000000)
  region size 1024K, 6 young (6144K), 6 survivors (6144K)
 Metaspace       used 31360K, capacity 32576K, committed 32816K, reserved 1077248K
  class space    used 3904K, capacity 4404K, committed 4480K, reserved 1048576K
}

Deoptimization events (20 events):
Event: 7.201 Thread 0x00000201d76c9800 DEOPT PACKING pc=0x00000201e7782de4 sp=0x000000467d1fb6c0
Event: 7.201 Thread 0x00000201d76c9800 DEOPT UNPACKING pc=0x00000201dfc1912f sp=0x000000467d1fb680 mode 2
Event: 7.201 Thread 0x00000201d76c9800 Uncommon trap: trap_request=0xffffff45 fr.pc=0x00000201e77a60a4 relative=0x00000000000040c4
Event: 7.201 Thread 0x00000201d76c9800 Uncommon trap: reason=unstable_if action=reinterpret pc=0x00000201e77a60a4 method=java.net.URLStreamHandler.parseURL(Ljava/net/URL;Ljava/lang/String;II)V @ 57 c2
Event: 7.201 Thread 0x00000201d76c9800 DEOPT PACKING pc=0x00000201e77a60a4 sp=0x000000467d1fb520
Event: 7.201 Thread 0x00000201d76c9800 DEOPT UNPACKING pc=0x00000201dfc1912f sp=0x000000467d1fb4f0 mode 2
Event: 7.206 Thread 0x00000201d76c9800 DEOPT PACKING pc=0x00000201e0295828 sp=0x000000467d1f8c90
Event: 7.206 Thread 0x00000201d76c9800 DEOPT UNPACKING pc=0x00000201dfc1964e sp=0x000000467d1f8300 mode 0
Event: 7.217 Thread 0x00000201d76c9800 Uncommon trap: trap_request=0xffffff45 fr.pc=0x00000201e7821360 relative=0x0000000000000a80
Event: 7.217 Thread 0x00000201d76c9800 Uncommon trap: reason=unstable_if action=reinterpret pc=0x00000201e7821360 method=sun.net.www.ParseUtil.firstEncodeIndex(Ljava/lang/String;)I @ 51 c2
Event: 7.217 Thread 0x00000201d76c9800 DEOPT PACKING pc=0x00000201e7821360 sp=0x000000467d1fa2b0
Event: 7.217 Thread 0x00000201d76c9800 DEOPT UNPACKING pc=0x00000201dfc1912f sp=0x000000467d1fa170 mode 2
Event: 7.217 Thread 0x00000201d76c9800 Uncommon trap: trap_request=0xffffff45 fr.pc=0x00000201e778f6fc relative=0x000000000000005c
Event: 7.217 Thread 0x00000201d76c9800 Uncommon trap: reason=unstable_if action=reinterpret pc=0x00000201e778f6fc method=sun.net.www.ParseUtil.firstEncodeIndex(Ljava/lang/String;)I @ 51 c2
Event: 7.217 Thread 0x00000201d76c9800 DEOPT PACKING pc=0x00000201e778f6fc sp=0x000000467d1fa170
Event: 7.217 Thread 0x00000201d76c9800 DEOPT UNPACKING pc=0x00000201dfc1912f sp=0x000000467d1fa0f8 mode 2
Event: 7.218 Thread 0x00000201d76c9800 Uncommon trap: trap_request=0xffffff45 fr.pc=0x00000201e777c640 relative=0x0000000000000080
Event: 7.218 Thread 0x00000201d76c9800 Uncommon trap: reason=unstable_if action=reinterpret pc=0x00000201e777c640 method=sun.net.www.ParseUtil.firstEncodeIndex(Ljava/lang/String;)I @ 51 c2
Event: 7.218 Thread 0x00000201d76c9800 DEOPT PACKING pc=0x00000201e777c640 sp=0x000000467d1fa150
Event: 7.218 Thread 0x00000201d76c9800 DEOPT UNPACKING pc=0x00000201dfc1912f sp=0x000000467d1fa0f8 mode 2

Classes unloaded (1 events):
Event: 5.012 Thread 0x00000201f65ec000 Unloading class 0x0000000800ca6840 'net/bytebuddy/mirror/AccessibleObject'

Classes redefined (0 events):
No events

Internal exceptions (20 events):
Event: 7.152 Thread 0x00000201d76c9800 Exception <a 'java/lang/ClassNotFoundException'{0x0000000087aa7630}: java/lang/ObjectCustomizer> (0x0000000087aa7630) 
thrown [t:/workspace/open/src/hotspot/share/classfile/systemDictionary.cpp, line 232]
Event: 7.153 Thread 0x00000201d76c9800 Exception <a 'java/lang/ClassNotFoundException'{0x0000000087ac21d0}: org/springframework/boot/orm/jpa/EntityManagerFactoryBuilderCustomizer> (0x0000000087ac21d0) 
thrown [t:/workspace/open/src/hotspot/share/classfile/systemDictionary.cpp, line 232]
Event: 7.176 Thread 0x00000201d76c9800 Exception <a 'java/lang/ClassNotFoundException'{0x0000000087747a38}: java/lang/ObjectCustomizer> (0x0000000087747a38) 
thrown [t:/workspace/open/src/hotspot/share/classfile/systemDictionary.cpp, line 232]
Event: 7.176 Thread 0x00000201d76c9800 Exception <a 'java/lang/ClassNotFoundException'{0x00000000877625d8}: org/springframework/orm/jpa/AbstractEntityManagerFactoryBeanCustomizer> (0x00000000877625d8) 
thrown [t:/workspace/open/src/hotspot/share/classfile/systemDictionary.cpp, line 232]
Event: 7.178 Thread 0x00000201d76c9800 Exception <a 'java/lang/ClassNotFoundException'{0x000000008779c470}: org/springframework/orm/jpa/LocalContainerEntityManagerFactoryBeanCustomizer> (0x000000008779c470) 
thrown [t:/workspace/open/src/hotspot/share/classfile/systemDictionary.cpp, line 232]
Event: 7.180 Thread 0x00000201d76c9800 Exception <a 'java/lang/ClassNotFoundException'{0x00000000877f42d8}: org/springframework/context/ResourceLoaderAwareCustomizer> (0x00000000877f42d8) 
thrown [t:/workspace/open/src/hotspot/share/classfile/systemDictionary.cpp, line 232]
Event: 7.180 Thread 0x00000201d76c9800 Exception <a 'java/lang/ClassNotFoundException'{0x0000000087608990}: org/springframework/beans/factory/AwareCustomizer> (0x0000000087608990) 
thrown [t:/workspace/open/src/hotspot/share/classfile/systemDictionary.cpp, line 232]
Event: 7.181 Thread 0x00000201d76c9800 Exception <a 'java/lang/ClassNotFoundException'{0x000000008761eb58}: org/springframework/context/weaving/LoadTimeWeaverAwareCustomizer> (0x000000008761eb58) 
thrown [t:/workspace/open/src/hotspot/share/classfile/systemDictionary.cpp, line 232]
Event: 7.182 Thread 0x00000201d76c9800 Exception <a 'java/lang/ClassNotFoundException'{0x0000000087633250}: org/springframework/beans/factory/AwareCustomizer> (0x0000000087633250) 
thrown [t:/workspace/open/src/hotspot/share/classfile/systemDictionary.cpp, line 232]
Event: 7.182 Thread 0x00000201d76c9800 Exception <a 'java/lang/ClassNotFoundException'{0x0000000087647dd8}: org/springframework/beans/factory/FactoryBeanCustomizer> (0x0000000087647dd8) 
thrown [t:/workspace/open/src/hotspot/share/classfile/systemDictionary.cpp, line 232]
Event: 7.183 Thread 0x00000201d76c9800 Exception <a 'java/lang/ClassNotFoundException'{0x00000000876621a8}: org/springframework/beans/factory/BeanClassLoaderAwareCustomizer> (0x00000000876621a8) 
thrown [t:/workspace/open/src/hotspot/share/classfile/systemDictionary.cpp, line 232]
Event: 7.183 Thread 0x00000201d76c9800 Exception <a 'java/lang/ClassNotFoundException'{0x0000000087676400}: org/springframework/beans/factory/AwareCustomizer> (0x0000000087676400) 
thrown [t:/workspace/open/src/hotspot/share/classfile/systemDictionary.cpp, line 232]
Event: 7.183 Thread 0x00000201d76c9800 Exception <a 'java/lang/ClassNotFoundException'{0x000000008768bc08}: org/springframework/beans/factory/BeanFactoryAwareCustomizer> (0x000000008768bc08) 
thrown [t:/workspace/open/src/hotspot/share/classfile/systemDictionary.cpp, line 232]
Event: 7.184 Thread 0x00000201d76c9800 Exception <a 'java/lang/ClassNotFoundException'{0x00000000876a05b0}: org/springframework/beans/factory/AwareCustomizer> (0x00000000876a05b0) 
thrown [t:/workspace/open/src/hotspot/share/classfile/systemDictionary.cpp, line 232]
Event: 7.184 Thread 0x00000201d76c9800 Exception <a 'java/lang/ClassNotFoundException'{0x00000000876b50a8}: org/springframework/beans/factory/BeanNameAwareCustomizer> (0x00000000876b50a8) 
thrown [t:/workspace/open/src/hotspot/share/classfile/systemDictionary.cpp, line 232]
Event: 7.184 Thread 0x00000201d76c9800 Exception <a 'java/lang/ClassNotFoundException'{0x00000000876c96c0}: org/springframework/beans/factory/AwareCustomizer> (0x00000000876c96c0) 
thrown [t:/workspace/open/src/hotspot/share/classfile/systemDictionary.cpp, line 232]
Event: 7.185 Thread 0x00000201d76c9800 Exception <a 'java/lang/ClassNotFoundException'{0x00000000876dec58}: org/springframework/beans/factory/InitializingBeanCustomizer> (0x00000000876dec58) 
thrown [t:/workspace/open/src/hotspot/share/classfile/systemDictionary.cpp, line 232]
Event: 7.186 Thread 0x00000201d76c9800 Exception <a 'java/lang/ClassNotFoundException'{0x00000000876f4598}: org/springframework/beans/factory/DisposableBeanCustomizer> (0x00000000876f4598) 
thrown [t:/workspace/open/src/hotspot/share/classfile/systemDictionary.cpp, line 232]
Event: 7.187 Thread 0x00000201d76c9800 Exception <a 'java/lang/ClassNotFoundException'{0x000000008750b960}: org/springframework/orm/jpa/EntityManagerFactoryInfoCustomizer> (0x000000008750b960) 
thrown [t:/workspace/open/src/hotspot/share/classfile/systemDictionary.cpp, line 232]
Event: 7.188 Thread 0x00000201d76c9800 Exception <a 'java/lang/ClassNotFoundException'{0x000000008752d998}: org/springframework/dao/support/PersistenceExceptionTranslatorCustomizer> (0x000000008752d998) 
thrown [t:/workspace/open/src/hotspot/share/classfile/systemDictionary.cpp, line 232]

Events (20 events):
Event: 7.211 loading class org/hibernate/boot/archive/scan/spi/ScanOptions
Event: 7.211 loading class org/hibernate/boot/archive/scan/spi/ScanOptions done
Event: 7.211 loading class org/hibernate/boot/MetadataBuilder
Event: 7.211 loading class org/hibernate/boot/MetadataBuilder done
Event: 7.212 loading class org/hibernate/bytecode/enhance/spi/EnhancementContext
Event: 7.212 loading class org/hibernate/bytecode/enhance/spi/EnhancementContext done
Event: 7.212 loading class org/hibernate/internal/HEMLogging
Event: 7.212 loading class org/hibernate/internal/HEMLogging done
Event: 7.213 loading class org/hibernate/internal/EntityManagerMessageLogger
Event: 7.213 loading class org/hibernate/internal/EntityManagerMessageLogger done
Event: 7.213 loading class org/hibernate/internal/CoreMessageLogger
Event: 7.213 loading class org/hibernate/internal/CoreMessageLogger done
Event: 7.216 loading class org/jboss/logging/LoggingLocale
Event: 7.216 loading class org/jboss/logging/LoggingLocale done
Event: 7.217 loading class org/hibernate/internal/EntityManagerMessageLogger_$logger_en_US
Event: 7.217 loading class org/hibernate/internal/EntityManagerMessageLogger_$logger_en_US done
Event: 7.217 loading class org/hibernate/internal/EntityManagerMessageLogger_$logger_en
Event: 7.217 loading class org/hibernate/internal/EntityManagerMessageLogger_$logger_en done
Event: 7.217 loading class org/hibernate/internal/EntityManagerMessageLogger_$logger
Event: 7.217 loading class org/hibernate/internal/EntityManagerMessageLogger_$logger done


Dynamic libraries:
0x00007ff604e30000 - 0x00007ff604e3f000 	C:\Program Files\Java\jdk-13.0.2\bin\java.exe
0x00007ff9d9310000 - 0x00007ff9d9505000 	C:\WINDOWS\SYSTEM32\ntdll.dll
0x00007ff9d7370000 - 0x00007ff9d742e000 	C:\WINDOWS\System32\KERNEL32.DLL
0x00007ff9d6dd0000 - 0x00007ff9d7098000 	C:\WINDOWS\System32\KERNELBASE.dll
0x00007ff9d6ab0000 - 0x00007ff9d6bb0000 	C:\WINDOWS\System32\ucrtbase.dll
0x00007ff9d3ad0000 - 0x00007ff9d3ae8000 	C:\Program Files\Java\jdk-13.0.2\bin\jli.dll
0x00007ff9d3bb0000 - 0x00007ff9d3bc5000 	C:\Program Files\Java\jdk-13.0.2\bin\VCRUNTIME140.dll
0x00007ff9d9170000 - 0x00007ff9d921e000 	C:\WINDOWS\System32\ADVAPI32.dll
0x00007ff9d9230000 - 0x00007ff9d92ce000 	C:\WINDOWS\System32\msvcrt.dll
0x00007ff9d8860000 - 0x00007ff9d88fc000 	C:\WINDOWS\System32\sechost.dll
0x00007ff9d7930000 - 0x00007ff9d7a55000 	C:\WINDOWS\System32\RPCRT4.dll
0x00007ff9d8f10000 - 0x00007ff9d90b1000 	C:\WINDOWS\System32\USER32.dll
0x00007ff9d7250000 - 0x00007ff9d7272000 	C:\WINDOWS\System32\win32u.dll
0x00007ff9d8830000 - 0x00007ff9d885b000 	C:\WINDOWS\System32\GDI32.dll
0x00007ff9d6cc0000 - 0x00007ff9d6dcd000 	C:\WINDOWS\System32\gdi32full.dll
0x00007ff9d72b0000 - 0x00007ff9d734d000 	C:\WINDOWS\System32\msvcp_win.dll
0x00007ff9af900000 - 0x00007ff9afb9a000 	C:\WINDOWS\WinSxS\amd64_microsoft.windows.common-controls_6595b64144ccf1df_6.0.19041.1110_none_60b5254171f9507e\COMCTL32.dll
0x00007ff9d1060000 - 0x00007ff9d106a000 	C:\WINDOWS\SYSTEM32\VERSION.dll
0x00007ff9d8770000 - 0x00007ff9d87a0000 	C:\WINDOWS\System32\IMM32.DLL
0x00007ff9d0640000 - 0x00007ff9d06db000 	C:\Program Files\Java\jdk-13.0.2\bin\msvcp140.dll
0x00007ff98db90000 - 0x00007ff98e6ed000 	C:\Program Files\Java\jdk-13.0.2\bin\server\jvm.dll
0x00007ff9d9220000 - 0x00007ff9d9228000 	C:\WINDOWS\System32\PSAPI.DLL
0x00007ff9af2e0000 - 0x00007ff9af2e9000 	C:\WINDOWS\SYSTEM32\WSOCK32.dll
0x00007ff9a6b80000 - 0x00007ff9a6ba7000 	C:\WINDOWS\SYSTEM32\WINMM.dll
0x00007ff9d8580000 - 0x00007ff9d85eb000 	C:\WINDOWS\System32\WS2_32.dll
0x00007ff9d4910000 - 0x00007ff9d4922000 	C:\WINDOWS\SYSTEM32\kernel.appcore.dll
0x00007ff9d3ac0000 - 0x00007ff9d3ad0000 	C:\Program Files\Java\jdk-13.0.2\bin\verify.dll
0x00007ff9cdd80000 - 0x00007ff9cdf64000 	C:\WINDOWS\SYSTEM32\DBGHELP.DLL
0x00007ff9cbb60000 - 0x00007ff9cbb8c000 	C:\WINDOWS\SYSTEM32\dbgcore.DLL
0x00007ff9d6a20000 - 0x00007ff9d6aa2000 	C:\WINDOWS\System32\bcryptPrimitives.dll
0x00007ff9d1700000 - 0x00007ff9d1726000 	C:\Program Files\Java\jdk-13.0.2\bin\java.dll
0x00007ff9d05d0000 - 0x00007ff9d05de000 	C:\Program Files\Java\jdk-13.0.2\bin\instrument.dll
0x00007ff9d16e0000 - 0x00007ff9d16f7000 	C:\Program Files\Java\jdk-13.0.2\bin\zip.dll
0x00007ff9d3a90000 - 0x00007ff9d3a9a000 	C:\Program Files\Java\jdk-13.0.2\bin\jimage.dll
0x00007ff9d7c10000 - 0x00007ff9d8354000 	C:\WINDOWS\System32\SHELL32.dll
0x00007ff9d4b10000 - 0x00007ff9d52a5000 	C:\WINDOWS\SYSTEM32\windows.storage.dll
0x00007ff9d75d0000 - 0x00007ff9d7925000 	C:\WINDOWS\System32\combase.dll
0x00007ff9d6470000 - 0x00007ff9d649e000 	C:\WINDOWS\SYSTEM32\Wldp.dll
0x00007ff9d90c0000 - 0x00007ff9d916d000 	C:\WINDOWS\System32\SHCORE.dll
0x00007ff9d8450000 - 0x00007ff9d84a5000 	C:\WINDOWS\System32\shlwapi.dll
0x00007ff9d6960000 - 0x00007ff9d697f000 	C:\WINDOWS\SYSTEM32\profapi.dll
0x00007ff9d0620000 - 0x00007ff9d0639000 	C:\Program Files\Java\jdk-13.0.2\bin\net.dll
0x00007ff9cd500000 - 0x00007ff9cd60c000 	C:\WINDOWS\SYSTEM32\WINHTTP.dll
0x00007ff9d61d0000 - 0x00007ff9d623a000 	C:\WINDOWS\system32\mswsock.dll
0x00007ff9d0600000 - 0x00007ff9d0613000 	C:\Program Files\Java\jdk-13.0.2\bin\nio.dll
0x00007ff9c0b80000 - 0x00007ff9c0b9a000 	C:\Program Files\JetBrains\IntelliJ IDEA 2021.2.3\bin\breakgen64.dll
0x00007ff9d05c0000 - 0x00007ff9d05c9000 	C:\Program Files\Java\jdk-13.0.2\bin\management.dll
0x00007ff9d03d0000 - 0x00007ff9d03db000 	C:\Program Files\Java\jdk-13.0.2\bin\management_ext.dll
0x00007ff9c0b60000 - 0x00007ff9c0b77000 	C:\WINDOWS\system32\napinsp.dll
0x00007ff9c0b40000 - 0x00007ff9c0b5b000 	C:\WINDOWS\system32\pnrpnsp.dll
0x00007ff9964d0000 - 0x00007ff9964e5000 	C:\WINDOWS\system32\wshbth.dll
0x00007ff9d34f0000 - 0x00007ff9d350d000 	C:\WINDOWS\system32\NLAapi.dll
0x00007ff9d5e70000 - 0x00007ff9d5eab000 	C:\WINDOWS\SYSTEM32\IPHLPAPI.DLL
0x00007ff9d5eb0000 - 0x00007ff9d5f7b000 	C:\WINDOWS\SYSTEM32\DNSAPI.dll
0x00007ff9d8360000 - 0x00007ff9d8368000 	C:\WINDOWS\System32\NSI.dll
0x00007ff9c0b20000 - 0x00007ff9c0b32000 	C:\WINDOWS\System32\winrnr.dll
0x00007ff9ce320000 - 0x00007ff9ce32a000 	C:\Windows\System32\rasadhlp.dll
0x00007ff9cc330000 - 0x00007ff9cc3af000 	C:\WINDOWS\System32\fwpuclnt.dll
0x00007ff9d7280000 - 0x00007ff9d72a7000 	C:\WINDOWS\System32\bcrypt.dll

dbghelp: loaded successfully - version: 4.0.5 - missing functions: none
symbol engine: initialized successfully - sym options: 0x614 - pdb path: .;C:\Program Files\Java\jdk-13.0.2\bin;C:\WINDOWS\SYSTEM32;C:\WINDOWS\WinSxS\amd64_microsoft.windows.common-controls_6595b64144ccf1df_6.0.19041.1110_none_60b5254171f9507e;C:\Program Files\Java\jdk-13.0.2\bin\server;C:\Program Files\JetBrains\IntelliJ IDEA 2021.2.3\bin

VM Arguments:
jvm_args: -ea -javaagent:C:\Users\Anuar\AppData\Local\JetBrains\IntelliJIdea2021.2\testAgent\intellij-coverage-agent-1.0.589.jar=C:\Users\Anuar\AppData\Local\Temp\coverageargs -Didea.new.sampling.coverage=true -Dcoverage.ignore.private.constructor.util.class=true -Didea.test.cyclic.buffer.size=1048576 -javaagent:C:\Program Files\JetBrains\IntelliJ IDEA 2021.2.3\lib\idea_rt.jar=60282:C:\Program Files\JetBrains\IntelliJ IDEA 2021.2.3\bin -Dfile.encoding=UTF-8 
java_command: com.intellij.rt.junit.JUnitStarter -ideVersion5 -junit5 @w@C:\Users\Anuar\AppData\Local\Temp\idea_working_dirs_junit.tmp @C:\Users\Anuar\AppData\Local\Temp\idea_junit.tmp -socket60281
java_class_path (initial): C:\Users\Anuar\.m2\repository\org\junit\platform\junit-platform-launcher\1.8.2\junit-platform-launcher-1.8.2.jar;C:\Program Files\JetBrains\IntelliJ IDEA 2021.2.3\lib\idea_rt.jar;C:\Program Files\JetBrains\IntelliJ IDEA 2021.2.3\plugins\junit\lib\junit5-rt.jar;C:\Program Files\JetBrains\IntelliJ IDEA 2021.2.3\plugins\junit\lib\junit-rt.jar;C:\Users\Anuar\IdeaProjects\Lab2\target\test-classes;C:\Users\Anuar\IdeaProjects\Lab2\target\classes;C:\Users\Anuar\.m2\repository\org\springframework\boot\spring-boot-starter\2.6.3\spring-boot-starter-2.6.3.jar;C:\Users\Anuar\.m2\repository\org\springframework\boot\spring-boot\2.6.3\spring-boot-2.6.3.jar;C:\Users\Anuar\.m2\repository\org\springframework\spring-context\5.3.15\spring-context-5.3.15.jar;C:\Users\Anuar\.m2\repository\org\springframework\spring-expression\5.3.15\spring-expression-5.3.15.jar;C:\Users\Anuar\.m2\repository\org\springframework\boot\spring-boot-autoconfigure\2.6.3\spring-boot-autoconfigure-2.6.3.jar;C:\Users\Anuar\.m2\repository\org\springframework\boot\spring-boot-starter-logging\2.6.3\spring-boot-starter-logging-2.6.3.jar;C:\Users\Anuar\.m2\repository\ch\qos\logback\logback-classic\1.2.10\logback-classic-1.2.10.jar;C:\Users\Anuar\.m2\repository\ch\qos\logback\logback-core\1.2.10\logback-core-1.2.10.jar;C:\Users\Anuar\.m2\repository\org\apache\logging\log4j\log4j-to-slf4j\2.17.1\log4j-to-slf4j-2.17.1.jar;C:\Users\Anuar\.m2\repository\org\apache\logging\log4j\log4j-api\2.17.1\log4j-api-2.17.1.jar;C:\Users\Anuar\.m2\repository\org\slf4j\jul-to-slf4j\1.7.33\jul-to-slf4j-1.7.33.jar;C:\Users\Anuar\.m2\repository\jakarta\annotation\jakarta.annotation-api\1.3.5\jakarta.annotation-api-1.3.5.jar;C:\Users\Anuar\.m2\repository\org\springframework\spring-core\5.3.15\spring-core-5.3.15.jar;C:\Users\Anuar\.m2\repository\org\springframework\spring-jcl\5.3.15\spring-jcl-5.3.15.jar;C:\Users\Anuar\.m2\repository\org\yaml\snakeyaml\1.29\snakeyaml-1.29.jar;C:\Users\Anuar\.m2\repository\org\postgr
Launcher Type: SUN_STANDARD

[Global flags]
     intx CICompilerCount                          = 4                                         {product} {ergonomic}
     uint ConcGCThreads                            = 2                                         {product} {ergonomic}
     uint G1ConcRefinementThreads                  = 8                                         {product} {ergonomic}
   size_t G1HeapRegionSize                         = 1048576                                   {product} {ergonomic}
    uintx GCDrainStackTargetSize                   = 64                                        {product} {ergonomic}
   size_t InitialHeapSize                          = 134217728                                 {product} {ergonomic}
   size_t MarkStackSize                            = 4194304                                   {product} {ergonomic}
   size_t MaxHeapSize                              = 2118123520                                {product} {ergonomic}
   size_t MaxNewSize                               = 1270874112                                {product} {ergonomic}
   size_t MinHeapDeltaBytes                        = 1048576                                   {product} {ergonomic}
   size_t MinHeapSize                              = 8388608                                   {product} {ergonomic}
    uintx NonNMethodCodeHeapSize                   = 5839372                                {pd product} {ergonomic}
    uintx NonProfiledCodeHeapSize                  = 122909434                              {pd product} {ergonomic}
    uintx ProfiledCodeHeapSize                     = 122909434                              {pd product} {ergonomic}
    uintx ReservedCodeCacheSize                    = 251658240                              {pd product} {ergonomic}
     bool SegmentedCodeCache                       = true                                      {product} {ergonomic}
   size_t SoftMaxHeapSize                          = 2118123520                             {manageable} {ergonomic}
     bool UseCompressedClassPointers               = true                                 {lp64_product} {ergonomic}
     bool UseCompressedOops                        = true                                 {lp64_product} {ergonomic}
     bool UseG1GC                                  = true                                      {product} {ergonomic}
     bool UseLargePagesIndividualAllocation        = false                                  {pd product} {ergonomic}

Logging:
Log output configuration:
 #0: stdout all=warning uptime,level,tags
 #1: stderr all=off uptime,level,tags

Environment Variables:
PATH=C:\Program Files\OpenJDK\jdk-11.0.8.10-hotspot\bin;C:\Program Files (x86)\VMware\VMware Player\bin\;C:\Program Files\Common Files\Oracle\Java\javapath;C:\WINDOWS\system32;C:\WINDOWS;C:\WINDOWS\System32\Wbem;C:\WINDOWS\System32\WindowsPowerShell\v1.0\;C:\WINDOWS\System32\OpenSSH\;C:\Program Files\Git\cmd;C:\Program Files\Git\bin\;C:\Program Files\Microsoft SQL Server\150\Tools\Binn\;C:\Program Files\Microsoft SQL Server\Client SDK\ODBC\170\Tools\Binn\;C:\Program Files\dotnet\;C:\Program Files (x86)\Microsoft SQL Server\150\DTS\Binn\;C:\Program Files\Azure Data Studio\bin;C:\Program Files (x86)\Microsoft SQL Server\150\Tools\Binn\;C:\Program Files\Microsoft SQL Server\150\DTS\Binn\;C:\Program Files (x86)\dotnet\;C:\Users\Anuar\AppData\Local\Programs\Python\Python310\Scripts\;C:\Users\Anuar\AppData\Local\Programs\Python\Python310\;C:\Users\Anuar\AppData\Local\Microsoft\WindowsApps;C:\Users\Anuar\AppData\Local\Programs\Microsoft VS Code\bin;C:\Program Files\JetBrains\IntelliJ IDEA 2021.2.3\bin;;C:\Users\Anuar\.dotnet\tools;C:\Program Files\Azure Data Studio\bin
USERNAME=Anuar
OS=Windows_NT
PROCESSOR_IDENTIFIER=Intel64 Family 6 Model 142 Stepping 11, GenuineIntel



---------------  S Y S T E M  ---------------

OS: Windows 10 , 64 bit Build 19041 (10.0.19041.1466)

CPU:total 8 (initial active 8) (4 cores per cpu, 2 threads per core) family 6 model 142 stepping 11, cmov, cx8, fxsr, mmx, sse, sse2, sse3, ssse3, sse4.1, sse4.2, popcnt, avx, avx2, aes, clmul, erms, 3dnowpref, lzcnt, ht, tsc, tscinvbit, bmi1, bmi2, adx, fma

Memory: 4k page, system-wide physical 8072M (505M free)
TotalPageFile size 10120M (AvailPageFile size 5M)
current process WorkingSet (physical memory assigned to process): 261M, peak: 264M
current process commit charge ("private bytes"): 307M, peak: 315M

vm_info: Java HotSpot(TM) 64-Bit Server VM (13.0.2+8) for windows-amd64 JRE (13.0.2+8), built on Dec 11 2019 09:20:33 by "mach5one" with unknown MS VC++:1916

END.
